[1.681s] Invoking command in '/home/seastar/steve_summer_seastar_ws/build/imufaker': PYTHONPATH=/home/seastar/steve_summer_seastar_ws/build/imufaker/prefix_override:/home/seastar/steve_summer_seastar_ws/install/imufaker/lib/python3.10/site-packages:${PYTHONPATH} /usr/bin/python3 setup.py develop --editable --build-directory /home/seastar/steve_summer_seastar_ws/build/imufaker/build --no-deps install_data
[2.267s] running develop
[2.267s] /usr/lib/python3/dist-packages/setuptools/command/easy_install.py:158: EasyInstallDeprecationWarning: easy_install command is deprecated. Use build and pip and other standards-based tools.
[2.268s]   warnings.warn(
[2.270s] /usr/lib/python3/dist-packages/setuptools/command/install.py:34: SetuptoolsDeprecationWarning: setup.py install is deprecated. Use build and pip and other standards-based tools.
[2.270s]   warnings.warn(
[2.414s] /usr/lib/python3/dist-packages/pkg_resources/__init__.py:116: PkgResourcesDeprecationWarning: 1.16.0-unknown is an invalid version and will not be supported in a future release
[2.414s]   warnings.warn(
[2.414s] /usr/lib/python3/dist-packages/pkg_resources/__init__.py:116: PkgResourcesDeprecationWarning: 1.1build1 is an invalid version and will not be supported in a future release
[2.414s]   warnings.warn(
[2.705s] running egg_info
[2.705s] writing imufaker.egg-info/PKG-INFO
[2.706s] writing dependency_links to imufaker.egg-info/dependency_links.txt
[2.706s] writing entry points to imufaker.egg-info/entry_points.txt
[2.706s] writing requirements to imufaker.egg-info/requires.txt
[2.706s] writing top-level names to imufaker.egg-info/top_level.txt
[2.810s] listing git files failed - pretending there aren't any
[3.097s] reading manifest file 'imufaker.egg-info/SOURCES.txt'
[3.097s] writing manifest file 'imufaker.egg-info/SOURCES.txt'
[3.183s] running build_ext
[3.183s] Creating /home/seastar/steve_summer_seastar_ws/install/imufaker/lib/python3.10/site-packages/imufaker.egg-link (link to .)
[3.185s] Installing imufaker script to /home/seastar/steve_summer_seastar_ws/install/imufaker/lib/imufaker
[3.185s] 
[3.185s] Installed /home/seastar/steve_summer_seastar_ws/build/imufaker
[3.186s] running install_data
[3.292s] Invoked command in '/home/seastar/steve_summer_seastar_ws/build/imufaker' returned '0': PYTHONPATH=/home/seastar/steve_summer_seastar_ws/build/imufaker/prefix_override:/home/seastar/steve_summer_seastar_ws/install/imufaker/lib/python3.10/site-packages:${PYTHONPATH} /usr/bin/python3 setup.py develop --editable --build-directory /home/seastar/steve_summer_seastar_ws/build/imufaker/build --no-deps install_data
