running develop
/usr/lib/python3/dist-packages/setuptools/command/easy_install.py:158: EasyInstallDeprecationWarning: easy_install command is deprecated. Use build and pip and other standards-based tools.
  warnings.warn(
/usr/lib/python3/dist-packages/setuptools/command/install.py:34: SetuptoolsDeprecationWarning: setup.py install is deprecated. Use build and pip and other standards-based tools.
  warnings.warn(
/usr/lib/python3/dist-packages/pkg_resources/__init__.py:116: PkgResourcesDeprecationWarning: 1.16.0-unknown is an invalid version and will not be supported in a future release
  warnings.warn(
/usr/lib/python3/dist-packages/pkg_resources/__init__.py:116: PkgResourcesDeprecationWarning: 1.1build1 is an invalid version and will not be supported in a future release
  warnings.warn(
/usr/lib/python3/dist-packages/pkg_resources/__init__.py:116: PkgResourcesDeprecationWarning: 0.1.43ubuntu1 is an invalid version and will not be supported in a future release
  warnings.warn(
running egg_info
writing pysp.egg-info/PKG-INFO
writing dependency_links to pysp.egg-info/dependency_links.txt
writing entry points to pysp.egg-info/entry_points.txt
writing requirements to pysp.egg-info/requires.txt
writing top-level names to pysp.egg-info/top_level.txt
listing git files failed - pretending there aren't any
reading manifest file 'pysp.egg-info/SOURCES.txt'
writing manifest file 'pysp.egg-info/SOURCES.txt'
running build_ext
Creating /home/seastar/steve_summer_seastar_ws/install/pysp/lib/python3.10/site-packages/pysp.egg-link (link to .)
Installing state_publisher script to /home/seastar/steve_summer_seastar_ws/install/pysp/lib/pysp

Installed /home/seastar/steve_summer_seastar_ws/build/pysp
running install_data
