[2.298s] Invoking command in '/home/seastar/steve_summer_seastar_ws/build/pysp': PYTHONPATH=/home/seastar/steve_summer_seastar_ws/build/pysp/prefix_override:/home/seastar/steve_summer_seastar_ws/install/pysp/lib/python3.10/site-packages:${PYTHONPATH} /usr/bin/python3 setup.py develop --editable --build-directory /home/seastar/steve_summer_seastar_ws/build/pysp/build --no-deps install_data
[3.351s] running develop
[3.355s] /usr/lib/python3/dist-packages/setuptools/command/easy_install.py:158: EasyInstallDeprecationWarning: easy_install command is deprecated. Use build and pip and other standards-based tools.
[3.355s]   warnings.warn(
[3.370s] /usr/lib/python3/dist-packages/setuptools/command/install.py:34: SetuptoolsDeprecationWarning: setup.py install is deprecated. Use build and pip and other standards-based tools.
[3.370s]   warnings.warn(
[3.667s] /usr/lib/python3/dist-packages/pkg_resources/__init__.py:116: PkgResourcesDeprecationWarning: 1.16.0-unknown is an invalid version and will not be supported in a future release
[3.667s]   warnings.warn(
[3.667s] /usr/lib/python3/dist-packages/pkg_resources/__init__.py:116: PkgResourcesDeprecationWarning: 1.1build1 is an invalid version and will not be supported in a future release
[3.667s]   warnings.warn(
[3.668s] /usr/lib/python3/dist-packages/pkg_resources/__init__.py:116: PkgResourcesDeprecationWarning: 0.1.43ubuntu1 is an invalid version and will not be supported in a future release
[3.668s]   warnings.warn(
[4.019s] running egg_info
[4.020s] writing pysp.egg-info/PKG-INFO
[4.021s] writing dependency_links to pysp.egg-info/dependency_links.txt
[4.021s] writing entry points to pysp.egg-info/entry_points.txt
[4.023s] writing requirements to pysp.egg-info/requires.txt
[4.023s] writing top-level names to pysp.egg-info/top_level.txt
[4.254s] listing git files failed - pretending there aren't any
[4.667s] reading manifest file 'pysp.egg-info/SOURCES.txt'
[4.670s] writing manifest file 'pysp.egg-info/SOURCES.txt'
[4.794s] running build_ext
[4.795s] Creating /home/seastar/steve_summer_seastar_ws/install/pysp/lib/python3.10/site-packages/pysp.egg-link (link to .)
[4.797s] Installing state_publisher script to /home/seastar/steve_summer_seastar_ws/install/pysp/lib/pysp
[4.798s] 
[4.798s] Installed /home/seastar/steve_summer_seastar_ws/build/pysp
[4.798s] running install_data
[4.892s] Invoked command in '/home/seastar/steve_summer_seastar_ws/build/pysp' returned '0': PYTHONPATH=/home/seastar/steve_summer_seastar_ws/build/pysp/prefix_override:/home/seastar/steve_summer_seastar_ws/install/pysp/lib/python3.10/site-packages:${PYTHONPATH} /usr/bin/python3 setup.py develop --editable --build-directory /home/seastar/steve_summer_seastar_ws/build/pysp/build --no-deps install_data
