running develop
running egg_info
creating hamburger_helper.egg-info
writing hamburger_helper.egg-info/PKG-INFO
writing dependency_links to hamburger_helper.egg-info/dependency_links.txt
writing entry points to hamburger_helper.egg-info/entry_points.txt
writing requirements to hamburger_helper.egg-info/requires.txt
writing top-level names to hamburger_helper.egg-info/top_level.txt
writing manifest file 'hamburger_helper.egg-info/SOURCES.txt'
reading manifest file 'hamburger_helper.egg-info/SOURCES.txt'
writing manifest file 'hamburger_helper.egg-info/SOURCES.txt'
running build_ext
Creating /home/seastar/steve_summer_seastar_ws/install/hamburger_helper/lib/python3.10/site-packages/hamburger-helper.egg-link (link to .)
Installing hamburger_helper script to /home/seastar/steve_summer_seastar_ws/install/hamburger_helper/lib/hamburger_helper

Installed /home/seastar/steve_summer_seastar_ws/build/hamburger_helper
running install_data
creating /home/seastar/steve_summer_seastar_ws/install/hamburger_helper/share/ament_index
creating /home/seastar/steve_summer_seastar_ws/install/hamburger_helper/share/ament_index/resource_index
creating /home/seastar/steve_summer_seastar_ws/install/hamburger_helper/share/ament_index/resource_index/packages
copying resource/hamburger_helper -> /home/seastar/steve_summer_seastar_ws/install/hamburger_helper/share/ament_index/resource_index/packages
copying package.xml -> /home/seastar/steve_summer_seastar_ws/install/hamburger_helper/share/hamburger_helper
creating /home/seastar/steve_summer_seastar_ws/install/hamburger_helper/share/hamburger_helper/launch
copying DataFileSystem.py -> /home/seastar/steve_summer_seastar_ws/install/hamburger_helper/share/hamburger_helper
copying HamburgerLib.py -> /home/seastar/steve_summer_seastar_ws/install/hamburger_helper/share/hamburger_helper
copying setup.py -> /home/seastar/steve_summer_seastar_ws/install/hamburger_helper/share/hamburger_helper
