running develop
/usr/lib/python3/dist-packages/setuptools/command/easy_install.py:158: EasyInstallDeprecationWarning: easy_install command is deprecated. Use build and pip and other standards-based tools.
  warnings.warn(
/usr/lib/python3/dist-packages/setuptools/command/install.py:34: SetuptoolsDeprecationWarning: setup.py install is deprecated. Use build and pip and other standards-based tools.
  warnings.warn(
/usr/lib/python3/dist-packages/pkg_resources/__init__.py:116: PkgResourcesDeprecationWarning: 1.16.0-unknown is an invalid version and will not be supported in a future release
  warnings.warn(
/usr/lib/python3/dist-packages/pkg_resources/__init__.py:116: PkgResourcesDeprecationWarning: 1.1build1 is an invalid version and will not be supported in a future release
  warnings.warn(
/usr/lib/python3/dist-packages/pkg_resources/__init__.py:116: PkgResourcesDeprecationWarning: 0.1.43ubuntu1 is an invalid version and will not be supported in a future release
  warnings.warn(
running egg_info
creating hamburger_helper.egg-info
writing hamburger_helper.egg-info/PKG-INFO
writing dependency_links to hamburger_helper.egg-info/dependency_links.txt
writing entry points to hamburger_helper.egg-info/entry_points.txt
writing requirements to hamburger_helper.egg-info/requires.txt
writing top-level names to hamburger_helper.egg-info/top_level.txt
writing manifest file 'hamburger_helper.egg-info/SOURCES.txt'
listing git files failed - pretending there aren't any
reading manifest file 'hamburger_helper.egg-info/SOURCES.txt'
writing manifest file 'hamburger_helper.egg-info/SOURCES.txt'
running build_ext
Creating /home/seastar/steve_summer_seastar_ws/install/hamburger_helper/lib/python3.10/site-packages/hamburger-helper.egg-link (link to .)
Installing hamburger_helper script to /home/seastar/steve_summer_seastar_ws/install/hamburger_helper/lib/hamburger_helper

Installed /home/seastar/steve_summer_seastar_ws/build/hamburger_helper
running install_data
creating /home/seastar/steve_summer_seastar_ws/install/hamburger_helper/share/ament_index
creating /home/seastar/steve_summer_seastar_ws/install/hamburger_helper/share/ament_index/resource_index
creating /home/seastar/steve_summer_seastar_ws/install/hamburger_helper/share/ament_index/resource_index/packages
copying resource/hamburger_helper -> /home/seastar/steve_summer_seastar_ws/install/hamburger_helper/share/ament_index/resource_index/packages
copying package.xml -> /home/seastar/steve_summer_seastar_ws/install/hamburger_helper/share/hamburger_helper
creating /home/seastar/steve_summer_seastar_ws/install/hamburger_helper/share/hamburger_helper/launch
copying DataFileSystem.py -> /home/seastar/steve_summer_seastar_ws/install/hamburger_helper/share/hamburger_helper
copying HamburgerLib.py -> /home/seastar/steve_summer_seastar_ws/install/hamburger_helper/share/hamburger_helper
copying setup.py -> /home/seastar/steve_summer_seastar_ws/install/hamburger_helper/share/hamburger_helper
