[2.899s] Invoking command in '/home/seastar/steve_summer_seastar_ws/build/imufaker': PYTHONPATH=/home/seastar/steve_summer_seastar_ws/build/imufaker/prefix_override:/home/seastar/steve_summer_seastar_ws/install/imufaker/lib/python3.10/site-packages:${PYTHONPATH} /usr/bin/python3 setup.py develop --editable --build-directory /home/seastar/steve_summer_seastar_ws/build/imufaker/build --no-deps install_data
[3.600s] running develop
[3.600s] /usr/lib/python3/dist-packages/setuptools/command/easy_install.py:158: EasyInstallDeprecationWarning: easy_install command is deprecated. Use build and pip and other standards-based tools.
[3.600s]   warnings.warn(
[3.603s] /usr/lib/python3/dist-packages/setuptools/command/install.py:34: SetuptoolsDeprecationWarning: setup.py install is deprecated. Use build and pip and other standards-based tools.
[3.603s]   warnings.warn(
[3.841s] /usr/lib/python3/dist-packages/pkg_resources/__init__.py:116: PkgResourcesDeprecationWarning: 1.16.0-unknown is an invalid version and will not be supported in a future release
[3.841s]   warnings.warn(
[3.841s] /usr/lib/python3/dist-packages/pkg_resources/__init__.py:116: PkgResourcesDeprecationWarning: 1.1build1 is an invalid version and will not be supported in a future release
[3.841s]   warnings.warn(
[3.841s] /usr/lib/python3/dist-packages/pkg_resources/__init__.py:116: PkgResourcesDeprecationWarning: 0.1.43ubuntu1 is an invalid version and will not be supported in a future release
[3.842s]   warnings.warn(
[4.443s] running egg_info
[4.444s] writing imufaker.egg-info/PKG-INFO
[4.444s] writing dependency_links to imufaker.egg-info/dependency_links.txt
[4.445s] writing entry points to imufaker.egg-info/entry_points.txt
[4.445s] writing requirements to imufaker.egg-info/requires.txt
[4.445s] writing top-level names to imufaker.egg-info/top_level.txt
[4.652s] listing git files failed - pretending there aren't any
[5.322s] reading manifest file 'imufaker.egg-info/SOURCES.txt'
[5.322s] writing manifest file 'imufaker.egg-info/SOURCES.txt'
[5.553s] running build_ext
[5.553s] Creating /home/seastar/steve_summer_seastar_ws/install/imufaker/lib/python3.10/site-packages/imufaker.egg-link (link to .)
[5.556s] Installing imufaker script to /home/seastar/steve_summer_seastar_ws/install/imufaker/lib/imufaker
[5.556s] 
[5.556s] Installed /home/seastar/steve_summer_seastar_ws/build/imufaker
[5.556s] running install_data
[6.766s] Invoked command in '/home/seastar/steve_summer_seastar_ws/build/imufaker' returned '0': PYTHONPATH=/home/seastar/steve_summer_seastar_ws/build/imufaker/prefix_override:/home/seastar/steve_summer_seastar_ws/install/imufaker/lib/python3.10/site-packages:${PYTHONPATH} /usr/bin/python3 setup.py develop --editable --build-directory /home/seastar/steve_summer_seastar_ws/build/imufaker/build --no-deps install_data
