[0.019s] Invoking command in '/home/seastar/steve_summer_seastar_ws/build/head_chef': CMAKE_PREFIX_PATH=/home/seastar/steve_summer_seastar_ws/install/seastar_interfaces:/home/seastar/steve_summer_seastar_ws/install/sunspotter:/home/seastar/steve_summer_seastar_ws/install/head_chef:/home/seastar/steve_summer_seastar_ws/install/motor_state_manager:/home/seastar/steve_summer_seastar_ws/install/motor_manager:/home/seastar/steve_summer_seastar_ws/install/bluespace_ai_xsens_mti_driver:/home/seastar/steve_summer_seastar_ws/install/test_cam:/home/seastar/steve_summer_seastar_ws/install/solar_ephemeris:/home/seastar/steve_summer_seastar_ws/install/pysp:/home/seastar/steve_summer_seastar_ws/install/imufaker:/home/seastar/steve_summer_seastar_ws/install/ik_tools:/home/seastar/steve_summer_seastar_ws/install/ik_solver:/home/seastar/steve_summer_seastar_ws/install/hamburger_helper:/opt/ros/humble /home/seastar/.local/bin/cmake --build /home/seastar/steve_summer_seastar_ws/build/head_chef -- -j4 -l4
[0.167s] [ 16%] [32mBuilding CXX object CMakeFiles/head_chef.dir/src/sousChef.cpp.o[0m
[0.174s] [01m[Kcc1plus:[m[K [01;35m[Kwarning: [m[K/usr/lib/x86_64-linux-gnu/libconfig++.so: not a directory
[2.290s] [01m[K/home/seastar/steve_summer_seastar_ws/src/head_chef/src/sousChef.cpp:[m[K In function ‘[01m[KMotorState doIk(double, double, double)[m[K’:
[2.290s] [01m[K/home/seastar/steve_summer_seastar_ws/src/head_chef/src/sousChef.cpp:431:40:[m[K [01;31m[Kerror: [m[Kno match for ‘[01m[Koperator=[m[K’ (operand types are ‘[01m[KEigen::MatrixXf[m[K’ {aka ‘[01m[KEigen::Matrix<float, -1, -1>[m[K’} and ‘[01m[Kvoid[m[K’)
[2.291s]   431 |                 J = J.transposeInPlace([01;31m[K)[m[K;
[2.291s]       |                                        [01;31m[K^[m[K
[2.291s] In file included from [01m[K/usr/include/eigen3/Eigen/Core:295[m[K,
[2.291s]                  from [01m[K/usr/include/eigen3/Eigen/Dense:1[m[K,
[2.291s]                  from [01m[K/home/seastar/steve_summer_seastar_ws/src/head_chef/src/sousChef.h:7[m[K,
[2.292s]                  from [01m[K/home/seastar/steve_summer_seastar_ws/src/head_chef/src/sousChef.cpp:1[m[K:
[2.292s] [01m[K/usr/include/eigen3/Eigen/src/Core/Matrix.h:223:33:[m[K [01;36m[Knote: [m[Kcandidate: ‘[01m[Ktemplate<class OtherDerived> Eigen::Matrix<_Scalar, _Rows, _Cols, _Options, _MaxRows, _MaxCols>& Eigen::Matrix<_Scalar, _Rows, _Cols, _Options, _MaxRows, _MaxCols>::operator=(const Eigen::DenseBase<OtherDerived>&) [with OtherDerived = OtherDerived; _Scalar = float; int _Rows = -1; int _Cols = -1; int _Options = 0; int _MaxRows = -1; int _MaxCols = -1][m[K’
[2.292s]   223 |     EIGEN_STRONG_INLINE Matrix& [01;36m[Koperator[m[K=(const DenseBase<OtherDerived>& other)
[2.292s]       |                                 [01;36m[K^~~~~~~~[m[K
[2.292s] [01m[K/usr/include/eigen3/Eigen/src/Core/Matrix.h:223:33:[m[K [01;36m[Knote: [m[K  template argument deduction/substitution failed:
[2.292s] [01m[K/home/seastar/steve_summer_seastar_ws/src/head_chef/src/sousChef.cpp:431:40:[m[K [01;36m[Knote: [m[K  mismatched types ‘[01m[Kconst Eigen::DenseBase<Derived>[m[K’ and ‘[01m[Kvoid[m[K’
[2.292s]   431 |                 J = J.transposeInPlace([01;36m[K)[m[K;
[2.292s]       |                                        [01;36m[K^[m[K
[2.292s] In file included from [01m[K/usr/include/eigen3/Eigen/Core:295[m[K,
[2.293s]                  from [01m[K/usr/include/eigen3/Eigen/Dense:1[m[K,
[2.293s]                  from [01m[K/home/seastar/steve_summer_seastar_ws/src/head_chef/src/sousChef.h:7[m[K,
[2.293s]                  from [01m[K/home/seastar/steve_summer_seastar_ws/src/head_chef/src/sousChef.cpp:1[m[K:
[2.293s] [01m[K/usr/include/eigen3/Eigen/src/Core/Matrix.h:236:33:[m[K [01;36m[Knote: [m[Kcandidate: ‘[01m[Ktemplate<class OtherDerived> Eigen::Matrix<_Scalar, _Rows, _Cols, _Options, _MaxRows, _MaxCols>& Eigen::Matrix<_Scalar, _Rows, _Cols, _Options, _MaxRows, _MaxCols>::operator=(const Eigen::EigenBase<OtherDerived>&) [with OtherDerived = OtherDerived; _Scalar = float; int _Rows = -1; int _Cols = -1; int _Options = 0; int _MaxRows = -1; int _MaxCols = -1][m[K’
[2.293s]   236 |     EIGEN_STRONG_INLINE Matrix& [01;36m[Koperator[m[K=(const EigenBase<OtherDerived> &other)
[2.293s]       |                                 [01;36m[K^~~~~~~~[m[K
[2.293s] [01m[K/usr/include/eigen3/Eigen/src/Core/Matrix.h:236:33:[m[K [01;36m[Knote: [m[K  template argument deduction/substitution failed:
[2.293s] [01m[K/home/seastar/steve_summer_seastar_ws/src/head_chef/src/sousChef.cpp:431:40:[m[K [01;36m[Knote: [m[K  mismatched types ‘[01m[Kconst Eigen::EigenBase<Derived>[m[K’ and ‘[01m[Kvoid[m[K’
[2.293s]   431 |                 J = J.transposeInPlace([01;36m[K)[m[K;
[2.294s]       |                                        [01;36m[K^[m[K
[2.294s] In file included from [01m[K/usr/include/eigen3/Eigen/Core:295[m[K,
[2.294s]                  from [01m[K/usr/include/eigen3/Eigen/Dense:1[m[K,
[2.294s]                  from [01m[K/home/seastar/steve_summer_seastar_ws/src/head_chef/src/sousChef.h:7[m[K,
[2.294s]                  from [01m[K/home/seastar/steve_summer_seastar_ws/src/head_chef/src/sousChef.cpp:1[m[K:
[2.294s] [01m[K/usr/include/eigen3/Eigen/src/Core/Matrix.h:243:33:[m[K [01;36m[Knote: [m[Kcandidate: ‘[01m[Ktemplate<class OtherDerived> Eigen::Matrix<_Scalar, _Rows, _Cols, _Options, _MaxRows, _MaxCols>& Eigen::Matrix<_Scalar, _Rows, _Cols, _Options, _MaxRows, _MaxCols>::operator=(const Eigen::ReturnByValue<OtherDerived>&) [with OtherDerived = OtherDerived; _Scalar = float; int _Rows = -1; int _Cols = -1; int _Options = 0; int _MaxRows = -1; int _MaxCols = -1][m[K’
[2.294s]   243 |     EIGEN_STRONG_INLINE Matrix& [01;36m[Koperator[m[K=(const ReturnByValue<OtherDerived>& func)
[2.294s]       |                                 [01;36m[K^~~~~~~~[m[K
[2.294s] [01m[K/usr/include/eigen3/Eigen/src/Core/Matrix.h:243:33:[m[K [01;36m[Knote: [m[K  template argument deduction/substitution failed:
[2.295s] [01m[K/home/seastar/steve_summer_seastar_ws/src/head_chef/src/sousChef.cpp:431:40:[m[K [01;36m[Knote: [m[K  mismatched types ‘[01m[Kconst Eigen::ReturnByValue<Derived>[m[K’ and ‘[01m[Kvoid[m[K’
[2.295s]   431 |                 J = J.transposeInPlace([01;36m[K)[m[K;
[2.295s]       |                                        [01;36m[K^[m[K
[2.295s] In file included from [01m[K/usr/include/eigen3/Eigen/Core:295[m[K,
[2.295s]                  from [01m[K/usr/include/eigen3/Eigen/Dense:1[m[K,
[2.295s]                  from [01m[K/home/seastar/steve_summer_seastar_ws/src/head_chef/src/sousChef.h:7[m[K,
[2.295s]                  from [01m[K/home/seastar/steve_summer_seastar_ws/src/head_chef/src/sousChef.cpp:1[m[K:
[2.295s] [01m[K/usr/include/eigen3/Eigen/src/Core/Matrix.h:438:13:[m[K [01;36m[Knote: [m[Kcandidate: ‘[01m[Ktemplate<class OtherDerived> Eigen::Matrix<_Scalar, _Rows, _Cols, _Options, _MaxRows, _MaxCols>& Eigen::Matrix<_Scalar, _Rows, _Cols, _Options, _MaxRows, _MaxCols>::operator=(const Eigen::RotationBase<OtherDerived, Eigen::Matrix<_Scalar, _Rows, _Cols, _Options, _MaxRows, _MaxCols>::ColsAtCompileTime>&) [with OtherDerived = OtherDerived; _Scalar = float; int _Rows = -1; int _Cols = -1; int _Options = 0; int _MaxRows = -1; int _MaxCols = -1][m[K’
[2.296s]   438 |     Matrix& [01;36m[Koperator[m[K=(const RotationBase<OtherDerived,ColsAtCompileTime>& r);
[2.296s]       |             [01;36m[K^~~~~~~~[m[K
[2.296s] [01m[K/usr/include/eigen3/Eigen/src/Core/Matrix.h:438:13:[m[K [01;36m[Knote: [m[K  template argument deduction/substitution failed:
[2.296s] [01m[K/home/seastar/steve_summer_seastar_ws/src/head_chef/src/sousChef.cpp:431:40:[m[K [01;36m[Knote: [m[K  mismatched types ‘[01m[Kconst Eigen::RotationBase<OtherDerived, -1>[m[K’ and ‘[01m[Kvoid[m[K’
[2.296s]   431 |                 J = J.transposeInPlace([01;36m[K)[m[K;
[2.296s]       |                                        [01;36m[K^[m[K
[2.296s] In file included from [01m[K/usr/include/eigen3/Eigen/Core:295[m[K,
[2.296s]                  from [01m[K/usr/include/eigen3/Eigen/Dense:1[m[K,
[2.296s]                  from [01m[K/home/seastar/steve_summer_seastar_ws/src/head_chef/src/sousChef.h:7[m[K,
[2.297s]                  from [01m[K/home/seastar/steve_summer_seastar_ws/src/head_chef/src/sousChef.cpp:1[m[K:
[2.297s] [01m[K/usr/include/eigen3/Eigen/src/Core/Matrix.h:206:33:[m[K [01;36m[Knote: [m[Kcandidate: ‘[01m[KEigen::Matrix<_Scalar, _Rows, _Cols, _Options, _MaxRows, _MaxCols>& Eigen::Matrix<_Scalar, _Rows, _Cols, _Options, _MaxRows, _MaxCols>::operator=(const Eigen::Matrix<_Scalar, _Rows, _Cols, _Options, _MaxRows, _MaxCols>&) [with _Scalar = float; int _Rows = -1; int _Cols = -1; int _Options = 0; int _MaxRows = -1; int _MaxCols = -1][m[K’
[2.297s]   206 |     EIGEN_STRONG_INLINE Matrix& [01;36m[Koperator[m[K=(const Matrix& other)
[2.297s]       |                                 [01;36m[K^~~~~~~~[m[K
[2.297s] [01m[K/usr/include/eigen3/Eigen/src/Core/Matrix.h:206:57:[m[K [01;36m[Knote: [m[K  no known conversion for argument 1 from ‘[01m[Kvoid[m[K’ to ‘[01m[Kconst Eigen::Matrix<float, -1, -1>&[m[K’
[2.297s]   206 |     EIGEN_STRONG_INLINE Matrix& operator=([01;36m[Kconst Matrix& other[m[K)
[2.297s]       |                                           [01;36m[K~~~~~~~~~~~~~~^~~~~[m[K
[2.297s] [01m[K/usr/include/eigen3/Eigen/src/Core/Matrix.h:279:13:[m[K [01;36m[Knote: [m[Kcandidate: ‘[01m[KEigen::Matrix<_Scalar, _Rows, _Cols, _Options, _MaxRows, _MaxCols>& Eigen::Matrix<_Scalar, _Rows, _Cols, _Options, _MaxRows, _MaxCols>::operator=(Eigen::Matrix<_Scalar, _Rows, _Cols, _Options, _MaxRows, _MaxCols>&&) [with _Scalar = float; int _Rows = -1; int _Cols = -1; int _Options = 0; int _MaxRows = -1; int _MaxCols = -1][m[K’
[2.297s]   279 |     Matrix& [01;36m[Koperator[m[K=(Matrix&& other) EIGEN_NOEXCEPT_IF(std::is_nothrow_move_assignable<Scalar>::value)
[2.297s]       |             [01;36m[K^~~~~~~~[m[K
[2.298s] [01m[K/usr/include/eigen3/Eigen/src/Core/Matrix.h:279:32:[m[K [01;36m[Knote: [m[K  no known conversion for argument 1 from ‘[01m[Kvoid[m[K’ to ‘[01m[KEigen::Matrix<float, -1, -1>&&[m[K’
[2.298s]   279 |     Matrix& operator=([01;36m[KMatrix&& other[m[K) EIGEN_NOEXCEPT_IF(std::is_nothrow_move_assignable<Scalar>::value)
[2.298s]       |                       [01;36m[K~~~~~~~~~^~~~~[m[K
[2.298s] [01m[K/home/seastar/steve_summer_seastar_ws/src/head_chef/src/sousChef.cpp:394:13:[m[K [01;35m[Kwarning: [m[Kunused variable ‘[01m[KDOF[m[K’ [[01;35m[K]8;;https://gcc.gnu.org/onlinedocs/gcc/Warning-Options.html#index-Wunused-variable-Wunused-variable]8;;[m[K]
[2.298s]   394 |         int [01;35m[KDOF[m[K = 3;
[2.298s]       |             [01;35m[K^~~[m[K
[2.298s] [01m[K/home/seastar/steve_summer_seastar_ws/src/head_chef/src/sousChef.cpp:382:49:[m[K [01;35m[Kwarning: [m[Kunused parameter ‘[01m[Kpolar[m[K’ [[01;35m[K]8;;https://gcc.gnu.org/onlinedocs/gcc/Warning-Options.html#index-Wunused-parameter-Wunused-parameter]8;;[m[K]
[2.298s]   382 | MotorState doIk(double tAz, double tAlt, [01;35m[Kdouble polar[m[K) {
[2.298s]       |                                          [01;35m[K~~~~~~~^~~~~[m[K
[6.299s] gmake[2]: *** [CMakeFiles/head_chef.dir/build.make:90: CMakeFiles/head_chef.dir/src/sousChef.cpp.o] Error 1
[6.299s] gmake[1]: *** [CMakeFiles/Makefile2:137: CMakeFiles/head_chef.dir/all] Error 2
[6.299s] gmake: *** [Makefile:146: all] Error 2
[6.305s] Invoked command in '/home/seastar/steve_summer_seastar_ws/build/head_chef' returned '2': CMAKE_PREFIX_PATH=/home/seastar/steve_summer_seastar_ws/install/seastar_interfaces:/home/seastar/steve_summer_seastar_ws/install/sunspotter:/home/seastar/steve_summer_seastar_ws/install/head_chef:/home/seastar/steve_summer_seastar_ws/install/motor_state_manager:/home/seastar/steve_summer_seastar_ws/install/motor_manager:/home/seastar/steve_summer_seastar_ws/install/bluespace_ai_xsens_mti_driver:/home/seastar/steve_summer_seastar_ws/install/test_cam:/home/seastar/steve_summer_seastar_ws/install/solar_ephemeris:/home/seastar/steve_summer_seastar_ws/install/pysp:/home/seastar/steve_summer_seastar_ws/install/imufaker:/home/seastar/steve_summer_seastar_ws/install/ik_tools:/home/seastar/steve_summer_seastar_ws/install/ik_solver:/home/seastar/steve_summer_seastar_ws/install/hamburger_helper:/opt/ros/humble /home/seastar/.local/bin/cmake --build /home/seastar/steve_summer_seastar_ws/build/head_chef -- -j4 -l4
