[  1%] Built target seastar_interfaces__cpp
[ 12%] Built target seastar_interfaces__rosidl_generator_c
[ 12%] Built target ament_cmake_python_symlink_seastar_interfaces
[ 23%] Built target seastar_interfaces__rosidl_typesupport_fastrtps_cpp
[ 46%] Built target seastar_interfaces__rosidl_typesupport_cpp
[ 46%] Built target seastar_interfaces__rosidl_typesupport_introspection_cpp
[ 57%] Built target seastar_interfaces__rosidl_typesupport_introspection_c
[ 69%] Built target seastar_interfaces__rosidl_typesupport_fastrtps_c
[ 80%] Built target seastar_interfaces__rosidl_typesupport_c
[ 80%] Built target seastar_interfaces
[ 81%] Built target seastar_interfaces__py
[ 91%] Built target seastar_interfaces__rosidl_generator_py
[ 94%] Built target seastar_interfaces__rosidl_typesupport_c__pyext
[ 97%] Built target seastar_interfaces__rosidl_typesupport_introspection_c__pyext
[100%] Built target seastar_interfaces__rosidl_typesupport_fastrtps_c__pyext
running egg_info
writing seastar_interfaces.egg-info/PKG-INFO
writing dependency_links to seastar_interfaces.egg-info/dependency_links.txt
writing top-level names to seastar_interfaces.egg-info/top_level.txt
reading manifest file 'seastar_interfaces.egg-info/SOURCES.txt'
writing manifest file 'seastar_interfaces.egg-info/SOURCES.txt'
[100%] Built target ament_cmake_python_build_seastar_interfaces_egg
-- Install configuration: ""
-- Execute custom install script
-- Up-to-date symlink: /home/seastar/steve_summer_seastar_ws/install/seastar_interfaces/share/ament_index/resource_index/rosidl_interfaces/seastar_interfaces
-- Up-to-date symlink: /home/seastar/steve_summer_seastar_ws/install/seastar_interfaces/include/seastar_interfaces/seastar_interfaces/msg/desired_pointing.h
-- Up-to-date symlink: /home/seastar/steve_summer_seastar_ws/install/seastar_interfaces/include/seastar_interfaces/seastar_interfaces/msg/detail/desired_pointing__functions.h
-- Up-to-date symlink: /home/seastar/steve_summer_seastar_ws/install/seastar_interfaces/include/seastar_interfaces/seastar_interfaces/msg/detail/desired_pointing__struct.h
-- Up-to-date symlink: /home/seastar/steve_summer_seastar_ws/install/seastar_interfaces/include/seastar_interfaces/seastar_interfaces/msg/detail/desired_pointing__type_support.h
-- Up-to-date symlink: /home/seastar/steve_summer_seastar_ws/install/seastar_interfaces/include/seastar_interfaces/seastar_interfaces/msg/detail/motor_command__functions.h
-- Up-to-date symlink: /home/seastar/steve_summer_seastar_ws/install/seastar_interfaces/include/seastar_interfaces/seastar_interfaces/msg/detail/motor_command__struct.h
-- Up-to-date symlink: /home/seastar/steve_summer_seastar_ws/install/seastar_interfaces/include/seastar_interfaces/seastar_interfaces/msg/detail/motor_command__type_support.h
-- Up-to-date symlink: /home/seastar/steve_summer_seastar_ws/install/seastar_interfaces/include/seastar_interfaces/seastar_interfaces/msg/detail/sky_ephemeris__functions.h
-- Up-to-date symlink: /home/seastar/steve_summer_seastar_ws/install/seastar_interfaces/include/seastar_interfaces/seastar_interfaces/msg/detail/sky_ephemeris__struct.h
-- Up-to-date symlink: /home/seastar/steve_summer_seastar_ws/install/seastar_interfaces/include/seastar_interfaces/seastar_interfaces/msg/detail/sky_ephemeris__type_support.h
-- Up-to-date symlink: /home/seastar/steve_summer_seastar_ws/install/seastar_interfaces/include/seastar_interfaces/seastar_interfaces/msg/detail/sky_scan_offset_angles__functions.h
-- Up-to-date symlink: /home/seastar/steve_summer_seastar_ws/install/seastar_interfaces/include/seastar_interfaces/seastar_interfaces/msg/detail/sky_scan_offset_angles__struct.h
-- Up-to-date symlink: /home/seastar/steve_summer_seastar_ws/install/seastar_interfaces/include/seastar_interfaces/seastar_interfaces/msg/detail/sky_scan_offset_angles__type_support.h
-- Up-to-date symlink: /home/seastar/steve_summer_seastar_ws/install/seastar_interfaces/include/seastar_interfaces/seastar_interfaces/msg/detail/sky_scan_pointing_angles__functions.h
-- Up-to-date symlink: /home/seastar/steve_summer_seastar_ws/install/seastar_interfaces/include/seastar_interfaces/seastar_interfaces/msg/detail/sky_scan_pointing_angles__struct.h
-- Up-to-date symlink: /home/seastar/steve_summer_seastar_ws/install/seastar_interfaces/include/seastar_interfaces/seastar_interfaces/msg/detail/sky_scan_pointing_angles__type_support.h
-- Up-to-date symlink: /home/seastar/steve_summer_seastar_ws/install/seastar_interfaces/include/seastar_interfaces/seastar_interfaces/msg/motor_command.h
-- Up-to-date symlink: /home/seastar/steve_summer_seastar_ws/install/seastar_interfaces/include/seastar_interfaces/seastar_interfaces/msg/rosidl_generator_c__visibility_control.h
-- Up-to-date symlink: /home/seastar/steve_summer_seastar_ws/install/seastar_interfaces/include/seastar_interfaces/seastar_interfaces/msg/sky_ephemeris.h
-- Up-to-date symlink: /home/seastar/steve_summer_seastar_ws/install/seastar_interfaces/include/seastar_interfaces/seastar_interfaces/msg/sky_scan_offset_angles.h
-- Up-to-date symlink: /home/seastar/steve_summer_seastar_ws/install/seastar_interfaces/include/seastar_interfaces/seastar_interfaces/msg/sky_scan_pointing_angles.h
-- Up-to-date symlink: /home/seastar/steve_summer_seastar_ws/install/seastar_interfaces/include/seastar_interfaces/seastar_interfaces/srv/detail/point_motors__functions.h
-- Up-to-date symlink: /home/seastar/steve_summer_seastar_ws/install/seastar_interfaces/include/seastar_interfaces/seastar_interfaces/srv/detail/point_motors__struct.h
-- Up-to-date symlink: /home/seastar/steve_summer_seastar_ws/install/seastar_interfaces/include/seastar_interfaces/seastar_interfaces/srv/detail/point_motors__type_support.h
-- Up-to-date symlink: /home/seastar/steve_summer_seastar_ws/install/seastar_interfaces/include/seastar_interfaces/seastar_interfaces/srv/point_motors.h
-- Up-to-date symlink: /home/seastar/steve_summer_seastar_ws/install/seastar_interfaces/share/seastar_interfaces/environment/library_path.sh
-- Up-to-date symlink: /home/seastar/steve_summer_seastar_ws/install/seastar_interfaces/share/seastar_interfaces/environment/library_path.dsv
-- Up-to-date symlink: /home/seastar/steve_summer_seastar_ws/install/seastar_interfaces/include/seastar_interfaces/seastar_interfaces/msg/detail/desired_pointing__rosidl_typesupport_fastrtps_c.h
-- Up-to-date symlink: /home/seastar/steve_summer_seastar_ws/install/seastar_interfaces/include/seastar_interfaces/seastar_interfaces/msg/detail/motor_command__rosidl_typesupport_fastrtps_c.h
-- Up-to-date symlink: /home/seastar/steve_summer_seastar_ws/install/seastar_interfaces/include/seastar_interfaces/seastar_interfaces/msg/detail/sky_ephemeris__rosidl_typesupport_fastrtps_c.h
-- Up-to-date symlink: /home/seastar/steve_summer_seastar_ws/install/seastar_interfaces/include/seastar_interfaces/seastar_interfaces/msg/detail/sky_scan_offset_angles__rosidl_typesupport_fastrtps_c.h
-- Up-to-date symlink: /home/seastar/steve_summer_seastar_ws/install/seastar_interfaces/include/seastar_interfaces/seastar_interfaces/msg/detail/sky_scan_pointing_angles__rosidl_typesupport_fastrtps_c.h
-- Up-to-date symlink: /home/seastar/steve_summer_seastar_ws/install/seastar_interfaces/include/seastar_interfaces/seastar_interfaces/msg/rosidl_typesupport_fastrtps_c__visibility_control.h
-- Up-to-date symlink: /home/seastar/steve_summer_seastar_ws/install/seastar_interfaces/include/seastar_interfaces/seastar_interfaces/srv/detail/point_motors__rosidl_typesupport_fastrtps_c.h
-- Up-to-date symlink: /home/seastar/steve_summer_seastar_ws/install/seastar_interfaces/include/seastar_interfaces/seastar_interfaces/msg/detail/desired_pointing__rosidl_typesupport_introspection_c.h
-- Up-to-date symlink: /home/seastar/steve_summer_seastar_ws/install/seastar_interfaces/include/seastar_interfaces/seastar_interfaces/msg/detail/motor_command__rosidl_typesupport_introspection_c.h
-- Up-to-date symlink: /home/seastar/steve_summer_seastar_ws/install/seastar_interfaces/include/seastar_interfaces/seastar_interfaces/msg/detail/sky_ephemeris__rosidl_typesupport_introspection_c.h
-- Up-to-date symlink: /home/seastar/steve_summer_seastar_ws/install/seastar_interfaces/include/seastar_interfaces/seastar_interfaces/msg/detail/sky_scan_offset_angles__rosidl_typesupport_introspection_c.h
-- Up-to-date symlink: /home/seastar/steve_summer_seastar_ws/install/seastar_interfaces/include/seastar_interfaces/seastar_interfaces/msg/detail/sky_scan_pointing_angles__rosidl_typesupport_introspection_c.h
-- Up-to-date symlink: /home/seastar/steve_summer_seastar_ws/install/seastar_interfaces/include/seastar_interfaces/seastar_interfaces/msg/rosidl_typesupport_introspection_c__visibility_control.h
-- Up-to-date symlink: /home/seastar/steve_summer_seastar_ws/install/seastar_interfaces/include/seastar_interfaces/seastar_interfaces/srv/detail/point_motors__rosidl_typesupport_introspection_c.h
-- Up-to-date symlink: /home/seastar/steve_summer_seastar_ws/install/seastar_interfaces/include/seastar_interfaces/seastar_interfaces/msg/desired_pointing.hpp
-- Up-to-date symlink: /home/seastar/steve_summer_seastar_ws/install/seastar_interfaces/include/seastar_interfaces/seastar_interfaces/msg/detail/desired_pointing__builder.hpp
-- Up-to-date symlink: /home/seastar/steve_summer_seastar_ws/install/seastar_interfaces/include/seastar_interfaces/seastar_interfaces/msg/detail/desired_pointing__struct.hpp
-- Up-to-date symlink: /home/seastar/steve_summer_seastar_ws/install/seastar_interfaces/include/seastar_interfaces/seastar_interfaces/msg/detail/desired_pointing__traits.hpp
-- Up-to-date symlink: /home/seastar/steve_summer_seastar_ws/install/seastar_interfaces/include/seastar_interfaces/seastar_interfaces/msg/detail/motor_command__builder.hpp
-- Up-to-date symlink: /home/seastar/steve_summer_seastar_ws/install/seastar_interfaces/include/seastar_interfaces/seastar_interfaces/msg/detail/motor_command__struct.hpp
-- Up-to-date symlink: /home/seastar/steve_summer_seastar_ws/install/seastar_interfaces/include/seastar_interfaces/seastar_interfaces/msg/detail/motor_command__traits.hpp
-- Up-to-date symlink: /home/seastar/steve_summer_seastar_ws/install/seastar_interfaces/include/seastar_interfaces/seastar_interfaces/msg/detail/sky_ephemeris__builder.hpp
-- Up-to-date symlink: /home/seastar/steve_summer_seastar_ws/install/seastar_interfaces/include/seastar_interfaces/seastar_interfaces/msg/detail/sky_ephemeris__struct.hpp
-- Up-to-date symlink: /home/seastar/steve_summer_seastar_ws/install/seastar_interfaces/include/seastar_interfaces/seastar_interfaces/msg/detail/sky_ephemeris__traits.hpp
-- Up-to-date symlink: /home/seastar/steve_summer_seastar_ws/install/seastar_interfaces/include/seastar_interfaces/seastar_interfaces/msg/detail/sky_scan_offset_angles__builder.hpp
-- Up-to-date symlink: /home/seastar/steve_summer_seastar_ws/install/seastar_interfaces/include/seastar_interfaces/seastar_interfaces/msg/detail/sky_scan_offset_angles__struct.hpp
-- Up-to-date symlink: /home/seastar/steve_summer_seastar_ws/install/seastar_interfaces/include/seastar_interfaces/seastar_interfaces/msg/detail/sky_scan_offset_angles__traits.hpp
-- Up-to-date symlink: /home/seastar/steve_summer_seastar_ws/install/seastar_interfaces/include/seastar_interfaces/seastar_interfaces/msg/detail/sky_scan_pointing_angles__builder.hpp
-- Up-to-date symlink: /home/seastar/steve_summer_seastar_ws/install/seastar_interfaces/include/seastar_interfaces/seastar_interfaces/msg/detail/sky_scan_pointing_angles__struct.hpp
-- Up-to-date symlink: /home/seastar/steve_summer_seastar_ws/install/seastar_interfaces/include/seastar_interfaces/seastar_interfaces/msg/detail/sky_scan_pointing_angles__traits.hpp
-- Up-to-date symlink: /home/seastar/steve_summer_seastar_ws/install/seastar_interfaces/include/seastar_interfaces/seastar_interfaces/msg/motor_command.hpp
-- Up-to-date symlink: /home/seastar/steve_summer_seastar_ws/install/seastar_interfaces/include/seastar_interfaces/seastar_interfaces/msg/sky_ephemeris.hpp
-- Up-to-date symlink: /home/seastar/steve_summer_seastar_ws/install/seastar_interfaces/include/seastar_interfaces/seastar_interfaces/msg/sky_scan_offset_angles.hpp
-- Up-to-date symlink: /home/seastar/steve_summer_seastar_ws/install/seastar_interfaces/include/seastar_interfaces/seastar_interfaces/msg/sky_scan_pointing_angles.hpp
-- Up-to-date symlink: /home/seastar/steve_summer_seastar_ws/install/seastar_interfaces/include/seastar_interfaces/seastar_interfaces/srv/detail/point_motors__builder.hpp
-- Up-to-date symlink: /home/seastar/steve_summer_seastar_ws/install/seastar_interfaces/include/seastar_interfaces/seastar_interfaces/srv/detail/point_motors__struct.hpp
-- Up-to-date symlink: /home/seastar/steve_summer_seastar_ws/install/seastar_interfaces/include/seastar_interfaces/seastar_interfaces/srv/detail/point_motors__traits.hpp
-- Up-to-date symlink: /home/seastar/steve_summer_seastar_ws/install/seastar_interfaces/include/seastar_interfaces/seastar_interfaces/srv/point_motors.hpp
-- Up-to-date symlink: /home/seastar/steve_summer_seastar_ws/install/seastar_interfaces/include/seastar_interfaces/seastar_interfaces/msg/detail/desired_pointing__rosidl_typesupport_fastrtps_cpp.hpp
-- Up-to-date symlink: /home/seastar/steve_summer_seastar_ws/install/seastar_interfaces/include/seastar_interfaces/seastar_interfaces/msg/detail/motor_command__rosidl_typesupport_fastrtps_cpp.hpp
-- Up-to-date symlink: /home/seastar/steve_summer_seastar_ws/install/seastar_interfaces/include/seastar_interfaces/seastar_interfaces/msg/detail/sky_ephemeris__rosidl_typesupport_fastrtps_cpp.hpp
-- Up-to-date symlink: /home/seastar/steve_summer_seastar_ws/install/seastar_interfaces/include/seastar_interfaces/seastar_interfaces/msg/detail/sky_scan_offset_angles__rosidl_typesupport_fastrtps_cpp.hpp
-- Up-to-date symlink: /home/seastar/steve_summer_seastar_ws/install/seastar_interfaces/include/seastar_interfaces/seastar_interfaces/msg/detail/sky_scan_pointing_angles__rosidl_typesupport_fastrtps_cpp.hpp
-- Up-to-date symlink: /home/seastar/steve_summer_seastar_ws/install/seastar_interfaces/include/seastar_interfaces/seastar_interfaces/msg/rosidl_typesupport_fastrtps_cpp__visibility_control.h
-- Up-to-date symlink: /home/seastar/steve_summer_seastar_ws/install/seastar_interfaces/include/seastar_interfaces/seastar_interfaces/srv/detail/point_motors__rosidl_typesupport_fastrtps_cpp.hpp
-- Up-to-date symlink: /home/seastar/steve_summer_seastar_ws/install/seastar_interfaces/include/seastar_interfaces/seastar_interfaces/msg/detail/desired_pointing__rosidl_typesupport_introspection_cpp.hpp
-- Up-to-date symlink: /home/seastar/steve_summer_seastar_ws/install/seastar_interfaces/include/seastar_interfaces/seastar_interfaces/msg/detail/motor_command__rosidl_typesupport_introspection_cpp.hpp
-- Up-to-date symlink: /home/seastar/steve_summer_seastar_ws/install/seastar_interfaces/include/seastar_interfaces/seastar_interfaces/msg/detail/sky_ephemeris__rosidl_typesupport_introspection_cpp.hpp
-- Up-to-date symlink: /home/seastar/steve_summer_seastar_ws/install/seastar_interfaces/include/seastar_interfaces/seastar_interfaces/msg/detail/sky_scan_offset_angles__rosidl_typesupport_introspection_cpp.hpp
-- Up-to-date symlink: /home/seastar/steve_summer_seastar_ws/install/seastar_interfaces/include/seastar_interfaces/seastar_interfaces/msg/detail/sky_scan_pointing_angles__rosidl_typesupport_introspection_cpp.hpp
-- Up-to-date symlink: /home/seastar/steve_summer_seastar_ws/install/seastar_interfaces/include/seastar_interfaces/seastar_interfaces/srv/detail/point_motors__rosidl_typesupport_introspection_cpp.hpp
-- Up-to-date symlink: /home/seastar/steve_summer_seastar_ws/install/seastar_interfaces/share/seastar_interfaces/environment/pythonpath.sh
-- Up-to-date symlink: /home/seastar/steve_summer_seastar_ws/install/seastar_interfaces/share/seastar_interfaces/environment/pythonpath.dsv
-- Up-to-date symlink: /home/seastar/steve_summer_seastar_ws/install/seastar_interfaces/local/lib/python3.10/dist-packages/seastar_interfaces-0.0.0-py3.10.egg-info/PKG-INFO
-- Up-to-date symlink: /home/seastar/steve_summer_seastar_ws/install/seastar_interfaces/local/lib/python3.10/dist-packages/seastar_interfaces-0.0.0-py3.10.egg-info/SOURCES.txt
-- Up-to-date symlink: /home/seastar/steve_summer_seastar_ws/install/seastar_interfaces/local/lib/python3.10/dist-packages/seastar_interfaces-0.0.0-py3.10.egg-info/dependency_links.txt
-- Up-to-date symlink: /home/seastar/steve_summer_seastar_ws/install/seastar_interfaces/local/lib/python3.10/dist-packages/seastar_interfaces-0.0.0-py3.10.egg-info/top_level.txt
-- Up-to-date symlink: /home/seastar/steve_summer_seastar_ws/install/seastar_interfaces/local/lib/python3.10/dist-packages/seastar_interfaces/__init__.py
-- Up-to-date symlink: /home/seastar/steve_summer_seastar_ws/install/seastar_interfaces/local/lib/python3.10/dist-packages/seastar_interfaces/_seastar_interfaces_s.ep.rosidl_typesupport_c.c
-- Up-to-date symlink: /home/seastar/steve_summer_seastar_ws/install/seastar_interfaces/local/lib/python3.10/dist-packages/seastar_interfaces/_seastar_interfaces_s.ep.rosidl_typesupport_fastrtps_c.c
-- Up-to-date symlink: /home/seastar/steve_summer_seastar_ws/install/seastar_interfaces/local/lib/python3.10/dist-packages/seastar_interfaces/_seastar_interfaces_s.ep.rosidl_typesupport_introspection_c.c
-- Up-to-date symlink: /home/seastar/steve_summer_seastar_ws/install/seastar_interfaces/local/lib/python3.10/dist-packages/seastar_interfaces/libseastar_interfaces__rosidl_generator_py.so
-- Up-to-date symlink: /home/seastar/steve_summer_seastar_ws/install/seastar_interfaces/local/lib/python3.10/dist-packages/seastar_interfaces/msg/__init__.py
-- Up-to-date symlink: /home/seastar/steve_summer_seastar_ws/install/seastar_interfaces/local/lib/python3.10/dist-packages/seastar_interfaces/msg/_desired_pointing.py
-- Up-to-date symlink: /home/seastar/steve_summer_seastar_ws/install/seastar_interfaces/local/lib/python3.10/dist-packages/seastar_interfaces/msg/_desired_pointing_s.c
-- Up-to-date symlink: /home/seastar/steve_summer_seastar_ws/install/seastar_interfaces/local/lib/python3.10/dist-packages/seastar_interfaces/msg/_motor_command.py
-- Up-to-date symlink: /home/seastar/steve_summer_seastar_ws/install/seastar_interfaces/local/lib/python3.10/dist-packages/seastar_interfaces/msg/_motor_command_s.c
-- Up-to-date symlink: /home/seastar/steve_summer_seastar_ws/install/seastar_interfaces/local/lib/python3.10/dist-packages/seastar_interfaces/msg/_sky_ephemeris.py
-- Up-to-date symlink: /home/seastar/steve_summer_seastar_ws/install/seastar_interfaces/local/lib/python3.10/dist-packages/seastar_interfaces/msg/_sky_ephemeris_s.c
-- Up-to-date symlink: /home/seastar/steve_summer_seastar_ws/install/seastar_interfaces/local/lib/python3.10/dist-packages/seastar_interfaces/msg/_sky_scan_offset_angles.py
-- Up-to-date symlink: /home/seastar/steve_summer_seastar_ws/install/seastar_interfaces/local/lib/python3.10/dist-packages/seastar_interfaces/msg/_sky_scan_offset_angles_s.c
-- Up-to-date symlink: /home/seastar/steve_summer_seastar_ws/install/seastar_interfaces/local/lib/python3.10/dist-packages/seastar_interfaces/msg/_sky_scan_pointing_angles.py
-- Up-to-date symlink: /home/seastar/steve_summer_seastar_ws/install/seastar_interfaces/local/lib/python3.10/dist-packages/seastar_interfaces/msg/_sky_scan_pointing_angles_s.c
-- Up-to-date symlink: /home/seastar/steve_summer_seastar_ws/install/seastar_interfaces/local/lib/python3.10/dist-packages/seastar_interfaces/seastar_interfaces_s__rosidl_typesupport_c.cpython-310-x86_64-linux-gnu.so
-- Up-to-date symlink: /home/seastar/steve_summer_seastar_ws/install/seastar_interfaces/local/lib/python3.10/dist-packages/seastar_interfaces/seastar_interfaces_s__rosidl_typesupport_fastrtps_c.cpython-310-x86_64-linux-gnu.so
-- Up-to-date symlink: /home/seastar/steve_summer_seastar_ws/install/seastar_interfaces/local/lib/python3.10/dist-packages/seastar_interfaces/seastar_interfaces_s__rosidl_typesupport_introspection_c.cpython-310-x86_64-linux-gnu.so
-- Up-to-date symlink: /home/seastar/steve_summer_seastar_ws/install/seastar_interfaces/local/lib/python3.10/dist-packages/seastar_interfaces/srv/__init__.py
-- Up-to-date symlink: /home/seastar/steve_summer_seastar_ws/install/seastar_interfaces/local/lib/python3.10/dist-packages/seastar_interfaces/srv/_point_motors.py
-- Up-to-date symlink: /home/seastar/steve_summer_seastar_ws/install/seastar_interfaces/local/lib/python3.10/dist-packages/seastar_interfaces/srv/_point_motors_s.c
-- Up-to-date symlink: /home/seastar/steve_summer_seastar_ws/install/seastar_interfaces/local/lib/python3.10/dist-packages/seastar_interfaces/seastar_interfaces_s__rosidl_typesupport_fastrtps_c.cpython-310-x86_64-linux-gnu.so
-- Up-to-date symlink: /home/seastar/steve_summer_seastar_ws/install/seastar_interfaces/local/lib/python3.10/dist-packages/seastar_interfaces/seastar_interfaces_s__rosidl_typesupport_introspection_c.cpython-310-x86_64-linux-gnu.so
-- Up-to-date symlink: /home/seastar/steve_summer_seastar_ws/install/seastar_interfaces/local/lib/python3.10/dist-packages/seastar_interfaces/seastar_interfaces_s__rosidl_typesupport_c.cpython-310-x86_64-linux-gnu.so
-- Up-to-date symlink: /home/seastar/steve_summer_seastar_ws/install/seastar_interfaces/share/seastar_interfaces/msg/SkyEphemeris.idl
-- Up-to-date symlink: /home/seastar/steve_summer_seastar_ws/install/seastar_interfaces/share/seastar_interfaces/msg/SkyScanOffsetAngles.idl
-- Up-to-date symlink: /home/seastar/steve_summer_seastar_ws/install/seastar_interfaces/share/seastar_interfaces/msg/SkyScanPointingAngles.idl
-- Up-to-date symlink: /home/seastar/steve_summer_seastar_ws/install/seastar_interfaces/share/seastar_interfaces/msg/DesiredPointing.idl
-- Up-to-date symlink: /home/seastar/steve_summer_seastar_ws/install/seastar_interfaces/share/seastar_interfaces/msg/MotorCommand.idl
-- Up-to-date symlink: /home/seastar/steve_summer_seastar_ws/install/seastar_interfaces/share/seastar_interfaces/srv/PointMotors.idl
-- Up-to-date symlink: /home/seastar/steve_summer_seastar_ws/install/seastar_interfaces/share/seastar_interfaces/msg/SkyEphemeris.msg
-- Up-to-date symlink: /home/seastar/steve_summer_seastar_ws/install/seastar_interfaces/share/seastar_interfaces/msg/SkyScanOffsetAngles.msg
-- Up-to-date symlink: /home/seastar/steve_summer_seastar_ws/install/seastar_interfaces/share/seastar_interfaces/msg/SkyScanPointingAngles.msg
-- Up-to-date symlink: /home/seastar/steve_summer_seastar_ws/install/seastar_interfaces/share/seastar_interfaces/msg/DesiredPointing.msg
-- Up-to-date symlink: /home/seastar/steve_summer_seastar_ws/install/seastar_interfaces/share/seastar_interfaces/msg/MotorCommand.msg
-- Up-to-date symlink: /home/seastar/steve_summer_seastar_ws/install/seastar_interfaces/share/seastar_interfaces/srv/PointMotors.srv
-- Up-to-date symlink: /home/seastar/steve_summer_seastar_ws/install/seastar_interfaces/share/seastar_interfaces/srv/PointMotors_Request.msg
-- Up-to-date symlink: /home/seastar/steve_summer_seastar_ws/install/seastar_interfaces/share/seastar_interfaces/srv/PointMotors_Response.msg
-- Up-to-date symlink: /home/seastar/steve_summer_seastar_ws/install/seastar_interfaces/share/ament_index/resource_index/package_run_dependencies/seastar_interfaces
-- Up-to-date symlink: /home/seastar/steve_summer_seastar_ws/install/seastar_interfaces/share/ament_index/resource_index/parent_prefix_path/seastar_interfaces
-- Up-to-date symlink: /home/seastar/steve_summer_seastar_ws/install/seastar_interfaces/share/seastar_interfaces/environment/ament_prefix_path.sh
-- Up-to-date symlink: /home/seastar/steve_summer_seastar_ws/install/seastar_interfaces/share/seastar_interfaces/environment/ament_prefix_path.dsv
-- Up-to-date symlink: /home/seastar/steve_summer_seastar_ws/install/seastar_interfaces/share/seastar_interfaces/environment/path.sh
-- Up-to-date symlink: /home/seastar/steve_summer_seastar_ws/install/seastar_interfaces/share/seastar_interfaces/environment/path.dsv
-- Up-to-date symlink: /home/seastar/steve_summer_seastar_ws/install/seastar_interfaces/share/seastar_interfaces/local_setup.bash
-- Up-to-date symlink: /home/seastar/steve_summer_seastar_ws/install/seastar_interfaces/share/seastar_interfaces/local_setup.sh
-- Up-to-date symlink: /home/seastar/steve_summer_seastar_ws/install/seastar_interfaces/share/seastar_interfaces/local_setup.zsh
-- Up-to-date symlink: /home/seastar/steve_summer_seastar_ws/install/seastar_interfaces/share/seastar_interfaces/local_setup.dsv
-- Symlinking: /home/seastar/steve_summer_seastar_ws/install/seastar_interfaces/share/seastar_interfaces/package.dsv
-- Up-to-date symlink: /home/seastar/steve_summer_seastar_ws/install/seastar_interfaces/share/ament_index/resource_index/packages/seastar_interfaces
-- Up-to-date symlink: /home/seastar/steve_summer_seastar_ws/install/seastar_interfaces/share/seastar_interfaces/cmake/rosidl_cmake-extras.cmake
-- Up-to-date symlink: /home/seastar/steve_summer_seastar_ws/install/seastar_interfaces/share/seastar_interfaces/cmake/ament_cmake_export_include_directories-extras.cmake
-- Up-to-date symlink: /home/seastar/steve_summer_seastar_ws/install/seastar_interfaces/share/seastar_interfaces/cmake/ament_cmake_export_libraries-extras.cmake
-- Up-to-date symlink: /home/seastar/steve_summer_seastar_ws/install/seastar_interfaces/share/seastar_interfaces/cmake/ament_cmake_export_targets-extras.cmake
-- Up-to-date symlink: /home/seastar/steve_summer_seastar_ws/install/seastar_interfaces/share/seastar_interfaces/cmake/rosidl_cmake_export_typesupport_targets-extras.cmake
-- Up-to-date symlink: /home/seastar/steve_summer_seastar_ws/install/seastar_interfaces/share/seastar_interfaces/cmake/ament_cmake_export_dependencies-extras.cmake
-- Up-to-date symlink: /home/seastar/steve_summer_seastar_ws/install/seastar_interfaces/share/seastar_interfaces/cmake/rosidl_cmake_export_typesupport_libraries-extras.cmake
-- Up-to-date symlink: /home/seastar/steve_summer_seastar_ws/install/seastar_interfaces/share/seastar_interfaces/cmake/seastar_interfacesConfig.cmake
-- Up-to-date symlink: /home/seastar/steve_summer_seastar_ws/install/seastar_interfaces/share/seastar_interfaces/cmake/seastar_interfacesConfig-version.cmake
-- Up-to-date symlink: /home/seastar/steve_summer_seastar_ws/install/seastar_interfaces/share/seastar_interfaces/package.xml
-- Up-to-date: /home/seastar/steve_summer_seastar_ws/install/seastar_interfaces/lib/libseastar_interfaces__rosidl_generator_c.so
-- Up-to-date: /home/seastar/steve_summer_seastar_ws/install/seastar_interfaces/lib/libseastar_interfaces__rosidl_typesupport_fastrtps_c.so
-- Up-to-date: /home/seastar/steve_summer_seastar_ws/install/seastar_interfaces/lib/libseastar_interfaces__rosidl_typesupport_introspection_c.so
-- Up-to-date: /home/seastar/steve_summer_seastar_ws/install/seastar_interfaces/lib/libseastar_interfaces__rosidl_typesupport_c.so
-- Up-to-date: /home/seastar/steve_summer_seastar_ws/install/seastar_interfaces/lib/libseastar_interfaces__rosidl_typesupport_fastrtps_cpp.so
-- Up-to-date: /home/seastar/steve_summer_seastar_ws/install/seastar_interfaces/lib/libseastar_interfaces__rosidl_typesupport_introspection_cpp.so
-- Up-to-date: /home/seastar/steve_summer_seastar_ws/install/seastar_interfaces/lib/libseastar_interfaces__rosidl_typesupport_cpp.so
Listing '/home/seastar/steve_summer_seastar_ws/install/seastar_interfaces/local/lib/python3.10/dist-packages/seastar_interfaces'...
Listing '/home/seastar/steve_summer_seastar_ws/install/seastar_interfaces/local/lib/python3.10/dist-packages/seastar_interfaces/msg'...
Listing '/home/seastar/steve_summer_seastar_ws/install/seastar_interfaces/local/lib/python3.10/dist-packages/seastar_interfaces/srv'...
-- Up-to-date: /home/seastar/steve_summer_seastar_ws/install/seastar_interfaces/lib/libseastar_interfaces__rosidl_generator_py.so
-- Up-to-date: /home/seastar/steve_summer_seastar_ws/install/seastar_interfaces/share/seastar_interfaces/cmake/export_seastar_interfaces__rosidl_generator_cExport.cmake
-- Up-to-date: /home/seastar/steve_summer_seastar_ws/install/seastar_interfaces/share/seastar_interfaces/cmake/export_seastar_interfaces__rosidl_generator_cExport-noconfig.cmake
-- Up-to-date: /home/seastar/steve_summer_seastar_ws/install/seastar_interfaces/share/seastar_interfaces/cmake/export_seastar_interfaces__rosidl_typesupport_fastrtps_cExport.cmake
-- Up-to-date: /home/seastar/steve_summer_seastar_ws/install/seastar_interfaces/share/seastar_interfaces/cmake/export_seastar_interfaces__rosidl_typesupport_fastrtps_cExport-noconfig.cmake
-- Up-to-date: /home/seastar/steve_summer_seastar_ws/install/seastar_interfaces/share/seastar_interfaces/cmake/seastar_interfaces__rosidl_typesupport_introspection_cExport.cmake
-- Up-to-date: /home/seastar/steve_summer_seastar_ws/install/seastar_interfaces/share/seastar_interfaces/cmake/seastar_interfaces__rosidl_typesupport_introspection_cExport-noconfig.cmake
-- Up-to-date: /home/seastar/steve_summer_seastar_ws/install/seastar_interfaces/share/seastar_interfaces/cmake/seastar_interfaces__rosidl_typesupport_cExport.cmake
-- Up-to-date: /home/seastar/steve_summer_seastar_ws/install/seastar_interfaces/share/seastar_interfaces/cmake/seastar_interfaces__rosidl_typesupport_cExport-noconfig.cmake
-- Up-to-date: /home/seastar/steve_summer_seastar_ws/install/seastar_interfaces/share/seastar_interfaces/cmake/export_seastar_interfaces__rosidl_generator_cppExport.cmake
-- Up-to-date: /home/seastar/steve_summer_seastar_ws/install/seastar_interfaces/share/seastar_interfaces/cmake/export_seastar_interfaces__rosidl_typesupport_fastrtps_cppExport.cmake
-- Up-to-date: /home/seastar/steve_summer_seastar_ws/install/seastar_interfaces/share/seastar_interfaces/cmake/export_seastar_interfaces__rosidl_typesupport_fastrtps_cppExport-noconfig.cmake
-- Up-to-date: /home/seastar/steve_summer_seastar_ws/install/seastar_interfaces/share/seastar_interfaces/cmake/seastar_interfaces__rosidl_typesupport_introspection_cppExport.cmake
-- Up-to-date: /home/seastar/steve_summer_seastar_ws/install/seastar_interfaces/share/seastar_interfaces/cmake/seastar_interfaces__rosidl_typesupport_introspection_cppExport-noconfig.cmake
-- Up-to-date: /home/seastar/steve_summer_seastar_ws/install/seastar_interfaces/share/seastar_interfaces/cmake/seastar_interfaces__rosidl_typesupport_cppExport.cmake
-- Up-to-date: /home/seastar/steve_summer_seastar_ws/install/seastar_interfaces/share/seastar_interfaces/cmake/seastar_interfaces__rosidl_typesupport_cppExport-noconfig.cmake
-- Up-to-date: /home/seastar/steve_summer_seastar_ws/install/seastar_interfaces/share/seastar_interfaces/cmake/export_seastar_interfaces__rosidl_generator_pyExport.cmake
-- Up-to-date: /home/seastar/steve_summer_seastar_ws/install/seastar_interfaces/share/seastar_interfaces/cmake/export_seastar_interfaces__rosidl_generator_pyExport-noconfig.cmake
