-- Found ament_cmake: 1.3.3 (/opt/ros/humble/share/ament_cmake/cmake)
-- Found rosidl_default_generators: 1.2.0 (/opt/ros/humble/share/rosidl_default_generators/cmake)
-- Using all available rosidl_typesupport_c: rosidl_typesupport_fastrtps_c;rosidl_typesupport_introspection_c
-- Found rosidl_adapter: 3.1.4 (/opt/ros/humble/share/rosidl_adapter/cmake)
-- Using all available rosidl_typesupport_cpp: rosidl_typesupport_fastrtps_cpp;rosidl_typesupport_introspection_cpp
-- Found ament_lint_auto: 0.12.5 (/opt/ros/humble/share/ament_lint_auto/cmake)
-- Found ament_cmake_ros: 0.10.0 (/opt/ros/humble/share/ament_cmake_ros/cmake)
-- Using all available rosidl_typesupport_c: rosidl_typesupport_fastrtps_c;rosidl_typesupport_introspection_c
-- Using all available rosidl_typesupport_cpp: rosidl_typesupport_fastrtps_cpp;rosidl_typesupport_introspection_cpp
-- Found python_cmake_module: 0.10.0 (/opt/ros/humble/share/python_cmake_module/cmake)
-- Using PYTHON_EXECUTABLE: /usr/bin/python3
-- Using PYTHON_INCLUDE_DIRS: /usr/include/python3.10
-- Using PYTHON_LIBRARIES: /usr/lib/x86_64-linux-gnu/libpython3.10.so
-- Added test 'cppcheck' to perform static code analysis on C / C++ code
-- Configured cppcheck include dirs: $<BUILD_INTERFACE:/home/seastar/seastar_ws/src/seastar_interfaces/build/seastar_interfaces/rosidl_generator_c>;$<BUILD_INTERFACE:/home/seastar/seastar_ws/src/seastar_interfaces/build/seastar_interfaces/rosidl_typesupport_fastrtps_c>;$<BUILD_INTERFACE:/home/seastar/seastar_ws/src/seastar_interfaces/build/seastar_interfaces/rosidl_typesupport_introspection_c>;$<BUILD_INTERFACE:/home/seastar/seastar_ws/src/seastar_interfaces/build/seastar_interfaces/rosidl_generator_cpp>;$<BUILD_INTERFACE:/home/seastar/seastar_ws/src/seastar_interfaces/build/seastar_interfaces/rosidl_typesupport_fastrtps_cpp>;$<BUILD_INTERFACE:/home/seastar/seastar_ws/src/seastar_interfaces/build/seastar_interfaces/rosidl_typesupport_introspection_cpp>;/home/seastar/seastar_ws/src/seastar_interfaces/build/seastar_interfaces/rosidl_generator_c;/home/seastar/seastar_ws/src/seastar_interfaces/build/seastar_interfaces/rosidl_generator_py
-- Configured cppcheck exclude dirs and/or files: 
-- Added test 'flake8' to check Python code syntax and style conventions
-- Added test 'lint_cmake' to check CMake code style
-- Added test 'pep257' to check Python code against some of the docstring style conventions in PEP 257
-- Added test 'uncrustify' to check C / C++ code style
-- Configured uncrustify additional arguments: 
-- Added test 'xmllint' to check XML markup files
-- Configuring done
-- Generating done
-- Build files have been written to: /home/seastar/seastar_ws/src/seastar_interfaces/build/seastar_interfaces
[  2%] [34m[1mGenerating C code for ROS interfaces[0m
[  5%] [34m[1mGenerating C++ code for ROS interfaces[0m
[  5%] Built target ament_cmake_python_copy_seastar_interfaces
[  5%] Built target seastar_interfaces__cpp
[ 10%] [34m[1mGenerating C++ type support for eProsima Fast-RTPS[0m
[ 10%] [34m[1mGenerating C++ introspection for ROS interfaces[0m
running egg_info
writing seastar_interfaces.egg-info/PKG-INFO
writing dependency_links to seastar_interfaces.egg-info/dependency_links.txt
writing top-level names to seastar_interfaces.egg-info/top_level.txt
reading manifest file 'seastar_interfaces.egg-info/SOURCES.txt'
writing manifest file 'seastar_interfaces.egg-info/SOURCES.txt'
[ 10%] Built target ament_cmake_python_build_seastar_interfaces_egg
[ 12%] [34m[1mGenerating C++ type support dispatch for ROS interfaces[0m
[35m[1mConsolidate compiler generated dependencies of target seastar_interfaces__rosidl_generator_c[0m
[ 15%] [32mBuilding C object CMakeFiles/seastar_interfaces__rosidl_generator_c.dir/rosidl_generator_c/seastar_interfaces/msg/detail/sky_ephemeris__functions.c.o[0m
[ 17%] [32mBuilding C object CMakeFiles/seastar_interfaces__rosidl_generator_c.dir/rosidl_generator_c/seastar_interfaces/msg/detail/sky_scan_offset__functions.c.o[0m
[ 20%] [32m[1mLinking C shared library libseastar_interfaces__rosidl_generator_c.so[0m
[ 20%] Built target seastar_interfaces__rosidl_generator_c
[ 23%] [34m[1mGenerating C type support for eProsima Fast-RTPS[0m
[35m[1mConsolidate compiler generated dependencies of target seastar_interfaces__rosidl_typesupport_introspection_cpp[0m
[ 25%] [32mBuilding CXX object CMakeFiles/seastar_interfaces__rosidl_typesupport_introspection_cpp.dir/rosidl_typesupport_introspection_cpp/seastar_interfaces/msg/detail/sky_ephemeris__type_support.cpp.o[0m
[35m[1mConsolidate compiler generated dependencies of target seastar_interfaces__rosidl_typesupport_fastrtps_cpp[0m
[ 28%] [32mBuilding CXX object CMakeFiles/seastar_interfaces__rosidl_typesupport_fastrtps_cpp.dir/rosidl_typesupport_fastrtps_cpp/seastar_interfaces/msg/detail/dds_fastrtps/sky_ephemeris__type_support.cpp.o[0m
[35m[1mConsolidate compiler generated dependencies of target seastar_interfaces__rosidl_typesupport_cpp[0m
[ 30%] [32mBuilding CXX object CMakeFiles/seastar_interfaces__rosidl_typesupport_cpp.dir/rosidl_typesupport_cpp/seastar_interfaces/msg/sky_ephemeris__type_support.cpp.o[0m
[ 33%] [32mBuilding CXX object CMakeFiles/seastar_interfaces__rosidl_typesupport_fastrtps_c.dir/rosidl_typesupport_fastrtps_c/seastar_interfaces/msg/detail/sky_ephemeris__type_support_c.cpp.o[0m
[ 35%] [32mBuilding CXX object CMakeFiles/seastar_interfaces__rosidl_typesupport_cpp.dir/rosidl_typesupport_cpp/seastar_interfaces/msg/sky_scan_offset__type_support.cpp.o[0m
[ 38%] [32mBuilding CXX object CMakeFiles/seastar_interfaces__rosidl_typesupport_introspection_cpp.dir/rosidl_typesupport_introspection_cpp/seastar_interfaces/msg/detail/sky_scan_offset__type_support.cpp.o[0m
[ 41%] [32mBuilding CXX object CMakeFiles/seastar_interfaces__rosidl_typesupport_fastrtps_cpp.dir/rosidl_typesupport_fastrtps_cpp/seastar_interfaces/msg/detail/dds_fastrtps/sky_scan_offset__type_support.cpp.o[0m
[ 43%] [32m[1mLinking CXX shared library libseastar_interfaces__rosidl_typesupport_cpp.so[0m
[ 43%] Built target seastar_interfaces__rosidl_typesupport_cpp
[ 46%] [34m[1mGenerating C introspection for ROS interfaces[0m
[ 48%] [32mBuilding CXX object CMakeFiles/seastar_interfaces__rosidl_typesupport_fastrtps_c.dir/rosidl_typesupport_fastrtps_c/seastar_interfaces/msg/detail/sky_scan_offset__type_support_c.cpp.o[0m
[ 51%] [32m[1mLinking CXX shared library libseastar_interfaces__rosidl_typesupport_introspection_cpp.so[0m
[ 51%] Built target seastar_interfaces__rosidl_typesupport_introspection_cpp
[ 53%] [34m[1mGenerating C type support dispatch for ROS interfaces[0m
[ 56%] [32m[1mLinking CXX shared library libseastar_interfaces__rosidl_typesupport_fastrtps_cpp.so[0m
[ 56%] Built target seastar_interfaces__rosidl_typesupport_fastrtps_cpp
[ 61%] [32mBuilding C object CMakeFiles/seastar_interfaces__rosidl_typesupport_introspection_c.dir/rosidl_typesupport_introspection_c/seastar_interfaces/msg/detail/sky_scan_offset__type_support.c.o[0m
[ 61%] [32mBuilding C object CMakeFiles/seastar_interfaces__rosidl_typesupport_introspection_c.dir/rosidl_typesupport_introspection_c/seastar_interfaces/msg/detail/sky_ephemeris__type_support.c.o[0m
[ 64%] [32m[1mLinking CXX shared library libseastar_interfaces__rosidl_typesupport_fastrtps_c.so[0m
[ 66%] [32m[1mLinking C shared library libseastar_interfaces__rosidl_typesupport_introspection_c.so[0m
[ 66%] Built target seastar_interfaces__rosidl_typesupport_introspection_c
[ 71%] [32mBuilding CXX object CMakeFiles/seastar_interfaces__rosidl_typesupport_c.dir/rosidl_typesupport_c/seastar_interfaces/msg/sky_scan_offset__type_support.cpp.o[0m
[ 71%] [32mBuilding CXX object CMakeFiles/seastar_interfaces__rosidl_typesupport_c.dir/rosidl_typesupport_c/seastar_interfaces/msg/sky_ephemeris__type_support.cpp.o[0m
[ 74%] [32m[1mLinking CXX shared library libseastar_interfaces__rosidl_typesupport_c.so[0m
[ 74%] Built target seastar_interfaces__rosidl_typesupport_fastrtps_c
[ 74%] Built target seastar_interfaces__rosidl_typesupport_c
[ 74%] Built target seastar_interfaces
[ 76%] [34m[1mGenerating Python code for ROS interfaces[0m
[ 76%] Built target seastar_interfaces__py
[ 79%] [32mBuilding C object CMakeFiles/seastar_interfaces__rosidl_generator_py.dir/rosidl_generator_py/seastar_interfaces/msg/_sky_scan_offset_s.c.o[0m
[ 82%] [32mBuilding C object CMakeFiles/seastar_interfaces__rosidl_generator_py.dir/rosidl_generator_py/seastar_interfaces/msg/_sky_ephemeris_s.c.o[0m
[ 84%] [32m[1mLinking C shared library rosidl_generator_py/seastar_interfaces/libseastar_interfaces__rosidl_generator_py.so[0m
[ 84%] Built target seastar_interfaces__rosidl_generator_py
[ 87%] [32mBuilding C object CMakeFiles/seastar_interfaces__rosidl_typesupport_introspection_c__pyext.dir/rosidl_generator_py/seastar_interfaces/_seastar_interfaces_s.ep.rosidl_typesupport_introspection_c.c.o[0m
[ 89%] [32mBuilding C object CMakeFiles/seastar_interfaces__rosidl_typesupport_fastrtps_c__pyext.dir/rosidl_generator_py/seastar_interfaces/_seastar_interfaces_s.ep.rosidl_typesupport_fastrtps_c.c.o[0m
[ 92%] [32mBuilding C object CMakeFiles/seastar_interfaces__rosidl_typesupport_c__pyext.dir/rosidl_generator_py/seastar_interfaces/_seastar_interfaces_s.ep.rosidl_typesupport_c.c.o[0m
[ 94%] [32m[1mLinking C shared library rosidl_generator_py/seastar_interfaces/seastar_interfaces_s__rosidl_typesupport_c.cpython-310-x86_64-linux-gnu.so[0m
[ 97%] [32m[1mLinking C shared library rosidl_generator_py/seastar_interfaces/seastar_interfaces_s__rosidl_typesupport_fastrtps_c.cpython-310-x86_64-linux-gnu.so[0m
[100%] [32m[1mLinking C shared library rosidl_generator_py/seastar_interfaces/seastar_interfaces_s__rosidl_typesupport_introspection_c.cpython-310-x86_64-linux-gnu.so[0m
[100%] Built target seastar_interfaces__rosidl_typesupport_c__pyext
[100%] Built target seastar_interfaces__rosidl_typesupport_introspection_c__pyext
[100%] Built target seastar_interfaces__rosidl_typesupport_fastrtps_c__pyext
-- Install configuration: ""
-- Installing: /home/seastar/seastar_ws/src/seastar_interfaces/install/seastar_interfaces/share/ament_index/resource_index/rosidl_interfaces/seastar_interfaces
-- Installing: /home/seastar/seastar_ws/src/seastar_interfaces/install/seastar_interfaces/include/seastar_interfaces/seastar_interfaces
-- Installing: /home/seastar/seastar_ws/src/seastar_interfaces/install/seastar_interfaces/include/seastar_interfaces/seastar_interfaces/msg
-- Installing: /home/seastar/seastar_ws/src/seastar_interfaces/install/seastar_interfaces/include/seastar_interfaces/seastar_interfaces/msg/sky_ephemeris.h
-- Installing: /home/seastar/seastar_ws/src/seastar_interfaces/install/seastar_interfaces/include/seastar_interfaces/seastar_interfaces/msg/detail
-- Installing: /home/seastar/seastar_ws/src/seastar_interfaces/install/seastar_interfaces/include/seastar_interfaces/seastar_interfaces/msg/detail/sky_scan_offset__functions.h
-- Installing: /home/seastar/seastar_ws/src/seastar_interfaces/install/seastar_interfaces/include/seastar_interfaces/seastar_interfaces/msg/detail/sky_ephemeris__type_support.h
-- Installing: /home/seastar/seastar_ws/src/seastar_interfaces/install/seastar_interfaces/include/seastar_interfaces/seastar_interfaces/msg/detail/sky_scan_offset__type_support.h
-- Installing: /home/seastar/seastar_ws/src/seastar_interfaces/install/seastar_interfaces/include/seastar_interfaces/seastar_interfaces/msg/detail/sky_ephemeris__functions.h
-- Installing: /home/seastar/seastar_ws/src/seastar_interfaces/install/seastar_interfaces/include/seastar_interfaces/seastar_interfaces/msg/detail/sky_scan_offset__struct.h
-- Installing: /home/seastar/seastar_ws/src/seastar_interfaces/install/seastar_interfaces/include/seastar_interfaces/seastar_interfaces/msg/detail/sky_scan_offset__functions.c
-- Installing: /home/seastar/seastar_ws/src/seastar_interfaces/install/seastar_interfaces/include/seastar_interfaces/seastar_interfaces/msg/detail/sky_ephemeris__struct.h
-- Installing: /home/seastar/seastar_ws/src/seastar_interfaces/install/seastar_interfaces/include/seastar_interfaces/seastar_interfaces/msg/detail/sky_ephemeris__functions.c
-- Installing: /home/seastar/seastar_ws/src/seastar_interfaces/install/seastar_interfaces/include/seastar_interfaces/seastar_interfaces/msg/rosidl_generator_c__visibility_control.h
-- Installing: /home/seastar/seastar_ws/src/seastar_interfaces/install/seastar_interfaces/include/seastar_interfaces/seastar_interfaces/msg/sky_scan_offset.h
-- Installing: /home/seastar/seastar_ws/src/seastar_interfaces/install/seastar_interfaces/share/seastar_interfaces/environment/library_path.sh
-- Installing: /home/seastar/seastar_ws/src/seastar_interfaces/install/seastar_interfaces/share/seastar_interfaces/environment/library_path.dsv
-- Installing: /home/seastar/seastar_ws/src/seastar_interfaces/install/seastar_interfaces/lib/libseastar_interfaces__rosidl_generator_c.so
-- Set runtime path of "/home/seastar/seastar_ws/src/seastar_interfaces/install/seastar_interfaces/lib/libseastar_interfaces__rosidl_generator_c.so" to ""
-- Up-to-date: /home/seastar/seastar_ws/src/seastar_interfaces/install/seastar_interfaces/include/seastar_interfaces/seastar_interfaces
-- Up-to-date: /home/seastar/seastar_ws/src/seastar_interfaces/install/seastar_interfaces/include/seastar_interfaces/seastar_interfaces/msg
-- Installing: /home/seastar/seastar_ws/src/seastar_interfaces/install/seastar_interfaces/include/seastar_interfaces/seastar_interfaces/msg/rosidl_typesupport_fastrtps_c__visibility_control.h
-- Up-to-date: /home/seastar/seastar_ws/src/seastar_interfaces/install/seastar_interfaces/include/seastar_interfaces/seastar_interfaces/msg/detail
-- Installing: /home/seastar/seastar_ws/src/seastar_interfaces/install/seastar_interfaces/include/seastar_interfaces/seastar_interfaces/msg/detail/sky_scan_offset__rosidl_typesupport_fastrtps_c.h
-- Installing: /home/seastar/seastar_ws/src/seastar_interfaces/install/seastar_interfaces/include/seastar_interfaces/seastar_interfaces/msg/detail/sky_ephemeris__rosidl_typesupport_fastrtps_c.h
-- Installing: /home/seastar/seastar_ws/src/seastar_interfaces/install/seastar_interfaces/lib/libseastar_interfaces__rosidl_typesupport_fastrtps_c.so
-- Set runtime path of "/home/seastar/seastar_ws/src/seastar_interfaces/install/seastar_interfaces/lib/libseastar_interfaces__rosidl_typesupport_fastrtps_c.so" to ""
-- Up-to-date: /home/seastar/seastar_ws/src/seastar_interfaces/install/seastar_interfaces/include/seastar_interfaces/seastar_interfaces
-- Up-to-date: /home/seastar/seastar_ws/src/seastar_interfaces/install/seastar_interfaces/include/seastar_interfaces/seastar_interfaces/msg
-- Installing: /home/seastar/seastar_ws/src/seastar_interfaces/install/seastar_interfaces/include/seastar_interfaces/seastar_interfaces/msg/rosidl_typesupport_introspection_c__visibility_control.h
-- Up-to-date: /home/seastar/seastar_ws/src/seastar_interfaces/install/seastar_interfaces/include/seastar_interfaces/seastar_interfaces/msg/detail
-- Installing: /home/seastar/seastar_ws/src/seastar_interfaces/install/seastar_interfaces/include/seastar_interfaces/seastar_interfaces/msg/detail/sky_scan_offset__rosidl_typesupport_introspection_c.h
-- Installing: /home/seastar/seastar_ws/src/seastar_interfaces/install/seastar_interfaces/include/seastar_interfaces/seastar_interfaces/msg/detail/sky_ephemeris__rosidl_typesupport_introspection_c.h
-- Installing: /home/seastar/seastar_ws/src/seastar_interfaces/install/seastar_interfaces/include/seastar_interfaces/seastar_interfaces/msg/detail/sky_scan_offset__type_support.c
-- Installing: /home/seastar/seastar_ws/src/seastar_interfaces/install/seastar_interfaces/include/seastar_interfaces/seastar_interfaces/msg/detail/sky_ephemeris__type_support.c
-- Installing: /home/seastar/seastar_ws/src/seastar_interfaces/install/seastar_interfaces/lib/libseastar_interfaces__rosidl_typesupport_introspection_c.so
-- Set runtime path of "/home/seastar/seastar_ws/src/seastar_interfaces/install/seastar_interfaces/lib/libseastar_interfaces__rosidl_typesupport_introspection_c.so" to ""
-- Installing: /home/seastar/seastar_ws/src/seastar_interfaces/install/seastar_interfaces/lib/libseastar_interfaces__rosidl_typesupport_c.so
-- Set runtime path of "/home/seastar/seastar_ws/src/seastar_interfaces/install/seastar_interfaces/lib/libseastar_interfaces__rosidl_typesupport_c.so" to ""
-- Up-to-date: /home/seastar/seastar_ws/src/seastar_interfaces/install/seastar_interfaces/include/seastar_interfaces/seastar_interfaces
-- Up-to-date: /home/seastar/seastar_ws/src/seastar_interfaces/install/seastar_interfaces/include/seastar_interfaces/seastar_interfaces/msg
-- Installing: /home/seastar/seastar_ws/src/seastar_interfaces/install/seastar_interfaces/include/seastar_interfaces/seastar_interfaces/msg/sky_scan_offset.hpp
-- Up-to-date: /home/seastar/seastar_ws/src/seastar_interfaces/install/seastar_interfaces/include/seastar_interfaces/seastar_interfaces/msg/detail
-- Installing: /home/seastar/seastar_ws/src/seastar_interfaces/install/seastar_interfaces/include/seastar_interfaces/seastar_interfaces/msg/detail/sky_ephemeris__traits.hpp
-- Installing: /home/seastar/seastar_ws/src/seastar_interfaces/install/seastar_interfaces/include/seastar_interfaces/seastar_interfaces/msg/detail/sky_scan_offset__traits.hpp
-- Installing: /home/seastar/seastar_ws/src/seastar_interfaces/install/seastar_interfaces/include/seastar_interfaces/seastar_interfaces/msg/detail/sky_ephemeris__struct.hpp
-- Installing: /home/seastar/seastar_ws/src/seastar_interfaces/install/seastar_interfaces/include/seastar_interfaces/seastar_interfaces/msg/detail/sky_ephemeris__builder.hpp
-- Installing: /home/seastar/seastar_ws/src/seastar_interfaces/install/seastar_interfaces/include/seastar_interfaces/seastar_interfaces/msg/detail/sky_scan_offset__builder.hpp
-- Installing: /home/seastar/seastar_ws/src/seastar_interfaces/install/seastar_interfaces/include/seastar_interfaces/seastar_interfaces/msg/detail/sky_scan_offset__struct.hpp
-- Installing: /home/seastar/seastar_ws/src/seastar_interfaces/install/seastar_interfaces/include/seastar_interfaces/seastar_interfaces/msg/sky_ephemeris.hpp
-- Up-to-date: /home/seastar/seastar_ws/src/seastar_interfaces/install/seastar_interfaces/include/seastar_interfaces/seastar_interfaces
-- Up-to-date: /home/seastar/seastar_ws/src/seastar_interfaces/install/seastar_interfaces/include/seastar_interfaces/seastar_interfaces/msg
-- Up-to-date: /home/seastar/seastar_ws/src/seastar_interfaces/install/seastar_interfaces/include/seastar_interfaces/seastar_interfaces/msg/detail
-- Installing: /home/seastar/seastar_ws/src/seastar_interfaces/install/seastar_interfaces/include/seastar_interfaces/seastar_interfaces/msg/detail/dds_fastrtps
-- Installing: /home/seastar/seastar_ws/src/seastar_interfaces/install/seastar_interfaces/include/seastar_interfaces/seastar_interfaces/msg/detail/sky_ephemeris__rosidl_typesupport_fastrtps_cpp.hpp
-- Installing: /home/seastar/seastar_ws/src/seastar_interfaces/install/seastar_interfaces/include/seastar_interfaces/seastar_interfaces/msg/detail/sky_scan_offset__rosidl_typesupport_fastrtps_cpp.hpp
-- Installing: /home/seastar/seastar_ws/src/seastar_interfaces/install/seastar_interfaces/include/seastar_interfaces/seastar_interfaces/msg/rosidl_typesupport_fastrtps_cpp__visibility_control.h
-- Installing: /home/seastar/seastar_ws/src/seastar_interfaces/install/seastar_interfaces/lib/libseastar_interfaces__rosidl_typesupport_fastrtps_cpp.so
-- Set runtime path of "/home/seastar/seastar_ws/src/seastar_interfaces/install/seastar_interfaces/lib/libseastar_interfaces__rosidl_typesupport_fastrtps_cpp.so" to ""
-- Up-to-date: /home/seastar/seastar_ws/src/seastar_interfaces/install/seastar_interfaces/include/seastar_interfaces/seastar_interfaces
-- Up-to-date: /home/seastar/seastar_ws/src/seastar_interfaces/install/seastar_interfaces/include/seastar_interfaces/seastar_interfaces/msg
-- Up-to-date: /home/seastar/seastar_ws/src/seastar_interfaces/install/seastar_interfaces/include/seastar_interfaces/seastar_interfaces/msg/detail
-- Installing: /home/seastar/seastar_ws/src/seastar_interfaces/install/seastar_interfaces/include/seastar_interfaces/seastar_interfaces/msg/detail/sky_ephemeris__type_support.cpp
-- Installing: /home/seastar/seastar_ws/src/seastar_interfaces/install/seastar_interfaces/include/seastar_interfaces/seastar_interfaces/msg/detail/sky_ephemeris__rosidl_typesupport_introspection_cpp.hpp
-- Installing: /home/seastar/seastar_ws/src/seastar_interfaces/install/seastar_interfaces/include/seastar_interfaces/seastar_interfaces/msg/detail/sky_scan_offset__type_support.cpp
-- Installing: /home/seastar/seastar_ws/src/seastar_interfaces/install/seastar_interfaces/include/seastar_interfaces/seastar_interfaces/msg/detail/sky_scan_offset__rosidl_typesupport_introspection_cpp.hpp
-- Installing: /home/seastar/seastar_ws/src/seastar_interfaces/install/seastar_interfaces/lib/libseastar_interfaces__rosidl_typesupport_introspection_cpp.so
-- Set runtime path of "/home/seastar/seastar_ws/src/seastar_interfaces/install/seastar_interfaces/lib/libseastar_interfaces__rosidl_typesupport_introspection_cpp.so" to ""
-- Installing: /home/seastar/seastar_ws/src/seastar_interfaces/install/seastar_interfaces/lib/libseastar_interfaces__rosidl_typesupport_cpp.so
-- Set runtime path of "/home/seastar/seastar_ws/src/seastar_interfaces/install/seastar_interfaces/lib/libseastar_interfaces__rosidl_typesupport_cpp.so" to ""
-- Installing: /home/seastar/seastar_ws/src/seastar_interfaces/install/seastar_interfaces/share/seastar_interfaces/environment/pythonpath.sh
-- Installing: /home/seastar/seastar_ws/src/seastar_interfaces/install/seastar_interfaces/share/seastar_interfaces/environment/pythonpath.dsv
-- Installing: /home/seastar/seastar_ws/src/seastar_interfaces/install/seastar_interfaces/local/lib/python3.10/dist-packages/seastar_interfaces-0.0.0-py3.10.egg-info
-- Installing: /home/seastar/seastar_ws/src/seastar_interfaces/install/seastar_interfaces/local/lib/python3.10/dist-packages/seastar_interfaces-0.0.0-py3.10.egg-info/top_level.txt
-- Installing: /home/seastar/seastar_ws/src/seastar_interfaces/install/seastar_interfaces/local/lib/python3.10/dist-packages/seastar_interfaces-0.0.0-py3.10.egg-info/SOURCES.txt
-- Installing: /home/seastar/seastar_ws/src/seastar_interfaces/install/seastar_interfaces/local/lib/python3.10/dist-packages/seastar_interfaces-0.0.0-py3.10.egg-info/dependency_links.txt
-- Installing: /home/seastar/seastar_ws/src/seastar_interfaces/install/seastar_interfaces/local/lib/python3.10/dist-packages/seastar_interfaces-0.0.0-py3.10.egg-info/PKG-INFO
-- Installing: /home/seastar/seastar_ws/src/seastar_interfaces/install/seastar_interfaces/local/lib/python3.10/dist-packages/seastar_interfaces
-- Installing: /home/seastar/seastar_ws/src/seastar_interfaces/install/seastar_interfaces/local/lib/python3.10/dist-packages/seastar_interfaces/_seastar_interfaces_s.ep.rosidl_typesupport_introspection_c.c
-- Installing: /home/seastar/seastar_ws/src/seastar_interfaces/install/seastar_interfaces/local/lib/python3.10/dist-packages/seastar_interfaces/_seastar_interfaces_s.ep.rosidl_typesupport_c.c
-- Installing: /home/seastar/seastar_ws/src/seastar_interfaces/install/seastar_interfaces/local/lib/python3.10/dist-packages/seastar_interfaces/seastar_interfaces_s__rosidl_typesupport_fastrtps_c.cpython-310-x86_64-linux-gnu.so
-- Installing: /home/seastar/seastar_ws/src/seastar_interfaces/install/seastar_interfaces/local/lib/python3.10/dist-packages/seastar_interfaces/__init__.py
-- Installing: /home/seastar/seastar_ws/src/seastar_interfaces/install/seastar_interfaces/local/lib/python3.10/dist-packages/seastar_interfaces/seastar_interfaces_s__rosidl_typesupport_introspection_c.cpython-310-x86_64-linux-gnu.so
-- Installing: /home/seastar/seastar_ws/src/seastar_interfaces/install/seastar_interfaces/local/lib/python3.10/dist-packages/seastar_interfaces/seastar_interfaces_s__rosidl_typesupport_c.cpython-310-x86_64-linux-gnu.so
-- Installing: /home/seastar/seastar_ws/src/seastar_interfaces/install/seastar_interfaces/local/lib/python3.10/dist-packages/seastar_interfaces/_seastar_interfaces_s.ep.rosidl_typesupport_fastrtps_c.c
-- Installing: /home/seastar/seastar_ws/src/seastar_interfaces/install/seastar_interfaces/local/lib/python3.10/dist-packages/seastar_interfaces/libseastar_interfaces__rosidl_generator_py.so
-- Installing: /home/seastar/seastar_ws/src/seastar_interfaces/install/seastar_interfaces/local/lib/python3.10/dist-packages/seastar_interfaces/msg
-- Installing: /home/seastar/seastar_ws/src/seastar_interfaces/install/seastar_interfaces/local/lib/python3.10/dist-packages/seastar_interfaces/msg/_sky_scan_offset.py
-- Installing: /home/seastar/seastar_ws/src/seastar_interfaces/install/seastar_interfaces/local/lib/python3.10/dist-packages/seastar_interfaces/msg/_sky_ephemeris_s.c
-- Installing: /home/seastar/seastar_ws/src/seastar_interfaces/install/seastar_interfaces/local/lib/python3.10/dist-packages/seastar_interfaces/msg/__init__.py
-- Installing: /home/seastar/seastar_ws/src/seastar_interfaces/install/seastar_interfaces/local/lib/python3.10/dist-packages/seastar_interfaces/msg/_sky_scan_offset_s.c
-- Installing: /home/seastar/seastar_ws/src/seastar_interfaces/install/seastar_interfaces/local/lib/python3.10/dist-packages/seastar_interfaces/msg/_sky_ephemeris.py
Listing '/home/seastar/seastar_ws/src/seastar_interfaces/install/seastar_interfaces/local/lib/python3.10/dist-packages/seastar_interfaces'...
Compiling '/home/seastar/seastar_ws/src/seastar_interfaces/install/seastar_interfaces/local/lib/python3.10/dist-packages/seastar_interfaces/__init__.py'...
Listing '/home/seastar/seastar_ws/src/seastar_interfaces/install/seastar_interfaces/local/lib/python3.10/dist-packages/seastar_interfaces/msg'...
Compiling '/home/seastar/seastar_ws/src/seastar_interfaces/install/seastar_interfaces/local/lib/python3.10/dist-packages/seastar_interfaces/msg/__init__.py'...
Compiling '/home/seastar/seastar_ws/src/seastar_interfaces/install/seastar_interfaces/local/lib/python3.10/dist-packages/seastar_interfaces/msg/_sky_ephemeris.py'...
Compiling '/home/seastar/seastar_ws/src/seastar_interfaces/install/seastar_interfaces/local/lib/python3.10/dist-packages/seastar_interfaces/msg/_sky_scan_offset.py'...
-- Installing: /home/seastar/seastar_ws/src/seastar_interfaces/install/seastar_interfaces/local/lib/python3.10/dist-packages/seastar_interfaces/seastar_interfaces_s__rosidl_typesupport_fastrtps_c.cpython-310-x86_64-linux-gnu.so
-- Set runtime path of "/home/seastar/seastar_ws/src/seastar_interfaces/install/seastar_interfaces/local/lib/python3.10/dist-packages/seastar_interfaces/seastar_interfaces_s__rosidl_typesupport_fastrtps_c.cpython-310-x86_64-linux-gnu.so" to ""
-- Installing: /home/seastar/seastar_ws/src/seastar_interfaces/install/seastar_interfaces/local/lib/python3.10/dist-packages/seastar_interfaces/seastar_interfaces_s__rosidl_typesupport_introspection_c.cpython-310-x86_64-linux-gnu.so
-- Set runtime path of "/home/seastar/seastar_ws/src/seastar_interfaces/install/seastar_interfaces/local/lib/python3.10/dist-packages/seastar_interfaces/seastar_interfaces_s__rosidl_typesupport_introspection_c.cpython-310-x86_64-linux-gnu.so" to ""
-- Installing: /home/seastar/seastar_ws/src/seastar_interfaces/install/seastar_interfaces/local/lib/python3.10/dist-packages/seastar_interfaces/seastar_interfaces_s__rosidl_typesupport_c.cpython-310-x86_64-linux-gnu.so
-- Set runtime path of "/home/seastar/seastar_ws/src/seastar_interfaces/install/seastar_interfaces/local/lib/python3.10/dist-packages/seastar_interfaces/seastar_interfaces_s__rosidl_typesupport_c.cpython-310-x86_64-linux-gnu.so" to ""
-- Installing: /home/seastar/seastar_ws/src/seastar_interfaces/install/seastar_interfaces/lib/libseastar_interfaces__rosidl_generator_py.so
-- Set runtime path of "/home/seastar/seastar_ws/src/seastar_interfaces/install/seastar_interfaces/lib/libseastar_interfaces__rosidl_generator_py.so" to ""
-- Installing: /home/seastar/seastar_ws/src/seastar_interfaces/install/seastar_interfaces/share/seastar_interfaces/msg/SkyEphemeris.idl
-- Installing: /home/seastar/seastar_ws/src/seastar_interfaces/install/seastar_interfaces/share/seastar_interfaces/msg/SkyScanOffset.idl
-- Installing: /home/seastar/seastar_ws/src/seastar_interfaces/install/seastar_interfaces/share/seastar_interfaces/msg/SkyEphemeris.msg
-- Installing: /home/seastar/seastar_ws/src/seastar_interfaces/install/seastar_interfaces/share/seastar_interfaces/msg/SkyScanOffset.msg
-- Installing: /home/seastar/seastar_ws/src/seastar_interfaces/install/seastar_interfaces/share/ament_index/resource_index/package_run_dependencies/seastar_interfaces
-- Installing: /home/seastar/seastar_ws/src/seastar_interfaces/install/seastar_interfaces/share/ament_index/resource_index/parent_prefix_path/seastar_interfaces
-- Installing: /home/seastar/seastar_ws/src/seastar_interfaces/install/seastar_interfaces/share/seastar_interfaces/environment/ament_prefix_path.sh
-- Installing: /home/seastar/seastar_ws/src/seastar_interfaces/install/seastar_interfaces/share/seastar_interfaces/environment/ament_prefix_path.dsv
-- Installing: /home/seastar/seastar_ws/src/seastar_interfaces/install/seastar_interfaces/share/seastar_interfaces/environment/path.sh
-- Installing: /home/seastar/seastar_ws/src/seastar_interfaces/install/seastar_interfaces/share/seastar_interfaces/environment/path.dsv
-- Installing: /home/seastar/seastar_ws/src/seastar_interfaces/install/seastar_interfaces/share/seastar_interfaces/local_setup.bash
-- Installing: /home/seastar/seastar_ws/src/seastar_interfaces/install/seastar_interfaces/share/seastar_interfaces/local_setup.sh
-- Installing: /home/seastar/seastar_ws/src/seastar_interfaces/install/seastar_interfaces/share/seastar_interfaces/local_setup.zsh
-- Installing: /home/seastar/seastar_ws/src/seastar_interfaces/install/seastar_interfaces/share/seastar_interfaces/local_setup.dsv
-- Installing: /home/seastar/seastar_ws/src/seastar_interfaces/install/seastar_interfaces/share/seastar_interfaces/package.dsv
-- Installing: /home/seastar/seastar_ws/src/seastar_interfaces/install/seastar_interfaces/share/ament_index/resource_index/packages/seastar_interfaces
-- Installing: /home/seastar/seastar_ws/src/seastar_interfaces/install/seastar_interfaces/share/seastar_interfaces/cmake/export_seastar_interfaces__rosidl_generator_cExport.cmake
-- Installing: /home/seastar/seastar_ws/src/seastar_interfaces/install/seastar_interfaces/share/seastar_interfaces/cmake/export_seastar_interfaces__rosidl_generator_cExport-noconfig.cmake
-- Installing: /home/seastar/seastar_ws/src/seastar_interfaces/install/seastar_interfaces/share/seastar_interfaces/cmake/export_seastar_interfaces__rosidl_typesupport_fastrtps_cExport.cmake
-- Installing: /home/seastar/seastar_ws/src/seastar_interfaces/install/seastar_interfaces/share/seastar_interfaces/cmake/export_seastar_interfaces__rosidl_typesupport_fastrtps_cExport-noconfig.cmake
-- Installing: /home/seastar/seastar_ws/src/seastar_interfaces/install/seastar_interfaces/share/seastar_interfaces/cmake/seastar_interfaces__rosidl_typesupport_introspection_cExport.cmake
-- Installing: /home/seastar/seastar_ws/src/seastar_interfaces/install/seastar_interfaces/share/seastar_interfaces/cmake/seastar_interfaces__rosidl_typesupport_introspection_cExport-noconfig.cmake
-- Installing: /home/seastar/seastar_ws/src/seastar_interfaces/install/seastar_interfaces/share/seastar_interfaces/cmake/seastar_interfaces__rosidl_typesupport_cExport.cmake
-- Installing: /home/seastar/seastar_ws/src/seastar_interfaces/install/seastar_interfaces/share/seastar_interfaces/cmake/seastar_interfaces__rosidl_typesupport_cExport-noconfig.cmake
-- Installing: /home/seastar/seastar_ws/src/seastar_interfaces/install/seastar_interfaces/share/seastar_interfaces/cmake/export_seastar_interfaces__rosidl_generator_cppExport.cmake
-- Installing: /home/seastar/seastar_ws/src/seastar_interfaces/install/seastar_interfaces/share/seastar_interfaces/cmake/export_seastar_interfaces__rosidl_typesupport_fastrtps_cppExport.cmake
-- Installing: /home/seastar/seastar_ws/src/seastar_interfaces/install/seastar_interfaces/share/seastar_interfaces/cmake/export_seastar_interfaces__rosidl_typesupport_fastrtps_cppExport-noconfig.cmake
-- Installing: /home/seastar/seastar_ws/src/seastar_interfaces/install/seastar_interfaces/share/seastar_interfaces/cmake/seastar_interfaces__rosidl_typesupport_introspection_cppExport.cmake
-- Installing: /home/seastar/seastar_ws/src/seastar_interfaces/install/seastar_interfaces/share/seastar_interfaces/cmake/seastar_interfaces__rosidl_typesupport_introspection_cppExport-noconfig.cmake
-- Installing: /home/seastar/seastar_ws/src/seastar_interfaces/install/seastar_interfaces/share/seastar_interfaces/cmake/seastar_interfaces__rosidl_typesupport_cppExport.cmake
-- Installing: /home/seastar/seastar_ws/src/seastar_interfaces/install/seastar_interfaces/share/seastar_interfaces/cmake/seastar_interfaces__rosidl_typesupport_cppExport-noconfig.cmake
-- Installing: /home/seastar/seastar_ws/src/seastar_interfaces/install/seastar_interfaces/share/seastar_interfaces/cmake/export_seastar_interfaces__rosidl_generator_pyExport.cmake
-- Installing: /home/seastar/seastar_ws/src/seastar_interfaces/install/seastar_interfaces/share/seastar_interfaces/cmake/export_seastar_interfaces__rosidl_generator_pyExport-noconfig.cmake
-- Installing: /home/seastar/seastar_ws/src/seastar_interfaces/install/seastar_interfaces/share/seastar_interfaces/cmake/rosidl_cmake-extras.cmake
-- Installing: /home/seastar/seastar_ws/src/seastar_interfaces/install/seastar_interfaces/share/seastar_interfaces/cmake/ament_cmake_export_include_directories-extras.cmake
-- Installing: /home/seastar/seastar_ws/src/seastar_interfaces/install/seastar_interfaces/share/seastar_interfaces/cmake/ament_cmake_export_libraries-extras.cmake
-- Installing: /home/seastar/seastar_ws/src/seastar_interfaces/install/seastar_interfaces/share/seastar_interfaces/cmake/ament_cmake_export_targets-extras.cmake
-- Installing: /home/seastar/seastar_ws/src/seastar_interfaces/install/seastar_interfaces/share/seastar_interfaces/cmake/rosidl_cmake_export_typesupport_targets-extras.cmake
-- Installing: /home/seastar/seastar_ws/src/seastar_interfaces/install/seastar_interfaces/share/seastar_interfaces/cmake/ament_cmake_export_dependencies-extras.cmake
-- Installing: /home/seastar/seastar_ws/src/seastar_interfaces/install/seastar_interfaces/share/seastar_interfaces/cmake/rosidl_cmake_export_typesupport_libraries-extras.cmake
-- Installing: /home/seastar/seastar_ws/src/seastar_interfaces/install/seastar_interfaces/share/seastar_interfaces/cmake/seastar_interfacesConfig.cmake
-- Installing: /home/seastar/seastar_ws/src/seastar_interfaces/install/seastar_interfaces/share/seastar_interfaces/cmake/seastar_interfacesConfig-version.cmake
-- Installing: /home/seastar/seastar_ws/src/seastar_interfaces/install/seastar_interfaces/share/seastar_interfaces/package.xml
