[0.015s] Invoking command in '/home/seastar/seastar_ws/src/seastar_interfaces/build/seastar_interfaces': CMAKE_PREFIX_PATH=${CMAKE_PREFIX_PATH}:/home/seastar/seastar_ws/install/solar_ephemeris:/home/seastar/seastar_ws/install/skyscan_offset:/opt/ros/humble /usr/bin/cmake --build /home/seastar/seastar_ws/src/seastar_interfaces/build/seastar_interfaces -- -j4 -l4
[0.037s] -- Found ament_cmake: 1.3.3 (/opt/ros/humble/share/ament_cmake/cmake)
[0.181s] -- Found rosidl_default_generators: 1.2.0 (/opt/ros/humble/share/rosidl_default_generators/cmake)
[0.183s] -- Using all available rosidl_typesupport_c: rosidl_typesupport_fastrtps_c;rosidl_typesupport_introspection_c
[0.185s] -- Found rosidl_adapter: 3.1.4 (/opt/ros/humble/share/rosidl_adapter/cmake)
[0.215s] -- Using all available rosidl_typesupport_cpp: rosidl_typesupport_fastrtps_cpp;rosidl_typesupport_introspection_cpp
[0.244s] -- Found ament_lint_auto: 0.12.5 (/opt/ros/humble/share/ament_lint_auto/cmake)
[0.496s] -- Found ament_cmake_ros: 0.10.0 (/opt/ros/humble/share/ament_cmake_ros/cmake)
[0.679s] -- Using all available rosidl_typesupport_c: rosidl_typesupport_fastrtps_c;rosidl_typesupport_introspection_c
[0.924s] -- Using all available rosidl_typesupport_cpp: rosidl_typesupport_fastrtps_cpp;rosidl_typesupport_introspection_cpp
[0.948s] -- Found python_cmake_module: 0.10.0 (/opt/ros/humble/share/python_cmake_module/cmake)
[0.971s] -- Using PYTHON_EXECUTABLE: /usr/bin/python3
[0.971s] -- Using PYTHON_INCLUDE_DIRS: /usr/include/python3.10
[0.971s] -- Using PYTHON_LIBRARIES: /usr/lib/x86_64-linux-gnu/libpython3.10.so
[1.004s] -- Added test 'cppcheck' to perform static code analysis on C / C++ code
[1.005s] -- Configured cppcheck include dirs: $<BUILD_INTERFACE:/home/seastar/seastar_ws/src/seastar_interfaces/build/seastar_interfaces/rosidl_generator_c>;$<BUILD_INTERFACE:/home/seastar/seastar_ws/src/seastar_interfaces/build/seastar_interfaces/rosidl_typesupport_fastrtps_c>;$<BUILD_INTERFACE:/home/seastar/seastar_ws/src/seastar_interfaces/build/seastar_interfaces/rosidl_typesupport_introspection_c>;$<BUILD_INTERFACE:/home/seastar/seastar_ws/src/seastar_interfaces/build/seastar_interfaces/rosidl_generator_cpp>;$<BUILD_INTERFACE:/home/seastar/seastar_ws/src/seastar_interfaces/build/seastar_interfaces/rosidl_typesupport_fastrtps_cpp>;$<BUILD_INTERFACE:/home/seastar/seastar_ws/src/seastar_interfaces/build/seastar_interfaces/rosidl_typesupport_introspection_cpp>;/home/seastar/seastar_ws/src/seastar_interfaces/build/seastar_interfaces/rosidl_generator_c;/home/seastar/seastar_ws/src/seastar_interfaces/build/seastar_interfaces/rosidl_generator_py
[1.005s] -- Configured cppcheck exclude dirs and/or files: 
[1.008s] -- Added test 'flake8' to check Python code syntax and style conventions
[1.013s] -- Added test 'lint_cmake' to check CMake code style
[1.016s] -- Added test 'pep257' to check Python code against some of the docstring style conventions in PEP 257
[1.038s] -- Added test 'uncrustify' to check C / C++ code style
[1.038s] -- Configured uncrustify additional arguments: 
[1.041s] -- Added test 'xmllint' to check XML markup files
[1.044s] -- Configuring done
[1.073s] -- Generating done
[1.077s] -- Build files have been written to: /home/seastar/seastar_ws/src/seastar_interfaces/build/seastar_interfaces
[1.103s] [  2%] [34m[1mGenerating C code for ROS interfaces[0m
[1.114s] [  5%] [34m[1mGenerating C++ code for ROS interfaces[0m
[1.121s] [  5%] Built target ament_cmake_python_copy_seastar_interfaces
[1.502s] [  5%] Built target seastar_interfaces__cpp
[1.515s] [ 10%] [34m[1mGenerating C++ type support for eProsima Fast-RTPS[0m
[1.515s] [ 10%] [34m[1mGenerating C++ introspection for ROS interfaces[0m
[1.596s] running egg_info
[1.598s] writing seastar_interfaces.egg-info/PKG-INFO
[1.598s] writing dependency_links to seastar_interfaces.egg-info/dependency_links.txt
[1.598s] writing top-level names to seastar_interfaces.egg-info/top_level.txt
[1.603s] reading manifest file 'seastar_interfaces.egg-info/SOURCES.txt'
[1.604s] writing manifest file 'seastar_interfaces.egg-info/SOURCES.txt'
[1.664s] [ 10%] Built target ament_cmake_python_build_seastar_interfaces_egg
[1.676s] [ 12%] [34m[1mGenerating C++ type support dispatch for ROS interfaces[0m
[1.708s] [35m[1mConsolidate compiler generated dependencies of target seastar_interfaces__rosidl_generator_c[0m
[1.723s] [ 15%] [32mBuilding C object CMakeFiles/seastar_interfaces__rosidl_generator_c.dir/rosidl_generator_c/seastar_interfaces/msg/detail/sky_ephemeris__functions.c.o[0m
[1.799s] [ 17%] [32mBuilding C object CMakeFiles/seastar_interfaces__rosidl_generator_c.dir/rosidl_generator_c/seastar_interfaces/msg/detail/sky_scan_offset__functions.c.o[0m
[1.870s] [ 20%] [32m[1mLinking C shared library libseastar_interfaces__rosidl_generator_c.so[0m
[1.927s] [ 20%] Built target seastar_interfaces__rosidl_generator_c
[1.944s] [ 23%] [34m[1mGenerating C type support for eProsima Fast-RTPS[0m
[2.020s] [35m[1mConsolidate compiler generated dependencies of target seastar_interfaces__rosidl_typesupport_introspection_cpp[0m
[2.040s] [ 25%] [32mBuilding CXX object CMakeFiles/seastar_interfaces__rosidl_typesupport_introspection_cpp.dir/rosidl_typesupport_introspection_cpp/seastar_interfaces/msg/detail/sky_ephemeris__type_support.cpp.o[0m
[2.070s] [35m[1mConsolidate compiler generated dependencies of target seastar_interfaces__rosidl_typesupport_fastrtps_cpp[0m
[2.089s] [ 28%] [32mBuilding CXX object CMakeFiles/seastar_interfaces__rosidl_typesupport_fastrtps_cpp.dir/rosidl_typesupport_fastrtps_cpp/seastar_interfaces/msg/detail/dds_fastrtps/sky_ephemeris__type_support.cpp.o[0m
[2.110s] [35m[1mConsolidate compiler generated dependencies of target seastar_interfaces__rosidl_typesupport_cpp[0m
[2.127s] [ 30%] [32mBuilding CXX object CMakeFiles/seastar_interfaces__rosidl_typesupport_cpp.dir/rosidl_typesupport_cpp/seastar_interfaces/msg/sky_ephemeris__type_support.cpp.o[0m
[2.528s] [ 33%] [32mBuilding CXX object CMakeFiles/seastar_interfaces__rosidl_typesupport_fastrtps_c.dir/rosidl_typesupport_fastrtps_c/seastar_interfaces/msg/detail/sky_ephemeris__type_support_c.cpp.o[0m
[2.581s] [ 35%] [32mBuilding CXX object CMakeFiles/seastar_interfaces__rosidl_typesupport_cpp.dir/rosidl_typesupport_cpp/seastar_interfaces/msg/sky_scan_offset__type_support.cpp.o[0m
[2.663s] [ 38%] [32mBuilding CXX object CMakeFiles/seastar_interfaces__rosidl_typesupport_introspection_cpp.dir/rosidl_typesupport_introspection_cpp/seastar_interfaces/msg/detail/sky_scan_offset__type_support.cpp.o[0m
[2.755s] [ 41%] [32mBuilding CXX object CMakeFiles/seastar_interfaces__rosidl_typesupport_fastrtps_cpp.dir/rosidl_typesupport_fastrtps_cpp/seastar_interfaces/msg/detail/dds_fastrtps/sky_scan_offset__type_support.cpp.o[0m
[3.026s] [ 43%] [32m[1mLinking CXX shared library libseastar_interfaces__rosidl_typesupport_cpp.so[0m
[3.091s] [ 43%] Built target seastar_interfaces__rosidl_typesupport_cpp
[3.105s] [ 46%] [34m[1mGenerating C introspection for ROS interfaces[0m
[3.110s] [ 48%] [32mBuilding CXX object CMakeFiles/seastar_interfaces__rosidl_typesupport_fastrtps_c.dir/rosidl_typesupport_fastrtps_c/seastar_interfaces/msg/detail/sky_scan_offset__type_support_c.cpp.o[0m
[3.286s] [ 51%] [32m[1mLinking CXX shared library libseastar_interfaces__rosidl_typesupport_introspection_cpp.so[0m
[3.352s] [ 51%] Built target seastar_interfaces__rosidl_typesupport_introspection_cpp
[3.366s] [ 53%] [34m[1mGenerating C type support dispatch for ROS interfaces[0m
[3.412s] [ 56%] [32m[1mLinking CXX shared library libseastar_interfaces__rosidl_typesupport_fastrtps_cpp.so[0m
[3.557s] [ 56%] Built target seastar_interfaces__rosidl_typesupport_fastrtps_cpp
[3.652s] [ 61%] [32mBuilding C object CMakeFiles/seastar_interfaces__rosidl_typesupport_introspection_c.dir/rosidl_typesupport_introspection_c/seastar_interfaces/msg/detail/sky_scan_offset__type_support.c.o[0m
[3.652s] [ 61%] [32mBuilding C object CMakeFiles/seastar_interfaces__rosidl_typesupport_introspection_c.dir/rosidl_typesupport_introspection_c/seastar_interfaces/msg/detail/sky_ephemeris__type_support.c.o[0m
[3.685s] [ 64%] [32m[1mLinking CXX shared library libseastar_interfaces__rosidl_typesupport_fastrtps_c.so[0m
[3.704s] [ 66%] [32m[1mLinking C shared library libseastar_interfaces__rosidl_typesupport_introspection_c.so[0m
[3.750s] [ 66%] Built target seastar_interfaces__rosidl_typesupport_introspection_c
[3.750s] [ 71%] [32mBuilding CXX object CMakeFiles/seastar_interfaces__rosidl_typesupport_c.dir/rosidl_typesupport_c/seastar_interfaces/msg/sky_scan_offset__type_support.cpp.o[0m
[3.750s] [ 71%] [32mBuilding CXX object CMakeFiles/seastar_interfaces__rosidl_typesupport_c.dir/rosidl_typesupport_c/seastar_interfaces/msg/sky_ephemeris__type_support.cpp.o[0m
[3.785s] [ 74%] [32m[1mLinking CXX shared library libseastar_interfaces__rosidl_typesupport_c.so[0m
[3.804s] [ 74%] Built target seastar_interfaces__rosidl_typesupport_fastrtps_c
[3.822s] [ 74%] Built target seastar_interfaces__rosidl_typesupport_c
[3.840s] [ 74%] Built target seastar_interfaces
[3.857s] [ 76%] [34m[1mGenerating Python code for ROS interfaces[0m
[4.222s] [ 76%] Built target seastar_interfaces__py
[4.241s] [ 79%] [32mBuilding C object CMakeFiles/seastar_interfaces__rosidl_generator_py.dir/rosidl_generator_py/seastar_interfaces/msg/_sky_scan_offset_s.c.o[0m
[4.241s] [ 82%] [32mBuilding C object CMakeFiles/seastar_interfaces__rosidl_generator_py.dir/rosidl_generator_py/seastar_interfaces/msg/_sky_ephemeris_s.c.o[0m
[4.404s] [ 84%] [32m[1mLinking C shared library rosidl_generator_py/seastar_interfaces/libseastar_interfaces__rosidl_generator_py.so[0m
[4.445s] [ 84%] Built target seastar_interfaces__rosidl_generator_py
[4.466s] [ 87%] [32mBuilding C object CMakeFiles/seastar_interfaces__rosidl_typesupport_introspection_c__pyext.dir/rosidl_generator_py/seastar_interfaces/_seastar_interfaces_s.ep.rosidl_typesupport_introspection_c.c.o[0m
[4.467s] [ 89%] [32mBuilding C object CMakeFiles/seastar_interfaces__rosidl_typesupport_fastrtps_c__pyext.dir/rosidl_generator_py/seastar_interfaces/_seastar_interfaces_s.ep.rosidl_typesupport_fastrtps_c.c.o[0m
[4.470s] [ 92%] [32mBuilding C object CMakeFiles/seastar_interfaces__rosidl_typesupport_c__pyext.dir/rosidl_generator_py/seastar_interfaces/_seastar_interfaces_s.ep.rosidl_typesupport_c.c.o[0m
[4.588s] [ 94%] [32m[1mLinking C shared library rosidl_generator_py/seastar_interfaces/seastar_interfaces_s__rosidl_typesupport_c.cpython-310-x86_64-linux-gnu.so[0m
[4.621s] [ 97%] [32m[1mLinking C shared library rosidl_generator_py/seastar_interfaces/seastar_interfaces_s__rosidl_typesupport_fastrtps_c.cpython-310-x86_64-linux-gnu.so[0m
[4.622s] [100%] [32m[1mLinking C shared library rosidl_generator_py/seastar_interfaces/seastar_interfaces_s__rosidl_typesupport_introspection_c.cpython-310-x86_64-linux-gnu.so[0m
[4.625s] [100%] Built target seastar_interfaces__rosidl_typesupport_c__pyext
[4.656s] [100%] Built target seastar_interfaces__rosidl_typesupport_introspection_c__pyext
[4.657s] [100%] Built target seastar_interfaces__rosidl_typesupport_fastrtps_c__pyext
[4.666s] Invoked command in '/home/seastar/seastar_ws/src/seastar_interfaces/build/seastar_interfaces' returned '0': CMAKE_PREFIX_PATH=${CMAKE_PREFIX_PATH}:/home/seastar/seastar_ws/install/solar_ephemeris:/home/seastar/seastar_ws/install/skyscan_offset:/opt/ros/humble /usr/bin/cmake --build /home/seastar/seastar_ws/src/seastar_interfaces/build/seastar_interfaces -- -j4 -l4
[4.730s] Invoking command in '/home/seastar/seastar_ws/src/seastar_interfaces/build/seastar_interfaces': CMAKE_PREFIX_PATH=${CMAKE_PREFIX_PATH}:/home/seastar/seastar_ws/install/solar_ephemeris:/home/seastar/seastar_ws/install/skyscan_offset:/opt/ros/humble /usr/bin/cmake --install /home/seastar/seastar_ws/src/seastar_interfaces/build/seastar_interfaces
[4.738s] -- Install configuration: ""
[4.738s] -- Installing: /home/seastar/seastar_ws/src/seastar_interfaces/install/seastar_interfaces/share/ament_index/resource_index/rosidl_interfaces/seastar_interfaces
[4.738s] -- Installing: /home/seastar/seastar_ws/src/seastar_interfaces/install/seastar_interfaces/include/seastar_interfaces/seastar_interfaces
[4.738s] -- Installing: /home/seastar/seastar_ws/src/seastar_interfaces/install/seastar_interfaces/include/seastar_interfaces/seastar_interfaces/msg
[4.738s] -- Installing: /home/seastar/seastar_ws/src/seastar_interfaces/install/seastar_interfaces/include/seastar_interfaces/seastar_interfaces/msg/sky_ephemeris.h
[4.738s] -- Installing: /home/seastar/seastar_ws/src/seastar_interfaces/install/seastar_interfaces/include/seastar_interfaces/seastar_interfaces/msg/detail
[4.738s] -- Installing: /home/seastar/seastar_ws/src/seastar_interfaces/install/seastar_interfaces/include/seastar_interfaces/seastar_interfaces/msg/detail/sky_scan_offset__functions.h
[4.739s] -- Installing: /home/seastar/seastar_ws/src/seastar_interfaces/install/seastar_interfaces/include/seastar_interfaces/seastar_interfaces/msg/detail/sky_ephemeris__type_support.h
[4.739s] -- Installing: /home/seastar/seastar_ws/src/seastar_interfaces/install/seastar_interfaces/include/seastar_interfaces/seastar_interfaces/msg/detail/sky_scan_offset__type_support.h
[4.739s] -- Installing: /home/seastar/seastar_ws/src/seastar_interfaces/install/seastar_interfaces/include/seastar_interfaces/seastar_interfaces/msg/detail/sky_ephemeris__functions.h
[4.739s] -- Installing: /home/seastar/seastar_ws/src/seastar_interfaces/install/seastar_interfaces/include/seastar_interfaces/seastar_interfaces/msg/detail/sky_scan_offset__struct.h
[4.739s] -- Installing: /home/seastar/seastar_ws/src/seastar_interfaces/install/seastar_interfaces/include/seastar_interfaces/seastar_interfaces/msg/detail/sky_scan_offset__functions.c
[4.739s] -- Installing: /home/seastar/seastar_ws/src/seastar_interfaces/install/seastar_interfaces/include/seastar_interfaces/seastar_interfaces/msg/detail/sky_ephemeris__struct.h
[4.739s] -- Installing: /home/seastar/seastar_ws/src/seastar_interfaces/install/seastar_interfaces/include/seastar_interfaces/seastar_interfaces/msg/detail/sky_ephemeris__functions.c
[4.740s] -- Installing: /home/seastar/seastar_ws/src/seastar_interfaces/install/seastar_interfaces/include/seastar_interfaces/seastar_interfaces/msg/rosidl_generator_c__visibility_control.h
[4.740s] -- Installing: /home/seastar/seastar_ws/src/seastar_interfaces/install/seastar_interfaces/include/seastar_interfaces/seastar_interfaces/msg/sky_scan_offset.h
[4.740s] -- Installing: /home/seastar/seastar_ws/src/seastar_interfaces/install/seastar_interfaces/share/seastar_interfaces/environment/library_path.sh
[4.740s] -- Installing: /home/seastar/seastar_ws/src/seastar_interfaces/install/seastar_interfaces/share/seastar_interfaces/environment/library_path.dsv
[4.740s] -- Installing: /home/seastar/seastar_ws/src/seastar_interfaces/install/seastar_interfaces/lib/libseastar_interfaces__rosidl_generator_c.so
[4.741s] -- Set runtime path of "/home/seastar/seastar_ws/src/seastar_interfaces/install/seastar_interfaces/lib/libseastar_interfaces__rosidl_generator_c.so" to ""
[4.741s] -- Up-to-date: /home/seastar/seastar_ws/src/seastar_interfaces/install/seastar_interfaces/include/seastar_interfaces/seastar_interfaces
[4.741s] -- Up-to-date: /home/seastar/seastar_ws/src/seastar_interfaces/install/seastar_interfaces/include/seastar_interfaces/seastar_interfaces/msg
[4.741s] -- Installing: /home/seastar/seastar_ws/src/seastar_interfaces/install/seastar_interfaces/include/seastar_interfaces/seastar_interfaces/msg/rosidl_typesupport_fastrtps_c__visibility_control.h
[4.741s] -- Up-to-date: /home/seastar/seastar_ws/src/seastar_interfaces/install/seastar_interfaces/include/seastar_interfaces/seastar_interfaces/msg/detail
[4.741s] -- Installing: /home/seastar/seastar_ws/src/seastar_interfaces/install/seastar_interfaces/include/seastar_interfaces/seastar_interfaces/msg/detail/sky_scan_offset__rosidl_typesupport_fastrtps_c.h
[4.742s] -- Installing: /home/seastar/seastar_ws/src/seastar_interfaces/install/seastar_interfaces/include/seastar_interfaces/seastar_interfaces/msg/detail/sky_ephemeris__rosidl_typesupport_fastrtps_c.h
[4.742s] -- Installing: /home/seastar/seastar_ws/src/seastar_interfaces/install/seastar_interfaces/lib/libseastar_interfaces__rosidl_typesupport_fastrtps_c.so
[4.742s] -- Set runtime path of "/home/seastar/seastar_ws/src/seastar_interfaces/install/seastar_interfaces/lib/libseastar_interfaces__rosidl_typesupport_fastrtps_c.so" to ""
[4.742s] -- Up-to-date: /home/seastar/seastar_ws/src/seastar_interfaces/install/seastar_interfaces/include/seastar_interfaces/seastar_interfaces
[4.742s] -- Up-to-date: /home/seastar/seastar_ws/src/seastar_interfaces/install/seastar_interfaces/include/seastar_interfaces/seastar_interfaces/msg
[4.743s] -- Installing: /home/seastar/seastar_ws/src/seastar_interfaces/install/seastar_interfaces/include/seastar_interfaces/seastar_interfaces/msg/rosidl_typesupport_introspection_c__visibility_control.h
[4.743s] -- Up-to-date: /home/seastar/seastar_ws/src/seastar_interfaces/install/seastar_interfaces/include/seastar_interfaces/seastar_interfaces/msg/detail
[4.743s] -- Installing: /home/seastar/seastar_ws/src/seastar_interfaces/install/seastar_interfaces/include/seastar_interfaces/seastar_interfaces/msg/detail/sky_scan_offset__rosidl_typesupport_introspection_c.h
[4.743s] -- Installing: /home/seastar/seastar_ws/src/seastar_interfaces/install/seastar_interfaces/include/seastar_interfaces/seastar_interfaces/msg/detail/sky_ephemeris__rosidl_typesupport_introspection_c.h
[4.743s] -- Installing: /home/seastar/seastar_ws/src/seastar_interfaces/install/seastar_interfaces/include/seastar_interfaces/seastar_interfaces/msg/detail/sky_scan_offset__type_support.c
[4.743s] -- Installing: /home/seastar/seastar_ws/src/seastar_interfaces/install/seastar_interfaces/include/seastar_interfaces/seastar_interfaces/msg/detail/sky_ephemeris__type_support.c
[4.743s] -- Installing: /home/seastar/seastar_ws/src/seastar_interfaces/install/seastar_interfaces/lib/libseastar_interfaces__rosidl_typesupport_introspection_c.so
[4.744s] -- Set runtime path of "/home/seastar/seastar_ws/src/seastar_interfaces/install/seastar_interfaces/lib/libseastar_interfaces__rosidl_typesupport_introspection_c.so" to ""
[4.744s] -- Installing: /home/seastar/seastar_ws/src/seastar_interfaces/install/seastar_interfaces/lib/libseastar_interfaces__rosidl_typesupport_c.so
[4.744s] -- Set runtime path of "/home/seastar/seastar_ws/src/seastar_interfaces/install/seastar_interfaces/lib/libseastar_interfaces__rosidl_typesupport_c.so" to ""
[4.744s] -- Up-to-date: /home/seastar/seastar_ws/src/seastar_interfaces/install/seastar_interfaces/include/seastar_interfaces/seastar_interfaces
[4.744s] -- Up-to-date: /home/seastar/seastar_ws/src/seastar_interfaces/install/seastar_interfaces/include/seastar_interfaces/seastar_interfaces/msg
[4.745s] -- Installing: /home/seastar/seastar_ws/src/seastar_interfaces/install/seastar_interfaces/include/seastar_interfaces/seastar_interfaces/msg/sky_scan_offset.hpp
[4.745s] -- Up-to-date: /home/seastar/seastar_ws/src/seastar_interfaces/install/seastar_interfaces/include/seastar_interfaces/seastar_interfaces/msg/detail
[4.745s] -- Installing: /home/seastar/seastar_ws/src/seastar_interfaces/install/seastar_interfaces/include/seastar_interfaces/seastar_interfaces/msg/detail/sky_ephemeris__traits.hpp
[4.745s] -- Installing: /home/seastar/seastar_ws/src/seastar_interfaces/install/seastar_interfaces/include/seastar_interfaces/seastar_interfaces/msg/detail/sky_scan_offset__traits.hpp
[4.745s] -- Installing: /home/seastar/seastar_ws/src/seastar_interfaces/install/seastar_interfaces/include/seastar_interfaces/seastar_interfaces/msg/detail/sky_ephemeris__struct.hpp
[4.745s] -- Installing: /home/seastar/seastar_ws/src/seastar_interfaces/install/seastar_interfaces/include/seastar_interfaces/seastar_interfaces/msg/detail/sky_ephemeris__builder.hpp
[4.745s] -- Installing: /home/seastar/seastar_ws/src/seastar_interfaces/install/seastar_interfaces/include/seastar_interfaces/seastar_interfaces/msg/detail/sky_scan_offset__builder.hpp
[4.745s] -- Installing: /home/seastar/seastar_ws/src/seastar_interfaces/install/seastar_interfaces/include/seastar_interfaces/seastar_interfaces/msg/detail/sky_scan_offset__struct.hpp
[4.746s] -- Installing: /home/seastar/seastar_ws/src/seastar_interfaces/install/seastar_interfaces/include/seastar_interfaces/seastar_interfaces/msg/sky_ephemeris.hpp
[4.746s] -- Up-to-date: /home/seastar/seastar_ws/src/seastar_interfaces/install/seastar_interfaces/include/seastar_interfaces/seastar_interfaces
[4.746s] -- Up-to-date: /home/seastar/seastar_ws/src/seastar_interfaces/install/seastar_interfaces/include/seastar_interfaces/seastar_interfaces/msg
[4.746s] -- Up-to-date: /home/seastar/seastar_ws/src/seastar_interfaces/install/seastar_interfaces/include/seastar_interfaces/seastar_interfaces/msg/detail
[4.746s] -- Installing: /home/seastar/seastar_ws/src/seastar_interfaces/install/seastar_interfaces/include/seastar_interfaces/seastar_interfaces/msg/detail/dds_fastrtps
[4.746s] -- Installing: /home/seastar/seastar_ws/src/seastar_interfaces/install/seastar_interfaces/include/seastar_interfaces/seastar_interfaces/msg/detail/sky_ephemeris__rosidl_typesupport_fastrtps_cpp.hpp
[4.746s] -- Installing: /home/seastar/seastar_ws/src/seastar_interfaces/install/seastar_interfaces/include/seastar_interfaces/seastar_interfaces/msg/detail/sky_scan_offset__rosidl_typesupport_fastrtps_cpp.hpp
[4.746s] -- Installing: /home/seastar/seastar_ws/src/seastar_interfaces/install/seastar_interfaces/include/seastar_interfaces/seastar_interfaces/msg/rosidl_typesupport_fastrtps_cpp__visibility_control.h
[4.747s] -- Installing: /home/seastar/seastar_ws/src/seastar_interfaces/install/seastar_interfaces/lib/libseastar_interfaces__rosidl_typesupport_fastrtps_cpp.so
[4.747s] -- Set runtime path of "/home/seastar/seastar_ws/src/seastar_interfaces/install/seastar_interfaces/lib/libseastar_interfaces__rosidl_typesupport_fastrtps_cpp.so" to ""
[4.747s] -- Up-to-date: /home/seastar/seastar_ws/src/seastar_interfaces/install/seastar_interfaces/include/seastar_interfaces/seastar_interfaces
[4.747s] -- Up-to-date: /home/seastar/seastar_ws/src/seastar_interfaces/install/seastar_interfaces/include/seastar_interfaces/seastar_interfaces/msg
[4.747s] -- Up-to-date: /home/seastar/seastar_ws/src/seastar_interfaces/install/seastar_interfaces/include/seastar_interfaces/seastar_interfaces/msg/detail
[4.747s] -- Installing: /home/seastar/seastar_ws/src/seastar_interfaces/install/seastar_interfaces/include/seastar_interfaces/seastar_interfaces/msg/detail/sky_ephemeris__type_support.cpp
[4.747s] -- Installing: /home/seastar/seastar_ws/src/seastar_interfaces/install/seastar_interfaces/include/seastar_interfaces/seastar_interfaces/msg/detail/sky_ephemeris__rosidl_typesupport_introspection_cpp.hpp
[4.748s] -- Installing: /home/seastar/seastar_ws/src/seastar_interfaces/install/seastar_interfaces/include/seastar_interfaces/seastar_interfaces/msg/detail/sky_scan_offset__type_support.cpp
[4.748s] -- Installing: /home/seastar/seastar_ws/src/seastar_interfaces/install/seastar_interfaces/include/seastar_interfaces/seastar_interfaces/msg/detail/sky_scan_offset__rosidl_typesupport_introspection_cpp.hpp
[4.748s] -- Installing: /home/seastar/seastar_ws/src/seastar_interfaces/install/seastar_interfaces/lib/libseastar_interfaces__rosidl_typesupport_introspection_cpp.so
[4.748s] -- Set runtime path of "/home/seastar/seastar_ws/src/seastar_interfaces/install/seastar_interfaces/lib/libseastar_interfaces__rosidl_typesupport_introspection_cpp.so" to ""
[4.749s] -- Installing: /home/seastar/seastar_ws/src/seastar_interfaces/install/seastar_interfaces/lib/libseastar_interfaces__rosidl_typesupport_cpp.so
[4.749s] -- Set runtime path of "/home/seastar/seastar_ws/src/seastar_interfaces/install/seastar_interfaces/lib/libseastar_interfaces__rosidl_typesupport_cpp.so" to ""
[4.750s] -- Installing: /home/seastar/seastar_ws/src/seastar_interfaces/install/seastar_interfaces/share/seastar_interfaces/environment/pythonpath.sh
[4.750s] -- Installing: /home/seastar/seastar_ws/src/seastar_interfaces/install/seastar_interfaces/share/seastar_interfaces/environment/pythonpath.dsv
[4.750s] -- Installing: /home/seastar/seastar_ws/src/seastar_interfaces/install/seastar_interfaces/local/lib/python3.10/dist-packages/seastar_interfaces-0.0.0-py3.10.egg-info
[4.750s] -- Installing: /home/seastar/seastar_ws/src/seastar_interfaces/install/seastar_interfaces/local/lib/python3.10/dist-packages/seastar_interfaces-0.0.0-py3.10.egg-info/top_level.txt
[4.750s] -- Installing: /home/seastar/seastar_ws/src/seastar_interfaces/install/seastar_interfaces/local/lib/python3.10/dist-packages/seastar_interfaces-0.0.0-py3.10.egg-info/SOURCES.txt
[4.750s] -- Installing: /home/seastar/seastar_ws/src/seastar_interfaces/install/seastar_interfaces/local/lib/python3.10/dist-packages/seastar_interfaces-0.0.0-py3.10.egg-info/dependency_links.txt
[4.751s] -- Installing: /home/seastar/seastar_ws/src/seastar_interfaces/install/seastar_interfaces/local/lib/python3.10/dist-packages/seastar_interfaces-0.0.0-py3.10.egg-info/PKG-INFO
[4.751s] -- Installing: /home/seastar/seastar_ws/src/seastar_interfaces/install/seastar_interfaces/local/lib/python3.10/dist-packages/seastar_interfaces
[4.751s] -- Installing: /home/seastar/seastar_ws/src/seastar_interfaces/install/seastar_interfaces/local/lib/python3.10/dist-packages/seastar_interfaces/_seastar_interfaces_s.ep.rosidl_typesupport_introspection_c.c
[4.751s] -- Installing: /home/seastar/seastar_ws/src/seastar_interfaces/install/seastar_interfaces/local/lib/python3.10/dist-packages/seastar_interfaces/_seastar_interfaces_s.ep.rosidl_typesupport_c.c
[4.751s] -- Installing: /home/seastar/seastar_ws/src/seastar_interfaces/install/seastar_interfaces/local/lib/python3.10/dist-packages/seastar_interfaces/seastar_interfaces_s__rosidl_typesupport_fastrtps_c.cpython-310-x86_64-linux-gnu.so
[4.753s] -- Installing: /home/seastar/seastar_ws/src/seastar_interfaces/install/seastar_interfaces/local/lib/python3.10/dist-packages/seastar_interfaces/__init__.py
[4.753s] -- Installing: /home/seastar/seastar_ws/src/seastar_interfaces/install/seastar_interfaces/local/lib/python3.10/dist-packages/seastar_interfaces/seastar_interfaces_s__rosidl_typesupport_introspection_c.cpython-310-x86_64-linux-gnu.so
[4.753s] -- Installing: /home/seastar/seastar_ws/src/seastar_interfaces/install/seastar_interfaces/local/lib/python3.10/dist-packages/seastar_interfaces/seastar_interfaces_s__rosidl_typesupport_c.cpython-310-x86_64-linux-gnu.so
[4.753s] -- Installing: /home/seastar/seastar_ws/src/seastar_interfaces/install/seastar_interfaces/local/lib/python3.10/dist-packages/seastar_interfaces/_seastar_interfaces_s.ep.rosidl_typesupport_fastrtps_c.c
[4.753s] -- Installing: /home/seastar/seastar_ws/src/seastar_interfaces/install/seastar_interfaces/local/lib/python3.10/dist-packages/seastar_interfaces/libseastar_interfaces__rosidl_generator_py.so
[4.753s] -- Installing: /home/seastar/seastar_ws/src/seastar_interfaces/install/seastar_interfaces/local/lib/python3.10/dist-packages/seastar_interfaces/msg
[4.753s] -- Installing: /home/seastar/seastar_ws/src/seastar_interfaces/install/seastar_interfaces/local/lib/python3.10/dist-packages/seastar_interfaces/msg/_sky_scan_offset.py
[4.753s] -- Installing: /home/seastar/seastar_ws/src/seastar_interfaces/install/seastar_interfaces/local/lib/python3.10/dist-packages/seastar_interfaces/msg/_sky_ephemeris_s.c
[4.753s] -- Installing: /home/seastar/seastar_ws/src/seastar_interfaces/install/seastar_interfaces/local/lib/python3.10/dist-packages/seastar_interfaces/msg/__init__.py
[4.753s] -- Installing: /home/seastar/seastar_ws/src/seastar_interfaces/install/seastar_interfaces/local/lib/python3.10/dist-packages/seastar_interfaces/msg/_sky_scan_offset_s.c
[4.754s] -- Installing: /home/seastar/seastar_ws/src/seastar_interfaces/install/seastar_interfaces/local/lib/python3.10/dist-packages/seastar_interfaces/msg/_sky_ephemeris.py
[4.787s] Listing '/home/seastar/seastar_ws/src/seastar_interfaces/install/seastar_interfaces/local/lib/python3.10/dist-packages/seastar_interfaces'...
[4.787s] Compiling '/home/seastar/seastar_ws/src/seastar_interfaces/install/seastar_interfaces/local/lib/python3.10/dist-packages/seastar_interfaces/__init__.py'...
[4.787s] Listing '/home/seastar/seastar_ws/src/seastar_interfaces/install/seastar_interfaces/local/lib/python3.10/dist-packages/seastar_interfaces/msg'...
[4.787s] Compiling '/home/seastar/seastar_ws/src/seastar_interfaces/install/seastar_interfaces/local/lib/python3.10/dist-packages/seastar_interfaces/msg/__init__.py'...
[4.787s] Compiling '/home/seastar/seastar_ws/src/seastar_interfaces/install/seastar_interfaces/local/lib/python3.10/dist-packages/seastar_interfaces/msg/_sky_ephemeris.py'...
[4.787s] Compiling '/home/seastar/seastar_ws/src/seastar_interfaces/install/seastar_interfaces/local/lib/python3.10/dist-packages/seastar_interfaces/msg/_sky_scan_offset.py'...
[4.792s] -- Installing: /home/seastar/seastar_ws/src/seastar_interfaces/install/seastar_interfaces/local/lib/python3.10/dist-packages/seastar_interfaces/seastar_interfaces_s__rosidl_typesupport_fastrtps_c.cpython-310-x86_64-linux-gnu.so
[4.793s] -- Set runtime path of "/home/seastar/seastar_ws/src/seastar_interfaces/install/seastar_interfaces/local/lib/python3.10/dist-packages/seastar_interfaces/seastar_interfaces_s__rosidl_typesupport_fastrtps_c.cpython-310-x86_64-linux-gnu.so" to ""
[4.793s] -- Installing: /home/seastar/seastar_ws/src/seastar_interfaces/install/seastar_interfaces/local/lib/python3.10/dist-packages/seastar_interfaces/seastar_interfaces_s__rosidl_typesupport_introspection_c.cpython-310-x86_64-linux-gnu.so
[4.793s] -- Set runtime path of "/home/seastar/seastar_ws/src/seastar_interfaces/install/seastar_interfaces/local/lib/python3.10/dist-packages/seastar_interfaces/seastar_interfaces_s__rosidl_typesupport_introspection_c.cpython-310-x86_64-linux-gnu.so" to ""
[4.793s] -- Installing: /home/seastar/seastar_ws/src/seastar_interfaces/install/seastar_interfaces/local/lib/python3.10/dist-packages/seastar_interfaces/seastar_interfaces_s__rosidl_typesupport_c.cpython-310-x86_64-linux-gnu.so
[4.794s] -- Set runtime path of "/home/seastar/seastar_ws/src/seastar_interfaces/install/seastar_interfaces/local/lib/python3.10/dist-packages/seastar_interfaces/seastar_interfaces_s__rosidl_typesupport_c.cpython-310-x86_64-linux-gnu.so" to ""
[4.794s] -- Installing: /home/seastar/seastar_ws/src/seastar_interfaces/install/seastar_interfaces/lib/libseastar_interfaces__rosidl_generator_py.so
[4.794s] -- Set runtime path of "/home/seastar/seastar_ws/src/seastar_interfaces/install/seastar_interfaces/lib/libseastar_interfaces__rosidl_generator_py.so" to ""
[4.794s] -- Installing: /home/seastar/seastar_ws/src/seastar_interfaces/install/seastar_interfaces/share/seastar_interfaces/msg/SkyEphemeris.idl
[4.795s] -- Installing: /home/seastar/seastar_ws/src/seastar_interfaces/install/seastar_interfaces/share/seastar_interfaces/msg/SkyScanOffset.idl
[4.795s] -- Installing: /home/seastar/seastar_ws/src/seastar_interfaces/install/seastar_interfaces/share/seastar_interfaces/msg/SkyEphemeris.msg
[4.795s] -- Installing: /home/seastar/seastar_ws/src/seastar_interfaces/install/seastar_interfaces/share/seastar_interfaces/msg/SkyScanOffset.msg
[4.795s] -- Installing: /home/seastar/seastar_ws/src/seastar_interfaces/install/seastar_interfaces/share/ament_index/resource_index/package_run_dependencies/seastar_interfaces
[4.795s] -- Installing: /home/seastar/seastar_ws/src/seastar_interfaces/install/seastar_interfaces/share/ament_index/resource_index/parent_prefix_path/seastar_interfaces
[4.795s] -- Installing: /home/seastar/seastar_ws/src/seastar_interfaces/install/seastar_interfaces/share/seastar_interfaces/environment/ament_prefix_path.sh
[4.796s] -- Installing: /home/seastar/seastar_ws/src/seastar_interfaces/install/seastar_interfaces/share/seastar_interfaces/environment/ament_prefix_path.dsv
[4.796s] -- Installing: /home/seastar/seastar_ws/src/seastar_interfaces/install/seastar_interfaces/share/seastar_interfaces/environment/path.sh
[4.796s] -- Installing: /home/seastar/seastar_ws/src/seastar_interfaces/install/seastar_interfaces/share/seastar_interfaces/environment/path.dsv
[4.796s] -- Installing: /home/seastar/seastar_ws/src/seastar_interfaces/install/seastar_interfaces/share/seastar_interfaces/local_setup.bash
[4.796s] -- Installing: /home/seastar/seastar_ws/src/seastar_interfaces/install/seastar_interfaces/share/seastar_interfaces/local_setup.sh
[4.796s] -- Installing: /home/seastar/seastar_ws/src/seastar_interfaces/install/seastar_interfaces/share/seastar_interfaces/local_setup.zsh
[4.796s] -- Installing: /home/seastar/seastar_ws/src/seastar_interfaces/install/seastar_interfaces/share/seastar_interfaces/local_setup.dsv
[4.796s] -- Installing: /home/seastar/seastar_ws/src/seastar_interfaces/install/seastar_interfaces/share/seastar_interfaces/package.dsv
[4.797s] -- Installing: /home/seastar/seastar_ws/src/seastar_interfaces/install/seastar_interfaces/share/ament_index/resource_index/packages/seastar_interfaces
[4.797s] -- Installing: /home/seastar/seastar_ws/src/seastar_interfaces/install/seastar_interfaces/share/seastar_interfaces/cmake/export_seastar_interfaces__rosidl_generator_cExport.cmake
[4.797s] -- Installing: /home/seastar/seastar_ws/src/seastar_interfaces/install/seastar_interfaces/share/seastar_interfaces/cmake/export_seastar_interfaces__rosidl_generator_cExport-noconfig.cmake
[4.797s] -- Installing: /home/seastar/seastar_ws/src/seastar_interfaces/install/seastar_interfaces/share/seastar_interfaces/cmake/export_seastar_interfaces__rosidl_typesupport_fastrtps_cExport.cmake
[4.797s] -- Installing: /home/seastar/seastar_ws/src/seastar_interfaces/install/seastar_interfaces/share/seastar_interfaces/cmake/export_seastar_interfaces__rosidl_typesupport_fastrtps_cExport-noconfig.cmake
[4.797s] -- Installing: /home/seastar/seastar_ws/src/seastar_interfaces/install/seastar_interfaces/share/seastar_interfaces/cmake/seastar_interfaces__rosidl_typesupport_introspection_cExport.cmake
[4.797s] -- Installing: /home/seastar/seastar_ws/src/seastar_interfaces/install/seastar_interfaces/share/seastar_interfaces/cmake/seastar_interfaces__rosidl_typesupport_introspection_cExport-noconfig.cmake
[4.797s] -- Installing: /home/seastar/seastar_ws/src/seastar_interfaces/install/seastar_interfaces/share/seastar_interfaces/cmake/seastar_interfaces__rosidl_typesupport_cExport.cmake
[4.798s] -- Installing: /home/seastar/seastar_ws/src/seastar_interfaces/install/seastar_interfaces/share/seastar_interfaces/cmake/seastar_interfaces__rosidl_typesupport_cExport-noconfig.cmake
[4.798s] -- Installing: /home/seastar/seastar_ws/src/seastar_interfaces/install/seastar_interfaces/share/seastar_interfaces/cmake/export_seastar_interfaces__rosidl_generator_cppExport.cmake
[4.798s] -- Installing: /home/seastar/seastar_ws/src/seastar_interfaces/install/seastar_interfaces/share/seastar_interfaces/cmake/export_seastar_interfaces__rosidl_typesupport_fastrtps_cppExport.cmake
[4.798s] -- Installing: /home/seastar/seastar_ws/src/seastar_interfaces/install/seastar_interfaces/share/seastar_interfaces/cmake/export_seastar_interfaces__rosidl_typesupport_fastrtps_cppExport-noconfig.cmake
[4.798s] -- Installing: /home/seastar/seastar_ws/src/seastar_interfaces/install/seastar_interfaces/share/seastar_interfaces/cmake/seastar_interfaces__rosidl_typesupport_introspection_cppExport.cmake
[4.798s] -- Installing: /home/seastar/seastar_ws/src/seastar_interfaces/install/seastar_interfaces/share/seastar_interfaces/cmake/seastar_interfaces__rosidl_typesupport_introspection_cppExport-noconfig.cmake
[4.798s] -- Installing: /home/seastar/seastar_ws/src/seastar_interfaces/install/seastar_interfaces/share/seastar_interfaces/cmake/seastar_interfaces__rosidl_typesupport_cppExport.cmake
[4.798s] -- Installing: /home/seastar/seastar_ws/src/seastar_interfaces/install/seastar_interfaces/share/seastar_interfaces/cmake/seastar_interfaces__rosidl_typesupport_cppExport-noconfig.cmake
[4.799s] -- Installing: /home/seastar/seastar_ws/src/seastar_interfaces/install/seastar_interfaces/share/seastar_interfaces/cmake/export_seastar_interfaces__rosidl_generator_pyExport.cmake
[4.799s] -- Installing: /home/seastar/seastar_ws/src/seastar_interfaces/install/seastar_interfaces/share/seastar_interfaces/cmake/export_seastar_interfaces__rosidl_generator_pyExport-noconfig.cmake
[4.799s] -- Installing: /home/seastar/seastar_ws/src/seastar_interfaces/install/seastar_interfaces/share/seastar_interfaces/cmake/rosidl_cmake-extras.cmake
[4.799s] -- Installing: /home/seastar/seastar_ws/src/seastar_interfaces/install/seastar_interfaces/share/seastar_interfaces/cmake/ament_cmake_export_include_directories-extras.cmake
[4.799s] -- Installing: /home/seastar/seastar_ws/src/seastar_interfaces/install/seastar_interfaces/share/seastar_interfaces/cmake/ament_cmake_export_libraries-extras.cmake
[4.799s] -- Installing: /home/seastar/seastar_ws/src/seastar_interfaces/install/seastar_interfaces/share/seastar_interfaces/cmake/ament_cmake_export_targets-extras.cmake
[4.799s] -- Installing: /home/seastar/seastar_ws/src/seastar_interfaces/install/seastar_interfaces/share/seastar_interfaces/cmake/rosidl_cmake_export_typesupport_targets-extras.cmake
[4.800s] -- Installing: /home/seastar/seastar_ws/src/seastar_interfaces/install/seastar_interfaces/share/seastar_interfaces/cmake/ament_cmake_export_dependencies-extras.cmake
[4.800s] -- Installing: /home/seastar/seastar_ws/src/seastar_interfaces/install/seastar_interfaces/share/seastar_interfaces/cmake/rosidl_cmake_export_typesupport_libraries-extras.cmake
[4.800s] -- Installing: /home/seastar/seastar_ws/src/seastar_interfaces/install/seastar_interfaces/share/seastar_interfaces/cmake/seastar_interfacesConfig.cmake
[4.800s] -- Installing: /home/seastar/seastar_ws/src/seastar_interfaces/install/seastar_interfaces/share/seastar_interfaces/cmake/seastar_interfacesConfig-version.cmake
[4.800s] -- Installing: /home/seastar/seastar_ws/src/seastar_interfaces/install/seastar_interfaces/share/seastar_interfaces/package.xml
[4.803s] Invoked command in '/home/seastar/seastar_ws/src/seastar_interfaces/build/seastar_interfaces' returned '0': CMAKE_PREFIX_PATH=${CMAKE_PREFIX_PATH}:/home/seastar/seastar_ws/install/solar_ephemeris:/home/seastar/seastar_ws/install/skyscan_offset:/opt/ros/humble /usr/bin/cmake --install /home/seastar/seastar_ws/src/seastar_interfaces/build/seastar_interfaces
