[1.691s] Invoking command in '/home/seastar/steve_summer_seastar_ws/build/imufaker': PYTHONPATH=/home/seastar/steve_summer_seastar_ws/build/imufaker/prefix_override:/home/seastar/steve_summer_seastar_ws/install/imufaker/lib/python3.10/site-packages:${PYTHONPATH} /usr/bin/python3 setup.py develop --editable --build-directory /home/seastar/steve_summer_seastar_ws/build/imufaker/build --no-deps install_data
[2.452s] running develop
[2.453s] /usr/lib/python3/dist-packages/setuptools/command/easy_install.py:158: EasyInstallDeprecationWarning: easy_install command is deprecated. Use build and pip and other standards-based tools.
[2.453s]   warnings.warn(
[2.458s] /usr/lib/python3/dist-packages/setuptools/command/install.py:34: SetuptoolsDeprecationWarning: setup.py install is deprecated. Use build and pip and other standards-based tools.
[2.458s]   warnings.warn(
[2.641s] /usr/lib/python3/dist-packages/pkg_resources/__init__.py:116: PkgResourcesDeprecationWarning: 1.16.0-unknown is an invalid version and will not be supported in a future release
[2.641s]   warnings.warn(
[2.641s] /usr/lib/python3/dist-packages/pkg_resources/__init__.py:116: PkgResourcesDeprecationWarning: 1.1build1 is an invalid version and will not be supported in a future release
[2.642s]   warnings.warn(
[3.018s] running egg_info
[3.018s] writing imufaker.egg-info/PKG-INFO
[3.018s] writing dependency_links to imufaker.egg-info/dependency_links.txt
[3.019s] writing entry points to imufaker.egg-info/entry_points.txt
[3.019s] writing requirements to imufaker.egg-info/requires.txt
[3.019s] writing top-level names to imufaker.egg-info/top_level.txt
[5.220s] writing manifest file 'imufaker.egg-info/SOURCES.txt'
[5.365s] running build_ext
[5.366s] Creating /home/seastar/steve_summer_seastar_ws/install/imufaker/lib/python3.10/site-packages/imufaker.egg-link (link to .)
[5.367s] Installing imufaker script to /home/seastar/steve_summer_seastar_ws/install/imufaker/lib/imufaker
[5.368s] 
[5.368s] Installed /home/seastar/steve_summer_seastar_ws/build/imufaker
[5.368s] running install_data
[5.555s] Invoked command in '/home/seastar/steve_summer_seastar_ws/build/imufaker' returned '0': PYTHONPATH=/home/seastar/steve_summer_seastar_ws/build/imufaker/prefix_override:/home/seastar/steve_summer_seastar_ws/install/imufaker/lib/python3.10/site-packages:${PYTHONPATH} /usr/bin/python3 setup.py develop --editable --build-directory /home/seastar/steve_summer_seastar_ws/build/imufaker/build --no-deps install_data
