[0.028s] Invoking command in '/home/seastar/steve_summer_seastar_ws/build/motor_state_manager': CMAKE_PREFIX_PATH=${CMAKE_PREFIX_PATH}:/home/seastar/steve_summer_seastar_ws/install/test_driver:/home/seastar/steve_summer_seastar_ws/install/test_cam:/home/seastar/steve_summer_seastar_ws/install/solar_ephemeris:/home/seastar/steve_summer_seastar_ws/install/pysp:/home/seastar/steve_summer_seastar_ws/install/imufaker:/home/seastar/steve_summer_seastar_ws/install/ik_tools:/home/seastar/steve_summer_seastar_ws/install/ik_solver:/home/seastar/steve_summer_seastar_ws/install/hamburger_helper:/opt/ros/humble /home/seastar/.local/bin/cmake --build /home/seastar/steve_summer_seastar_ws/build/motor_state_manager -- -j4 -l4
[0.156s] [100%] Built target motor_state_manager
[0.169s] Invoked command in '/home/seastar/steve_summer_seastar_ws/build/motor_state_manager' returned '0': CMAKE_PREFIX_PATH=${CMAKE_PREFIX_PATH}:/home/seastar/steve_summer_seastar_ws/install/test_driver:/home/seastar/steve_summer_seastar_ws/install/test_cam:/home/seastar/steve_summer_seastar_ws/install/solar_ephemeris:/home/seastar/steve_summer_seastar_ws/install/pysp:/home/seastar/steve_summer_seastar_ws/install/imufaker:/home/seastar/steve_summer_seastar_ws/install/ik_tools:/home/seastar/steve_summer_seastar_ws/install/ik_solver:/home/seastar/steve_summer_seastar_ws/install/hamburger_helper:/opt/ros/humble /home/seastar/.local/bin/cmake --build /home/seastar/steve_summer_seastar_ws/build/motor_state_manager -- -j4 -l4
[0.305s] Invoking command in '/home/seastar/steve_summer_seastar_ws/build/motor_state_manager': CMAKE_PREFIX_PATH=${CMAKE_PREFIX_PATH}:/home/seastar/steve_summer_seastar_ws/install/test_driver:/home/seastar/steve_summer_seastar_ws/install/test_cam:/home/seastar/steve_summer_seastar_ws/install/solar_ephemeris:/home/seastar/steve_summer_seastar_ws/install/pysp:/home/seastar/steve_summer_seastar_ws/install/imufaker:/home/seastar/steve_summer_seastar_ws/install/ik_tools:/home/seastar/steve_summer_seastar_ws/install/ik_solver:/home/seastar/steve_summer_seastar_ws/install/hamburger_helper:/opt/ros/humble /home/seastar/.local/bin/cmake --install /home/seastar/steve_summer_seastar_ws/build/motor_state_manager
[0.364s] -- Install configuration: ""
[0.366s] -- Execute custom install script
[0.366s] -- Up-to-date symlink: /home/seastar/steve_summer_seastar_ws/install/motor_state_manager/lib/motor_state_manager/motor_state_manager
[0.367s] -- Up-to-date symlink: /home/seastar/steve_summer_seastar_ws/install/motor_state_manager/lib/motor_state_manager/motorsettings.cfg
[0.368s] -- Up-to-date symlink: /home/seastar/steve_summer_seastar_ws/install/motor_state_manager/share/ament_index/resource_index/package_run_dependencies/motor_state_manager
[0.369s] -- Up-to-date symlink: /home/seastar/steve_summer_seastar_ws/install/motor_state_manager/share/ament_index/resource_index/parent_prefix_path/motor_state_manager
[0.369s] -- Up-to-date symlink: /home/seastar/steve_summer_seastar_ws/install/motor_state_manager/share/motor_state_manager/environment/ament_prefix_path.sh
[0.370s] -- Up-to-date symlink: /home/seastar/steve_summer_seastar_ws/install/motor_state_manager/share/motor_state_manager/environment/ament_prefix_path.dsv
[0.370s] -- Up-to-date symlink: /home/seastar/steve_summer_seastar_ws/install/motor_state_manager/share/motor_state_manager/environment/path.sh
[0.371s] -- Up-to-date symlink: /home/seastar/steve_summer_seastar_ws/install/motor_state_manager/share/motor_state_manager/environment/path.dsv
[0.371s] -- Up-to-date symlink: /home/seastar/steve_summer_seastar_ws/install/motor_state_manager/share/motor_state_manager/local_setup.bash
[0.372s] -- Up-to-date symlink: /home/seastar/steve_summer_seastar_ws/install/motor_state_manager/share/motor_state_manager/local_setup.sh
[0.373s] -- Up-to-date symlink: /home/seastar/steve_summer_seastar_ws/install/motor_state_manager/share/motor_state_manager/local_setup.zsh
[0.373s] -- Up-to-date symlink: /home/seastar/steve_summer_seastar_ws/install/motor_state_manager/share/motor_state_manager/local_setup.dsv
[0.374s] -- Symlinking: /home/seastar/steve_summer_seastar_ws/install/motor_state_manager/share/motor_state_manager/package.dsv
[0.382s] -- Up-to-date symlink: /home/seastar/steve_summer_seastar_ws/install/motor_state_manager/share/ament_index/resource_index/packages/motor_state_manager
[0.382s] -- Up-to-date symlink: /home/seastar/steve_summer_seastar_ws/install/motor_state_manager/share/motor_state_manager/cmake/motor_state_managerConfig.cmake
[0.383s] -- Up-to-date symlink: /home/seastar/steve_summer_seastar_ws/install/motor_state_manager/share/motor_state_manager/cmake/motor_state_managerConfig-version.cmake
[0.383s] -- Up-to-date symlink: /home/seastar/steve_summer_seastar_ws/install/motor_state_manager/share/motor_state_manager/package.xml
[0.398s] Invoked command in '/home/seastar/steve_summer_seastar_ws/build/motor_state_manager' returned '0': CMAKE_PREFIX_PATH=${CMAKE_PREFIX_PATH}:/home/seastar/steve_summer_seastar_ws/install/test_driver:/home/seastar/steve_summer_seastar_ws/install/test_cam:/home/seastar/steve_summer_seastar_ws/install/solar_ephemeris:/home/seastar/steve_summer_seastar_ws/install/pysp:/home/seastar/steve_summer_seastar_ws/install/imufaker:/home/seastar/steve_summer_seastar_ws/install/ik_tools:/home/seastar/steve_summer_seastar_ws/install/ik_solver:/home/seastar/steve_summer_seastar_ws/install/hamburger_helper:/opt/ros/humble /home/seastar/.local/bin/cmake --install /home/seastar/steve_summer_seastar_ws/build/motor_state_manager
