[1.845s] Invoking command in '/home/seastar/steve_summer_seastar_ws/build/ik_solver': PYTHONPATH=/home/seastar/steve_summer_seastar_ws/build/ik_solver/prefix_override:/home/seastar/steve_summer_seastar_ws/install/ik_solver/lib/python3.10/site-packages:${PYTHONPATH} /usr/bin/python3 setup.py develop --editable --build-directory /home/seastar/steve_summer_seastar_ws/build/ik_solver/build --no-deps install_data
[2.476s] running develop
[2.477s] /usr/lib/python3/dist-packages/setuptools/command/easy_install.py:158: EasyInstallDeprecationWarning: easy_install command is deprecated. Use build and pip and other standards-based tools.
[2.477s]   warnings.warn(
[2.479s] /usr/lib/python3/dist-packages/setuptools/command/install.py:34: SetuptoolsDeprecationWarning: setup.py install is deprecated. Use build and pip and other standards-based tools.
[2.479s]   warnings.warn(
[2.625s] /usr/lib/python3/dist-packages/pkg_resources/__init__.py:116: PkgResourcesDeprecationWarning: 1.16.0-unknown is an invalid version and will not be supported in a future release
[2.625s]   warnings.warn(
[2.625s] /usr/lib/python3/dist-packages/pkg_resources/__init__.py:116: PkgResourcesDeprecationWarning: 1.1build1 is an invalid version and will not be supported in a future release
[2.626s]   warnings.warn(
[2.921s] running egg_info
[2.922s] writing ik_solver.egg-info/PKG-INFO
[2.922s] writing dependency_links to ik_solver.egg-info/dependency_links.txt
[2.922s] writing entry points to ik_solver.egg-info/entry_points.txt
[2.923s] writing requirements to ik_solver.egg-info/requires.txt
[2.923s] writing top-level names to ik_solver.egg-info/top_level.txt
[3.021s] listing git files failed - pretending there aren't any
[3.254s] reading manifest file 'ik_solver.egg-info/SOURCES.txt'
[3.256s] writing manifest file 'ik_solver.egg-info/SOURCES.txt'
[3.327s] running build_ext
[3.327s] Creating /home/seastar/steve_summer_seastar_ws/install/ik_solver/lib/python3.10/site-packages/ik-solver.egg-link (link to .)
[3.328s] Installing ik_solver script to /home/seastar/steve_summer_seastar_ws/install/ik_solver/lib/ik_solver
[3.329s] Installing ik_tester script to /home/seastar/steve_summer_seastar_ws/install/ik_solver/lib/ik_solver
[3.329s] 
[3.329s] Installed /home/seastar/steve_summer_seastar_ws/build/ik_solver
[3.329s] running install_data
[3.428s] Invoked command in '/home/seastar/steve_summer_seastar_ws/build/ik_solver' returned '0': PYTHONPATH=/home/seastar/steve_summer_seastar_ws/build/ik_solver/prefix_override:/home/seastar/steve_summer_seastar_ws/install/ik_solver/lib/python3.10/site-packages:${PYTHONPATH} /usr/bin/python3 setup.py develop --editable --build-directory /home/seastar/steve_summer_seastar_ws/build/ik_solver/build --no-deps install_data
