[0.050s] Invoking command in '/home/seastar/steve_summer_seastar_ws/build/seastar_interfaces': CMAKE_PREFIX_PATH=/opt/ros/humble /home/seastar/.local/bin/cmake --build /home/seastar/steve_summer_seastar_ws/build/seastar_interfaces -- -j4 -l4
[0.902s] [  1%] Built target seastar_interfaces__cpp
[0.902s] [  1%] Built target ament_cmake_python_symlink_seastar_interfaces
[0.903s] [ 12%] Built target seastar_interfaces__rosidl_generator_c
[0.904s] [ 23%] Built target seastar_interfaces__rosidl_typesupport_cpp
[0.904s] [ 35%] Built target seastar_interfaces__rosidl_typesupport_introspection_cpp
[0.905s] [ 46%] Built target seastar_interfaces__rosidl_typesupport_fastrtps_cpp
[0.905s] [ 57%] Built target seastar_interfaces__rosidl_typesupport_fastrtps_c
[0.906s] [ 69%] Built target seastar_interfaces__rosidl_typesupport_introspection_c
[0.906s] [ 80%] Built target seastar_interfaces__rosidl_typesupport_c
[0.907s] [ 80%] Built target seastar_interfaces
[0.907s] [ 81%] Built target seastar_interfaces__py
[0.908s] [ 91%] Built target seastar_interfaces__rosidl_generator_py
[0.908s] [ 94%] Built target seastar_interfaces__rosidl_typesupport_c__pyext
[0.909s] [ 97%] Built target seastar_interfaces__rosidl_typesupport_fastrtps_c__pyext
[0.909s] [100%] Built target seastar_interfaces__rosidl_typesupport_introspection_c__pyext
[0.909s] running egg_info
[0.909s] writing seastar_interfaces.egg-info/PKG-INFO
[0.909s] writing dependency_links to seastar_interfaces.egg-info/dependency_links.txt
[0.910s] writing top-level names to seastar_interfaces.egg-info/top_level.txt
[2.884s] writing manifest file 'seastar_interfaces.egg-info/SOURCES.txt'
[2.950s] [100%] Built target ament_cmake_python_build_seastar_interfaces_egg
[2.969s] Invoked command in '/home/seastar/steve_summer_seastar_ws/build/seastar_interfaces' returned '0': CMAKE_PREFIX_PATH=/opt/ros/humble /home/seastar/.local/bin/cmake --build /home/seastar/steve_summer_seastar_ws/build/seastar_interfaces -- -j4 -l4
[3.274s] Invoking command in '/home/seastar/steve_summer_seastar_ws/build/seastar_interfaces': CMAKE_PREFIX_PATH=/opt/ros/humble /home/seastar/.local/bin/cmake --install /home/seastar/steve_summer_seastar_ws/build/seastar_interfaces
[3.319s] -- Install configuration: ""
[3.320s] -- Execute custom install script
[3.321s] -- Up-to-date symlink: /home/seastar/steve_summer_seastar_ws/install/seastar_interfaces/share/ament_index/resource_index/rosidl_interfaces/seastar_interfaces
[3.322s] -- Up-to-date symlink: /home/seastar/steve_summer_seastar_ws/install/seastar_interfaces/include/seastar_interfaces/seastar_interfaces/msg/desired_pointing.h
[3.323s] -- Up-to-date symlink: /home/seastar/steve_summer_seastar_ws/install/seastar_interfaces/include/seastar_interfaces/seastar_interfaces/msg/detail/desired_pointing__functions.h
[3.323s] -- Up-to-date symlink: /home/seastar/steve_summer_seastar_ws/install/seastar_interfaces/include/seastar_interfaces/seastar_interfaces/msg/detail/desired_pointing__struct.h
[3.323s] -- Up-to-date symlink: /home/seastar/steve_summer_seastar_ws/install/seastar_interfaces/include/seastar_interfaces/seastar_interfaces/msg/detail/desired_pointing__type_support.h
[3.324s] -- Up-to-date symlink: /home/seastar/steve_summer_seastar_ws/install/seastar_interfaces/include/seastar_interfaces/seastar_interfaces/msg/detail/motor_command__functions.h
[3.324s] -- Up-to-date symlink: /home/seastar/steve_summer_seastar_ws/install/seastar_interfaces/include/seastar_interfaces/seastar_interfaces/msg/detail/motor_command__struct.h
[3.324s] -- Up-to-date symlink: /home/seastar/steve_summer_seastar_ws/install/seastar_interfaces/include/seastar_interfaces/seastar_interfaces/msg/detail/motor_command__type_support.h
[3.325s] -- Up-to-date symlink: /home/seastar/steve_summer_seastar_ws/install/seastar_interfaces/include/seastar_interfaces/seastar_interfaces/msg/detail/sky_ephemeris__functions.h
[3.325s] -- Up-to-date symlink: /home/seastar/steve_summer_seastar_ws/install/seastar_interfaces/include/seastar_interfaces/seastar_interfaces/msg/detail/sky_ephemeris__struct.h
[3.325s] -- Up-to-date symlink: /home/seastar/steve_summer_seastar_ws/install/seastar_interfaces/include/seastar_interfaces/seastar_interfaces/msg/detail/sky_ephemeris__type_support.h
[3.326s] -- Up-to-date symlink: /home/seastar/steve_summer_seastar_ws/install/seastar_interfaces/include/seastar_interfaces/seastar_interfaces/msg/detail/sky_scan_offset_angles__functions.h
[3.326s] -- Up-to-date symlink: /home/seastar/steve_summer_seastar_ws/install/seastar_interfaces/include/seastar_interfaces/seastar_interfaces/msg/detail/sky_scan_offset_angles__struct.h
[3.327s] -- Up-to-date symlink: /home/seastar/steve_summer_seastar_ws/install/seastar_interfaces/include/seastar_interfaces/seastar_interfaces/msg/detail/sky_scan_offset_angles__type_support.h
[3.327s] -- Up-to-date symlink: /home/seastar/steve_summer_seastar_ws/install/seastar_interfaces/include/seastar_interfaces/seastar_interfaces/msg/detail/sky_scan_pointing_angles__functions.h
[3.327s] -- Up-to-date symlink: /home/seastar/steve_summer_seastar_ws/install/seastar_interfaces/include/seastar_interfaces/seastar_interfaces/msg/detail/sky_scan_pointing_angles__struct.h
[3.328s] -- Up-to-date symlink: /home/seastar/steve_summer_seastar_ws/install/seastar_interfaces/include/seastar_interfaces/seastar_interfaces/msg/detail/sky_scan_pointing_angles__type_support.h
[3.328s] -- Up-to-date symlink: /home/seastar/steve_summer_seastar_ws/install/seastar_interfaces/include/seastar_interfaces/seastar_interfaces/msg/motor_command.h
[3.329s] -- Up-to-date symlink: /home/seastar/steve_summer_seastar_ws/install/seastar_interfaces/include/seastar_interfaces/seastar_interfaces/msg/rosidl_generator_c__visibility_control.h
[3.329s] -- Up-to-date symlink: /home/seastar/steve_summer_seastar_ws/install/seastar_interfaces/include/seastar_interfaces/seastar_interfaces/msg/sky_ephemeris.h
[3.329s] -- Up-to-date symlink: /home/seastar/steve_summer_seastar_ws/install/seastar_interfaces/include/seastar_interfaces/seastar_interfaces/msg/sky_scan_offset_angles.h
[3.330s] -- Up-to-date symlink: /home/seastar/steve_summer_seastar_ws/install/seastar_interfaces/include/seastar_interfaces/seastar_interfaces/msg/sky_scan_pointing_angles.h
[3.330s] -- Up-to-date symlink: /home/seastar/steve_summer_seastar_ws/install/seastar_interfaces/include/seastar_interfaces/seastar_interfaces/srv/detail/point_motors__functions.h
[3.331s] -- Up-to-date symlink: /home/seastar/steve_summer_seastar_ws/install/seastar_interfaces/include/seastar_interfaces/seastar_interfaces/srv/detail/point_motors__struct.h
[3.331s] -- Up-to-date symlink: /home/seastar/steve_summer_seastar_ws/install/seastar_interfaces/include/seastar_interfaces/seastar_interfaces/srv/detail/point_motors__type_support.h
[3.331s] -- Up-to-date symlink: /home/seastar/steve_summer_seastar_ws/install/seastar_interfaces/include/seastar_interfaces/seastar_interfaces/srv/point_motors.h
[3.332s] -- Up-to-date symlink: /home/seastar/steve_summer_seastar_ws/install/seastar_interfaces/share/seastar_interfaces/environment/library_path.sh
[3.332s] -- Up-to-date symlink: /home/seastar/steve_summer_seastar_ws/install/seastar_interfaces/share/seastar_interfaces/environment/library_path.dsv
[3.334s] -- Up-to-date symlink: /home/seastar/steve_summer_seastar_ws/install/seastar_interfaces/include/seastar_interfaces/seastar_interfaces/msg/detail/desired_pointing__rosidl_typesupport_fastrtps_c.h
[3.334s] -- Up-to-date symlink: /home/seastar/steve_summer_seastar_ws/install/seastar_interfaces/include/seastar_interfaces/seastar_interfaces/msg/detail/motor_command__rosidl_typesupport_fastrtps_c.h
[3.335s] -- Up-to-date symlink: /home/seastar/steve_summer_seastar_ws/install/seastar_interfaces/include/seastar_interfaces/seastar_interfaces/msg/detail/sky_ephemeris__rosidl_typesupport_fastrtps_c.h
[3.335s] -- Up-to-date symlink: /home/seastar/steve_summer_seastar_ws/install/seastar_interfaces/include/seastar_interfaces/seastar_interfaces/msg/detail/sky_scan_offset_angles__rosidl_typesupport_fastrtps_c.h
[3.335s] -- Up-to-date symlink: /home/seastar/steve_summer_seastar_ws/install/seastar_interfaces/include/seastar_interfaces/seastar_interfaces/msg/detail/sky_scan_pointing_angles__rosidl_typesupport_fastrtps_c.h
[3.336s] -- Up-to-date symlink: /home/seastar/steve_summer_seastar_ws/install/seastar_interfaces/include/seastar_interfaces/seastar_interfaces/msg/rosidl_typesupport_fastrtps_c__visibility_control.h
[3.336s] -- Up-to-date symlink: /home/seastar/steve_summer_seastar_ws/install/seastar_interfaces/include/seastar_interfaces/seastar_interfaces/srv/detail/point_motors__rosidl_typesupport_fastrtps_c.h
[3.337s] -- Up-to-date symlink: /home/seastar/steve_summer_seastar_ws/install/seastar_interfaces/include/seastar_interfaces/seastar_interfaces/msg/detail/desired_pointing__rosidl_typesupport_introspection_c.h
[3.337s] -- Up-to-date symlink: /home/seastar/steve_summer_seastar_ws/install/seastar_interfaces/include/seastar_interfaces/seastar_interfaces/msg/detail/motor_command__rosidl_typesupport_introspection_c.h
[3.338s] -- Up-to-date symlink: /home/seastar/steve_summer_seastar_ws/install/seastar_interfaces/include/seastar_interfaces/seastar_interfaces/msg/detail/sky_ephemeris__rosidl_typesupport_introspection_c.h
[3.338s] -- Up-to-date symlink: /home/seastar/steve_summer_seastar_ws/install/seastar_interfaces/include/seastar_interfaces/seastar_interfaces/msg/detail/sky_scan_offset_angles__rosidl_typesupport_introspection_c.h
[3.339s] -- Up-to-date symlink: /home/seastar/steve_summer_seastar_ws/install/seastar_interfaces/include/seastar_interfaces/seastar_interfaces/msg/detail/sky_scan_pointing_angles__rosidl_typesupport_introspection_c.h
[3.339s] -- Up-to-date symlink: /home/seastar/steve_summer_seastar_ws/install/seastar_interfaces/include/seastar_interfaces/seastar_interfaces/msg/rosidl_typesupport_introspection_c__visibility_control.h
[3.340s] -- Up-to-date symlink: /home/seastar/steve_summer_seastar_ws/install/seastar_interfaces/include/seastar_interfaces/seastar_interfaces/srv/detail/point_motors__rosidl_typesupport_introspection_c.h
[3.341s] -- Up-to-date symlink: /home/seastar/steve_summer_seastar_ws/install/seastar_interfaces/include/seastar_interfaces/seastar_interfaces/msg/desired_pointing.hpp
[3.341s] -- Up-to-date symlink: /home/seastar/steve_summer_seastar_ws/install/seastar_interfaces/include/seastar_interfaces/seastar_interfaces/msg/detail/desired_pointing__builder.hpp
[3.344s] -- Up-to-date symlink: /home/seastar/steve_summer_seastar_ws/install/seastar_interfaces/include/seastar_interfaces/seastar_interfaces/msg/detail/desired_pointing__struct.hpp
[3.346s] -- Up-to-date symlink: /home/seastar/steve_summer_seastar_ws/install/seastar_interfaces/include/seastar_interfaces/seastar_interfaces/msg/detail/desired_pointing__traits.hpp
[3.348s] -- Up-to-date symlink: /home/seastar/steve_summer_seastar_ws/install/seastar_interfaces/include/seastar_interfaces/seastar_interfaces/msg/detail/motor_command__builder.hpp
[3.349s] -- Up-to-date symlink: /home/seastar/steve_summer_seastar_ws/install/seastar_interfaces/include/seastar_interfaces/seastar_interfaces/msg/detail/motor_command__struct.hpp
[3.349s] -- Up-to-date symlink: /home/seastar/steve_summer_seastar_ws/install/seastar_interfaces/include/seastar_interfaces/seastar_interfaces/msg/detail/motor_command__traits.hpp
[3.350s] -- Up-to-date symlink: /home/seastar/steve_summer_seastar_ws/install/seastar_interfaces/include/seastar_interfaces/seastar_interfaces/msg/detail/sky_ephemeris__builder.hpp
[3.352s] -- Up-to-date symlink: /home/seastar/steve_summer_seastar_ws/install/seastar_interfaces/include/seastar_interfaces/seastar_interfaces/msg/detail/sky_ephemeris__struct.hpp
[3.353s] -- Up-to-date symlink: /home/seastar/steve_summer_seastar_ws/install/seastar_interfaces/include/seastar_interfaces/seastar_interfaces/msg/detail/sky_ephemeris__traits.hpp
[3.355s] -- Up-to-date symlink: /home/seastar/steve_summer_seastar_ws/install/seastar_interfaces/include/seastar_interfaces/seastar_interfaces/msg/detail/sky_scan_offset_angles__builder.hpp
[3.356s] -- Up-to-date symlink: /home/seastar/steve_summer_seastar_ws/install/seastar_interfaces/include/seastar_interfaces/seastar_interfaces/msg/detail/sky_scan_offset_angles__struct.hpp
[3.361s] -- Up-to-date symlink: /home/seastar/steve_summer_seastar_ws/install/seastar_interfaces/include/seastar_interfaces/seastar_interfaces/msg/detail/sky_scan_offset_angles__traits.hpp
[3.368s] -- Up-to-date symlink: /home/seastar/steve_summer_seastar_ws/install/seastar_interfaces/include/seastar_interfaces/seastar_interfaces/msg/detail/sky_scan_pointing_angles__builder.hpp
[3.371s] -- Up-to-date symlink: /home/seastar/steve_summer_seastar_ws/install/seastar_interfaces/include/seastar_interfaces/seastar_interfaces/msg/detail/sky_scan_pointing_angles__struct.hpp
[3.371s] -- Up-to-date symlink: /home/seastar/steve_summer_seastar_ws/install/seastar_interfaces/include/seastar_interfaces/seastar_interfaces/msg/detail/sky_scan_pointing_angles__traits.hpp
[3.372s] -- Up-to-date symlink: /home/seastar/steve_summer_seastar_ws/install/seastar_interfaces/include/seastar_interfaces/seastar_interfaces/msg/motor_command.hpp
[3.373s] -- Up-to-date symlink: /home/seastar/steve_summer_seastar_ws/install/seastar_interfaces/include/seastar_interfaces/seastar_interfaces/msg/sky_ephemeris.hpp
[3.373s] -- Up-to-date symlink: /home/seastar/steve_summer_seastar_ws/install/seastar_interfaces/include/seastar_interfaces/seastar_interfaces/msg/sky_scan_offset_angles.hpp
[3.373s] -- Up-to-date symlink: /home/seastar/steve_summer_seastar_ws/install/seastar_interfaces/include/seastar_interfaces/seastar_interfaces/msg/sky_scan_pointing_angles.hpp
[3.374s] -- Up-to-date symlink: /home/seastar/steve_summer_seastar_ws/install/seastar_interfaces/include/seastar_interfaces/seastar_interfaces/srv/detail/point_motors__builder.hpp
[3.374s] -- Up-to-date symlink: /home/seastar/steve_summer_seastar_ws/install/seastar_interfaces/include/seastar_interfaces/seastar_interfaces/srv/detail/point_motors__struct.hpp
[3.376s] -- Up-to-date symlink: /home/seastar/steve_summer_seastar_ws/install/seastar_interfaces/include/seastar_interfaces/seastar_interfaces/srv/detail/point_motors__traits.hpp
[3.378s] -- Up-to-date symlink: /home/seastar/steve_summer_seastar_ws/install/seastar_interfaces/include/seastar_interfaces/seastar_interfaces/srv/point_motors.hpp
[3.380s] -- Up-to-date symlink: /home/seastar/steve_summer_seastar_ws/install/seastar_interfaces/include/seastar_interfaces/seastar_interfaces/msg/detail/desired_pointing__rosidl_typesupport_fastrtps_cpp.hpp
[3.380s] -- Up-to-date symlink: /home/seastar/steve_summer_seastar_ws/install/seastar_interfaces/include/seastar_interfaces/seastar_interfaces/msg/detail/motor_command__rosidl_typesupport_fastrtps_cpp.hpp
[3.381s] -- Up-to-date symlink: /home/seastar/steve_summer_seastar_ws/install/seastar_interfaces/include/seastar_interfaces/seastar_interfaces/msg/detail/sky_ephemeris__rosidl_typesupport_fastrtps_cpp.hpp
[3.382s] -- Up-to-date symlink: /home/seastar/steve_summer_seastar_ws/install/seastar_interfaces/include/seastar_interfaces/seastar_interfaces/msg/detail/sky_scan_offset_angles__rosidl_typesupport_fastrtps_cpp.hpp
[3.382s] -- Up-to-date symlink: /home/seastar/steve_summer_seastar_ws/install/seastar_interfaces/include/seastar_interfaces/seastar_interfaces/msg/detail/sky_scan_pointing_angles__rosidl_typesupport_fastrtps_cpp.hpp
[3.383s] -- Up-to-date symlink: /home/seastar/steve_summer_seastar_ws/install/seastar_interfaces/include/seastar_interfaces/seastar_interfaces/msg/rosidl_typesupport_fastrtps_cpp__visibility_control.h
[3.384s] -- Up-to-date symlink: /home/seastar/steve_summer_seastar_ws/install/seastar_interfaces/include/seastar_interfaces/seastar_interfaces/srv/detail/point_motors__rosidl_typesupport_fastrtps_cpp.hpp
[3.385s] -- Up-to-date symlink: /home/seastar/steve_summer_seastar_ws/install/seastar_interfaces/include/seastar_interfaces/seastar_interfaces/msg/detail/desired_pointing__rosidl_typesupport_introspection_cpp.hpp
[3.385s] -- Up-to-date symlink: /home/seastar/steve_summer_seastar_ws/install/seastar_interfaces/include/seastar_interfaces/seastar_interfaces/msg/detail/motor_command__rosidl_typesupport_introspection_cpp.hpp
[3.386s] -- Up-to-date symlink: /home/seastar/steve_summer_seastar_ws/install/seastar_interfaces/include/seastar_interfaces/seastar_interfaces/msg/detail/sky_ephemeris__rosidl_typesupport_introspection_cpp.hpp
[3.386s] -- Up-to-date symlink: /home/seastar/steve_summer_seastar_ws/install/seastar_interfaces/include/seastar_interfaces/seastar_interfaces/msg/detail/sky_scan_offset_angles__rosidl_typesupport_introspection_cpp.hpp
[3.387s] -- Up-to-date symlink: /home/seastar/steve_summer_seastar_ws/install/seastar_interfaces/include/seastar_interfaces/seastar_interfaces/msg/detail/sky_scan_pointing_angles__rosidl_typesupport_introspection_cpp.hpp
[3.388s] -- Up-to-date symlink: /home/seastar/steve_summer_seastar_ws/install/seastar_interfaces/include/seastar_interfaces/seastar_interfaces/srv/detail/point_motors__rosidl_typesupport_introspection_cpp.hpp
[3.388s] -- Up-to-date symlink: /home/seastar/steve_summer_seastar_ws/install/seastar_interfaces/share/seastar_interfaces/environment/pythonpath.sh
[3.389s] -- Up-to-date symlink: /home/seastar/steve_summer_seastar_ws/install/seastar_interfaces/share/seastar_interfaces/environment/pythonpath.dsv
[3.390s] -- Up-to-date symlink: /home/seastar/steve_summer_seastar_ws/install/seastar_interfaces/local/lib/python3.10/dist-packages/seastar_interfaces-0.0.0-py3.10.egg-info/PKG-INFO
[3.391s] -- Up-to-date symlink: /home/seastar/steve_summer_seastar_ws/install/seastar_interfaces/local/lib/python3.10/dist-packages/seastar_interfaces-0.0.0-py3.10.egg-info/SOURCES.txt
[3.391s] -- Up-to-date symlink: /home/seastar/steve_summer_seastar_ws/install/seastar_interfaces/local/lib/python3.10/dist-packages/seastar_interfaces-0.0.0-py3.10.egg-info/dependency_links.txt
[3.392s] -- Up-to-date symlink: /home/seastar/steve_summer_seastar_ws/install/seastar_interfaces/local/lib/python3.10/dist-packages/seastar_interfaces-0.0.0-py3.10.egg-info/top_level.txt
[3.394s] -- Up-to-date symlink: /home/seastar/steve_summer_seastar_ws/install/seastar_interfaces/local/lib/python3.10/dist-packages/seastar_interfaces/__init__.py
[3.394s] -- Up-to-date symlink: /home/seastar/steve_summer_seastar_ws/install/seastar_interfaces/local/lib/python3.10/dist-packages/seastar_interfaces/_seastar_interfaces_s.ep.rosidl_typesupport_c.c
[3.395s] -- Up-to-date symlink: /home/seastar/steve_summer_seastar_ws/install/seastar_interfaces/local/lib/python3.10/dist-packages/seastar_interfaces/_seastar_interfaces_s.ep.rosidl_typesupport_fastrtps_c.c
[3.395s] -- Up-to-date symlink: /home/seastar/steve_summer_seastar_ws/install/seastar_interfaces/local/lib/python3.10/dist-packages/seastar_interfaces/_seastar_interfaces_s.ep.rosidl_typesupport_introspection_c.c
[3.396s] -- Up-to-date symlink: /home/seastar/steve_summer_seastar_ws/install/seastar_interfaces/local/lib/python3.10/dist-packages/seastar_interfaces/libseastar_interfaces__rosidl_generator_py.so
[3.397s] -- Up-to-date symlink: /home/seastar/steve_summer_seastar_ws/install/seastar_interfaces/local/lib/python3.10/dist-packages/seastar_interfaces/msg/__init__.py
[3.397s] -- Up-to-date symlink: /home/seastar/steve_summer_seastar_ws/install/seastar_interfaces/local/lib/python3.10/dist-packages/seastar_interfaces/msg/_desired_pointing.py
[3.398s] -- Up-to-date symlink: /home/seastar/steve_summer_seastar_ws/install/seastar_interfaces/local/lib/python3.10/dist-packages/seastar_interfaces/msg/_desired_pointing_s.c
[3.399s] -- Up-to-date symlink: /home/seastar/steve_summer_seastar_ws/install/seastar_interfaces/local/lib/python3.10/dist-packages/seastar_interfaces/msg/_motor_command.py
[3.399s] -- Up-to-date symlink: /home/seastar/steve_summer_seastar_ws/install/seastar_interfaces/local/lib/python3.10/dist-packages/seastar_interfaces/msg/_motor_command_s.c
[3.400s] -- Up-to-date symlink: /home/seastar/steve_summer_seastar_ws/install/seastar_interfaces/local/lib/python3.10/dist-packages/seastar_interfaces/msg/_sky_ephemeris.py
[3.401s] -- Up-to-date symlink: /home/seastar/steve_summer_seastar_ws/install/seastar_interfaces/local/lib/python3.10/dist-packages/seastar_interfaces/msg/_sky_ephemeris_s.c
[3.401s] -- Up-to-date symlink: /home/seastar/steve_summer_seastar_ws/install/seastar_interfaces/local/lib/python3.10/dist-packages/seastar_interfaces/msg/_sky_scan_offset_angles.py
[3.402s] -- Up-to-date symlink: /home/seastar/steve_summer_seastar_ws/install/seastar_interfaces/local/lib/python3.10/dist-packages/seastar_interfaces/msg/_sky_scan_offset_angles_s.c
[3.403s] -- Up-to-date symlink: /home/seastar/steve_summer_seastar_ws/install/seastar_interfaces/local/lib/python3.10/dist-packages/seastar_interfaces/msg/_sky_scan_pointing_angles.py
[3.404s] -- Up-to-date symlink: /home/seastar/steve_summer_seastar_ws/install/seastar_interfaces/local/lib/python3.10/dist-packages/seastar_interfaces/msg/_sky_scan_pointing_angles_s.c
[3.404s] -- Up-to-date symlink: /home/seastar/steve_summer_seastar_ws/install/seastar_interfaces/local/lib/python3.10/dist-packages/seastar_interfaces/seastar_interfaces_s__rosidl_typesupport_c.cpython-310-x86_64-linux-gnu.so
[3.405s] -- Up-to-date symlink: /home/seastar/steve_summer_seastar_ws/install/seastar_interfaces/local/lib/python3.10/dist-packages/seastar_interfaces/seastar_interfaces_s__rosidl_typesupport_fastrtps_c.cpython-310-x86_64-linux-gnu.so
[3.406s] -- Up-to-date symlink: /home/seastar/steve_summer_seastar_ws/install/seastar_interfaces/local/lib/python3.10/dist-packages/seastar_interfaces/seastar_interfaces_s__rosidl_typesupport_introspection_c.cpython-310-x86_64-linux-gnu.so
[3.407s] -- Up-to-date symlink: /home/seastar/steve_summer_seastar_ws/install/seastar_interfaces/local/lib/python3.10/dist-packages/seastar_interfaces/srv/__init__.py
[3.407s] -- Up-to-date symlink: /home/seastar/steve_summer_seastar_ws/install/seastar_interfaces/local/lib/python3.10/dist-packages/seastar_interfaces/srv/_point_motors.py
[3.408s] -- Up-to-date symlink: /home/seastar/steve_summer_seastar_ws/install/seastar_interfaces/local/lib/python3.10/dist-packages/seastar_interfaces/srv/_point_motors_s.c
[3.409s] -- Up-to-date symlink: /home/seastar/steve_summer_seastar_ws/install/seastar_interfaces/local/lib/python3.10/dist-packages/seastar_interfaces/seastar_interfaces_s__rosidl_typesupport_fastrtps_c.cpython-310-x86_64-linux-gnu.so
[3.410s] -- Up-to-date symlink: /home/seastar/steve_summer_seastar_ws/install/seastar_interfaces/local/lib/python3.10/dist-packages/seastar_interfaces/seastar_interfaces_s__rosidl_typesupport_introspection_c.cpython-310-x86_64-linux-gnu.so
[3.411s] -- Up-to-date symlink: /home/seastar/steve_summer_seastar_ws/install/seastar_interfaces/local/lib/python3.10/dist-packages/seastar_interfaces/seastar_interfaces_s__rosidl_typesupport_c.cpython-310-x86_64-linux-gnu.so
[3.412s] -- Up-to-date symlink: /home/seastar/steve_summer_seastar_ws/install/seastar_interfaces/share/seastar_interfaces/msg/SkyEphemeris.idl
[3.414s] -- Up-to-date symlink: /home/seastar/steve_summer_seastar_ws/install/seastar_interfaces/share/seastar_interfaces/msg/SkyScanOffsetAngles.idl
[3.416s] -- Up-to-date symlink: /home/seastar/steve_summer_seastar_ws/install/seastar_interfaces/share/seastar_interfaces/msg/SkyScanPointingAngles.idl
[3.418s] -- Up-to-date symlink: /home/seastar/steve_summer_seastar_ws/install/seastar_interfaces/share/seastar_interfaces/msg/DesiredPointing.idl
[3.420s] -- Up-to-date symlink: /home/seastar/steve_summer_seastar_ws/install/seastar_interfaces/share/seastar_interfaces/msg/MotorCommand.idl
[3.422s] -- Up-to-date symlink: /home/seastar/steve_summer_seastar_ws/install/seastar_interfaces/share/seastar_interfaces/srv/PointMotors.idl
[3.424s] -- Up-to-date symlink: /home/seastar/steve_summer_seastar_ws/install/seastar_interfaces/share/seastar_interfaces/msg/SkyEphemeris.msg
[3.426s] -- Up-to-date symlink: /home/seastar/steve_summer_seastar_ws/install/seastar_interfaces/share/seastar_interfaces/msg/SkyScanOffsetAngles.msg
[3.429s] -- Up-to-date symlink: /home/seastar/steve_summer_seastar_ws/install/seastar_interfaces/share/seastar_interfaces/msg/SkyScanPointingAngles.msg
[3.429s] -- Up-to-date symlink: /home/seastar/steve_summer_seastar_ws/install/seastar_interfaces/share/seastar_interfaces/msg/DesiredPointing.msg
[3.429s] -- Up-to-date symlink: /home/seastar/steve_summer_seastar_ws/install/seastar_interfaces/share/seastar_interfaces/msg/MotorCommand.msg
[3.430s] -- Up-to-date symlink: /home/seastar/steve_summer_seastar_ws/install/seastar_interfaces/share/seastar_interfaces/srv/PointMotors.srv
[3.431s] -- Up-to-date symlink: /home/seastar/steve_summer_seastar_ws/install/seastar_interfaces/share/seastar_interfaces/srv/PointMotors_Request.msg
[3.432s] -- Up-to-date symlink: /home/seastar/steve_summer_seastar_ws/install/seastar_interfaces/share/seastar_interfaces/srv/PointMotors_Response.msg
[3.433s] -- Up-to-date symlink: /home/seastar/steve_summer_seastar_ws/install/seastar_interfaces/share/ament_index/resource_index/package_run_dependencies/seastar_interfaces
[3.434s] -- Up-to-date symlink: /home/seastar/steve_summer_seastar_ws/install/seastar_interfaces/share/ament_index/resource_index/parent_prefix_path/seastar_interfaces
[3.435s] -- Up-to-date symlink: /home/seastar/steve_summer_seastar_ws/install/seastar_interfaces/share/seastar_interfaces/environment/ament_prefix_path.sh
[3.435s] -- Up-to-date symlink: /home/seastar/steve_summer_seastar_ws/install/seastar_interfaces/share/seastar_interfaces/environment/ament_prefix_path.dsv
[3.436s] -- Up-to-date symlink: /home/seastar/steve_summer_seastar_ws/install/seastar_interfaces/share/seastar_interfaces/environment/path.sh
[3.436s] -- Up-to-date symlink: /home/seastar/steve_summer_seastar_ws/install/seastar_interfaces/share/seastar_interfaces/environment/path.dsv
[3.437s] -- Up-to-date symlink: /home/seastar/steve_summer_seastar_ws/install/seastar_interfaces/share/seastar_interfaces/local_setup.bash
[3.437s] -- Up-to-date symlink: /home/seastar/steve_summer_seastar_ws/install/seastar_interfaces/share/seastar_interfaces/local_setup.sh
[3.438s] -- Up-to-date symlink: /home/seastar/steve_summer_seastar_ws/install/seastar_interfaces/share/seastar_interfaces/local_setup.zsh
[3.438s] -- Up-to-date symlink: /home/seastar/steve_summer_seastar_ws/install/seastar_interfaces/share/seastar_interfaces/local_setup.dsv
[3.438s] -- Symlinking: /home/seastar/steve_summer_seastar_ws/install/seastar_interfaces/share/seastar_interfaces/package.dsv
[3.445s] -- Up-to-date symlink: /home/seastar/steve_summer_seastar_ws/install/seastar_interfaces/share/ament_index/resource_index/packages/seastar_interfaces
[3.446s] -- Up-to-date symlink: /home/seastar/steve_summer_seastar_ws/install/seastar_interfaces/share/seastar_interfaces/cmake/rosidl_cmake-extras.cmake
[3.447s] -- Up-to-date symlink: /home/seastar/steve_summer_seastar_ws/install/seastar_interfaces/share/seastar_interfaces/cmake/ament_cmake_export_include_directories-extras.cmake
[3.447s] -- Up-to-date symlink: /home/seastar/steve_summer_seastar_ws/install/seastar_interfaces/share/seastar_interfaces/cmake/ament_cmake_export_libraries-extras.cmake
[3.448s] -- Up-to-date symlink: /home/seastar/steve_summer_seastar_ws/install/seastar_interfaces/share/seastar_interfaces/cmake/ament_cmake_export_targets-extras.cmake
[3.448s] -- Up-to-date symlink: /home/seastar/steve_summer_seastar_ws/install/seastar_interfaces/share/seastar_interfaces/cmake/rosidl_cmake_export_typesupport_targets-extras.cmake
[3.449s] -- Up-to-date symlink: /home/seastar/steve_summer_seastar_ws/install/seastar_interfaces/share/seastar_interfaces/cmake/ament_cmake_export_dependencies-extras.cmake
[3.449s] -- Up-to-date symlink: /home/seastar/steve_summer_seastar_ws/install/seastar_interfaces/share/seastar_interfaces/cmake/rosidl_cmake_export_typesupport_libraries-extras.cmake
[3.450s] -- Up-to-date symlink: /home/seastar/steve_summer_seastar_ws/install/seastar_interfaces/share/seastar_interfaces/cmake/seastar_interfacesConfig.cmake
[3.450s] -- Up-to-date symlink: /home/seastar/steve_summer_seastar_ws/install/seastar_interfaces/share/seastar_interfaces/cmake/seastar_interfacesConfig-version.cmake
[3.451s] -- Up-to-date symlink: /home/seastar/steve_summer_seastar_ws/install/seastar_interfaces/share/seastar_interfaces/package.xml
[3.452s] -- Up-to-date: /home/seastar/steve_summer_seastar_ws/install/seastar_interfaces/lib/libseastar_interfaces__rosidl_generator_c.so
[3.453s] -- Up-to-date: /home/seastar/steve_summer_seastar_ws/install/seastar_interfaces/lib/libseastar_interfaces__rosidl_typesupport_fastrtps_c.so
[3.454s] -- Up-to-date: /home/seastar/steve_summer_seastar_ws/install/seastar_interfaces/lib/libseastar_interfaces__rosidl_typesupport_introspection_c.so
[3.455s] -- Up-to-date: /home/seastar/steve_summer_seastar_ws/install/seastar_interfaces/lib/libseastar_interfaces__rosidl_typesupport_c.so
[3.457s] -- Up-to-date: /home/seastar/steve_summer_seastar_ws/install/seastar_interfaces/lib/libseastar_interfaces__rosidl_typesupport_fastrtps_cpp.so
[3.459s] -- Up-to-date: /home/seastar/steve_summer_seastar_ws/install/seastar_interfaces/lib/libseastar_interfaces__rosidl_typesupport_introspection_cpp.so
[3.460s] -- Up-to-date: /home/seastar/steve_summer_seastar_ws/install/seastar_interfaces/lib/libseastar_interfaces__rosidl_typesupport_cpp.so
[3.520s] Listing '/home/seastar/steve_summer_seastar_ws/install/seastar_interfaces/local/lib/python3.10/dist-packages/seastar_interfaces'...
[3.520s] Listing '/home/seastar/steve_summer_seastar_ws/install/seastar_interfaces/local/lib/python3.10/dist-packages/seastar_interfaces/msg'...
[3.520s] Listing '/home/seastar/steve_summer_seastar_ws/install/seastar_interfaces/local/lib/python3.10/dist-packages/seastar_interfaces/srv'...
[3.532s] -- Up-to-date: /home/seastar/steve_summer_seastar_ws/install/seastar_interfaces/lib/libseastar_interfaces__rosidl_generator_py.so
[3.533s] -- Up-to-date: /home/seastar/steve_summer_seastar_ws/install/seastar_interfaces/share/seastar_interfaces/cmake/export_seastar_interfaces__rosidl_generator_cExport.cmake
[3.533s] -- Up-to-date: /home/seastar/steve_summer_seastar_ws/install/seastar_interfaces/share/seastar_interfaces/cmake/export_seastar_interfaces__rosidl_generator_cExport-noconfig.cmake
[3.534s] -- Up-to-date: /home/seastar/steve_summer_seastar_ws/install/seastar_interfaces/share/seastar_interfaces/cmake/export_seastar_interfaces__rosidl_typesupport_fastrtps_cExport.cmake
[3.534s] -- Up-to-date: /home/seastar/steve_summer_seastar_ws/install/seastar_interfaces/share/seastar_interfaces/cmake/export_seastar_interfaces__rosidl_typesupport_fastrtps_cExport-noconfig.cmake
[3.535s] -- Up-to-date: /home/seastar/steve_summer_seastar_ws/install/seastar_interfaces/share/seastar_interfaces/cmake/seastar_interfaces__rosidl_typesupport_introspection_cExport.cmake
[3.535s] -- Up-to-date: /home/seastar/steve_summer_seastar_ws/install/seastar_interfaces/share/seastar_interfaces/cmake/seastar_interfaces__rosidl_typesupport_introspection_cExport-noconfig.cmake
[3.536s] -- Up-to-date: /home/seastar/steve_summer_seastar_ws/install/seastar_interfaces/share/seastar_interfaces/cmake/seastar_interfaces__rosidl_typesupport_cExport.cmake
[3.537s] -- Up-to-date: /home/seastar/steve_summer_seastar_ws/install/seastar_interfaces/share/seastar_interfaces/cmake/seastar_interfaces__rosidl_typesupport_cExport-noconfig.cmake
[3.538s] -- Up-to-date: /home/seastar/steve_summer_seastar_ws/install/seastar_interfaces/share/seastar_interfaces/cmake/export_seastar_interfaces__rosidl_generator_cppExport.cmake
[3.538s] -- Up-to-date: /home/seastar/steve_summer_seastar_ws/install/seastar_interfaces/share/seastar_interfaces/cmake/export_seastar_interfaces__rosidl_typesupport_fastrtps_cppExport.cmake
[3.539s] -- Up-to-date: /home/seastar/steve_summer_seastar_ws/install/seastar_interfaces/share/seastar_interfaces/cmake/export_seastar_interfaces__rosidl_typesupport_fastrtps_cppExport-noconfig.cmake
[3.540s] -- Up-to-date: /home/seastar/steve_summer_seastar_ws/install/seastar_interfaces/share/seastar_interfaces/cmake/seastar_interfaces__rosidl_typesupport_introspection_cppExport.cmake
[3.540s] -- Up-to-date: /home/seastar/steve_summer_seastar_ws/install/seastar_interfaces/share/seastar_interfaces/cmake/seastar_interfaces__rosidl_typesupport_introspection_cppExport-noconfig.cmake
[3.541s] -- Up-to-date: /home/seastar/steve_summer_seastar_ws/install/seastar_interfaces/share/seastar_interfaces/cmake/seastar_interfaces__rosidl_typesupport_cppExport.cmake
[3.541s] -- Up-to-date: /home/seastar/steve_summer_seastar_ws/install/seastar_interfaces/share/seastar_interfaces/cmake/seastar_interfaces__rosidl_typesupport_cppExport-noconfig.cmake
[3.543s] -- Up-to-date: /home/seastar/steve_summer_seastar_ws/install/seastar_interfaces/share/seastar_interfaces/cmake/export_seastar_interfaces__rosidl_generator_pyExport.cmake
[3.544s] -- Up-to-date: /home/seastar/steve_summer_seastar_ws/install/seastar_interfaces/share/seastar_interfaces/cmake/export_seastar_interfaces__rosidl_generator_pyExport-noconfig.cmake
[3.566s] Invoked command in '/home/seastar/steve_summer_seastar_ws/build/seastar_interfaces' returned '0': CMAKE_PREFIX_PATH=/opt/ros/humble /home/seastar/.local/bin/cmake --install /home/seastar/steve_summer_seastar_ws/build/seastar_interfaces
