[0.535s] DEBUG:colcon:Command line arguments: ['/usr/bin/colcon', 'build', '--symlink-install']
[0.535s] DEBUG:colcon:Parsed command line arguments: Namespace(log_base=None, log_level=None, verb_name='build', build_base='build', install_base='install', merge_install=False, symlink_install=True, test_result_base=None, continue_on_error=False, executor='parallel', parallel_workers=4, event_handlers=None, ignore_user_meta=False, metas=['./colcon.meta'], base_paths=['.'], packages_ignore=None, packages_ignore_regex=None, paths=None, packages_up_to=None, packages_up_to_regex=None, packages_above=None, packages_above_and_dependencies=None, packages_above_depth=None, packages_select_by_dep=None, packages_skip_by_dep=None, packages_skip_up_to=None, packages_select_build_failed=False, packages_skip_build_finished=False, packages_select_test_failures=False, packages_skip_test_passed=False, packages_select=None, packages_skip=None, packages_select_regex=None, packages_skip_regex=None, packages_start=None, packages_end=None, allow_overriding=[], cmake_args=None, cmake_target=None, cmake_target_skip_unavailable=False, cmake_clean_cache=False, cmake_clean_first=False, cmake_force_configure=False, ament_cmake_args=None, catkin_cmake_args=None, catkin_skip_building_tests=False, mixin_files=None, mixin=None, verb_parser=<colcon_mixin.mixin.mixin_argument.MixinArgumentDecorator object at 0x7f0769951510>, verb_extension=<colcon_core.verb.build.BuildVerb object at 0x7f0769b87b20>, main=<bound method BuildVerb.main of <colcon_core.verb.build.BuildVerb object at 0x7f0769b87b20>>, mixin_verb=('build',))
[0.564s] Level 1:colcon.colcon_core.package_discovery:discover_packages(colcon_meta) check parameters
[0.564s] Level 1:colcon.colcon_core.package_discovery:discover_packages(recursive) check parameters
[0.564s] Level 1:colcon.colcon_core.package_discovery:discover_packages(ignore) check parameters
[0.564s] Level 1:colcon.colcon_core.package_discovery:discover_packages(path) check parameters
[0.564s] Level 1:colcon.colcon_core.package_discovery:discover_packages(colcon_meta) discover
[0.564s] Level 1:colcon.colcon_core.package_discovery:discover_packages(recursive) discover
[0.564s] INFO:colcon.colcon_core.package_discovery:Crawling recursively for packages in '/home/seastar/steve_summer_seastar_ws'
[0.564s] Level 1:colcon.colcon_core.package_identification:_identify(.) by extensions ['ignore', 'ignore_ament_install']
[0.564s] Level 1:colcon.colcon_core.package_identification:_identify(.) by extension 'ignore'
[0.564s] Level 1:colcon.colcon_core.package_identification:_identify(.) by extension 'ignore_ament_install'
[0.564s] Level 1:colcon.colcon_core.package_identification:_identify(.) by extensions ['colcon_pkg']
[0.564s] Level 1:colcon.colcon_core.package_identification:_identify(.) by extension 'colcon_pkg'
[0.564s] Level 1:colcon.colcon_core.package_identification:_identify(.) by extensions ['colcon_meta']
[0.564s] Level 1:colcon.colcon_core.package_identification:_identify(.) by extension 'colcon_meta'
[0.564s] Level 1:colcon.colcon_core.package_identification:_identify(.) by extensions ['ros']
[0.564s] Level 1:colcon.colcon_core.package_identification:_identify(.) by extension 'ros'
[0.576s] Level 1:colcon.colcon_core.package_identification:_identify(.) by extensions ['cmake', 'python']
[0.576s] Level 1:colcon.colcon_core.package_identification:_identify(.) by extension 'cmake'
[0.576s] Level 1:colcon.colcon_core.package_identification:_identify(.) by extension 'python'
[0.576s] Level 1:colcon.colcon_core.package_identification:_identify(.) by extensions ['python_setup_py']
[0.576s] Level 1:colcon.colcon_core.package_identification:_identify(.) by extension 'python_setup_py'
[0.576s] Level 1:colcon.colcon_core.package_identification:_identify(build) by extensions ['ignore', 'ignore_ament_install']
[0.576s] Level 1:colcon.colcon_core.package_identification:_identify(build) by extension 'ignore'
[0.576s] Level 1:colcon.colcon_core.package_identification:_identify(build) ignored
[0.576s] Level 1:colcon.colcon_core.package_identification:_identify(documentation) by extensions ['ignore', 'ignore_ament_install']
[0.576s] Level 1:colcon.colcon_core.package_identification:_identify(documentation) by extension 'ignore'
[0.576s] Level 1:colcon.colcon_core.package_identification:_identify(documentation) by extension 'ignore_ament_install'
[0.577s] Level 1:colcon.colcon_core.package_identification:_identify(documentation) by extensions ['colcon_pkg']
[0.577s] Level 1:colcon.colcon_core.package_identification:_identify(documentation) by extension 'colcon_pkg'
[0.577s] Level 1:colcon.colcon_core.package_identification:_identify(documentation) by extensions ['colcon_meta']
[0.577s] Level 1:colcon.colcon_core.package_identification:_identify(documentation) by extension 'colcon_meta'
[0.577s] Level 1:colcon.colcon_core.package_identification:_identify(documentation) by extensions ['ros']
[0.577s] Level 1:colcon.colcon_core.package_identification:_identify(documentation) by extension 'ros'
[0.577s] Level 1:colcon.colcon_core.package_identification:_identify(documentation) by extensions ['cmake', 'python']
[0.577s] Level 1:colcon.colcon_core.package_identification:_identify(documentation) by extension 'cmake'
[0.577s] Level 1:colcon.colcon_core.package_identification:_identify(documentation) by extension 'python'
[0.577s] Level 1:colcon.colcon_core.package_identification:_identify(documentation) by extensions ['python_setup_py']
[0.577s] Level 1:colcon.colcon_core.package_identification:_identify(documentation) by extension 'python_setup_py'
[0.577s] Level 1:colcon.colcon_core.package_identification:_identify(documentation/docs) by extensions ['ignore', 'ignore_ament_install']
[0.577s] Level 1:colcon.colcon_core.package_identification:_identify(documentation/docs) by extension 'ignore'
[0.577s] Level 1:colcon.colcon_core.package_identification:_identify(documentation/docs) by extension 'ignore_ament_install'
[0.577s] Level 1:colcon.colcon_core.package_identification:_identify(documentation/docs) by extensions ['colcon_pkg']
[0.577s] Level 1:colcon.colcon_core.package_identification:_identify(documentation/docs) by extension 'colcon_pkg'
[0.577s] Level 1:colcon.colcon_core.package_identification:_identify(documentation/docs) by extensions ['colcon_meta']
[0.577s] Level 1:colcon.colcon_core.package_identification:_identify(documentation/docs) by extension 'colcon_meta'
[0.577s] Level 1:colcon.colcon_core.package_identification:_identify(documentation/docs) by extensions ['ros']
[0.577s] Level 1:colcon.colcon_core.package_identification:_identify(documentation/docs) by extension 'ros'
[0.578s] Level 1:colcon.colcon_core.package_identification:_identify(documentation/docs) by extensions ['cmake', 'python']
[0.578s] Level 1:colcon.colcon_core.package_identification:_identify(documentation/docs) by extension 'cmake'
[0.578s] Level 1:colcon.colcon_core.package_identification:_identify(documentation/docs) by extension 'python'
[0.578s] Level 1:colcon.colcon_core.package_identification:_identify(documentation/docs) by extensions ['python_setup_py']
[0.578s] Level 1:colcon.colcon_core.package_identification:_identify(documentation/docs) by extension 'python_setup_py'
[0.578s] Level 1:colcon.colcon_core.package_identification:_identify(img) by extensions ['ignore', 'ignore_ament_install']
[0.578s] Level 1:colcon.colcon_core.package_identification:_identify(img) by extension 'ignore'
[0.578s] Level 1:colcon.colcon_core.package_identification:_identify(img) by extension 'ignore_ament_install'
[0.578s] Level 1:colcon.colcon_core.package_identification:_identify(img) by extensions ['colcon_pkg']
[0.578s] Level 1:colcon.colcon_core.package_identification:_identify(img) by extension 'colcon_pkg'
[0.578s] Level 1:colcon.colcon_core.package_identification:_identify(img) by extensions ['colcon_meta']
[0.578s] Level 1:colcon.colcon_core.package_identification:_identify(img) by extension 'colcon_meta'
[0.578s] Level 1:colcon.colcon_core.package_identification:_identify(img) by extensions ['ros']
[0.578s] Level 1:colcon.colcon_core.package_identification:_identify(img) by extension 'ros'
[0.578s] Level 1:colcon.colcon_core.package_identification:_identify(img) by extensions ['cmake', 'python']
[0.578s] Level 1:colcon.colcon_core.package_identification:_identify(img) by extension 'cmake'
[0.578s] Level 1:colcon.colcon_core.package_identification:_identify(img) by extension 'python'
[0.578s] Level 1:colcon.colcon_core.package_identification:_identify(img) by extensions ['python_setup_py']
[0.578s] Level 1:colcon.colcon_core.package_identification:_identify(img) by extension 'python_setup_py'
[0.578s] Level 1:colcon.colcon_core.package_identification:_identify(install) by extensions ['ignore', 'ignore_ament_install']
[0.579s] Level 1:colcon.colcon_core.package_identification:_identify(install) by extension 'ignore'
[0.579s] Level 1:colcon.colcon_core.package_identification:_identify(install) ignored
[0.579s] Level 1:colcon.colcon_core.package_identification:_identify(launch) by extensions ['ignore', 'ignore_ament_install']
[0.579s] Level 1:colcon.colcon_core.package_identification:_identify(launch) by extension 'ignore'
[0.579s] Level 1:colcon.colcon_core.package_identification:_identify(launch) by extension 'ignore_ament_install'
[0.579s] Level 1:colcon.colcon_core.package_identification:_identify(launch) by extensions ['colcon_pkg']
[0.579s] Level 1:colcon.colcon_core.package_identification:_identify(launch) by extension 'colcon_pkg'
[0.579s] Level 1:colcon.colcon_core.package_identification:_identify(launch) by extensions ['colcon_meta']
[0.579s] Level 1:colcon.colcon_core.package_identification:_identify(launch) by extension 'colcon_meta'
[0.579s] Level 1:colcon.colcon_core.package_identification:_identify(launch) by extensions ['ros']
[0.579s] Level 1:colcon.colcon_core.package_identification:_identify(launch) by extension 'ros'
[0.579s] Level 1:colcon.colcon_core.package_identification:_identify(launch) by extensions ['cmake', 'python']
[0.579s] Level 1:colcon.colcon_core.package_identification:_identify(launch) by extension 'cmake'
[0.579s] Level 1:colcon.colcon_core.package_identification:_identify(launch) by extension 'python'
[0.579s] Level 1:colcon.colcon_core.package_identification:_identify(launch) by extensions ['python_setup_py']
[0.579s] Level 1:colcon.colcon_core.package_identification:_identify(launch) by extension 'python_setup_py'
[0.580s] Level 1:colcon.colcon_core.package_identification:_identify(log) by extensions ['ignore', 'ignore_ament_install']
[0.580s] Level 1:colcon.colcon_core.package_identification:_identify(log) by extension 'ignore'
[0.580s] Level 1:colcon.colcon_core.package_identification:_identify(log) ignored
[0.580s] Level 1:colcon.colcon_core.package_identification:_identify(logs) by extensions ['ignore', 'ignore_ament_install']
[0.580s] Level 1:colcon.colcon_core.package_identification:_identify(logs) by extension 'ignore'
[0.580s] Level 1:colcon.colcon_core.package_identification:_identify(logs) by extension 'ignore_ament_install'
[0.580s] Level 1:colcon.colcon_core.package_identification:_identify(logs) by extensions ['colcon_pkg']
[0.580s] Level 1:colcon.colcon_core.package_identification:_identify(logs) by extension 'colcon_pkg'
[0.580s] Level 1:colcon.colcon_core.package_identification:_identify(logs) by extensions ['colcon_meta']
[0.580s] Level 1:colcon.colcon_core.package_identification:_identify(logs) by extension 'colcon_meta'
[0.580s] Level 1:colcon.colcon_core.package_identification:_identify(logs) by extensions ['ros']
[0.580s] Level 1:colcon.colcon_core.package_identification:_identify(logs) by extension 'ros'
[0.580s] Level 1:colcon.colcon_core.package_identification:_identify(logs) by extensions ['cmake', 'python']
[0.580s] Level 1:colcon.colcon_core.package_identification:_identify(logs) by extension 'cmake'
[0.580s] Level 1:colcon.colcon_core.package_identification:_identify(logs) by extension 'python'
[0.580s] Level 1:colcon.colcon_core.package_identification:_identify(logs) by extensions ['python_setup_py']
[0.580s] Level 1:colcon.colcon_core.package_identification:_identify(logs) by extension 'python_setup_py'
[0.580s] Level 1:colcon.colcon_core.package_identification:_identify(recipes) by extensions ['ignore', 'ignore_ament_install']
[0.581s] Level 1:colcon.colcon_core.package_identification:_identify(recipes) by extension 'ignore'
[0.581s] Level 1:colcon.colcon_core.package_identification:_identify(recipes) by extension 'ignore_ament_install'
[0.581s] Level 1:colcon.colcon_core.package_identification:_identify(recipes) by extensions ['colcon_pkg']
[0.581s] Level 1:colcon.colcon_core.package_identification:_identify(recipes) by extension 'colcon_pkg'
[0.581s] Level 1:colcon.colcon_core.package_identification:_identify(recipes) by extensions ['colcon_meta']
[0.581s] Level 1:colcon.colcon_core.package_identification:_identify(recipes) by extension 'colcon_meta'
[0.581s] Level 1:colcon.colcon_core.package_identification:_identify(recipes) by extensions ['ros']
[0.581s] Level 1:colcon.colcon_core.package_identification:_identify(recipes) by extension 'ros'
[0.581s] Level 1:colcon.colcon_core.package_identification:_identify(recipes) by extensions ['cmake', 'python']
[0.581s] Level 1:colcon.colcon_core.package_identification:_identify(recipes) by extension 'cmake'
[0.581s] Level 1:colcon.colcon_core.package_identification:_identify(recipes) by extension 'python'
[0.581s] Level 1:colcon.colcon_core.package_identification:_identify(recipes) by extensions ['python_setup_py']
[0.581s] Level 1:colcon.colcon_core.package_identification:_identify(recipes) by extension 'python_setup_py'
[0.581s] Level 1:colcon.colcon_core.package_identification:_identify(settings) by extensions ['ignore', 'ignore_ament_install']
[0.581s] Level 1:colcon.colcon_core.package_identification:_identify(settings) by extension 'ignore'
[0.581s] Level 1:colcon.colcon_core.package_identification:_identify(settings) by extension 'ignore_ament_install'
[0.581s] Level 1:colcon.colcon_core.package_identification:_identify(settings) by extensions ['colcon_pkg']
[0.581s] Level 1:colcon.colcon_core.package_identification:_identify(settings) by extension 'colcon_pkg'
[0.581s] Level 1:colcon.colcon_core.package_identification:_identify(settings) by extensions ['colcon_meta']
[0.581s] Level 1:colcon.colcon_core.package_identification:_identify(settings) by extension 'colcon_meta'
[0.581s] Level 1:colcon.colcon_core.package_identification:_identify(settings) by extensions ['ros']
[0.581s] Level 1:colcon.colcon_core.package_identification:_identify(settings) by extension 'ros'
[0.582s] Level 1:colcon.colcon_core.package_identification:_identify(settings) by extensions ['cmake', 'python']
[0.582s] Level 1:colcon.colcon_core.package_identification:_identify(settings) by extension 'cmake'
[0.582s] Level 1:colcon.colcon_core.package_identification:_identify(settings) by extension 'python'
[0.582s] Level 1:colcon.colcon_core.package_identification:_identify(settings) by extensions ['python_setup_py']
[0.582s] Level 1:colcon.colcon_core.package_identification:_identify(settings) by extension 'python_setup_py'
[0.582s] Level 1:colcon.colcon_core.package_identification:_identify(src) by extensions ['ignore', 'ignore_ament_install']
[0.582s] Level 1:colcon.colcon_core.package_identification:_identify(src) by extension 'ignore'
[0.582s] Level 1:colcon.colcon_core.package_identification:_identify(src) by extension 'ignore_ament_install'
[0.582s] Level 1:colcon.colcon_core.package_identification:_identify(src) by extensions ['colcon_pkg']
[0.582s] Level 1:colcon.colcon_core.package_identification:_identify(src) by extension 'colcon_pkg'
[0.582s] Level 1:colcon.colcon_core.package_identification:_identify(src) by extensions ['colcon_meta']
[0.582s] Level 1:colcon.colcon_core.package_identification:_identify(src) by extension 'colcon_meta'
[0.582s] Level 1:colcon.colcon_core.package_identification:_identify(src) by extensions ['ros']
[0.582s] Level 1:colcon.colcon_core.package_identification:_identify(src) by extension 'ros'
[0.582s] Level 1:colcon.colcon_core.package_identification:_identify(src) by extensions ['cmake', 'python']
[0.582s] Level 1:colcon.colcon_core.package_identification:_identify(src) by extension 'cmake'
[0.582s] Level 1:colcon.colcon_core.package_identification:_identify(src) by extension 'python'
[0.582s] Level 1:colcon.colcon_core.package_identification:_identify(src) by extensions ['python_setup_py']
[0.582s] Level 1:colcon.colcon_core.package_identification:_identify(src) by extension 'python_setup_py'
[0.582s] Level 1:colcon.colcon_core.package_identification:_identify(src/bluespace_ai_xsens_ros_mti_driver) by extensions ['ignore', 'ignore_ament_install']
[0.583s] Level 1:colcon.colcon_core.package_identification:_identify(src/bluespace_ai_xsens_ros_mti_driver) by extension 'ignore'
[0.583s] Level 1:colcon.colcon_core.package_identification:_identify(src/bluespace_ai_xsens_ros_mti_driver) by extension 'ignore_ament_install'
[0.583s] Level 1:colcon.colcon_core.package_identification:_identify(src/bluespace_ai_xsens_ros_mti_driver) by extensions ['colcon_pkg']
[0.583s] Level 1:colcon.colcon_core.package_identification:_identify(src/bluespace_ai_xsens_ros_mti_driver) by extension 'colcon_pkg'
[0.583s] Level 1:colcon.colcon_core.package_identification:_identify(src/bluespace_ai_xsens_ros_mti_driver) by extensions ['colcon_meta']
[0.583s] Level 1:colcon.colcon_core.package_identification:_identify(src/bluespace_ai_xsens_ros_mti_driver) by extension 'colcon_meta'
[0.583s] Level 1:colcon.colcon_core.package_identification:_identify(src/bluespace_ai_xsens_ros_mti_driver) by extensions ['ros']
[0.583s] Level 1:colcon.colcon_core.package_identification:_identify(src/bluespace_ai_xsens_ros_mti_driver) by extension 'ros'
[0.585s] DEBUG:colcon.colcon_core.package_identification:Package 'src/bluespace_ai_xsens_ros_mti_driver' with type 'ros.ament_cmake' and name 'bluespace_ai_xsens_mti_driver'
[0.585s] Level 1:colcon.colcon_core.package_identification:_identify(src/hamburger_helper) by extensions ['ignore', 'ignore_ament_install']
[0.586s] Level 1:colcon.colcon_core.package_identification:_identify(src/hamburger_helper) by extension 'ignore'
[0.586s] Level 1:colcon.colcon_core.package_identification:_identify(src/hamburger_helper) by extension 'ignore_ament_install'
[0.586s] Level 1:colcon.colcon_core.package_identification:_identify(src/hamburger_helper) by extensions ['colcon_pkg']
[0.586s] Level 1:colcon.colcon_core.package_identification:_identify(src/hamburger_helper) by extension 'colcon_pkg'
[0.586s] Level 1:colcon.colcon_core.package_identification:_identify(src/hamburger_helper) by extensions ['colcon_meta']
[0.586s] Level 1:colcon.colcon_core.package_identification:_identify(src/hamburger_helper) by extension 'colcon_meta'
[0.586s] Level 1:colcon.colcon_core.package_identification:_identify(src/hamburger_helper) by extensions ['ros']
[0.586s] Level 1:colcon.colcon_core.package_identification:_identify(src/hamburger_helper) by extension 'ros'
[0.586s] DEBUG:colcon.colcon_core.package_identification:Package 'src/hamburger_helper' with type 'ros.ament_python' and name 'hamburger_helper'
[0.587s] Level 1:colcon.colcon_core.package_identification:_identify(src/head_chef) by extensions ['ignore', 'ignore_ament_install']
[0.587s] Level 1:colcon.colcon_core.package_identification:_identify(src/head_chef) by extension 'ignore'
[0.587s] Level 1:colcon.colcon_core.package_identification:_identify(src/head_chef) by extension 'ignore_ament_install'
[0.587s] Level 1:colcon.colcon_core.package_identification:_identify(src/head_chef) by extensions ['colcon_pkg']
[0.587s] Level 1:colcon.colcon_core.package_identification:_identify(src/head_chef) by extension 'colcon_pkg'
[0.587s] Level 1:colcon.colcon_core.package_identification:_identify(src/head_chef) by extensions ['colcon_meta']
[0.587s] Level 1:colcon.colcon_core.package_identification:_identify(src/head_chef) by extension 'colcon_meta'
[0.587s] Level 1:colcon.colcon_core.package_identification:_identify(src/head_chef) by extensions ['ros']
[0.587s] Level 1:colcon.colcon_core.package_identification:_identify(src/head_chef) by extension 'ros'
[0.588s] DEBUG:colcon.colcon_core.package_identification:Package 'src/head_chef' with type 'ros.ament_cmake' and name 'head_chef'
[0.588s] Level 1:colcon.colcon_core.package_identification:_identify(src/ik_solver) by extensions ['ignore', 'ignore_ament_install']
[0.588s] Level 1:colcon.colcon_core.package_identification:_identify(src/ik_solver) by extension 'ignore'
[0.588s] Level 1:colcon.colcon_core.package_identification:_identify(src/ik_solver) by extension 'ignore_ament_install'
[0.588s] Level 1:colcon.colcon_core.package_identification:_identify(src/ik_solver) by extensions ['colcon_pkg']
[0.588s] Level 1:colcon.colcon_core.package_identification:_identify(src/ik_solver) by extension 'colcon_pkg'
[0.588s] Level 1:colcon.colcon_core.package_identification:_identify(src/ik_solver) by extensions ['colcon_meta']
[0.588s] Level 1:colcon.colcon_core.package_identification:_identify(src/ik_solver) by extension 'colcon_meta'
[0.588s] Level 1:colcon.colcon_core.package_identification:_identify(src/ik_solver) by extensions ['ros']
[0.588s] Level 1:colcon.colcon_core.package_identification:_identify(src/ik_solver) by extension 'ros'
[0.589s] DEBUG:colcon.colcon_core.package_identification:Package 'src/ik_solver' with type 'ros.ament_python' and name 'ik_solver'
[0.589s] Level 1:colcon.colcon_core.package_identification:_identify(src/ik_tools) by extensions ['ignore', 'ignore_ament_install']
[0.589s] Level 1:colcon.colcon_core.package_identification:_identify(src/ik_tools) by extension 'ignore'
[0.589s] Level 1:colcon.colcon_core.package_identification:_identify(src/ik_tools) by extension 'ignore_ament_install'
[0.589s] Level 1:colcon.colcon_core.package_identification:_identify(src/ik_tools) by extensions ['colcon_pkg']
[0.589s] Level 1:colcon.colcon_core.package_identification:_identify(src/ik_tools) by extension 'colcon_pkg'
[0.589s] Level 1:colcon.colcon_core.package_identification:_identify(src/ik_tools) by extensions ['colcon_meta']
[0.589s] Level 1:colcon.colcon_core.package_identification:_identify(src/ik_tools) by extension 'colcon_meta'
[0.589s] Level 1:colcon.colcon_core.package_identification:_identify(src/ik_tools) by extensions ['ros']
[0.589s] Level 1:colcon.colcon_core.package_identification:_identify(src/ik_tools) by extension 'ros'
[0.590s] DEBUG:colcon.colcon_core.package_identification:Package 'src/ik_tools' with type 'ros.ament_python' and name 'ik_tools'
[0.590s] Level 1:colcon.colcon_core.package_identification:_identify(src/imufaker) by extensions ['ignore', 'ignore_ament_install']
[0.590s] Level 1:colcon.colcon_core.package_identification:_identify(src/imufaker) by extension 'ignore'
[0.590s] Level 1:colcon.colcon_core.package_identification:_identify(src/imufaker) by extension 'ignore_ament_install'
[0.590s] Level 1:colcon.colcon_core.package_identification:_identify(src/imufaker) by extensions ['colcon_pkg']
[0.590s] Level 1:colcon.colcon_core.package_identification:_identify(src/imufaker) by extension 'colcon_pkg'
[0.590s] Level 1:colcon.colcon_core.package_identification:_identify(src/imufaker) by extensions ['colcon_meta']
[0.590s] Level 1:colcon.colcon_core.package_identification:_identify(src/imufaker) by extension 'colcon_meta'
[0.590s] Level 1:colcon.colcon_core.package_identification:_identify(src/imufaker) by extensions ['ros']
[0.590s] Level 1:colcon.colcon_core.package_identification:_identify(src/imufaker) by extension 'ros'
[0.591s] DEBUG:colcon.colcon_core.package_identification:Package 'src/imufaker' with type 'ros.ament_python' and name 'imufaker'
[0.591s] Level 1:colcon.colcon_core.package_identification:_identify(src/motor_state_manager) by extensions ['ignore', 'ignore_ament_install']
[0.591s] Level 1:colcon.colcon_core.package_identification:_identify(src/motor_state_manager) by extension 'ignore'
[0.591s] Level 1:colcon.colcon_core.package_identification:_identify(src/motor_state_manager) by extension 'ignore_ament_install'
[0.591s] Level 1:colcon.colcon_core.package_identification:_identify(src/motor_state_manager) by extensions ['colcon_pkg']
[0.591s] Level 1:colcon.colcon_core.package_identification:_identify(src/motor_state_manager) by extension 'colcon_pkg'
[0.591s] Level 1:colcon.colcon_core.package_identification:_identify(src/motor_state_manager) by extensions ['colcon_meta']
[0.591s] Level 1:colcon.colcon_core.package_identification:_identify(src/motor_state_manager) by extension 'colcon_meta'
[0.591s] Level 1:colcon.colcon_core.package_identification:_identify(src/motor_state_manager) by extensions ['ros']
[0.591s] Level 1:colcon.colcon_core.package_identification:_identify(src/motor_state_manager) by extension 'ros'
[0.592s] DEBUG:colcon.colcon_core.package_identification:Package 'src/motor_state_manager' with type 'ros.ament_cmake' and name 'motor_state_manager'
[0.592s] Level 1:colcon.colcon_core.package_identification:_identify(src/seastar_interfaces) by extensions ['ignore', 'ignore_ament_install']
[0.592s] Level 1:colcon.colcon_core.package_identification:_identify(src/seastar_interfaces) by extension 'ignore'
[0.592s] Level 1:colcon.colcon_core.package_identification:_identify(src/seastar_interfaces) by extension 'ignore_ament_install'
[0.592s] Level 1:colcon.colcon_core.package_identification:_identify(src/seastar_interfaces) by extensions ['colcon_pkg']
[0.593s] Level 1:colcon.colcon_core.package_identification:_identify(src/seastar_interfaces) by extension 'colcon_pkg'
[0.593s] Level 1:colcon.colcon_core.package_identification:_identify(src/seastar_interfaces) by extensions ['colcon_meta']
[0.593s] Level 1:colcon.colcon_core.package_identification:_identify(src/seastar_interfaces) by extension 'colcon_meta'
[0.593s] Level 1:colcon.colcon_core.package_identification:_identify(src/seastar_interfaces) by extensions ['ros']
[0.593s] Level 1:colcon.colcon_core.package_identification:_identify(src/seastar_interfaces) by extension 'ros'
[0.593s] DEBUG:colcon.colcon_core.package_identification:Package 'src/seastar_interfaces' with type 'ros.ament_cmake' and name 'seastar_interfaces'
[0.593s] Level 1:colcon.colcon_core.package_identification:_identify(src/solar_ephemeris) by extensions ['ignore', 'ignore_ament_install']
[0.593s] Level 1:colcon.colcon_core.package_identification:_identify(src/solar_ephemeris) by extension 'ignore'
[0.593s] Level 1:colcon.colcon_core.package_identification:_identify(src/solar_ephemeris) by extension 'ignore_ament_install'
[0.594s] Level 1:colcon.colcon_core.package_identification:_identify(src/solar_ephemeris) by extensions ['colcon_pkg']
[0.594s] Level 1:colcon.colcon_core.package_identification:_identify(src/solar_ephemeris) by extension 'colcon_pkg'
[0.594s] Level 1:colcon.colcon_core.package_identification:_identify(src/solar_ephemeris) by extensions ['colcon_meta']
[0.594s] Level 1:colcon.colcon_core.package_identification:_identify(src/solar_ephemeris) by extension 'colcon_meta'
[0.594s] Level 1:colcon.colcon_core.package_identification:_identify(src/solar_ephemeris) by extensions ['ros']
[0.594s] Level 1:colcon.colcon_core.package_identification:_identify(src/solar_ephemeris) by extension 'ros'
[0.594s] DEBUG:colcon.colcon_core.package_identification:Package 'src/solar_ephemeris' with type 'ros.ament_python' and name 'solar_ephemeris'
[0.594s] Level 1:colcon.colcon_core.package_identification:_identify(src/sunspotter) by extensions ['ignore', 'ignore_ament_install']
[0.594s] Level 1:colcon.colcon_core.package_identification:_identify(src/sunspotter) by extension 'ignore'
[0.594s] Level 1:colcon.colcon_core.package_identification:_identify(src/sunspotter) by extension 'ignore_ament_install'
[0.595s] Level 1:colcon.colcon_core.package_identification:_identify(src/sunspotter) by extensions ['colcon_pkg']
[0.595s] Level 1:colcon.colcon_core.package_identification:_identify(src/sunspotter) by extension 'colcon_pkg'
[0.595s] Level 1:colcon.colcon_core.package_identification:_identify(src/sunspotter) by extensions ['colcon_meta']
[0.595s] Level 1:colcon.colcon_core.package_identification:_identify(src/sunspotter) by extension 'colcon_meta'
[0.595s] Level 1:colcon.colcon_core.package_identification:_identify(src/sunspotter) by extensions ['ros']
[0.595s] Level 1:colcon.colcon_core.package_identification:_identify(src/sunspotter) by extension 'ros'
[0.596s] DEBUG:colcon.colcon_core.package_identification:Package 'src/sunspotter' with type 'ros.ament_cmake' and name 'sunspotter'
[0.596s] Level 1:colcon.colcon_core.package_identification:_identify(src/test_cam) by extensions ['ignore', 'ignore_ament_install']
[0.596s] Level 1:colcon.colcon_core.package_identification:_identify(src/test_cam) by extension 'ignore'
[0.596s] Level 1:colcon.colcon_core.package_identification:_identify(src/test_cam) by extension 'ignore_ament_install'
[0.596s] Level 1:colcon.colcon_core.package_identification:_identify(src/test_cam) by extensions ['colcon_pkg']
[0.596s] Level 1:colcon.colcon_core.package_identification:_identify(src/test_cam) by extension 'colcon_pkg'
[0.596s] Level 1:colcon.colcon_core.package_identification:_identify(src/test_cam) by extensions ['colcon_meta']
[0.596s] Level 1:colcon.colcon_core.package_identification:_identify(src/test_cam) by extension 'colcon_meta'
[0.596s] Level 1:colcon.colcon_core.package_identification:_identify(src/test_cam) by extensions ['ros']
[0.596s] Level 1:colcon.colcon_core.package_identification:_identify(src/test_cam) by extension 'ros'
[0.596s] DEBUG:colcon.colcon_core.package_identification:Package 'src/test_cam' with type 'ros.ament_python' and name 'test_cam'
[0.597s] Level 1:colcon.colcon_core.package_identification:_identify(urdf) by extensions ['ignore', 'ignore_ament_install']
[0.597s] Level 1:colcon.colcon_core.package_identification:_identify(urdf) by extension 'ignore'
[0.597s] Level 1:colcon.colcon_core.package_identification:_identify(urdf) by extension 'ignore_ament_install'
[0.597s] Level 1:colcon.colcon_core.package_identification:_identify(urdf) by extensions ['colcon_pkg']
[0.597s] Level 1:colcon.colcon_core.package_identification:_identify(urdf) by extension 'colcon_pkg'
[0.597s] Level 1:colcon.colcon_core.package_identification:_identify(urdf) by extensions ['colcon_meta']
[0.597s] Level 1:colcon.colcon_core.package_identification:_identify(urdf) by extension 'colcon_meta'
[0.597s] Level 1:colcon.colcon_core.package_identification:_identify(urdf) by extensions ['ros']
[0.597s] Level 1:colcon.colcon_core.package_identification:_identify(urdf) by extension 'ros'
[0.597s] Level 1:colcon.colcon_core.package_identification:_identify(urdf) by extensions ['cmake', 'python']
[0.597s] Level 1:colcon.colcon_core.package_identification:_identify(urdf) by extension 'cmake'
[0.597s] Level 1:colcon.colcon_core.package_identification:_identify(urdf) by extension 'python'
[0.597s] Level 1:colcon.colcon_core.package_identification:_identify(urdf) by extensions ['python_setup_py']
[0.597s] Level 1:colcon.colcon_core.package_identification:_identify(urdf) by extension 'python_setup_py'
[0.597s] Level 1:colcon.colcon_core.package_discovery:discover_packages(recursive) using defaults
[0.597s] Level 1:colcon.colcon_core.package_discovery:discover_packages(ignore) discover
[0.597s] Level 1:colcon.colcon_core.package_discovery:discover_packages(ignore) using defaults
[0.597s] Level 1:colcon.colcon_core.package_discovery:discover_packages(path) discover
[0.597s] Level 1:colcon.colcon_core.package_discovery:discover_packages(path) using defaults
[0.624s] Level 1:colcon.colcon_core.package_discovery:discover_packages(prefix_path) check parameters
[0.625s] Level 1:colcon.colcon_core.package_discovery:discover_packages(prefix_path) discover
[0.628s] DEBUG:colcon.colcon_installed_package_information.package_discovery:Found 13 installed packages in /home/seastar/steve_summer_seastar_ws/install
[0.630s] DEBUG:colcon.colcon_installed_package_information.package_discovery:Found 304 installed packages in /opt/ros/humble
[0.631s] Level 1:colcon.colcon_core.package_discovery:discover_packages(prefix_path) using defaults
[0.701s] Level 5:colcon.colcon_core.verb:set package 'bluespace_ai_xsens_mti_driver' build argument 'cmake_args' from command line to 'None'
[0.701s] Level 5:colcon.colcon_core.verb:set package 'bluespace_ai_xsens_mti_driver' build argument 'cmake_target' from command line to 'None'
[0.701s] Level 5:colcon.colcon_core.verb:set package 'bluespace_ai_xsens_mti_driver' build argument 'cmake_target_skip_unavailable' from command line to 'False'
[0.701s] Level 5:colcon.colcon_core.verb:set package 'bluespace_ai_xsens_mti_driver' build argument 'cmake_clean_cache' from command line to 'False'
[0.701s] Level 5:colcon.colcon_core.verb:set package 'bluespace_ai_xsens_mti_driver' build argument 'cmake_clean_first' from command line to 'False'
[0.701s] Level 5:colcon.colcon_core.verb:set package 'bluespace_ai_xsens_mti_driver' build argument 'cmake_force_configure' from command line to 'False'
[0.701s] Level 5:colcon.colcon_core.verb:set package 'bluespace_ai_xsens_mti_driver' build argument 'ament_cmake_args' from command line to 'None'
[0.701s] Level 5:colcon.colcon_core.verb:set package 'bluespace_ai_xsens_mti_driver' build argument 'catkin_cmake_args' from command line to 'None'
[0.701s] Level 5:colcon.colcon_core.verb:set package 'bluespace_ai_xsens_mti_driver' build argument 'catkin_skip_building_tests' from command line to 'False'
[0.701s] DEBUG:colcon.colcon_core.verb:Building package 'bluespace_ai_xsens_mti_driver' with the following arguments: {'ament_cmake_args': None, 'build_base': '/home/seastar/steve_summer_seastar_ws/build/bluespace_ai_xsens_mti_driver', 'catkin_cmake_args': None, 'catkin_skip_building_tests': False, 'cmake_args': None, 'cmake_clean_cache': False, 'cmake_clean_first': False, 'cmake_force_configure': False, 'cmake_target': None, 'cmake_target_skip_unavailable': False, 'install_base': '/home/seastar/steve_summer_seastar_ws/install/bluespace_ai_xsens_mti_driver', 'merge_install': False, 'path': '/home/seastar/steve_summer_seastar_ws/src/bluespace_ai_xsens_ros_mti_driver', 'symlink_install': True, 'test_result_base': None}
[0.702s] Level 5:colcon.colcon_core.verb:set package 'hamburger_helper' build argument 'cmake_args' from command line to 'None'
[0.702s] Level 5:colcon.colcon_core.verb:set package 'hamburger_helper' build argument 'cmake_target' from command line to 'None'
[0.702s] Level 5:colcon.colcon_core.verb:set package 'hamburger_helper' build argument 'cmake_target_skip_unavailable' from command line to 'False'
[0.702s] Level 5:colcon.colcon_core.verb:set package 'hamburger_helper' build argument 'cmake_clean_cache' from command line to 'False'
[0.702s] Level 5:colcon.colcon_core.verb:set package 'hamburger_helper' build argument 'cmake_clean_first' from command line to 'False'
[0.702s] Level 5:colcon.colcon_core.verb:set package 'hamburger_helper' build argument 'cmake_force_configure' from command line to 'False'
[0.702s] Level 5:colcon.colcon_core.verb:set package 'hamburger_helper' build argument 'ament_cmake_args' from command line to 'None'
[0.702s] Level 5:colcon.colcon_core.verb:set package 'hamburger_helper' build argument 'catkin_cmake_args' from command line to 'None'
[0.702s] Level 5:colcon.colcon_core.verb:set package 'hamburger_helper' build argument 'catkin_skip_building_tests' from command line to 'False'
[0.703s] DEBUG:colcon.colcon_core.verb:Building package 'hamburger_helper' with the following arguments: {'ament_cmake_args': None, 'build_base': '/home/seastar/steve_summer_seastar_ws/build/hamburger_helper', 'catkin_cmake_args': None, 'catkin_skip_building_tests': False, 'cmake_args': None, 'cmake_clean_cache': False, 'cmake_clean_first': False, 'cmake_force_configure': False, 'cmake_target': None, 'cmake_target_skip_unavailable': False, 'install_base': '/home/seastar/steve_summer_seastar_ws/install/hamburger_helper', 'merge_install': False, 'path': '/home/seastar/steve_summer_seastar_ws/src/hamburger_helper', 'symlink_install': True, 'test_result_base': None}
[0.704s] Level 5:colcon.colcon_core.verb:set package 'ik_solver' build argument 'cmake_args' from command line to 'None'
[0.704s] Level 5:colcon.colcon_core.verb:set package 'ik_solver' build argument 'cmake_target' from command line to 'None'
[0.704s] Level 5:colcon.colcon_core.verb:set package 'ik_solver' build argument 'cmake_target_skip_unavailable' from command line to 'False'
[0.704s] Level 5:colcon.colcon_core.verb:set package 'ik_solver' build argument 'cmake_clean_cache' from command line to 'False'
[0.704s] Level 5:colcon.colcon_core.verb:set package 'ik_solver' build argument 'cmake_clean_first' from command line to 'False'
[0.704s] Level 5:colcon.colcon_core.verb:set package 'ik_solver' build argument 'cmake_force_configure' from command line to 'False'
[0.704s] Level 5:colcon.colcon_core.verb:set package 'ik_solver' build argument 'ament_cmake_args' from command line to 'None'
[0.704s] Level 5:colcon.colcon_core.verb:set package 'ik_solver' build argument 'catkin_cmake_args' from command line to 'None'
[0.704s] Level 5:colcon.colcon_core.verb:set package 'ik_solver' build argument 'catkin_skip_building_tests' from command line to 'False'
[0.704s] DEBUG:colcon.colcon_core.verb:Building package 'ik_solver' with the following arguments: {'ament_cmake_args': None, 'build_base': '/home/seastar/steve_summer_seastar_ws/build/ik_solver', 'catkin_cmake_args': None, 'catkin_skip_building_tests': False, 'cmake_args': None, 'cmake_clean_cache': False, 'cmake_clean_first': False, 'cmake_force_configure': False, 'cmake_target': None, 'cmake_target_skip_unavailable': False, 'install_base': '/home/seastar/steve_summer_seastar_ws/install/ik_solver', 'merge_install': False, 'path': '/home/seastar/steve_summer_seastar_ws/src/ik_solver', 'symlink_install': True, 'test_result_base': None}
[0.705s] Level 5:colcon.colcon_core.verb:set package 'ik_tools' build argument 'cmake_args' from command line to 'None'
[0.705s] Level 5:colcon.colcon_core.verb:set package 'ik_tools' build argument 'cmake_target' from command line to 'None'
[0.705s] Level 5:colcon.colcon_core.verb:set package 'ik_tools' build argument 'cmake_target_skip_unavailable' from command line to 'False'
[0.705s] Level 5:colcon.colcon_core.verb:set package 'ik_tools' build argument 'cmake_clean_cache' from command line to 'False'
[0.705s] Level 5:colcon.colcon_core.verb:set package 'ik_tools' build argument 'cmake_clean_first' from command line to 'False'
[0.705s] Level 5:colcon.colcon_core.verb:set package 'ik_tools' build argument 'cmake_force_configure' from command line to 'False'
[0.705s] Level 5:colcon.colcon_core.verb:set package 'ik_tools' build argument 'ament_cmake_args' from command line to 'None'
[0.705s] Level 5:colcon.colcon_core.verb:set package 'ik_tools' build argument 'catkin_cmake_args' from command line to 'None'
[0.705s] Level 5:colcon.colcon_core.verb:set package 'ik_tools' build argument 'catkin_skip_building_tests' from command line to 'False'
[0.705s] DEBUG:colcon.colcon_core.verb:Building package 'ik_tools' with the following arguments: {'ament_cmake_args': None, 'build_base': '/home/seastar/steve_summer_seastar_ws/build/ik_tools', 'catkin_cmake_args': None, 'catkin_skip_building_tests': False, 'cmake_args': None, 'cmake_clean_cache': False, 'cmake_clean_first': False, 'cmake_force_configure': False, 'cmake_target': None, 'cmake_target_skip_unavailable': False, 'install_base': '/home/seastar/steve_summer_seastar_ws/install/ik_tools', 'merge_install': False, 'path': '/home/seastar/steve_summer_seastar_ws/src/ik_tools', 'symlink_install': True, 'test_result_base': None}
[0.706s] Level 5:colcon.colcon_core.verb:set package 'imufaker' build argument 'cmake_args' from command line to 'None'
[0.706s] Level 5:colcon.colcon_core.verb:set package 'imufaker' build argument 'cmake_target' from command line to 'None'
[0.706s] Level 5:colcon.colcon_core.verb:set package 'imufaker' build argument 'cmake_target_skip_unavailable' from command line to 'False'
[0.706s] Level 5:colcon.colcon_core.verb:set package 'imufaker' build argument 'cmake_clean_cache' from command line to 'False'
[0.706s] Level 5:colcon.colcon_core.verb:set package 'imufaker' build argument 'cmake_clean_first' from command line to 'False'
[0.706s] Level 5:colcon.colcon_core.verb:set package 'imufaker' build argument 'cmake_force_configure' from command line to 'False'
[0.706s] Level 5:colcon.colcon_core.verb:set package 'imufaker' build argument 'ament_cmake_args' from command line to 'None'
[0.706s] Level 5:colcon.colcon_core.verb:set package 'imufaker' build argument 'catkin_cmake_args' from command line to 'None'
[0.706s] Level 5:colcon.colcon_core.verb:set package 'imufaker' build argument 'catkin_skip_building_tests' from command line to 'False'
[0.706s] DEBUG:colcon.colcon_core.verb:Building package 'imufaker' with the following arguments: {'ament_cmake_args': None, 'build_base': '/home/seastar/steve_summer_seastar_ws/build/imufaker', 'catkin_cmake_args': None, 'catkin_skip_building_tests': False, 'cmake_args': None, 'cmake_clean_cache': False, 'cmake_clean_first': False, 'cmake_force_configure': False, 'cmake_target': None, 'cmake_target_skip_unavailable': False, 'install_base': '/home/seastar/steve_summer_seastar_ws/install/imufaker', 'merge_install': False, 'path': '/home/seastar/steve_summer_seastar_ws/src/imufaker', 'symlink_install': True, 'test_result_base': None}
[0.707s] Level 5:colcon.colcon_core.verb:set package 'motor_state_manager' build argument 'cmake_args' from command line to 'None'
[0.707s] Level 5:colcon.colcon_core.verb:set package 'motor_state_manager' build argument 'cmake_target' from command line to 'None'
[0.707s] Level 5:colcon.colcon_core.verb:set package 'motor_state_manager' build argument 'cmake_target_skip_unavailable' from command line to 'False'
[0.707s] Level 5:colcon.colcon_core.verb:set package 'motor_state_manager' build argument 'cmake_clean_cache' from command line to 'False'
[0.707s] Level 5:colcon.colcon_core.verb:set package 'motor_state_manager' build argument 'cmake_clean_first' from command line to 'False'
[0.708s] Level 5:colcon.colcon_core.verb:set package 'motor_state_manager' build argument 'cmake_force_configure' from command line to 'False'
[0.708s] Level 5:colcon.colcon_core.verb:set package 'motor_state_manager' build argument 'ament_cmake_args' from command line to 'None'
[0.708s] Level 5:colcon.colcon_core.verb:set package 'motor_state_manager' build argument 'catkin_cmake_args' from command line to 'None'
[0.708s] Level 5:colcon.colcon_core.verb:set package 'motor_state_manager' build argument 'catkin_skip_building_tests' from command line to 'False'
[0.708s] DEBUG:colcon.colcon_core.verb:Building package 'motor_state_manager' with the following arguments: {'ament_cmake_args': None, 'build_base': '/home/seastar/steve_summer_seastar_ws/build/motor_state_manager', 'catkin_cmake_args': None, 'catkin_skip_building_tests': False, 'cmake_args': None, 'cmake_clean_cache': False, 'cmake_clean_first': False, 'cmake_force_configure': False, 'cmake_target': None, 'cmake_target_skip_unavailable': False, 'install_base': '/home/seastar/steve_summer_seastar_ws/install/motor_state_manager', 'merge_install': False, 'path': '/home/seastar/steve_summer_seastar_ws/src/motor_state_manager', 'symlink_install': True, 'test_result_base': None}
[0.709s] Level 5:colcon.colcon_core.verb:set package 'seastar_interfaces' build argument 'cmake_args' from command line to 'None'
[0.709s] Level 5:colcon.colcon_core.verb:set package 'seastar_interfaces' build argument 'cmake_target' from command line to 'None'
[0.709s] Level 5:colcon.colcon_core.verb:set package 'seastar_interfaces' build argument 'cmake_target_skip_unavailable' from command line to 'False'
[0.709s] Level 5:colcon.colcon_core.verb:set package 'seastar_interfaces' build argument 'cmake_clean_cache' from command line to 'False'
[0.709s] Level 5:colcon.colcon_core.verb:set package 'seastar_interfaces' build argument 'cmake_clean_first' from command line to 'False'
[0.709s] Level 5:colcon.colcon_core.verb:set package 'seastar_interfaces' build argument 'cmake_force_configure' from command line to 'False'
[0.709s] Level 5:colcon.colcon_core.verb:set package 'seastar_interfaces' build argument 'ament_cmake_args' from command line to 'None'
[0.709s] Level 5:colcon.colcon_core.verb:set package 'seastar_interfaces' build argument 'catkin_cmake_args' from command line to 'None'
[0.709s] Level 5:colcon.colcon_core.verb:set package 'seastar_interfaces' build argument 'catkin_skip_building_tests' from command line to 'False'
[0.709s] DEBUG:colcon.colcon_core.verb:Building package 'seastar_interfaces' with the following arguments: {'ament_cmake_args': None, 'build_base': '/home/seastar/steve_summer_seastar_ws/build/seastar_interfaces', 'catkin_cmake_args': None, 'catkin_skip_building_tests': False, 'cmake_args': None, 'cmake_clean_cache': False, 'cmake_clean_first': False, 'cmake_force_configure': False, 'cmake_target': None, 'cmake_target_skip_unavailable': False, 'install_base': '/home/seastar/steve_summer_seastar_ws/install/seastar_interfaces', 'merge_install': False, 'path': '/home/seastar/steve_summer_seastar_ws/src/seastar_interfaces', 'symlink_install': True, 'test_result_base': None}
[0.710s] Level 5:colcon.colcon_core.verb:set package 'sunspotter' build argument 'cmake_args' from command line to 'None'
[0.710s] Level 5:colcon.colcon_core.verb:set package 'sunspotter' build argument 'cmake_target' from command line to 'None'
[0.710s] Level 5:colcon.colcon_core.verb:set package 'sunspotter' build argument 'cmake_target_skip_unavailable' from command line to 'False'
[0.710s] Level 5:colcon.colcon_core.verb:set package 'sunspotter' build argument 'cmake_clean_cache' from command line to 'False'
[0.710s] Level 5:colcon.colcon_core.verb:set package 'sunspotter' build argument 'cmake_clean_first' from command line to 'False'
[0.710s] Level 5:colcon.colcon_core.verb:set package 'sunspotter' build argument 'cmake_force_configure' from command line to 'False'
[0.710s] Level 5:colcon.colcon_core.verb:set package 'sunspotter' build argument 'ament_cmake_args' from command line to 'None'
[0.710s] Level 5:colcon.colcon_core.verb:set package 'sunspotter' build argument 'catkin_cmake_args' from command line to 'None'
[0.710s] Level 5:colcon.colcon_core.verb:set package 'sunspotter' build argument 'catkin_skip_building_tests' from command line to 'False'
[0.710s] DEBUG:colcon.colcon_core.verb:Building package 'sunspotter' with the following arguments: {'ament_cmake_args': None, 'build_base': '/home/seastar/steve_summer_seastar_ws/build/sunspotter', 'catkin_cmake_args': None, 'catkin_skip_building_tests': False, 'cmake_args': None, 'cmake_clean_cache': False, 'cmake_clean_first': False, 'cmake_force_configure': False, 'cmake_target': None, 'cmake_target_skip_unavailable': False, 'install_base': '/home/seastar/steve_summer_seastar_ws/install/sunspotter', 'merge_install': False, 'path': '/home/seastar/steve_summer_seastar_ws/src/sunspotter', 'symlink_install': True, 'test_result_base': None}
[0.711s] Level 5:colcon.colcon_core.verb:set package 'test_cam' build argument 'cmake_args' from command line to 'None'
[0.711s] Level 5:colcon.colcon_core.verb:set package 'test_cam' build argument 'cmake_target' from command line to 'None'
[0.711s] Level 5:colcon.colcon_core.verb:set package 'test_cam' build argument 'cmake_target_skip_unavailable' from command line to 'False'
[0.711s] Level 5:colcon.colcon_core.verb:set package 'test_cam' build argument 'cmake_clean_cache' from command line to 'False'
[0.711s] Level 5:colcon.colcon_core.verb:set package 'test_cam' build argument 'cmake_clean_first' from command line to 'False'
[0.711s] Level 5:colcon.colcon_core.verb:set package 'test_cam' build argument 'cmake_force_configure' from command line to 'False'
[0.711s] Level 5:colcon.colcon_core.verb:set package 'test_cam' build argument 'ament_cmake_args' from command line to 'None'
[0.711s] Level 5:colcon.colcon_core.verb:set package 'test_cam' build argument 'catkin_cmake_args' from command line to 'None'
[0.711s] Level 5:colcon.colcon_core.verb:set package 'test_cam' build argument 'catkin_skip_building_tests' from command line to 'False'
[0.711s] DEBUG:colcon.colcon_core.verb:Building package 'test_cam' with the following arguments: {'ament_cmake_args': None, 'build_base': '/home/seastar/steve_summer_seastar_ws/build/test_cam', 'catkin_cmake_args': None, 'catkin_skip_building_tests': False, 'cmake_args': None, 'cmake_clean_cache': False, 'cmake_clean_first': False, 'cmake_force_configure': False, 'cmake_target': None, 'cmake_target_skip_unavailable': False, 'install_base': '/home/seastar/steve_summer_seastar_ws/install/test_cam', 'merge_install': False, 'path': '/home/seastar/steve_summer_seastar_ws/src/test_cam', 'symlink_install': True, 'test_result_base': None}
[0.712s] Level 5:colcon.colcon_core.verb:set package 'head_chef' build argument 'cmake_args' from command line to 'None'
[0.713s] Level 5:colcon.colcon_core.verb:set package 'head_chef' build argument 'cmake_target' from command line to 'None'
[0.713s] Level 5:colcon.colcon_core.verb:set package 'head_chef' build argument 'cmake_target_skip_unavailable' from command line to 'False'
[0.713s] Level 5:colcon.colcon_core.verb:set package 'head_chef' build argument 'cmake_clean_cache' from command line to 'False'
[0.713s] Level 5:colcon.colcon_core.verb:set package 'head_chef' build argument 'cmake_clean_first' from command line to 'False'
[0.713s] Level 5:colcon.colcon_core.verb:set package 'head_chef' build argument 'cmake_force_configure' from command line to 'False'
[0.713s] Level 5:colcon.colcon_core.verb:set package 'head_chef' build argument 'ament_cmake_args' from command line to 'None'
[0.713s] Level 5:colcon.colcon_core.verb:set package 'head_chef' build argument 'catkin_cmake_args' from command line to 'None'
[0.713s] Level 5:colcon.colcon_core.verb:set package 'head_chef' build argument 'catkin_skip_building_tests' from command line to 'False'
[0.713s] DEBUG:colcon.colcon_core.verb:Building package 'head_chef' with the following arguments: {'ament_cmake_args': None, 'build_base': '/home/seastar/steve_summer_seastar_ws/build/head_chef', 'catkin_cmake_args': None, 'catkin_skip_building_tests': False, 'cmake_args': None, 'cmake_clean_cache': False, 'cmake_clean_first': False, 'cmake_force_configure': False, 'cmake_target': None, 'cmake_target_skip_unavailable': False, 'install_base': '/home/seastar/steve_summer_seastar_ws/install/head_chef', 'merge_install': False, 'path': '/home/seastar/steve_summer_seastar_ws/src/head_chef', 'symlink_install': True, 'test_result_base': None}
[0.714s] Level 5:colcon.colcon_core.verb:set package 'solar_ephemeris' build argument 'cmake_args' from command line to 'None'
[0.714s] Level 5:colcon.colcon_core.verb:set package 'solar_ephemeris' build argument 'cmake_target' from command line to 'None'
[0.714s] Level 5:colcon.colcon_core.verb:set package 'solar_ephemeris' build argument 'cmake_target_skip_unavailable' from command line to 'False'
[0.714s] Level 5:colcon.colcon_core.verb:set package 'solar_ephemeris' build argument 'cmake_clean_cache' from command line to 'False'
[0.714s] Level 5:colcon.colcon_core.verb:set package 'solar_ephemeris' build argument 'cmake_clean_first' from command line to 'False'
[0.714s] Level 5:colcon.colcon_core.verb:set package 'solar_ephemeris' build argument 'cmake_force_configure' from command line to 'False'
[0.714s] Level 5:colcon.colcon_core.verb:set package 'solar_ephemeris' build argument 'ament_cmake_args' from command line to 'None'
[0.714s] Level 5:colcon.colcon_core.verb:set package 'solar_ephemeris' build argument 'catkin_cmake_args' from command line to 'None'
[0.714s] Level 5:colcon.colcon_core.verb:set package 'solar_ephemeris' build argument 'catkin_skip_building_tests' from command line to 'False'
[0.714s] DEBUG:colcon.colcon_core.verb:Building package 'solar_ephemeris' with the following arguments: {'ament_cmake_args': None, 'build_base': '/home/seastar/steve_summer_seastar_ws/build/solar_ephemeris', 'catkin_cmake_args': None, 'catkin_skip_building_tests': False, 'cmake_args': None, 'cmake_clean_cache': False, 'cmake_clean_first': False, 'cmake_force_configure': False, 'cmake_target': None, 'cmake_target_skip_unavailable': False, 'install_base': '/home/seastar/steve_summer_seastar_ws/install/solar_ephemeris', 'merge_install': False, 'path': '/home/seastar/steve_summer_seastar_ws/src/solar_ephemeris', 'symlink_install': True, 'test_result_base': None}
[0.715s] INFO:colcon.colcon_core.executor:Executing jobs using 'parallel' executor
[0.718s] DEBUG:colcon.colcon_parallel_executor.executor.parallel:run_until_complete
[0.718s] INFO:colcon.colcon_ros.task.ament_cmake.build:Building ROS package in '/home/seastar/steve_summer_seastar_ws/src/seastar_interfaces' with build type 'ament_cmake'
[0.719s] INFO:colcon.colcon_cmake.task.cmake.build:Building CMake package in '/home/seastar/steve_summer_seastar_ws/src/seastar_interfaces'
[0.723s] INFO:colcon.colcon_core.plugin_system:Skipping extension 'colcon_core.shell.bat': Not used on non-Windows systems
[0.724s] INFO:colcon.colcon_core.shell:Skip shell extension 'powershell' for command environment: Not usable outside of PowerShell
[0.724s] DEBUG:colcon.colcon_core.shell:Skip shell extension 'dsv' for command environment
[0.731s] INFO:colcon.colcon_ros.task.ament_cmake.build:Building ROS package in '/home/seastar/steve_summer_seastar_ws/src/bluespace_ai_xsens_ros_mti_driver' with build type 'ament_cmake'
[0.731s] INFO:colcon.colcon_cmake.task.cmake.build:Building CMake package in '/home/seastar/steve_summer_seastar_ws/src/bluespace_ai_xsens_ros_mti_driver'
[0.734s] INFO:colcon.colcon_core.shell:Skip shell extension 'powershell' for command environment: Not usable outside of PowerShell
[0.734s] DEBUG:colcon.colcon_core.shell:Skip shell extension 'dsv' for command environment
[0.739s] INFO:colcon.colcon_ros.task.ament_python.build:Building ROS package in '/home/seastar/steve_summer_seastar_ws/src/hamburger_helper' with build type 'ament_python'
[0.740s] Level 1:colcon.colcon_core.shell:create_environment_hook('hamburger_helper', 'ament_prefix_path')
[0.741s] INFO:colcon.colcon_core.shell:Creating environment hook '/home/seastar/steve_summer_seastar_ws/install/hamburger_helper/share/hamburger_helper/hook/ament_prefix_path.ps1'
[0.742s] INFO:colcon.colcon_core.shell:Creating environment descriptor '/home/seastar/steve_summer_seastar_ws/install/hamburger_helper/share/hamburger_helper/hook/ament_prefix_path.dsv'
[0.743s] INFO:colcon.colcon_core.shell:Creating environment hook '/home/seastar/steve_summer_seastar_ws/install/hamburger_helper/share/hamburger_helper/hook/ament_prefix_path.sh'
[0.745s] INFO:colcon.colcon_core.shell:Skip shell extension 'powershell' for command environment: Not usable outside of PowerShell
[0.745s] DEBUG:colcon.colcon_core.shell:Skip shell extension 'dsv' for command environment
[0.751s] INFO:colcon.colcon_ros.task.ament_python.build:Building ROS package in '/home/seastar/steve_summer_seastar_ws/src/ik_solver' with build type 'ament_python'
[0.751s] Level 1:colcon.colcon_core.shell:create_environment_hook('ik_solver', 'ament_prefix_path')
[0.754s] INFO:colcon.colcon_core.shell:Creating environment hook '/home/seastar/steve_summer_seastar_ws/install/ik_solver/share/ik_solver/hook/ament_prefix_path.ps1'
[0.755s] INFO:colcon.colcon_core.shell:Creating environment descriptor '/home/seastar/steve_summer_seastar_ws/install/ik_solver/share/ik_solver/hook/ament_prefix_path.dsv'
[0.755s] INFO:colcon.colcon_core.shell:Creating environment hook '/home/seastar/steve_summer_seastar_ws/install/ik_solver/share/ik_solver/hook/ament_prefix_path.sh'
[0.757s] INFO:colcon.colcon_core.shell:Skip shell extension 'powershell' for command environment: Not usable outside of PowerShell
[0.757s] DEBUG:colcon.colcon_core.shell:Skip shell extension 'dsv' for command environment
[0.770s] DEBUG:colcon.colcon_core.event_handler.log_command:Invoking command in '/home/seastar/steve_summer_seastar_ws/build/seastar_interfaces': CMAKE_PREFIX_PATH=${CMAKE_PREFIX_PATH}:/home/seastar/steve_summer_seastar_ws/install/test_cam:/home/seastar/steve_summer_seastar_ws/install/solar_ephemeris:/home/seastar/steve_summer_seastar_ws/install/pysp:/home/seastar/steve_summer_seastar_ws/install/imufaker:/home/seastar/steve_summer_seastar_ws/install/ik_tools:/home/seastar/steve_summer_seastar_ws/install/ik_solver:/home/seastar/steve_summer_seastar_ws/install/hamburger_helper:/opt/ros/humble /home/seastar/.local/bin/cmake --build /home/seastar/steve_summer_seastar_ws/build/seastar_interfaces -- -j4 -l4
[0.776s] DEBUG:colcon.colcon_core.event_handler.log_command:Invoking command in '/home/seastar/steve_summer_seastar_ws/build/bluespace_ai_xsens_mti_driver': CMAKE_PREFIX_PATH=${CMAKE_PREFIX_PATH}:/home/seastar/steve_summer_seastar_ws/install/test_cam:/home/seastar/steve_summer_seastar_ws/install/solar_ephemeris:/home/seastar/steve_summer_seastar_ws/install/pysp:/home/seastar/steve_summer_seastar_ws/install/imufaker:/home/seastar/steve_summer_seastar_ws/install/ik_tools:/home/seastar/steve_summer_seastar_ws/install/ik_solver:/home/seastar/steve_summer_seastar_ws/install/hamburger_helper:/opt/ros/humble /home/seastar/.local/bin/cmake --build /home/seastar/steve_summer_seastar_ws/build/bluespace_ai_xsens_mti_driver -- -j4 -l4
[1.284s] INFO:colcon.colcon_core.task.python.build:Building Python package in '/home/seastar/steve_summer_seastar_ws/src/hamburger_helper'
[1.286s] INFO:colcon.colcon_core.shell:Skip shell extension 'powershell' for command environment: Not usable outside of PowerShell
[1.286s] DEBUG:colcon.colcon_core.shell:Skip shell extension 'dsv' for command environment
[1.763s] INFO:colcon.colcon_core.task.python.build:Building Python package in '/home/seastar/steve_summer_seastar_ws/src/ik_solver'
[1.765s] INFO:colcon.colcon_core.shell:Skip shell extension 'powershell' for command environment: Not usable outside of PowerShell
[1.766s] DEBUG:colcon.colcon_core.shell:Skip shell extension 'dsv' for command environment
[1.774s] DEBUG:colcon.colcon_core.event_handler.log_command:Invoked command in '/home/seastar/steve_summer_seastar_ws/build/bluespace_ai_xsens_mti_driver' returned '0': CMAKE_PREFIX_PATH=${CMAKE_PREFIX_PATH}:/home/seastar/steve_summer_seastar_ws/install/test_cam:/home/seastar/steve_summer_seastar_ws/install/solar_ephemeris:/home/seastar/steve_summer_seastar_ws/install/pysp:/home/seastar/steve_summer_seastar_ws/install/imufaker:/home/seastar/steve_summer_seastar_ws/install/ik_tools:/home/seastar/steve_summer_seastar_ws/install/ik_solver:/home/seastar/steve_summer_seastar_ws/install/hamburger_helper:/opt/ros/humble /home/seastar/.local/bin/cmake --build /home/seastar/steve_summer_seastar_ws/build/bluespace_ai_xsens_mti_driver -- -j4 -l4
[2.011s] DEBUG:colcon.colcon_core.event_handler.log_command:Invoking command in '/home/seastar/steve_summer_seastar_ws/build/bluespace_ai_xsens_mti_driver': CMAKE_PREFIX_PATH=${CMAKE_PREFIX_PATH}:/home/seastar/steve_summer_seastar_ws/install/test_cam:/home/seastar/steve_summer_seastar_ws/install/solar_ephemeris:/home/seastar/steve_summer_seastar_ws/install/pysp:/home/seastar/steve_summer_seastar_ws/install/imufaker:/home/seastar/steve_summer_seastar_ws/install/ik_tools:/home/seastar/steve_summer_seastar_ws/install/ik_solver:/home/seastar/steve_summer_seastar_ws/install/hamburger_helper:/opt/ros/humble /home/seastar/.local/bin/cmake --install /home/seastar/steve_summer_seastar_ws/build/bluespace_ai_xsens_mti_driver
[2.127s] Level 1:colcon.colcon_core.environment:create_environment_scripts_only(bluespace_ai_xsens_mti_driver)
[2.128s] DEBUG:colcon.colcon_core.event_handler.log_command:Invoked command in '/home/seastar/steve_summer_seastar_ws/build/bluespace_ai_xsens_mti_driver' returned '0': CMAKE_PREFIX_PATH=${CMAKE_PREFIX_PATH}:/home/seastar/steve_summer_seastar_ws/install/test_cam:/home/seastar/steve_summer_seastar_ws/install/solar_ephemeris:/home/seastar/steve_summer_seastar_ws/install/pysp:/home/seastar/steve_summer_seastar_ws/install/imufaker:/home/seastar/steve_summer_seastar_ws/install/ik_tools:/home/seastar/steve_summer_seastar_ws/install/ik_solver:/home/seastar/steve_summer_seastar_ws/install/hamburger_helper:/opt/ros/humble /home/seastar/.local/bin/cmake --install /home/seastar/steve_summer_seastar_ws/build/bluespace_ai_xsens_mti_driver
[2.136s] Level 1:colcon.colcon_core.environment:checking '/home/seastar/steve_summer_seastar_ws/install/bluespace_ai_xsens_mti_driver' for CMake module files
[2.137s] Level 1:colcon.colcon_core.environment:checking '/home/seastar/steve_summer_seastar_ws/install/bluespace_ai_xsens_mti_driver' for CMake config files
[2.138s] Level 1:colcon.colcon_core.shell:create_environment_hook('bluespace_ai_xsens_mti_driver', 'cmake_prefix_path')
[2.145s] INFO:colcon.colcon_core.shell:Creating environment hook '/home/seastar/steve_summer_seastar_ws/install/bluespace_ai_xsens_mti_driver/share/bluespace_ai_xsens_mti_driver/hook/cmake_prefix_path.ps1'
[2.146s] INFO:colcon.colcon_core.shell:Creating environment descriptor '/home/seastar/steve_summer_seastar_ws/install/bluespace_ai_xsens_mti_driver/share/bluespace_ai_xsens_mti_driver/hook/cmake_prefix_path.dsv'
[2.146s] INFO:colcon.colcon_core.shell:Creating environment hook '/home/seastar/steve_summer_seastar_ws/install/bluespace_ai_xsens_mti_driver/share/bluespace_ai_xsens_mti_driver/hook/cmake_prefix_path.sh'
[2.148s] Level 1:colcon.colcon_core.environment:checking '/home/seastar/steve_summer_seastar_ws/install/bluespace_ai_xsens_mti_driver/lib'
[2.148s] Level 1:colcon.colcon_core.environment:checking '/home/seastar/steve_summer_seastar_ws/install/bluespace_ai_xsens_mti_driver/bin'
[2.148s] Level 1:colcon.colcon_core.environment:checking '/home/seastar/steve_summer_seastar_ws/install/bluespace_ai_xsens_mti_driver/lib/pkgconfig/bluespace_ai_xsens_mti_driver.pc'
[2.149s] Level 1:colcon.colcon_core.environment:checking '/home/seastar/steve_summer_seastar_ws/install/bluespace_ai_xsens_mti_driver/lib/python3.10/site-packages'
[2.149s] Level 1:colcon.colcon_core.environment:checking '/home/seastar/steve_summer_seastar_ws/install/bluespace_ai_xsens_mti_driver/bin'
[2.153s] INFO:colcon.colcon_core.shell:Creating package script '/home/seastar/steve_summer_seastar_ws/install/bluespace_ai_xsens_mti_driver/share/bluespace_ai_xsens_mti_driver/package.ps1'
[2.154s] INFO:colcon.colcon_core.shell:Creating package descriptor '/home/seastar/steve_summer_seastar_ws/install/bluespace_ai_xsens_mti_driver/share/bluespace_ai_xsens_mti_driver/package.dsv'
[2.155s] INFO:colcon.colcon_core.shell:Creating package script '/home/seastar/steve_summer_seastar_ws/install/bluespace_ai_xsens_mti_driver/share/bluespace_ai_xsens_mti_driver/package.sh'
[2.157s] INFO:colcon.colcon_core.shell:Creating package script '/home/seastar/steve_summer_seastar_ws/install/bluespace_ai_xsens_mti_driver/share/bluespace_ai_xsens_mti_driver/package.bash'
[2.158s] INFO:colcon.colcon_core.shell:Creating package script '/home/seastar/steve_summer_seastar_ws/install/bluespace_ai_xsens_mti_driver/share/bluespace_ai_xsens_mti_driver/package.zsh'
[2.159s] Level 1:colcon.colcon_core.environment:create_file_with_runtime_dependencies(/home/seastar/steve_summer_seastar_ws/install/bluespace_ai_xsens_mti_driver/share/colcon-core/packages/bluespace_ai_xsens_mti_driver)
[2.278s] Level 1:colcon.colcon_core.environment:create_environment_scripts_only(bluespace_ai_xsens_mti_driver)
[2.281s] Level 1:colcon.colcon_core.environment:checking '/home/seastar/steve_summer_seastar_ws/install/bluespace_ai_xsens_mti_driver' for CMake module files
[2.282s] Level 1:colcon.colcon_core.environment:checking '/home/seastar/steve_summer_seastar_ws/install/bluespace_ai_xsens_mti_driver' for CMake config files
[2.283s] Level 1:colcon.colcon_core.shell:create_environment_hook('bluespace_ai_xsens_mti_driver', 'cmake_prefix_path')
[2.285s] INFO:colcon.colcon_core.shell:Creating environment hook '/home/seastar/steve_summer_seastar_ws/install/bluespace_ai_xsens_mti_driver/share/bluespace_ai_xsens_mti_driver/hook/cmake_prefix_path.ps1'
[2.286s] INFO:colcon.colcon_core.shell:Creating environment descriptor '/home/seastar/steve_summer_seastar_ws/install/bluespace_ai_xsens_mti_driver/share/bluespace_ai_xsens_mti_driver/hook/cmake_prefix_path.dsv'
[2.287s] INFO:colcon.colcon_core.shell:Creating environment hook '/home/seastar/steve_summer_seastar_ws/install/bluespace_ai_xsens_mti_driver/share/bluespace_ai_xsens_mti_driver/hook/cmake_prefix_path.sh'
[2.288s] Level 1:colcon.colcon_core.environment:checking '/home/seastar/steve_summer_seastar_ws/install/bluespace_ai_xsens_mti_driver/lib'
[2.288s] Level 1:colcon.colcon_core.environment:checking '/home/seastar/steve_summer_seastar_ws/install/bluespace_ai_xsens_mti_driver/bin'
[2.289s] Level 1:colcon.colcon_core.environment:checking '/home/seastar/steve_summer_seastar_ws/install/bluespace_ai_xsens_mti_driver/lib/pkgconfig/bluespace_ai_xsens_mti_driver.pc'
[2.289s] Level 1:colcon.colcon_core.environment:checking '/home/seastar/steve_summer_seastar_ws/install/bluespace_ai_xsens_mti_driver/lib/python3.10/site-packages'
[2.289s] Level 1:colcon.colcon_core.environment:checking '/home/seastar/steve_summer_seastar_ws/install/bluespace_ai_xsens_mti_driver/bin'
[2.292s] INFO:colcon.colcon_core.shell:Creating package script '/home/seastar/steve_summer_seastar_ws/install/bluespace_ai_xsens_mti_driver/share/bluespace_ai_xsens_mti_driver/package.ps1'
[2.293s] INFO:colcon.colcon_core.shell:Creating package descriptor '/home/seastar/steve_summer_seastar_ws/install/bluespace_ai_xsens_mti_driver/share/bluespace_ai_xsens_mti_driver/package.dsv'
[2.294s] INFO:colcon.colcon_core.shell:Creating package script '/home/seastar/steve_summer_seastar_ws/install/bluespace_ai_xsens_mti_driver/share/bluespace_ai_xsens_mti_driver/package.sh'
[2.295s] INFO:colcon.colcon_core.shell:Creating package script '/home/seastar/steve_summer_seastar_ws/install/bluespace_ai_xsens_mti_driver/share/bluespace_ai_xsens_mti_driver/package.bash'
[2.296s] INFO:colcon.colcon_core.shell:Creating package script '/home/seastar/steve_summer_seastar_ws/install/bluespace_ai_xsens_mti_driver/share/bluespace_ai_xsens_mti_driver/package.zsh'
[2.297s] Level 1:colcon.colcon_core.environment:create_file_with_runtime_dependencies(/home/seastar/steve_summer_seastar_ws/install/bluespace_ai_xsens_mti_driver/share/colcon-core/packages/bluespace_ai_xsens_mti_driver)
[2.298s] INFO:colcon.colcon_ros.task.ament_python.build:Building ROS package in '/home/seastar/steve_summer_seastar_ws/src/ik_tools' with build type 'ament_python'
[2.299s] Level 1:colcon.colcon_core.shell:create_environment_hook('ik_tools', 'ament_prefix_path')
[2.302s] INFO:colcon.colcon_core.shell:Creating environment hook '/home/seastar/steve_summer_seastar_ws/install/ik_tools/share/ik_tools/hook/ament_prefix_path.ps1'
[2.302s] INFO:colcon.colcon_core.shell:Creating environment descriptor '/home/seastar/steve_summer_seastar_ws/install/ik_tools/share/ik_tools/hook/ament_prefix_path.dsv'
[2.303s] INFO:colcon.colcon_core.shell:Creating environment hook '/home/seastar/steve_summer_seastar_ws/install/ik_tools/share/ik_tools/hook/ament_prefix_path.sh'
[2.317s] INFO:colcon.colcon_core.shell:Skip shell extension 'powershell' for command environment: Not usable outside of PowerShell
[2.317s] DEBUG:colcon.colcon_core.shell:Skip shell extension 'dsv' for command environment
[3.127s] INFO:colcon.colcon_core.task.python.build:Building Python package in '/home/seastar/steve_summer_seastar_ws/src/ik_tools'
[3.128s] INFO:colcon.colcon_core.shell:Skip shell extension 'powershell' for command environment: Not usable outside of PowerShell
[3.128s] DEBUG:colcon.colcon_core.shell:Skip shell extension 'dsv' for command environment
[3.140s] DEBUG:colcon.colcon_core.event_handler.log_command:Invoking command in '/home/seastar/steve_summer_seastar_ws/build/ik_solver': PYTHONPATH=/home/seastar/steve_summer_seastar_ws/build/ik_solver/prefix_override:/home/seastar/steve_summer_seastar_ws/install/ik_solver/lib/python3.10/site-packages:${PYTHONPATH} /usr/bin/python3 setup.py develop --editable --build-directory /home/seastar/steve_summer_seastar_ws/build/ik_solver/build --no-deps install_data
[3.144s] DEBUG:colcon.colcon_core.event_handler.log_command:Invoking command in '/home/seastar/steve_summer_seastar_ws/build/hamburger_helper': PYTHONPATH=/home/seastar/steve_summer_seastar_ws/build/hamburger_helper/prefix_override:/home/seastar/steve_summer_seastar_ws/install/hamburger_helper/lib/python3.10/site-packages:${PYTHONPATH} /usr/bin/python3 setup.py develop --editable --build-directory /home/seastar/steve_summer_seastar_ws/build/hamburger_helper/build --no-deps install_data
[3.177s] DEBUG:colcon.colcon_core.event_handler.log_command:Invoked command in '/home/seastar/steve_summer_seastar_ws/build/seastar_interfaces' returned '0': CMAKE_PREFIX_PATH=${CMAKE_PREFIX_PATH}:/home/seastar/steve_summer_seastar_ws/install/test_cam:/home/seastar/steve_summer_seastar_ws/install/solar_ephemeris:/home/seastar/steve_summer_seastar_ws/install/pysp:/home/seastar/steve_summer_seastar_ws/install/imufaker:/home/seastar/steve_summer_seastar_ws/install/ik_tools:/home/seastar/steve_summer_seastar_ws/install/ik_solver:/home/seastar/steve_summer_seastar_ws/install/hamburger_helper:/opt/ros/humble /home/seastar/.local/bin/cmake --build /home/seastar/steve_summer_seastar_ws/build/seastar_interfaces -- -j4 -l4
[3.504s] DEBUG:colcon.colcon_core.event_handler.log_command:Invoking command in '/home/seastar/steve_summer_seastar_ws/build/seastar_interfaces': CMAKE_PREFIX_PATH=${CMAKE_PREFIX_PATH}:/home/seastar/steve_summer_seastar_ws/install/test_cam:/home/seastar/steve_summer_seastar_ws/install/solar_ephemeris:/home/seastar/steve_summer_seastar_ws/install/pysp:/home/seastar/steve_summer_seastar_ws/install/imufaker:/home/seastar/steve_summer_seastar_ws/install/ik_tools:/home/seastar/steve_summer_seastar_ws/install/ik_solver:/home/seastar/steve_summer_seastar_ws/install/hamburger_helper:/opt/ros/humble /home/seastar/.local/bin/cmake --install /home/seastar/steve_summer_seastar_ws/build/seastar_interfaces
[3.754s] Level 1:colcon.colcon_core.environment:create_environment_scripts_only(seastar_interfaces)
[3.760s] Level 1:colcon.colcon_core.environment:checking '/home/seastar/steve_summer_seastar_ws/install/seastar_interfaces' for CMake module files
[3.761s] DEBUG:colcon.colcon_core.event_handler.log_command:Invoked command in '/home/seastar/steve_summer_seastar_ws/build/seastar_interfaces' returned '0': CMAKE_PREFIX_PATH=${CMAKE_PREFIX_PATH}:/home/seastar/steve_summer_seastar_ws/install/test_cam:/home/seastar/steve_summer_seastar_ws/install/solar_ephemeris:/home/seastar/steve_summer_seastar_ws/install/pysp:/home/seastar/steve_summer_seastar_ws/install/imufaker:/home/seastar/steve_summer_seastar_ws/install/ik_tools:/home/seastar/steve_summer_seastar_ws/install/ik_solver:/home/seastar/steve_summer_seastar_ws/install/hamburger_helper:/opt/ros/humble /home/seastar/.local/bin/cmake --install /home/seastar/steve_summer_seastar_ws/build/seastar_interfaces
[3.762s] Level 1:colcon.colcon_core.environment:checking '/home/seastar/steve_summer_seastar_ws/install/seastar_interfaces' for CMake config files
[3.764s] Level 1:colcon.colcon_core.shell:create_environment_hook('seastar_interfaces', 'cmake_prefix_path')
[3.767s] INFO:colcon.colcon_core.shell:Creating environment hook '/home/seastar/steve_summer_seastar_ws/install/seastar_interfaces/share/seastar_interfaces/hook/cmake_prefix_path.ps1'
[3.768s] INFO:colcon.colcon_core.shell:Creating environment descriptor '/home/seastar/steve_summer_seastar_ws/install/seastar_interfaces/share/seastar_interfaces/hook/cmake_prefix_path.dsv'
[3.769s] INFO:colcon.colcon_core.shell:Creating environment hook '/home/seastar/steve_summer_seastar_ws/install/seastar_interfaces/share/seastar_interfaces/hook/cmake_prefix_path.sh'
[3.770s] Level 1:colcon.colcon_core.environment:checking '/home/seastar/steve_summer_seastar_ws/install/seastar_interfaces/lib'
[3.770s] Level 1:colcon.colcon_core.shell:create_environment_hook('seastar_interfaces', 'ld_library_path_lib')
[3.773s] INFO:colcon.colcon_core.shell:Creating environment hook '/home/seastar/steve_summer_seastar_ws/install/seastar_interfaces/share/seastar_interfaces/hook/ld_library_path_lib.ps1'
[3.774s] INFO:colcon.colcon_core.shell:Creating environment descriptor '/home/seastar/steve_summer_seastar_ws/install/seastar_interfaces/share/seastar_interfaces/hook/ld_library_path_lib.dsv'
[3.775s] INFO:colcon.colcon_core.shell:Creating environment hook '/home/seastar/steve_summer_seastar_ws/install/seastar_interfaces/share/seastar_interfaces/hook/ld_library_path_lib.sh'
[3.775s] Level 1:colcon.colcon_core.environment:checking '/home/seastar/steve_summer_seastar_ws/install/seastar_interfaces/bin'
[3.776s] Level 1:colcon.colcon_core.environment:checking '/home/seastar/steve_summer_seastar_ws/install/seastar_interfaces/lib/pkgconfig/seastar_interfaces.pc'
[3.776s] Level 1:colcon.colcon_core.environment:checking '/home/seastar/steve_summer_seastar_ws/install/seastar_interfaces/lib/python3.10/site-packages'
[3.776s] Level 1:colcon.colcon_core.environment:checking '/home/seastar/steve_summer_seastar_ws/install/seastar_interfaces/bin'
[3.780s] INFO:colcon.colcon_core.shell:Creating package script '/home/seastar/steve_summer_seastar_ws/install/seastar_interfaces/share/seastar_interfaces/package.ps1'
[3.781s] INFO:colcon.colcon_core.shell:Creating package descriptor '/home/seastar/steve_summer_seastar_ws/install/seastar_interfaces/share/seastar_interfaces/package.dsv'
[3.782s] INFO:colcon.colcon_core.shell:Creating package script '/home/seastar/steve_summer_seastar_ws/install/seastar_interfaces/share/seastar_interfaces/package.sh'
[3.782s] INFO:colcon.colcon_core.shell:Creating package script '/home/seastar/steve_summer_seastar_ws/install/seastar_interfaces/share/seastar_interfaces/package.bash'
[3.783s] INFO:colcon.colcon_core.shell:Creating package script '/home/seastar/steve_summer_seastar_ws/install/seastar_interfaces/share/seastar_interfaces/package.zsh'
[3.784s] Level 1:colcon.colcon_core.environment:create_file_with_runtime_dependencies(/home/seastar/steve_summer_seastar_ws/install/seastar_interfaces/share/colcon-core/packages/seastar_interfaces)
[4.304s] DEBUG:colcon.colcon_core.event_handler.log_command:Invoking command in '/home/seastar/steve_summer_seastar_ws/build/ik_tools': PYTHONPATH=/home/seastar/steve_summer_seastar_ws/build/ik_tools/prefix_override:/home/seastar/steve_summer_seastar_ws/install/ik_tools/lib/python3.10/site-packages:${PYTHONPATH} /usr/bin/python3 setup.py develop --editable --build-directory /home/seastar/steve_summer_seastar_ws/build/ik_tools/build --no-deps install_data
[4.374s] Level 1:colcon.colcon_core.environment:create_environment_scripts_only(seastar_interfaces)
[4.379s] Level 1:colcon.colcon_core.environment:checking '/home/seastar/steve_summer_seastar_ws/install/seastar_interfaces' for CMake module files
[4.380s] Level 1:colcon.colcon_core.environment:checking '/home/seastar/steve_summer_seastar_ws/install/seastar_interfaces' for CMake config files
[4.382s] Level 1:colcon.colcon_core.shell:create_environment_hook('seastar_interfaces', 'cmake_prefix_path')
[4.385s] INFO:colcon.colcon_core.shell:Creating environment hook '/home/seastar/steve_summer_seastar_ws/install/seastar_interfaces/share/seastar_interfaces/hook/cmake_prefix_path.ps1'
[4.386s] INFO:colcon.colcon_core.shell:Creating environment descriptor '/home/seastar/steve_summer_seastar_ws/install/seastar_interfaces/share/seastar_interfaces/hook/cmake_prefix_path.dsv'
[4.387s] INFO:colcon.colcon_core.shell:Creating environment hook '/home/seastar/steve_summer_seastar_ws/install/seastar_interfaces/share/seastar_interfaces/hook/cmake_prefix_path.sh'
[4.387s] Level 1:colcon.colcon_core.environment:checking '/home/seastar/steve_summer_seastar_ws/install/seastar_interfaces/lib'
[4.388s] Level 1:colcon.colcon_core.shell:create_environment_hook('seastar_interfaces', 'ld_library_path_lib')
[4.390s] INFO:colcon.colcon_core.shell:Creating environment hook '/home/seastar/steve_summer_seastar_ws/install/seastar_interfaces/share/seastar_interfaces/hook/ld_library_path_lib.ps1'
[4.391s] INFO:colcon.colcon_core.shell:Creating environment descriptor '/home/seastar/steve_summer_seastar_ws/install/seastar_interfaces/share/seastar_interfaces/hook/ld_library_path_lib.dsv'
[4.392s] INFO:colcon.colcon_core.shell:Creating environment hook '/home/seastar/steve_summer_seastar_ws/install/seastar_interfaces/share/seastar_interfaces/hook/ld_library_path_lib.sh'
[4.393s] Level 1:colcon.colcon_core.environment:checking '/home/seastar/steve_summer_seastar_ws/install/seastar_interfaces/bin'
[4.393s] Level 1:colcon.colcon_core.environment:checking '/home/seastar/steve_summer_seastar_ws/install/seastar_interfaces/lib/pkgconfig/seastar_interfaces.pc'
[4.393s] Level 1:colcon.colcon_core.environment:checking '/home/seastar/steve_summer_seastar_ws/install/seastar_interfaces/lib/python3.10/site-packages'
[4.394s] Level 1:colcon.colcon_core.environment:checking '/home/seastar/steve_summer_seastar_ws/install/seastar_interfaces/bin'
[4.397s] INFO:colcon.colcon_core.shell:Creating package script '/home/seastar/steve_summer_seastar_ws/install/seastar_interfaces/share/seastar_interfaces/package.ps1'
[4.398s] INFO:colcon.colcon_core.shell:Creating package descriptor '/home/seastar/steve_summer_seastar_ws/install/seastar_interfaces/share/seastar_interfaces/package.dsv'
[4.399s] INFO:colcon.colcon_core.shell:Creating package script '/home/seastar/steve_summer_seastar_ws/install/seastar_interfaces/share/seastar_interfaces/package.sh'
[4.400s] INFO:colcon.colcon_core.shell:Creating package script '/home/seastar/steve_summer_seastar_ws/install/seastar_interfaces/share/seastar_interfaces/package.bash'
[4.400s] INFO:colcon.colcon_core.shell:Creating package script '/home/seastar/steve_summer_seastar_ws/install/seastar_interfaces/share/seastar_interfaces/package.zsh'
[4.401s] Level 1:colcon.colcon_core.environment:create_file_with_runtime_dependencies(/home/seastar/steve_summer_seastar_ws/install/seastar_interfaces/share/colcon-core/packages/seastar_interfaces)
[4.403s] INFO:colcon.colcon_ros.task.ament_python.build:Building ROS package in '/home/seastar/steve_summer_seastar_ws/src/imufaker' with build type 'ament_python'
[4.403s] Level 1:colcon.colcon_core.shell:create_environment_hook('imufaker', 'ament_prefix_path')
[4.406s] INFO:colcon.colcon_core.shell:Creating environment hook '/home/seastar/steve_summer_seastar_ws/install/imufaker/share/imufaker/hook/ament_prefix_path.ps1'
[4.406s] INFO:colcon.colcon_core.shell:Creating environment descriptor '/home/seastar/steve_summer_seastar_ws/install/imufaker/share/imufaker/hook/ament_prefix_path.dsv'
[4.407s] INFO:colcon.colcon_core.shell:Creating environment hook '/home/seastar/steve_summer_seastar_ws/install/imufaker/share/imufaker/hook/ament_prefix_path.sh'
[4.410s] INFO:colcon.colcon_core.shell:Skip shell extension 'powershell' for command environment: Not usable outside of PowerShell
[4.410s] DEBUG:colcon.colcon_core.shell:Skip shell extension 'dsv' for command environment
[5.112s] INFO:colcon.colcon_core.task.python.build:Building Python package in '/home/seastar/steve_summer_seastar_ws/src/imufaker'
[5.114s] INFO:colcon.colcon_core.shell:Skip shell extension 'powershell' for command environment: Not usable outside of PowerShell
[5.115s] DEBUG:colcon.colcon_core.shell:Skip shell extension 'dsv' for command environment
[6.085s] DEBUG:colcon.colcon_parallel_executor.executor.parallel:run_until_complete was interrupted
[6.086s] DEBUG:colcon.colcon_parallel_executor.executor.parallel:run_until_complete again
[6.227s] DEBUG:colcon.colcon_core.event_handler.log_command:Invoked command in '/home/seastar/steve_summer_seastar_ws/build/ik_solver' returned '1': PYTHONPATH=/home/seastar/steve_summer_seastar_ws/build/ik_solver/prefix_override:/home/seastar/steve_summer_seastar_ws/install/ik_solver/lib/python3.10/site-packages:${PYTHONPATH} /usr/bin/python3 setup.py develop --editable --build-directory /home/seastar/steve_summer_seastar_ws/build/ik_solver/build --no-deps install_data
[6.271s] DEBUG:colcon.colcon_parallel_executor.executor.parallel:run_until_complete finished
[6.271s] DEBUG:colcon.colcon_parallel_executor.executor.parallel:closing loop
[6.271s] DEBUG:colcon.colcon_parallel_executor.executor.parallel:loop closed
[6.271s] DEBUG:colcon.colcon_core.event_reactor:joining thread
[6.278s] INFO:colcon.colcon_core.plugin_system:Skipping extension 'colcon_notification.desktop_notification.terminal_notifier': Not used on non-Darwin systems
[6.278s] INFO:colcon.colcon_core.plugin_system:Skipping extension 'colcon_notification.desktop_notification.win32': Not used on non-Windows systems
[6.278s] INFO:colcon.colcon_notification.desktop_notification:Sending desktop notification using 'notify2'
[6.296s] DEBUG:colcon.colcon_core.event_reactor:joined thread
[6.299s] INFO:colcon.colcon_core.shell:Creating prefix script '/home/seastar/steve_summer_seastar_ws/install/local_setup.ps1'
[6.301s] INFO:colcon.colcon_core.shell:Creating prefix util module '/home/seastar/steve_summer_seastar_ws/install/_local_setup_util_ps1.py'
[6.303s] INFO:colcon.colcon_core.shell:Creating prefix chain script '/home/seastar/steve_summer_seastar_ws/install/setup.ps1'
[6.306s] INFO:colcon.colcon_core.shell:Creating prefix script '/home/seastar/steve_summer_seastar_ws/install/local_setup.sh'
[6.307s] INFO:colcon.colcon_core.shell:Creating prefix util module '/home/seastar/steve_summer_seastar_ws/install/_local_setup_util_sh.py'
[6.308s] INFO:colcon.colcon_core.shell:Creating prefix chain script '/home/seastar/steve_summer_seastar_ws/install/setup.sh'
[6.310s] INFO:colcon.colcon_core.shell:Creating prefix script '/home/seastar/steve_summer_seastar_ws/install/local_setup.bash'
[6.310s] INFO:colcon.colcon_core.shell:Creating prefix chain script '/home/seastar/steve_summer_seastar_ws/install/setup.bash'
[6.312s] INFO:colcon.colcon_core.shell:Creating prefix script '/home/seastar/steve_summer_seastar_ws/install/local_setup.zsh'
[6.313s] INFO:colcon.colcon_core.shell:Creating prefix chain script '/home/seastar/steve_summer_seastar_ws/install/setup.zsh'
