[1.694s] Invoking command in '/home/seastar/steve_summer_seastar_ws/build/imufaker': PYTHONPATH=/home/seastar/steve_summer_seastar_ws/build/imufaker/prefix_override:/home/seastar/steve_summer_seastar_ws/install/imufaker/lib/python3.10/site-packages:${PYTHONPATH} /usr/bin/python3 setup.py develop --editable --build-directory /home/seastar/steve_summer_seastar_ws/build/imufaker/build --no-deps install_data
[2.237s] running develop
[2.238s] /usr/lib/python3/dist-packages/setuptools/command/easy_install.py:158: EasyInstallDeprecationWarning: easy_install command is deprecated. Use build and pip and other standards-based tools.
[2.238s]   warnings.warn(
[2.240s] /usr/lib/python3/dist-packages/setuptools/command/install.py:34: SetuptoolsDeprecationWarning: setup.py install is deprecated. Use build and pip and other standards-based tools.
[2.240s]   warnings.warn(
[2.386s] /usr/lib/python3/dist-packages/pkg_resources/__init__.py:116: PkgResourcesDeprecationWarning: 1.16.0-unknown is an invalid version and will not be supported in a future release
[2.386s]   warnings.warn(
[2.387s] /usr/lib/python3/dist-packages/pkg_resources/__init__.py:116: PkgResourcesDeprecationWarning: 1.1build1 is an invalid version and will not be supported in a future release
[2.387s]   warnings.warn(
[2.654s] running egg_info
[2.654s] writing imufaker.egg-info/PKG-INFO
[2.655s] writing dependency_links to imufaker.egg-info/dependency_links.txt
[2.655s] writing entry points to imufaker.egg-info/entry_points.txt
[2.655s] writing requirements to imufaker.egg-info/requires.txt
[2.656s] writing top-level names to imufaker.egg-info/top_level.txt
[2.746s] listing git files failed - pretending there aren't any
[2.947s] reading manifest file 'imufaker.egg-info/SOURCES.txt'
[2.948s] writing manifest file 'imufaker.egg-info/SOURCES.txt'
[3.013s] running build_ext
[3.013s] Creating /home/seastar/steve_summer_seastar_ws/install/imufaker/lib/python3.10/site-packages/imufaker.egg-link (link to .)
[3.014s] Installing imufaker script to /home/seastar/steve_summer_seastar_ws/install/imufaker/lib/imufaker
[3.015s] 
[3.015s] Installed /home/seastar/steve_summer_seastar_ws/build/imufaker
[3.015s] running install_data
[3.106s] Invoked command in '/home/seastar/steve_summer_seastar_ws/build/imufaker' returned '0': PYTHONPATH=/home/seastar/steve_summer_seastar_ws/build/imufaker/prefix_override:/home/seastar/steve_summer_seastar_ws/install/imufaker/lib/python3.10/site-packages:${PYTHONPATH} /usr/bin/python3 setup.py develop --editable --build-directory /home/seastar/steve_summer_seastar_ws/build/imufaker/build --no-deps install_data
