[1.395s] Invoking command in '/home/seastar/steve_summer_seastar_ws/build/solar_ephemeris': AMENT_PREFIX_PATH=/home/seastar/steve_summer_seastar_ws/install/seastar_interfaces:${AMENT_PREFIX_PATH} CMAKE_PREFIX_PATH=/home/seastar/steve_summer_seastar_ws/install/seastar_interfaces LD_LIBRARY_PATH=/home/seastar/steve_summer_seastar_ws/install/seastar_interfaces/lib:${LD_LIBRARY_PATH} PYTHONPATH=/home/seastar/steve_summer_seastar_ws/build/solar_ephemeris/prefix_override:/home/seastar/steve_summer_seastar_ws/install/solar_ephemeris/lib/python3.10/site-packages:/home/seastar/steve_summer_seastar_ws/install/seastar_interfaces/local/lib/python3.10/dist-packages:${PYTHONPATH} /usr/bin/python3 setup.py develop --editable --build-directory /home/seastar/steve_summer_seastar_ws/build/solar_ephemeris/build --no-deps install_data
[1.818s] running develop
[1.818s] /usr/lib/python3/dist-packages/setuptools/command/easy_install.py:158: EasyInstallDeprecationWarning: easy_install command is deprecated. Use build and pip and other standards-based tools.
[1.818s]   warnings.warn(
[1.821s] /usr/lib/python3/dist-packages/setuptools/command/install.py:34: SetuptoolsDeprecationWarning: setup.py install is deprecated. Use build and pip and other standards-based tools.
[1.821s]   warnings.warn(
[1.922s] /usr/lib/python3/dist-packages/pkg_resources/__init__.py:116: PkgResourcesDeprecationWarning: 1.16.0-unknown is an invalid version and will not be supported in a future release
[1.923s]   warnings.warn(
[1.923s] /usr/lib/python3/dist-packages/pkg_resources/__init__.py:116: PkgResourcesDeprecationWarning: 1.1build1 is an invalid version and will not be supported in a future release
[1.923s]   warnings.warn(
[2.130s] running egg_info
[2.131s] writing solar_ephemeris.egg-info/PKG-INFO
[2.131s] writing dependency_links to solar_ephemeris.egg-info/dependency_links.txt
[2.132s] writing entry points to solar_ephemeris.egg-info/entry_points.txt
[2.132s] writing requirements to solar_ephemeris.egg-info/requires.txt
[2.132s] writing top-level names to solar_ephemeris.egg-info/top_level.txt
[2.196s] listing git files failed - pretending there aren't any
[2.327s] reading manifest file 'solar_ephemeris.egg-info/SOURCES.txt'
[2.328s] writing manifest file 'solar_ephemeris.egg-info/SOURCES.txt'
[2.365s] running build_ext
[2.366s] Creating /home/seastar/steve_summer_seastar_ws/install/solar_ephemeris/lib/python3.10/site-packages/solar-ephemeris.egg-link (link to .)
[2.367s] Installing solar_ephemeris script to /home/seastar/steve_summer_seastar_ws/install/solar_ephemeris/lib/solar_ephemeris
[2.367s] 
[2.367s] Installed /home/seastar/steve_summer_seastar_ws/build/solar_ephemeris
[2.367s] running install_data
[2.424s] Invoked command in '/home/seastar/steve_summer_seastar_ws/build/solar_ephemeris' returned '0': AMENT_PREFIX_PATH=/home/seastar/steve_summer_seastar_ws/install/seastar_interfaces:${AMENT_PREFIX_PATH} CMAKE_PREFIX_PATH=/home/seastar/steve_summer_seastar_ws/install/seastar_interfaces LD_LIBRARY_PATH=/home/seastar/steve_summer_seastar_ws/install/seastar_interfaces/lib:${LD_LIBRARY_PATH} PYTHONPATH=/home/seastar/steve_summer_seastar_ws/build/solar_ephemeris/prefix_override:/home/seastar/steve_summer_seastar_ws/install/solar_ephemeris/lib/python3.10/site-packages:/home/seastar/steve_summer_seastar_ws/install/seastar_interfaces/local/lib/python3.10/dist-packages:${PYTHONPATH} /usr/bin/python3 setup.py develop --editable --build-directory /home/seastar/steve_summer_seastar_ws/build/solar_ephemeris/build --no-deps install_data
