[2.443s] Invoking command in '/home/seastar/steve_summer_seastar_ws/build/ik_solver': PYTHONPATH=/home/seastar/steve_summer_seastar_ws/build/ik_solver/prefix_override:/home/seastar/steve_summer_seastar_ws/install/ik_solver/lib/python3.10/site-packages:${PYTHONPATH} /usr/bin/python3 setup.py develop --editable --build-directory /home/seastar/steve_summer_seastar_ws/build/ik_solver/build --no-deps install_data
[3.454s] running develop
[3.455s] /usr/lib/python3/dist-packages/setuptools/command/easy_install.py:158: EasyInstallDeprecationWarning: easy_install command is deprecated. Use build and pip and other standards-based tools.
[3.455s]   warnings.warn(
[3.458s] /usr/lib/python3/dist-packages/setuptools/command/install.py:34: SetuptoolsDeprecationWarning: setup.py install is deprecated. Use build and pip and other standards-based tools.
[3.458s]   warnings.warn(
[3.809s] /usr/lib/python3/dist-packages/pkg_resources/__init__.py:116: PkgResourcesDeprecationWarning: 1.16.0-unknown is an invalid version and will not be supported in a future release
[3.809s]   warnings.warn(
[3.810s] /usr/lib/python3/dist-packages/pkg_resources/__init__.py:116: PkgResourcesDeprecationWarning: 1.1build1 is an invalid version and will not be supported in a future release
[3.810s]   warnings.warn(
[4.526s] running egg_info
[4.527s] writing ik_solver.egg-info/PKG-INFO
[4.527s] writing dependency_links to ik_solver.egg-info/dependency_links.txt
[4.528s] writing entry points to ik_solver.egg-info/entry_points.txt
[4.528s] writing requirements to ik_solver.egg-info/requires.txt
[4.528s] writing top-level names to ik_solver.egg-info/top_level.txt
[7.776s] writing manifest file 'ik_solver.egg-info/SOURCES.txt'
[7.938s] running build_ext
[7.939s] Creating /home/seastar/steve_summer_seastar_ws/install/ik_solver/lib/python3.10/site-packages/ik-solver.egg-link (link to .)
[7.949s] Installing ik_solver script to /home/seastar/steve_summer_seastar_ws/install/ik_solver/lib/ik_solver
[7.949s] Installing ik_tester script to /home/seastar/steve_summer_seastar_ws/install/ik_solver/lib/ik_solver
[7.950s] 
[7.950s] Installed /home/seastar/steve_summer_seastar_ws/build/ik_solver
[7.950s] running install_data
[7.951s] creating /home/seastar/steve_summer_seastar_ws/install/ik_solver/share/ik_solver/launch
[8.500s] Invoked command in '/home/seastar/steve_summer_seastar_ws/build/ik_solver' returned '0': PYTHONPATH=/home/seastar/steve_summer_seastar_ws/build/ik_solver/prefix_override:/home/seastar/steve_summer_seastar_ws/install/ik_solver/lib/python3.10/site-packages:${PYTHONPATH} /usr/bin/python3 setup.py develop --editable --build-directory /home/seastar/steve_summer_seastar_ws/build/ik_solver/build --no-deps install_data
