[2.265s] Invoking command in '/home/seastar/steve_summer_seastar_ws/build/hamburger_helper': PYTHONPATH=/home/seastar/steve_summer_seastar_ws/build/hamburger_helper/prefix_override:/home/seastar/steve_summer_seastar_ws/install/hamburger_helper/lib/python3.10/site-packages:${PYTHONPATH} /usr/bin/python3 setup.py develop --editable --build-directory /home/seastar/steve_summer_seastar_ws/build/hamburger_helper/build --no-deps install_data
[2.902s] running develop
[2.903s] /usr/lib/python3/dist-packages/setuptools/command/easy_install.py:158: EasyInstallDeprecationWarning: easy_install command is deprecated. Use build and pip and other standards-based tools.
[2.903s]   warnings.warn(
[2.907s] /usr/lib/python3/dist-packages/setuptools/command/install.py:34: SetuptoolsDeprecationWarning: setup.py install is deprecated. Use build and pip and other standards-based tools.
[2.907s]   warnings.warn(
[3.054s] /usr/lib/python3/dist-packages/pkg_resources/__init__.py:116: PkgResourcesDeprecationWarning: 1.16.0-unknown is an invalid version and will not be supported in a future release
[3.054s]   warnings.warn(
[3.055s] /usr/lib/python3/dist-packages/pkg_resources/__init__.py:116: PkgResourcesDeprecationWarning: 1.1build1 is an invalid version and will not be supported in a future release
[3.055s]   warnings.warn(
[3.346s] running egg_info
[3.346s] writing hamburger_helper.egg-info/PKG-INFO
[3.346s] writing dependency_links to hamburger_helper.egg-info/dependency_links.txt
[3.346s] writing entry points to hamburger_helper.egg-info/entry_points.txt
[3.347s] writing requirements to hamburger_helper.egg-info/requires.txt
[3.347s] writing top-level names to hamburger_helper.egg-info/top_level.txt
[3.470s] listing git files failed - pretending there aren't any
[3.945s] reading manifest file 'hamburger_helper.egg-info/SOURCES.txt'
[3.946s] writing manifest file 'hamburger_helper.egg-info/SOURCES.txt'
[4.137s] running build_ext
[4.137s] Creating /home/seastar/steve_summer_seastar_ws/install/hamburger_helper/lib/python3.10/site-packages/hamburger-helper.egg-link (link to .)
[4.139s] Installing hamburger_helper script to /home/seastar/steve_summer_seastar_ws/install/hamburger_helper/lib/hamburger_helper
[4.140s] 
[4.140s] Installed /home/seastar/steve_summer_seastar_ws/build/hamburger_helper
[4.140s] running install_data
[4.310s] Invoked command in '/home/seastar/steve_summer_seastar_ws/build/hamburger_helper' returned '0': PYTHONPATH=/home/seastar/steve_summer_seastar_ws/build/hamburger_helper/prefix_override:/home/seastar/steve_summer_seastar_ws/install/hamburger_helper/lib/python3.10/site-packages:${PYTHONPATH} /usr/bin/python3 setup.py develop --editable --build-directory /home/seastar/steve_summer_seastar_ws/build/hamburger_helper/build --no-deps install_data
