[4.607s] Invoking command in '/home/seastar/steve_summer_seastar_ws/build/hamburger_helper': PYTHONPATH=/home/seastar/steve_summer_seastar_ws/build/hamburger_helper/prefix_override:/home/seastar/steve_summer_seastar_ws/install/hamburger_helper/lib/python3.10/site-packages:${PYTHONPATH} /usr/bin/python3 setup.py develop --editable --build-directory /home/seastar/steve_summer_seastar_ws/build/hamburger_helper/build --no-deps install_data
[5.496s] running develop
[5.497s] /usr/lib/python3/dist-packages/setuptools/command/easy_install.py:158: EasyInstallDeprecationWarning: easy_install command is deprecated. Use build and pip and other standards-based tools.
[5.497s]   warnings.warn(
[5.500s] /usr/lib/python3/dist-packages/setuptools/command/install.py:34: SetuptoolsDeprecationWarning: setup.py install is deprecated. Use build and pip and other standards-based tools.
[5.500s]   warnings.warn(
[5.786s] /usr/lib/python3/dist-packages/pkg_resources/__init__.py:116: PkgResourcesDeprecationWarning: 1.16.0-unknown is an invalid version and will not be supported in a future release
[5.787s]   warnings.warn(
[5.787s] /usr/lib/python3/dist-packages/pkg_resources/__init__.py:116: PkgResourcesDeprecationWarning: 1.1build1 is an invalid version and will not be supported in a future release
[5.787s]   warnings.warn(
[5.787s] /usr/lib/python3/dist-packages/pkg_resources/__init__.py:116: PkgResourcesDeprecationWarning: 0.1.43ubuntu1 is an invalid version and will not be supported in a future release
[5.787s]   warnings.warn(
[6.301s] running egg_info
[6.302s] writing hamburger_helper.egg-info/PKG-INFO
[6.302s] writing dependency_links to hamburger_helper.egg-info/dependency_links.txt
[6.303s] writing entry points to hamburger_helper.egg-info/entry_points.txt
[6.304s] writing requirements to hamburger_helper.egg-info/requires.txt
[6.304s] writing top-level names to hamburger_helper.egg-info/top_level.txt
[6.493s] listing git files failed - pretending there aren't any
[6.845s] reading manifest file 'hamburger_helper.egg-info/SOURCES.txt'
[6.845s] writing manifest file 'hamburger_helper.egg-info/SOURCES.txt'
[7.043s] running build_ext
[7.044s] Creating /home/seastar/steve_summer_seastar_ws/install/hamburger_helper/lib/python3.10/site-packages/hamburger-helper.egg-link (link to .)
[7.047s] Installing hamburger_helper script to /home/seastar/steve_summer_seastar_ws/install/hamburger_helper/lib/hamburger_helper
[7.047s] 
[7.047s] Installed /home/seastar/steve_summer_seastar_ws/build/hamburger_helper
[7.049s] running install_data
[7.313s] Invoked command in '/home/seastar/steve_summer_seastar_ws/build/hamburger_helper' returned '0': PYTHONPATH=/home/seastar/steve_summer_seastar_ws/build/hamburger_helper/prefix_override:/home/seastar/steve_summer_seastar_ws/install/hamburger_helper/lib/python3.10/site-packages:${PYTHONPATH} /usr/bin/python3 setup.py develop --editable --build-directory /home/seastar/steve_summer_seastar_ws/build/hamburger_helper/build --no-deps install_data
