[2.525s] Invoking command in '/home/seastar/steve_summer_seastar_ws/build/ik_tools': PYTHONPATH=/home/seastar/steve_summer_seastar_ws/build/ik_tools/prefix_override:/home/seastar/steve_summer_seastar_ws/install/ik_tools/lib/python3.10/site-packages:${PYTHONPATH} /usr/bin/python3 setup.py develop --editable --build-directory /home/seastar/steve_summer_seastar_ws/build/ik_tools/build --no-deps install_data
[3.478s] running develop
[3.479s] /usr/lib/python3/dist-packages/setuptools/command/easy_install.py:158: EasyInstallDeprecationWarning: easy_install command is deprecated. Use build and pip and other standards-based tools.
[3.480s]   warnings.warn(
[3.484s] /usr/lib/python3/dist-packages/setuptools/command/install.py:34: SetuptoolsDeprecationWarning: setup.py install is deprecated. Use build and pip and other standards-based tools.
[3.484s]   warnings.warn(
[3.746s] /usr/lib/python3/dist-packages/pkg_resources/__init__.py:116: PkgResourcesDeprecationWarning: 1.16.0-unknown is an invalid version and will not be supported in a future release
[3.746s]   warnings.warn(
[3.746s] /usr/lib/python3/dist-packages/pkg_resources/__init__.py:116: PkgResourcesDeprecationWarning: 1.1build1 is an invalid version and will not be supported in a future release
[3.747s]   warnings.warn(
[4.041s] running egg_info
[4.041s] writing ik_tools.egg-info/PKG-INFO
[4.042s] writing dependency_links to ik_tools.egg-info/dependency_links.txt
[4.042s] writing entry points to ik_tools.egg-info/entry_points.txt
[4.043s] writing requirements to ik_tools.egg-info/requires.txt
[4.043s] writing top-level names to ik_tools.egg-info/top_level.txt
[4.142s] listing git files failed - pretending there aren't any
[4.302s] reading manifest file 'ik_tools.egg-info/SOURCES.txt'
[4.307s] writing manifest file 'ik_tools.egg-info/SOURCES.txt'
[4.376s] running build_ext
[4.377s] Creating /home/seastar/steve_summer_seastar_ws/install/ik_tools/lib/python3.10/site-packages/ik-tools.egg-link (link to .)
[4.379s] Installing ik_tools script to /home/seastar/steve_summer_seastar_ws/install/ik_tools/lib/ik_tools
[4.380s] 
[4.380s] Installed /home/seastar/steve_summer_seastar_ws/build/ik_tools
[4.381s] running install_data
[4.502s] Invoked command in '/home/seastar/steve_summer_seastar_ws/build/ik_tools' returned '0': PYTHONPATH=/home/seastar/steve_summer_seastar_ws/build/ik_tools/prefix_override:/home/seastar/steve_summer_seastar_ws/install/ik_tools/lib/python3.10/site-packages:${PYTHONPATH} /usr/bin/python3 setup.py develop --editable --build-directory /home/seastar/steve_summer_seastar_ws/build/ik_tools/build --no-deps install_data
