[0.043s] Invoking command in '/home/seastar/steve_summer_seastar_ws/build/head_chef': CMAKE_PREFIX_PATH=/home/seastar/steve_summer_seastar_ws/install/seastar_interfaces:/home/seastar/steve_summer_seastar_ws/install/sunspotter:/home/seastar/steve_summer_seastar_ws/install/head_chef:/home/seastar/steve_summer_seastar_ws/install/motor_state_manager:/home/seastar/steve_summer_seastar_ws/install/motor_manager:/home/seastar/steve_summer_seastar_ws/install/bluespace_ai_xsens_mti_driver:/home/seastar/steve_summer_seastar_ws/install/test_driver:/home/seastar/steve_summer_seastar_ws/install/test_cam:/home/seastar/steve_summer_seastar_ws/install/solar_ephemeris:/home/seastar/steve_summer_seastar_ws/install/pysp:/home/seastar/steve_summer_seastar_ws/install/imufaker:/home/seastar/steve_summer_seastar_ws/install/ik_tools:/home/seastar/steve_summer_seastar_ws/install/ik_solver:/home/seastar/steve_summer_seastar_ws/install/hamburger_helper:/opt/ros/humble /home/seastar/.local/bin/cmake --build /home/seastar/steve_summer_seastar_ws/build/head_chef -- -j4 -l4
[0.265s] [ 16%] [32mBuilding CXX object CMakeFiles/head_chef.dir/src/head_chef.cpp.o[0m
[0.271s] [ 33%] [32mBuilding CXX object CMakeFiles/head_chef.dir/src/ChefScript.cpp.o[0m
[1.665s] In file included from [01m[K/home/seastar/steve_summer_seastar_ws/src/head_chef/src/ChefScript.cpp:1[m[K:
[1.665s] [01m[K/home/seastar/steve_summer_seastar_ws/src/head_chef/src/ChefScript.h:30:21:[m[K [01;31m[Kerror: [m[K‘[01m[KChefCommand[m[K’ was not declared in this scope
[1.665s]    30 |         std::vector<[01;31m[KChefCommand[m[K> comms_;
[1.665s]       |                     [01;31m[K^~~~~~~~~~~[m[K
[1.665s] [01m[K/home/seastar/steve_summer_seastar_ws/src/head_chef/src/ChefScript.h:30:32:[m[K [01;31m[Kerror: [m[Ktemplate argument 1 is invalid
[1.666s]    30 |         std::vector<ChefCommand[01;31m[K>[m[K comms_;
[1.666s]       |                                [01;31m[K^[m[K
[1.666s] [01m[K/home/seastar/steve_summer_seastar_ws/src/head_chef/src/ChefScript.h:30:32:[m[K [01;31m[Kerror: [m[Ktemplate argument 2 is invalid
[1.676s] [01m[K/home/seastar/steve_summer_seastar_ws/src/head_chef/src/ChefScript.cpp:[m[K In member function ‘[01m[Kvoid ChefScript::execNextLine()[m[K’:
[1.676s] [01m[K/home/seastar/steve_summer_seastar_ws/src/head_chef/src/ChefScript.cpp:36:32:[m[K [01;31m[Kerror: [m[Krequest for member ‘[01m[Ksize[m[K’ in ‘[01m[K((ChefScript*)this)->ChefScript::comms_[m[K’, which is of non-class type ‘[01m[Kint[m[K’
[1.676s]    36 |         if (execLine >= comms_.[01;31m[Ksize[m[K()) {
[1.676s]       |                                [01;31m[K^~~~[m[K
[1.676s] [01m[K/home/seastar/steve_summer_seastar_ws/src/head_chef/src/ChefScript.cpp:42:38:[m[K [01;31m[Kerror: [m[Krequest for member ‘[01m[Kat[m[K’ in ‘[01m[K((ChefScript*)this)->ChefScript::comms_[m[K’, which is of non-class type ‘[01m[Kint[m[K’
[1.676s]    42 |         ChefCommand curComm = comms_.[01;31m[Kat[m[K(execLine);
[1.677s]       |                                      [01;31m[K^~[m[K
[1.677s] [01m[K/home/seastar/steve_summer_seastar_ws/src/head_chef/src/ChefScript.cpp:52:30:[m[K [01;31m[Kerror: [m[Kinvalid use of incomplete type ‘[01m[Kclass HeadChef[m[K’
[1.677s]    52 |                         chef_[01;31m[K->[m[KhomeAll();
[1.678s]       |                              [01;31m[K^~[m[K
[1.678s] In file included from [01m[K/home/seastar/steve_summer_seastar_ws/src/head_chef/src/ChefScript.cpp:1[m[K:
[1.678s] [01m[K/home/seastar/steve_summer_seastar_ws/src/head_chef/src/ChefScript.h:13:7:[m[K [01;36m[Knote: [m[Kforward declaration of ‘[01m[Kclass HeadChef[m[K’
[1.678s]    13 | class [01;36m[KHeadChef[m[K;
[1.678s]       |       [01;36m[K^~~~~~~~[m[K
[1.687s] [01m[K/home/seastar/steve_summer_seastar_ws/src/head_chef/src/ChefScript.cpp:[m[K In member function ‘[01m[Kvoid ChefScript::loadScript(std::string)[m[K’:
[1.687s] [01m[K/home/seastar/steve_summer_seastar_ws/src/head_chef/src/ChefScript.cpp:160:30:[m[K [01;31m[Kerror: [m[K‘[01m[Kbegin[m[K’ was not declared in this scope
[1.687s]   160 |         for (ChefCommand c : [01;31m[Kcomms_[m[K) {
[1.687s]       |                              [01;31m[K^~~~~~[m[K
[1.687s] [01m[K/home/seastar/steve_summer_seastar_ws/src/head_chef/src/ChefScript.cpp:160:30:[m[K [01;36m[Knote: [m[Ksuggested alternatives:
[1.687s] In file included from [01m[K/usr/include/c++/11/string:54[m[K,
[1.688s]                  from [01m[K/home/seastar/steve_summer_seastar_ws/src/head_chef/src/ChefScript.h:4[m[K,
[1.688s]                  from [01m[K/home/seastar/steve_summer_seastar_ws/src/head_chef/src/ChefScript.cpp:1[m[K:
[1.688s] [01m[K/usr/include/c++/11/bits/range_access.h:108:37:[m[K [01;36m[Knote: [m[K  ‘[01m[Kstd::begin[m[K’
[1.688s]   108 |   template<typename _Tp> const _Tp* [01;36m[Kbegin[m[K(const valarray<_Tp>&) noexcept;
[1.688s]       |                                     [01;36m[K^~~~~[m[K
[1.688s] In file included from [01m[K/usr/include/c++/11/filesystem:46[m[K,
[1.688s]                  from [01m[K/home/seastar/steve_summer_seastar_ws/src/head_chef/src/ChefScript.h:8[m[K,
[1.688s]                  from [01m[K/home/seastar/steve_summer_seastar_ws/src/head_chef/src/ChefScript.cpp:1[m[K:
[1.688s] [01m[K/usr/include/c++/11/bits/fs_dir.h:549:3:[m[K [01;36m[Knote: [m[K  ‘[01m[Kstd::filesystem::__cxx11::begin[m[K’
[1.689s]   549 |   [01;36m[Kbegin[m[K(recursive_directory_iterator __iter) noexcept
[1.689s]       |   [01;36m[K^~~~~[m[K
[1.689s] [01m[K/home/seastar/steve_summer_seastar_ws/src/head_chef/src/ChefScript.cpp:160:30:[m[K [01;31m[Kerror: [m[K‘[01m[Kend[m[K’ was not declared in this scope
[1.689s]   160 |         for (ChefCommand c : [01;31m[Kcomms_[m[K) {
[1.689s]       |                              [01;31m[K^~~~~~[m[K
[1.689s] [01m[K/home/seastar/steve_summer_seastar_ws/src/head_chef/src/ChefScript.cpp:160:30:[m[K [01;36m[Knote: [m[Ksuggested alternatives:
[1.689s] In file included from [01m[K/usr/include/c++/11/string:54[m[K,
[1.689s]                  from [01m[K/home/seastar/steve_summer_seastar_ws/src/head_chef/src/ChefScript.h:4[m[K,
[1.690s]                  from [01m[K/home/seastar/steve_summer_seastar_ws/src/head_chef/src/ChefScript.cpp:1[m[K:
[1.690s] [01m[K/usr/include/c++/11/bits/range_access.h:110:37:[m[K [01;36m[Knote: [m[K  ‘[01m[Kstd::end[m[K’
[1.690s]   110 |   template<typename _Tp> const _Tp* [01;36m[Kend[m[K(const valarray<_Tp>&) noexcept;
[1.690s]       |                                     [01;36m[K^~~[m[K
[1.690s] In file included from [01m[K/usr/include/c++/11/filesystem:46[m[K,
[1.690s]                  from [01m[K/home/seastar/steve_summer_seastar_ws/src/head_chef/src/ChefScript.h:8[m[K,
[1.690s]                  from [01m[K/home/seastar/steve_summer_seastar_ws/src/head_chef/src/ChefScript.cpp:1[m[K:
[1.690s] [01m[K/usr/include/c++/11/bits/fs_dir.h:554:3:[m[K [01;36m[Knote: [m[K  ‘[01m[Kstd::filesystem::__cxx11::end[m[K’
[1.690s]   554 |   [01;36m[Kend[m[K(recursive_directory_iterator) noexcept
[1.691s]       |   [01;36m[K^~~[m[K
[1.693s] [01m[K/home/seastar/steve_summer_seastar_ws/src/head_chef/src/ChefScript.cpp:[m[K In member function ‘[01m[Kbool ChefScript::isValidCommand(std::string)[m[K’:
[1.693s] [01m[K/home/seastar/steve_summer_seastar_ws/src/head_chef/src/ChefScript.cpp:184:48:[m[K [01;31m[Kerror: [m[Krequest for member ‘[01m[Kpush_back[m[K’ in ‘[01m[K((ChefScript*)this)->ChefScript::comms_[m[K’, which is of non-class type ‘[01m[Kint[m[K’
[1.693s]   184 |                                         comms_.[01;31m[Kpush_back[m[K(ChefCommand(static_cast<Command>(i), std::stod(rest)));
[1.694s]       |                                                [01;31m[K^~~~~~~~~[m[K
[1.694s] [01m[K/home/seastar/steve_summer_seastar_ws/src/head_chef/src/ChefScript.cpp:186:48:[m[K [01;31m[Kerror: [m[Krequest for member ‘[01m[Kpush_back[m[K’ in ‘[01m[K((ChefScript*)this)->ChefScript::comms_[m[K’, which is of non-class type ‘[01m[Kint[m[K’
[1.694s]   186 |                                         comms_.[01;31m[Kpush_back[m[K(ChefCommand(static_cast<Command>(i)));
[1.694s]       |                                                [01;31m[K^~~~~~~~~[m[K
[1.860s] gmake[2]: *** [CMakeFiles/head_chef.dir/build.make:132: CMakeFiles/head_chef.dir/src/ChefScript.cpp.o] Error 1
[1.860s] gmake[2]: *** Waiting for unfinished jobs....
[4.937s] In file included from [01m[K/home/seastar/steve_summer_seastar_ws/src/head_chef/src/head_chef.h:26[m[K,
[4.937s]                  from [01m[K/home/seastar/steve_summer_seastar_ws/src/head_chef/src/head_chef.cpp:2[m[K:
[4.937s] [01m[K/home/seastar/steve_summer_seastar_ws/src/head_chef/src/ChefScript.h:30:21:[m[K [01;31m[Kerror: [m[K‘[01m[KChefCommand[m[K’ was not declared in this scope
[4.937s]    30 |         std::vector<[01;31m[KChefCommand[m[K> comms_;
[4.937s]       |                     [01;31m[K^~~~~~~~~~~[m[K
[4.938s] [01m[K/home/seastar/steve_summer_seastar_ws/src/head_chef/src/ChefScript.h:30:32:[m[K [01;31m[Kerror: [m[Ktemplate argument 1 is invalid
[4.938s]    30 |         std::vector<ChefCommand[01;31m[K>[m[K comms_;
[4.938s]       |                                [01;31m[K^[m[K
[4.938s] [01m[K/home/seastar/steve_summer_seastar_ws/src/head_chef/src/ChefScript.h:30:32:[m[K [01;31m[Kerror: [m[Ktemplate argument 2 is invalid
[5.228s] [01m[K/home/seastar/steve_summer_seastar_ws/src/head_chef/src/head_chef.cpp:[m[K In function ‘[01m[Kvoid signal_callback_handler(int)[m[K’:
[5.228s] [01m[K/home/seastar/steve_summer_seastar_ws/src/head_chef/src/head_chef.cpp:17:34:[m[K [01;35m[Kwarning: [m[Kunused parameter ‘[01m[Ksignum[m[K’ [[01;35m[K]8;;https://gcc.gnu.org/onlinedocs/gcc/Warning-Options.html#index-Wunused-parameter-Wunused-parameter]8;;[m[K]
[5.228s]    17 | void signal_callback_handler([01;35m[Kint signum[m[K) {
[5.228s]       |                              [01;35m[K~~~~^~~~~~[m[K
[13.093s] gmake[2]: *** [CMakeFiles/head_chef.dir/build.make:76: CMakeFiles/head_chef.dir/src/head_chef.cpp.o] Error 1
[13.093s] gmake[1]: *** [CMakeFiles/Makefile2:137: CMakeFiles/head_chef.dir/all] Error 2
[13.093s] gmake: *** [Makefile:146: all] Error 2
[13.099s] Invoked command in '/home/seastar/steve_summer_seastar_ws/build/head_chef' returned '2': CMAKE_PREFIX_PATH=/home/seastar/steve_summer_seastar_ws/install/seastar_interfaces:/home/seastar/steve_summer_seastar_ws/install/sunspotter:/home/seastar/steve_summer_seastar_ws/install/head_chef:/home/seastar/steve_summer_seastar_ws/install/motor_state_manager:/home/seastar/steve_summer_seastar_ws/install/motor_manager:/home/seastar/steve_summer_seastar_ws/install/bluespace_ai_xsens_mti_driver:/home/seastar/steve_summer_seastar_ws/install/test_driver:/home/seastar/steve_summer_seastar_ws/install/test_cam:/home/seastar/steve_summer_seastar_ws/install/solar_ephemeris:/home/seastar/steve_summer_seastar_ws/install/pysp:/home/seastar/steve_summer_seastar_ws/install/imufaker:/home/seastar/steve_summer_seastar_ws/install/ik_tools:/home/seastar/steve_summer_seastar_ws/install/ik_solver:/home/seastar/steve_summer_seastar_ws/install/hamburger_helper:/opt/ros/humble /home/seastar/.local/bin/cmake --build /home/seastar/steve_summer_seastar_ws/build/head_chef -- -j4 -l4
