[0.911s] Invoking command in '/home/seastar/steve_summer_seastar_ws/build/motor_manager': CMAKE_PREFIX_PATH=${CMAKE_PREFIX_PATH}:/home/seastar/steve_summer_seastar_ws/install/test_driver:/home/seastar/steve_summer_seastar_ws/install/test_cam:/home/seastar/steve_summer_seastar_ws/install/solar_ephemeris:/home/seastar/steve_summer_seastar_ws/install/pysp:/home/seastar/steve_summer_seastar_ws/install/imufaker:/home/seastar/steve_summer_seastar_ws/install/ik_tools:/home/seastar/steve_summer_seastar_ws/install/ik_solver:/home/seastar/steve_summer_seastar_ws/install/hamburger_helper:/opt/ros/humble /home/seastar/.local/bin/cmake --build /home/seastar/steve_summer_seastar_ws/build/motor_manager -- -j4 -l4
[1.213s] [100%] Built target motor_controller
[2.036s] Invoked command in '/home/seastar/steve_summer_seastar_ws/build/motor_manager' returned '0': CMAKE_PREFIX_PATH=${CMAKE_PREFIX_PATH}:/home/seastar/steve_summer_seastar_ws/install/test_driver:/home/seastar/steve_summer_seastar_ws/install/test_cam:/home/seastar/steve_summer_seastar_ws/install/solar_ephemeris:/home/seastar/steve_summer_seastar_ws/install/pysp:/home/seastar/steve_summer_seastar_ws/install/imufaker:/home/seastar/steve_summer_seastar_ws/install/ik_tools:/home/seastar/steve_summer_seastar_ws/install/ik_solver:/home/seastar/steve_summer_seastar_ws/install/hamburger_helper:/opt/ros/humble /home/seastar/.local/bin/cmake --build /home/seastar/steve_summer_seastar_ws/build/motor_manager -- -j4 -l4
[2.244s] Invoking command in '/home/seastar/steve_summer_seastar_ws/build/motor_manager': CMAKE_PREFIX_PATH=${CMAKE_PREFIX_PATH}:/home/seastar/steve_summer_seastar_ws/install/test_driver:/home/seastar/steve_summer_seastar_ws/install/test_cam:/home/seastar/steve_summer_seastar_ws/install/solar_ephemeris:/home/seastar/steve_summer_seastar_ws/install/pysp:/home/seastar/steve_summer_seastar_ws/install/imufaker:/home/seastar/steve_summer_seastar_ws/install/ik_tools:/home/seastar/steve_summer_seastar_ws/install/ik_solver:/home/seastar/steve_summer_seastar_ws/install/hamburger_helper:/opt/ros/humble /home/seastar/.local/bin/cmake --install /home/seastar/steve_summer_seastar_ws/build/motor_manager
[2.455s] -- Install configuration: ""
[2.456s] -- Execute custom install script
[2.456s] -- Up-to-date symlink: /home/seastar/steve_summer_seastar_ws/install/motor_manager/share/ament_index/resource_index/package_run_dependencies/motor_manager
[2.456s] -- Up-to-date symlink: /home/seastar/steve_summer_seastar_ws/install/motor_manager/share/ament_index/resource_index/parent_prefix_path/motor_manager
[2.457s] -- Up-to-date symlink: /home/seastar/steve_summer_seastar_ws/install/motor_manager/share/motor_manager/environment/ament_prefix_path.sh
[2.457s] -- Up-to-date symlink: /home/seastar/steve_summer_seastar_ws/install/motor_manager/share/motor_manager/environment/ament_prefix_path.dsv
[2.457s] -- Up-to-date symlink: /home/seastar/steve_summer_seastar_ws/install/motor_manager/share/motor_manager/environment/path.sh
[2.458s] -- Up-to-date symlink: /home/seastar/steve_summer_seastar_ws/install/motor_manager/share/motor_manager/environment/path.dsv
[2.458s] -- Up-to-date symlink: /home/seastar/steve_summer_seastar_ws/install/motor_manager/share/motor_manager/local_setup.bash
[2.459s] -- Up-to-date symlink: /home/seastar/steve_summer_seastar_ws/install/motor_manager/share/motor_manager/local_setup.sh
[2.471s] -- Up-to-date symlink: /home/seastar/steve_summer_seastar_ws/install/motor_manager/share/motor_manager/local_setup.zsh
[2.472s] -- Up-to-date symlink: /home/seastar/steve_summer_seastar_ws/install/motor_manager/share/motor_manager/local_setup.dsv
[2.473s] -- Symlinking: /home/seastar/steve_summer_seastar_ws/install/motor_manager/share/motor_manager/package.dsv
[2.478s] -- Up-to-date symlink: /home/seastar/steve_summer_seastar_ws/install/motor_manager/share/ament_index/resource_index/packages/motor_manager
[2.478s] -- Up-to-date symlink: /home/seastar/steve_summer_seastar_ws/install/motor_manager/share/motor_manager/cmake/motor_managerConfig.cmake
[2.479s] -- Up-to-date symlink: /home/seastar/steve_summer_seastar_ws/install/motor_manager/share/motor_manager/cmake/motor_managerConfig-version.cmake
[2.479s] -- Up-to-date symlink: /home/seastar/steve_summer_seastar_ws/install/motor_manager/share/motor_manager/package.xml
[2.480s] -- Up-to-date: /home/seastar/steve_summer_seastar_ws/install/motor_manager/lib/motor_manager/motor_controller
[2.494s] Invoked command in '/home/seastar/steve_summer_seastar_ws/build/motor_manager' returned '0': CMAKE_PREFIX_PATH=${CMAKE_PREFIX_PATH}:/home/seastar/steve_summer_seastar_ws/install/test_driver:/home/seastar/steve_summer_seastar_ws/install/test_cam:/home/seastar/steve_summer_seastar_ws/install/solar_ephemeris:/home/seastar/steve_summer_seastar_ws/install/pysp:/home/seastar/steve_summer_seastar_ws/install/imufaker:/home/seastar/steve_summer_seastar_ws/install/ik_tools:/home/seastar/steve_summer_seastar_ws/install/ik_solver:/home/seastar/steve_summer_seastar_ws/install/hamburger_helper:/opt/ros/humble /home/seastar/.local/bin/cmake --install /home/seastar/steve_summer_seastar_ws/build/motor_manager
