[01m[K/home/seastar/steve_summer_seastar_ws/src/head_chef/src/ChefScript.cpp:[m[K In member function ‘[01m[Kvoid ChefScript::execNextLine()[m[K’:
[01m[K/home/seastar/steve_summer_seastar_ws/src/head_chef/src/ChefScript.cpp:36:22:[m[K [01;35m[Kwarning: [m[Kcomparison of integer expressions of different signedness: ‘[01m[Kint[m[K’ and ‘[01m[Kstd::vector<ChefCommand>::size_type[m[K’ {aka ‘[01m[Klong unsigned int[m[K’} [[01;35m[K]8;;https://gcc.gnu.org/onlinedocs/gcc/Warning-Options.html#index-Wsign-compare-Wsign-compare]8;;[m[K]
   36 |         if ([01;35m[KexecLine >= comms_.size()[m[K) {
      |             [01;35m[K~~~~~~~~~^~~~~~~~~~~~~~~~[m[K
[01m[K/home/seastar/steve_summer_seastar_ws/src/head_chef/src/head_chef.cpp:[m[K In function ‘[01m[Kvoid signal_callback_handler(int)[m[K’:
[01m[K/home/seastar/steve_summer_seastar_ws/src/head_chef/src/head_chef.cpp:16:34:[m[K [01;35m[Kwarning: [m[Kunused parameter ‘[01m[Ksignum[m[K’ [[01;35m[K]8;;https://gcc.gnu.org/onlinedocs/gcc/Warning-Options.html#index-Wunused-parameter-Wunused-parameter]8;;[m[K]
   16 | void signal_callback_handler([01;35m[Kint signum[m[K) {
      |                              [01;35m[K~~~~^~~~~~[m[K
[01m[K/home/seastar/steve_summer_seastar_ws/src/head_chef/src/head_chef.cpp:[m[K In member function ‘[01m[Kvoid HeadChef::cook()[m[K’:
[01m[K/home/seastar/steve_summer_seastar_ws/src/head_chef/src/head_chef.cpp:282:22:[m[K [01;31m[Kerror: [m[K‘[01m[KDrawCircle[m[K’ was not declared in this scope; did you mean ‘[01m[KDrawCircleSun[m[K’?
  282 |                 case [01;31m[KDrawCircle[m[K:
      |                      [01;31m[K^~~~~~~~~~[m[K
      |                      [32m[KDrawCircleSun[m[K
[01m[K/home/seastar/steve_summer_seastar_ws/src/head_chef/src/head_chef.cpp:283:32:[m[K [01;31m[Kerror: [m[Kno matching function for call to ‘[01m[KHeadChef::loopSun()[m[K’
  283 |                         [01;31m[KloopSun()[m[K;
      |                         [01;31m[K~~~~~~~^~[m[K
In file included from [01m[K/home/seastar/steve_summer_seastar_ws/src/head_chef/src/head_chef.cpp:1[m[K:
[01m[K/home/seastar/steve_summer_seastar_ws/src/head_chef/src/head_chef.h:69:14:[m[K [01;36m[Knote: [m[Kcandidate: ‘[01m[Kvoid HeadChef::loopSun(double)[m[K’
   69 |         void [01;36m[KloopSun[m[K(double size);
      |              [01;36m[K^~~~~~~[m[K
[01m[K/home/seastar/steve_summer_seastar_ws/src/head_chef/src/head_chef.h:69:14:[m[K [01;36m[Knote: [m[K  candidate expects 1 argument, 0 provided
gmake[2]: *** [CMakeFiles/head_chef.dir/build.make:76: CMakeFiles/head_chef.dir/src/head_chef.cpp.o] Error 1
gmake[1]: *** [CMakeFiles/Makefile2:137: CMakeFiles/head_chef.dir/all] Error 2
gmake: *** [Makefile:146: all] Error 2
