[1.556s] Invoking command in '/home/seastar/steve_summer_seastar_ws/build/imufaker': PYTHONPATH=/home/seastar/steve_summer_seastar_ws/build/imufaker/prefix_override:/home/seastar/steve_summer_seastar_ws/install/imufaker/lib/python3.10/site-packages:${PYTHONPATH} /usr/bin/python3 setup.py develop --editable --build-directory /home/seastar/steve_summer_seastar_ws/build/imufaker/build --no-deps install_data
[2.076s] running develop
[2.076s] /usr/lib/python3/dist-packages/setuptools/command/easy_install.py:158: EasyInstallDeprecationWarning: easy_install command is deprecated. Use build and pip and other standards-based tools.
[2.076s]   warnings.warn(
[2.078s] /usr/lib/python3/dist-packages/setuptools/command/install.py:34: SetuptoolsDeprecationWarning: setup.py install is deprecated. Use build and pip and other standards-based tools.
[2.078s]   warnings.warn(
[2.159s] /usr/lib/python3/dist-packages/pkg_resources/__init__.py:116: PkgResourcesDeprecationWarning: 1.16.0-unknown is an invalid version and will not be supported in a future release
[2.159s]   warnings.warn(
[2.160s] /usr/lib/python3/dist-packages/pkg_resources/__init__.py:116: PkgResourcesDeprecationWarning: 1.1build1 is an invalid version and will not be supported in a future release
[2.160s]   warnings.warn(
[2.325s] running egg_info
[2.325s] writing imufaker.egg-info/PKG-INFO
[2.325s] writing dependency_links to imufaker.egg-info/dependency_links.txt
[2.325s] writing entry points to imufaker.egg-info/entry_points.txt
[2.326s] writing requirements to imufaker.egg-info/requires.txt
[2.326s] writing top-level names to imufaker.egg-info/top_level.txt
[2.379s] listing git files failed - pretending there aren't any
[2.576s] reading manifest file 'imufaker.egg-info/SOURCES.txt'
[2.578s] writing manifest file 'imufaker.egg-info/SOURCES.txt'
[2.656s] running build_ext
[2.656s] Creating /home/seastar/steve_summer_seastar_ws/install/imufaker/lib/python3.10/site-packages/imufaker.egg-link (link to .)
[2.658s] Installing imufaker script to /home/seastar/steve_summer_seastar_ws/install/imufaker/lib/imufaker
[2.659s] 
[2.659s] Installed /home/seastar/steve_summer_seastar_ws/build/imufaker
[2.659s] running install_data
[3.108s] Invoked command in '/home/seastar/steve_summer_seastar_ws/build/imufaker' returned '0': PYTHONPATH=/home/seastar/steve_summer_seastar_ws/build/imufaker/prefix_override:/home/seastar/steve_summer_seastar_ws/install/imufaker/lib/python3.10/site-packages:${PYTHONPATH} /usr/bin/python3 setup.py develop --editable --build-directory /home/seastar/steve_summer_seastar_ws/build/imufaker/build --no-deps install_data
