[2.012s] Invoking command in '/home/seastar/steve_summer_seastar_ws/build/imufaker': PYTHONPATH=/home/seastar/steve_summer_seastar_ws/build/imufaker/prefix_override:/home/seastar/steve_summer_seastar_ws/install/imufaker/lib/python3.10/site-packages:${PYTHONPATH} /usr/bin/python3 setup.py develop --editable --build-directory /home/seastar/steve_summer_seastar_ws/build/imufaker/build --no-deps install_data
[2.552s] running develop
[2.553s] /usr/lib/python3/dist-packages/setuptools/command/easy_install.py:158: EasyInstallDeprecationWarning: easy_install command is deprecated. Use build and pip and other standards-based tools.
[2.553s]   warnings.warn(
[2.555s] /usr/lib/python3/dist-packages/setuptools/command/install.py:34: SetuptoolsDeprecationWarning: setup.py install is deprecated. Use build and pip and other standards-based tools.
[2.555s]   warnings.warn(
[2.663s] /usr/lib/python3/dist-packages/pkg_resources/__init__.py:116: PkgResourcesDeprecationWarning: 1.16.0-unknown is an invalid version and will not be supported in a future release
[2.663s]   warnings.warn(
[2.663s] /usr/lib/python3/dist-packages/pkg_resources/__init__.py:116: PkgResourcesDeprecationWarning: 1.1build1 is an invalid version and will not be supported in a future release
[2.663s]   warnings.warn(
[2.983s] running egg_info
[2.995s] writing imufaker.egg-info/PKG-INFO
[2.995s] writing dependency_links to imufaker.egg-info/dependency_links.txt
[3.001s] writing entry points to imufaker.egg-info/entry_points.txt
[3.002s] writing requirements to imufaker.egg-info/requires.txt
[3.002s] writing top-level names to imufaker.egg-info/top_level.txt
[3.212s] listing git files failed - pretending there aren't any
[3.565s] reading manifest file 'imufaker.egg-info/SOURCES.txt'
[3.565s] writing manifest file 'imufaker.egg-info/SOURCES.txt'
[3.692s] running build_ext
[3.695s] Creating /home/seastar/steve_summer_seastar_ws/install/imufaker/lib/python3.10/site-packages/imufaker.egg-link (link to .)
[3.697s] Installing imufaker script to /home/seastar/steve_summer_seastar_ws/install/imufaker/lib/imufaker
[3.698s] 
[3.698s] Installed /home/seastar/steve_summer_seastar_ws/build/imufaker
[3.707s] running install_data
[3.906s] Invoked command in '/home/seastar/steve_summer_seastar_ws/build/imufaker' returned '0': PYTHONPATH=/home/seastar/steve_summer_seastar_ws/build/imufaker/prefix_override:/home/seastar/steve_summer_seastar_ws/install/imufaker/lib/python3.10/site-packages:${PYTHONPATH} /usr/bin/python3 setup.py develop --editable --build-directory /home/seastar/steve_summer_seastar_ws/build/imufaker/build --no-deps install_data
