[ 16%] [32mBuilding CXX object CMakeFiles/head_chef.dir/src/head_chef.cpp.o[0m
[ 33%] [32mBuilding CXX object CMakeFiles/head_chef.dir/src/ChefCommand.cpp.o[0m
[ 50%] [32mBuilding CXX object CMakeFiles/head_chef.dir/src/ChefScript.cpp.o[0m
[01m[K/home/seastar/steve_summer_seastar_ws/src/head_chef/src/ChefScript.cpp:[m[K In member function ‘[01m[Kvoid ChefScript::loadScript(std::string)[m[K’:
[01m[K/home/seastar/steve_summer_seastar_ws/src/head_chef/src/ChefScript.cpp:12:44:[m[K [01;35m[Kwarning: [m[Kformat ‘[01m[K%s[m[K’ expects argument of type ‘[01m[Kchar*[m[K’, but argument 3 has type ‘[01m[Kstd::filesystem::__cxx11::path[m[K’ [[01;35m[K]8;;https://gcc.gnu.org/onlinedocs/gcc/Warning-Options.html#index-Wformat=-Wformat=]8;;[m[K]
   12 |         printf("Loading script from %s in [01;35m[K%s[m[K\n", scriptPath.c_str(), [32m[Kstd::filesystem::current_path()[m[K);
      |                                           [01;35m[K~^[m[K                         [32m[K~~~~~~~~~~~~~~~~~~~~~~~~~~~~~~~[m[K
      |                                            [01;35m[K|[m[K                                                      [32m[K|[m[K
      |                                            [01;35m[Kchar*[m[K                                                  [32m[Kstd::filesystem::__cxx11::path[m[K
[01m[K/home/seastar/steve_summer_seastar_ws/src/head_chef/src/head_chef.cpp:[m[K In function ‘[01m[Kvoid signal_callback_handler(int)[m[K’:
[01m[K/home/seastar/steve_summer_seastar_ws/src/head_chef/src/head_chef.cpp:38:34:[m[K [01;35m[Kwarning: [m[Kunused parameter ‘[01m[Ksignum[m[K’ [[01;35m[K]8;;https://gcc.gnu.org/onlinedocs/gcc/Warning-Options.html#index-Wunused-parameter-Wunused-parameter]8;;[m[K]
   38 | void signal_callback_handler([01;35m[Kint signum[m[K) {
      |                              [01;35m[K~~~~^~~~~~[m[K
[ 66%] [32m[1mLinking CXX executable head_chef[0m
[100%] Built target head_chef
-- Install configuration: ""
-- Execute custom install script
-- Up-to-date symlink: /home/seastar/steve_summer_seastar_ws/install/head_chef/lib/head_chef/head_chef
-- Up-to-date symlink: /home/seastar/steve_summer_seastar_ws/install/head_chef/share/ament_index/resource_index/package_run_dependencies/head_chef
-- Up-to-date symlink: /home/seastar/steve_summer_seastar_ws/install/head_chef/share/ament_index/resource_index/parent_prefix_path/head_chef
-- Up-to-date symlink: /home/seastar/steve_summer_seastar_ws/install/head_chef/share/head_chef/environment/ament_prefix_path.sh
-- Up-to-date symlink: /home/seastar/steve_summer_seastar_ws/install/head_chef/share/head_chef/environment/ament_prefix_path.dsv
-- Up-to-date symlink: /home/seastar/steve_summer_seastar_ws/install/head_chef/share/head_chef/environment/path.sh
-- Up-to-date symlink: /home/seastar/steve_summer_seastar_ws/install/head_chef/share/head_chef/environment/path.dsv
-- Up-to-date symlink: /home/seastar/steve_summer_seastar_ws/install/head_chef/share/head_chef/local_setup.bash
-- Up-to-date symlink: /home/seastar/steve_summer_seastar_ws/install/head_chef/share/head_chef/local_setup.sh
-- Up-to-date symlink: /home/seastar/steve_summer_seastar_ws/install/head_chef/share/head_chef/local_setup.zsh
-- Up-to-date symlink: /home/seastar/steve_summer_seastar_ws/install/head_chef/share/head_chef/local_setup.dsv
-- Symlinking: /home/seastar/steve_summer_seastar_ws/install/head_chef/share/head_chef/package.dsv
-- Up-to-date symlink: /home/seastar/steve_summer_seastar_ws/install/head_chef/share/ament_index/resource_index/packages/head_chef
-- Up-to-date symlink: /home/seastar/steve_summer_seastar_ws/install/head_chef/share/head_chef/cmake/head_chefConfig.cmake
-- Up-to-date symlink: /home/seastar/steve_summer_seastar_ws/install/head_chef/share/head_chef/cmake/head_chefConfig-version.cmake
-- Up-to-date symlink: /home/seastar/steve_summer_seastar_ws/install/head_chef/share/head_chef/package.xml
