[2.655s] Invoking command in '/home/seastar/steve_summer_seastar_ws/build/ik_solver': PYTHONPATH=/home/seastar/steve_summer_seastar_ws/build/ik_solver/prefix_override:/home/seastar/steve_summer_seastar_ws/install/ik_solver/lib/python3.10/site-packages:${PYTHONPATH} /usr/bin/python3 setup.py develop --editable --build-directory /home/seastar/steve_summer_seastar_ws/build/ik_solver/build --no-deps install_data
[3.531s] running develop
[3.532s] /usr/lib/python3/dist-packages/setuptools/command/easy_install.py:158: EasyInstallDeprecationWarning: easy_install command is deprecated. Use build and pip and other standards-based tools.
[3.532s]   warnings.warn(
[3.535s] /usr/lib/python3/dist-packages/setuptools/command/install.py:34: SetuptoolsDeprecationWarning: setup.py install is deprecated. Use build and pip and other standards-based tools.
[3.535s]   warnings.warn(
[3.751s] /usr/lib/python3/dist-packages/pkg_resources/__init__.py:116: PkgResourcesDeprecationWarning: 1.16.0-unknown is an invalid version and will not be supported in a future release
[3.751s]   warnings.warn(
[3.751s] /usr/lib/python3/dist-packages/pkg_resources/__init__.py:116: PkgResourcesDeprecationWarning: 1.1build1 is an invalid version and will not be supported in a future release
[3.751s]   warnings.warn(
[4.197s] running egg_info
[4.197s] writing ik_solver.egg-info/PKG-INFO
[4.198s] writing dependency_links to ik_solver.egg-info/dependency_links.txt
[4.199s] writing entry points to ik_solver.egg-info/entry_points.txt
[4.199s] writing requirements to ik_solver.egg-info/requires.txt
[4.200s] writing top-level names to ik_solver.egg-info/top_level.txt
[4.308s] listing git files failed - pretending there aren't any
[4.798s] reading manifest file 'ik_solver.egg-info/SOURCES.txt'
[4.800s] writing manifest file 'ik_solver.egg-info/SOURCES.txt'
[5.060s] running build_ext
[5.060s] Creating /home/seastar/steve_summer_seastar_ws/install/ik_solver/lib/python3.10/site-packages/ik-solver.egg-link (link to .)
[5.066s] Installing ik_solver script to /home/seastar/steve_summer_seastar_ws/install/ik_solver/lib/ik_solver
[5.066s] Installing ik_tester script to /home/seastar/steve_summer_seastar_ws/install/ik_solver/lib/ik_solver
[5.067s] 
[5.067s] Installed /home/seastar/steve_summer_seastar_ws/build/ik_solver
[5.067s] running install_data
[5.198s] Invoked command in '/home/seastar/steve_summer_seastar_ws/build/ik_solver' returned '0': PYTHONPATH=/home/seastar/steve_summer_seastar_ws/build/ik_solver/prefix_override:/home/seastar/steve_summer_seastar_ws/install/ik_solver/lib/python3.10/site-packages:${PYTHONPATH} /usr/bin/python3 setup.py develop --editable --build-directory /home/seastar/steve_summer_seastar_ws/build/ik_solver/build --no-deps install_data
