[1.420s] Invoking command in '/home/seastar/steve_summer_seastar_ws/build/solar_ephemeris': AMENT_PREFIX_PATH=/home/seastar/steve_summer_seastar_ws/install/seastar_interfaces:${AMENT_PREFIX_PATH} CMAKE_PREFIX_PATH=/home/seastar/steve_summer_seastar_ws/install/seastar_interfaces LD_LIBRARY_PATH=/home/seastar/steve_summer_seastar_ws/install/seastar_interfaces/lib:${LD_LIBRARY_PATH} PYTHONPATH=/home/seastar/steve_summer_seastar_ws/build/solar_ephemeris/prefix_override:/home/seastar/steve_summer_seastar_ws/install/solar_ephemeris/lib/python3.10/site-packages:/home/seastar/steve_summer_seastar_ws/install/seastar_interfaces/local/lib/python3.10/dist-packages:${PYTHONPATH} /usr/bin/python3 setup.py develop --editable --build-directory /home/seastar/steve_summer_seastar_ws/build/solar_ephemeris/build --no-deps install_data
[2.002s] running develop
[2.002s] /usr/lib/python3/dist-packages/setuptools/command/easy_install.py:158: EasyInstallDeprecationWarning: easy_install command is deprecated. Use build and pip and other standards-based tools.
[2.002s]   warnings.warn(
[2.005s] /usr/lib/python3/dist-packages/setuptools/command/install.py:34: SetuptoolsDeprecationWarning: setup.py install is deprecated. Use build and pip and other standards-based tools.
[2.005s]   warnings.warn(
[2.147s] /usr/lib/python3/dist-packages/pkg_resources/__init__.py:116: PkgResourcesDeprecationWarning: 1.16.0-unknown is an invalid version and will not be supported in a future release
[2.148s]   warnings.warn(
[2.148s] /usr/lib/python3/dist-packages/pkg_resources/__init__.py:116: PkgResourcesDeprecationWarning: 1.1build1 is an invalid version and will not be supported in a future release
[2.148s]   warnings.warn(
[2.419s] running egg_info
[2.419s] writing solar_ephemeris.egg-info/PKG-INFO
[2.420s] writing dependency_links to solar_ephemeris.egg-info/dependency_links.txt
[2.420s] writing entry points to solar_ephemeris.egg-info/entry_points.txt
[2.420s] writing requirements to solar_ephemeris.egg-info/requires.txt
[2.420s] writing top-level names to solar_ephemeris.egg-info/top_level.txt
[3.631s] writing manifest file 'solar_ephemeris.egg-info/SOURCES.txt'
[3.667s] running build_ext
[3.667s] Creating /home/seastar/steve_summer_seastar_ws/install/solar_ephemeris/lib/python3.10/site-packages/solar-ephemeris.egg-link (link to .)
[3.668s] Installing solar_ephemeris script to /home/seastar/steve_summer_seastar_ws/install/solar_ephemeris/lib/solar_ephemeris
[3.668s] 
[3.668s] Installed /home/seastar/steve_summer_seastar_ws/build/solar_ephemeris
[3.668s] running install_data
