/usr/lib/python3/dist-packages/setuptools/command/easy_install.py:158: EasyInstallDeprecationWarning: easy_install command is deprecated. Use build and pip and other standards-based tools.
  warnings.warn(
/usr/lib/python3/dist-packages/setuptools/command/install.py:34: SetuptoolsDeprecationWarning: setup.py install is deprecated. Use build and pip and other standards-based tools.
  warnings.warn(
running develop
/usr/lib/python3/dist-packages/pkg_resources/__init__.py:116: PkgResourcesDeprecationWarning: 1.16.0-unknown is an invalid version and will not be supported in a future release
  warnings.warn(
/usr/lib/python3/dist-packages/pkg_resources/__init__.py:116: PkgResourcesDeprecationWarning: 1.1build1 is an invalid version and will not be supported in a future release
  warnings.warn(
running egg_info
writing ik_solver.egg-info/PKG-INFO
writing dependency_links to ik_solver.egg-info/dependency_links.txt
writing entry points to ik_solver.egg-info/entry_points.txt
writing requirements to ik_solver.egg-info/requires.txt
writing top-level names to ik_solver.egg-info/top_level.txt
listing git files failed - pretending there aren't any
reading manifest file 'ik_solver.egg-info/SOURCES.txt'
writing manifest file 'ik_solver.egg-info/SOURCES.txt'
running build_ext
Creating /home/seastar/steve_summer_seastar_ws/install/ik_solver/lib/python3.10/site-packages/ik-solver.egg-link (link to .)
Installing ik_solver script to /home/seastar/steve_summer_seastar_ws/install/ik_solver/lib/ik_solver
Installing ik_tester script to /home/seastar/steve_summer_seastar_ws/install/ik_solver/lib/ik_solver

Installed /home/seastar/steve_summer_seastar_ws/build/ik_solver
running install_data
