[2.270s] Invoking command in '/home/seastar/steve_summer_seastar_ws/build/hamburger_helper': PYTHONPATH=/home/seastar/steve_summer_seastar_ws/build/hamburger_helper/prefix_override:/home/seastar/steve_summer_seastar_ws/install/hamburger_helper/lib/python3.10/site-packages:${PYTHONPATH} /usr/bin/python3 setup.py develop --editable --build-directory /home/seastar/steve_summer_seastar_ws/build/hamburger_helper/build --no-deps install_data
[2.953s] running develop
[2.953s] /usr/lib/python3/dist-packages/setuptools/command/easy_install.py:158: EasyInstallDeprecationWarning: easy_install command is deprecated. Use build and pip and other standards-based tools.
[2.953s]   warnings.warn(
[2.956s] /usr/lib/python3/dist-packages/setuptools/command/install.py:34: SetuptoolsDeprecationWarning: setup.py install is deprecated. Use build and pip and other standards-based tools.
[2.956s]   warnings.warn(
[3.105s] /usr/lib/python3/dist-packages/pkg_resources/__init__.py:116: PkgResourcesDeprecationWarning: 1.16.0-unknown is an invalid version and will not be supported in a future release
[3.105s]   warnings.warn(
[3.106s] /usr/lib/python3/dist-packages/pkg_resources/__init__.py:116: PkgResourcesDeprecationWarning: 1.1build1 is an invalid version and will not be supported in a future release
[3.106s]   warnings.warn(
[3.457s] running egg_info
[3.457s] writing hamburger_helper.egg-info/PKG-INFO
[3.457s] writing dependency_links to hamburger_helper.egg-info/dependency_links.txt
[3.457s] writing entry points to hamburger_helper.egg-info/entry_points.txt
[3.457s] writing requirements to hamburger_helper.egg-info/requires.txt
[3.458s] writing top-level names to hamburger_helper.egg-info/top_level.txt
[5.799s] writing manifest file 'hamburger_helper.egg-info/SOURCES.txt'
[5.871s] running build_ext
[5.871s] Creating /home/seastar/steve_summer_seastar_ws/install/hamburger_helper/lib/python3.10/site-packages/hamburger-helper.egg-link (link to .)
[5.871s] Installing hamburger_helper script to /home/seastar/steve_summer_seastar_ws/install/hamburger_helper/lib/hamburger_helper
[5.872s] 
[5.872s] Installed /home/seastar/steve_summer_seastar_ws/build/hamburger_helper
[5.872s] running install_data
[5.988s] Invoked command in '/home/seastar/steve_summer_seastar_ws/build/hamburger_helper' returned '0': PYTHONPATH=/home/seastar/steve_summer_seastar_ws/build/hamburger_helper/prefix_override:/home/seastar/steve_summer_seastar_ws/install/hamburger_helper/lib/python3.10/site-packages:${PYTHONPATH} /usr/bin/python3 setup.py develop --editable --build-directory /home/seastar/steve_summer_seastar_ws/build/hamburger_helper/build --no-deps install_data
