[3.255s] Invoking command in '/home/seastar/steve_summer_seastar_ws/build/ik_solver': PYTHONPATH=/home/seastar/steve_summer_seastar_ws/build/ik_solver/prefix_override:/home/seastar/steve_summer_seastar_ws/install/ik_solver/lib/python3.10/site-packages:${PYTHONPATH} /usr/bin/python3 setup.py develop --editable --build-directory /home/seastar/steve_summer_seastar_ws/build/ik_solver/build --no-deps install_data
[4.111s] running develop
[4.111s] /usr/lib/python3/dist-packages/setuptools/command/easy_install.py:158: EasyInstallDeprecationWarning: easy_install command is deprecated. Use build and pip and other standards-based tools.
[4.111s]   warnings.warn(
[4.114s] /usr/lib/python3/dist-packages/setuptools/command/install.py:34: SetuptoolsDeprecationWarning: setup.py install is deprecated. Use build and pip and other standards-based tools.
[4.114s]   warnings.warn(
[4.265s] /usr/lib/python3/dist-packages/pkg_resources/__init__.py:116: PkgResourcesDeprecationWarning: 1.16.0-unknown is an invalid version and will not be supported in a future release
[4.266s]   warnings.warn(
[4.266s] /usr/lib/python3/dist-packages/pkg_resources/__init__.py:116: PkgResourcesDeprecationWarning: 1.1build1 is an invalid version and will not be supported in a future release
[4.266s]   warnings.warn(
[4.266s] /usr/lib/python3/dist-packages/pkg_resources/__init__.py:116: PkgResourcesDeprecationWarning: 0.1.43ubuntu1 is an invalid version and will not be supported in a future release
[4.266s]   warnings.warn(
[4.546s] running egg_info
[4.547s] creating ik_solver.egg-info
[4.547s] writing ik_solver.egg-info/PKG-INFO
[4.547s] writing dependency_links to ik_solver.egg-info/dependency_links.txt
[4.547s] writing entry points to ik_solver.egg-info/entry_points.txt
[4.547s] writing requirements to ik_solver.egg-info/requires.txt
[4.548s] writing top-level names to ik_solver.egg-info/top_level.txt
[4.548s] writing manifest file 'ik_solver.egg-info/SOURCES.txt'
[4.662s] listing git files failed - pretending there aren't any
[5.032s] reading manifest file 'ik_solver.egg-info/SOURCES.txt'
[5.033s] writing manifest file 'ik_solver.egg-info/SOURCES.txt'
[5.165s] running build_ext
[5.165s] Creating /home/seastar/steve_summer_seastar_ws/install/ik_solver/lib/python3.10/site-packages/ik-solver.egg-link (link to .)
[5.167s] Installing ik_solver script to /home/seastar/steve_summer_seastar_ws/install/ik_solver/lib/ik_solver
[5.167s] Installing ik_tester script to /home/seastar/steve_summer_seastar_ws/install/ik_solver/lib/ik_solver
[5.168s] 
[5.168s] Installed /home/seastar/steve_summer_seastar_ws/build/ik_solver
[5.168s] running install_data
[5.168s] creating /home/seastar/steve_summer_seastar_ws/install/ik_solver/share/ament_index
[5.169s] creating /home/seastar/steve_summer_seastar_ws/install/ik_solver/share/ament_index/resource_index
[5.169s] creating /home/seastar/steve_summer_seastar_ws/install/ik_solver/share/ament_index/resource_index/packages
[5.169s] copying resource/ik_solver -> /home/seastar/steve_summer_seastar_ws/install/ik_solver/share/ament_index/resource_index/packages
[5.169s] copying package.xml -> /home/seastar/steve_summer_seastar_ws/install/ik_solver/share/ik_solver
[5.170s] creating /home/seastar/steve_summer_seastar_ws/install/ik_solver/share/ik_solver/launch
[5.170s] copying ik_helper.py -> /home/seastar/steve_summer_seastar_ws/install/ik_solver/share/ik_solver
[5.170s] copying setup.py -> /home/seastar/steve_summer_seastar_ws/install/ik_solver/share/ik_solver
[5.303s] Invoked command in '/home/seastar/steve_summer_seastar_ws/build/ik_solver' returned '0': PYTHONPATH=/home/seastar/steve_summer_seastar_ws/build/ik_solver/prefix_override:/home/seastar/steve_summer_seastar_ws/install/ik_solver/lib/python3.10/site-packages:${PYTHONPATH} /usr/bin/python3 setup.py develop --editable --build-directory /home/seastar/steve_summer_seastar_ws/build/ik_solver/build --no-deps install_data
