[1.742s] Invoking command in '/home/seastar/steve_summer_seastar_ws/build/hamburger_helper': PYTHONPATH=/home/seastar/steve_summer_seastar_ws/build/hamburger_helper/prefix_override:/home/seastar/steve_summer_seastar_ws/install/hamburger_helper/lib/python3.10/site-packages:${PYTHONPATH} /usr/bin/python3 setup.py develop --editable --build-directory /home/seastar/steve_summer_seastar_ws/build/hamburger_helper/build --no-deps install_data
[2.309s] running develop
[2.326s] /usr/lib/python3/dist-packages/setuptools/command/easy_install.py:158: EasyInstallDeprecationWarning: easy_install command is deprecated. Use build and pip and other standards-based tools.
[2.326s]   warnings.warn(
[2.332s] /usr/lib/python3/dist-packages/setuptools/command/install.py:34: SetuptoolsDeprecationWarning: setup.py install is deprecated. Use build and pip and other standards-based tools.
[2.332s]   warnings.warn(
[2.489s] /usr/lib/python3/dist-packages/pkg_resources/__init__.py:116: PkgResourcesDeprecationWarning: 1.16.0-unknown is an invalid version and will not be supported in a future release
[2.489s]   warnings.warn(
[2.489s] /usr/lib/python3/dist-packages/pkg_resources/__init__.py:116: PkgResourcesDeprecationWarning: 1.1build1 is an invalid version and will not be supported in a future release
[2.489s]   warnings.warn(
[2.688s] running egg_info
[2.689s] writing hamburger_helper.egg-info/PKG-INFO
[2.689s] writing dependency_links to hamburger_helper.egg-info/dependency_links.txt
[2.689s] writing entry points to hamburger_helper.egg-info/entry_points.txt
[2.689s] writing requirements to hamburger_helper.egg-info/requires.txt
[2.689s] writing top-level names to hamburger_helper.egg-info/top_level.txt
[2.752s] listing git files failed - pretending there aren't any
[2.945s] reading manifest file 'hamburger_helper.egg-info/SOURCES.txt'
[2.947s] writing manifest file 'hamburger_helper.egg-info/SOURCES.txt'
[3.016s] running build_ext
[3.017s] Creating /home/seastar/steve_summer_seastar_ws/install/hamburger_helper/lib/python3.10/site-packages/hamburger-helper.egg-link (link to .)
[3.019s] Installing hamburger_helper script to /home/seastar/steve_summer_seastar_ws/install/hamburger_helper/lib/hamburger_helper
[3.019s] 
[3.019s] Installed /home/seastar/steve_summer_seastar_ws/build/hamburger_helper
[3.019s] running install_data
[3.118s] Invoked command in '/home/seastar/steve_summer_seastar_ws/build/hamburger_helper' returned '0': PYTHONPATH=/home/seastar/steve_summer_seastar_ws/build/hamburger_helper/prefix_override:/home/seastar/steve_summer_seastar_ws/install/hamburger_helper/lib/python3.10/site-packages:${PYTHONPATH} /usr/bin/python3 setup.py develop --editable --build-directory /home/seastar/steve_summer_seastar_ws/build/hamburger_helper/build --no-deps install_data
