[ 16%] [32mBuilding CXX object CMakeFiles/head_chef.dir/src/head_chef.cpp.o[0m
[01m[Kcc1plus:[m[K [01;35m[Kwarning: [m[K/usr/lib/x86_64-linux-gnu/libconfig++.so: not a directory
[01m[K/home/seastar/steve_summer_seastar_ws/src/head_chef/src/head_chef.cpp:[m[K In function ‘[01m[Kvoid signal_callback_handler(int)[m[K’:
[01m[K/home/seastar/steve_summer_seastar_ws/src/head_chef/src/head_chef.cpp:16:34:[m[K [01;35m[Kwarning: [m[Kunused parameter ‘[01m[Ksignum[m[K’ [[01;35m[K]8;;https://gcc.gnu.org/onlinedocs/gcc/Warning-Options.html#index-Wunused-parameter-Wunused-parameter]8;;[m[K]
   16 | void signal_callback_handler([01;35m[Kint signum[m[K) {
      |                              [01;35m[K~~~~^~~~~~[m[K
[ 33%] [32m[1mLinking CXX executable head_chef[0m
[100%] Built target head_chef
-- Install configuration: ""
-- Execute custom install script
-- Up-to-date symlink: /home/seastar/steve_summer_seastar_ws/install/head_chef/lib/head_chef/head_chef
-- Up-to-date symlink: /home/seastar/steve_summer_seastar_ws/install/head_chef/share/ament_index/resource_index/package_run_dependencies/head_chef
-- Up-to-date symlink: /home/seastar/steve_summer_seastar_ws/install/head_chef/share/ament_index/resource_index/parent_prefix_path/head_chef
-- Up-to-date symlink: /home/seastar/steve_summer_seastar_ws/install/head_chef/share/head_chef/environment/ament_prefix_path.sh
-- Up-to-date symlink: /home/seastar/steve_summer_seastar_ws/install/head_chef/share/head_chef/environment/ament_prefix_path.dsv
-- Up-to-date symlink: /home/seastar/steve_summer_seastar_ws/install/head_chef/share/head_chef/environment/path.sh
-- Up-to-date symlink: /home/seastar/steve_summer_seastar_ws/install/head_chef/share/head_chef/environment/path.dsv
-- Up-to-date symlink: /home/seastar/steve_summer_seastar_ws/install/head_chef/share/head_chef/local_setup.bash
-- Up-to-date symlink: /home/seastar/steve_summer_seastar_ws/install/head_chef/share/head_chef/local_setup.sh
-- Up-to-date symlink: /home/seastar/steve_summer_seastar_ws/install/head_chef/share/head_chef/local_setup.zsh
-- Up-to-date symlink: /home/seastar/steve_summer_seastar_ws/install/head_chef/share/head_chef/local_setup.dsv
-- Symlinking: /home/seastar/steve_summer_seastar_ws/install/head_chef/share/head_chef/package.dsv
-- Up-to-date symlink: /home/seastar/steve_summer_seastar_ws/install/head_chef/share/ament_index/resource_index/packages/head_chef
-- Up-to-date symlink: /home/seastar/steve_summer_seastar_ws/install/head_chef/share/head_chef/cmake/head_chefConfig.cmake
-- Up-to-date symlink: /home/seastar/steve_summer_seastar_ws/install/head_chef/share/head_chef/cmake/head_chefConfig-version.cmake
-- Up-to-date symlink: /home/seastar/steve_summer_seastar_ws/install/head_chef/share/head_chef/package.xml
