[1.770s] Invoking command in '/home/seastar/steve_summer_seastar_ws/build/imufaker': PYTHONPATH=/home/seastar/steve_summer_seastar_ws/build/imufaker/prefix_override:/home/seastar/steve_summer_seastar_ws/install/imufaker/lib/python3.10/site-packages:${PYTHONPATH} /usr/bin/python3 setup.py develop --editable --build-directory /home/seastar/steve_summer_seastar_ws/build/imufaker/build --no-deps install_data
[2.435s] running develop
[2.435s] /usr/lib/python3/dist-packages/setuptools/command/easy_install.py:158: EasyInstallDeprecationWarning: easy_install command is deprecated. Use build and pip and other standards-based tools.
[2.436s]   warnings.warn(
[2.438s] /usr/lib/python3/dist-packages/setuptools/command/install.py:34: SetuptoolsDeprecationWarning: setup.py install is deprecated. Use build and pip and other standards-based tools.
[2.438s]   warnings.warn(
[2.643s] /usr/lib/python3/dist-packages/pkg_resources/__init__.py:116: PkgResourcesDeprecationWarning: 1.16.0-unknown is an invalid version and will not be supported in a future release
[2.643s]   warnings.warn(
[2.643s] /usr/lib/python3/dist-packages/pkg_resources/__init__.py:116: PkgResourcesDeprecationWarning: 1.1build1 is an invalid version and will not be supported in a future release
[2.643s]   warnings.warn(
[3.018s] running egg_info
[3.018s] writing imufaker.egg-info/PKG-INFO
[3.019s] writing dependency_links to imufaker.egg-info/dependency_links.txt
[3.019s] writing entry points to imufaker.egg-info/entry_points.txt
[3.019s] writing requirements to imufaker.egg-info/requires.txt
[3.019s] writing top-level names to imufaker.egg-info/top_level.txt
[3.158s] listing git files failed - pretending there aren't any
[3.456s] reading manifest file 'imufaker.egg-info/SOURCES.txt'
[3.457s] writing manifest file 'imufaker.egg-info/SOURCES.txt'
[3.603s] running build_ext
[3.604s] Creating /home/seastar/steve_summer_seastar_ws/install/imufaker/lib/python3.10/site-packages/imufaker.egg-link (link to .)
[3.605s] Installing imufaker script to /home/seastar/steve_summer_seastar_ws/install/imufaker/lib/imufaker
[3.606s] 
[3.606s] Installed /home/seastar/steve_summer_seastar_ws/build/imufaker
[3.606s] running install_data
[4.134s] Invoked command in '/home/seastar/steve_summer_seastar_ws/build/imufaker' returned '0': PYTHONPATH=/home/seastar/steve_summer_seastar_ws/build/imufaker/prefix_override:/home/seastar/steve_summer_seastar_ws/install/imufaker/lib/python3.10/site-packages:${PYTHONPATH} /usr/bin/python3 setup.py develop --editable --build-directory /home/seastar/steve_summer_seastar_ws/build/imufaker/build --no-deps install_data
