[1.682s] Invoking command in '/home/seastar/steve_summer_seastar_ws/build/hamburger_helper': PYTHONPATH=/home/seastar/steve_summer_seastar_ws/build/hamburger_helper/prefix_override:/home/seastar/steve_summer_seastar_ws/install/hamburger_helper/lib/python3.10/site-packages:${PYTHONPATH} /usr/bin/python3 setup.py develop --editable --build-directory /home/seastar/steve_summer_seastar_ws/build/hamburger_helper/build --no-deps install_data
[2.271s] running develop
[2.271s] /usr/lib/python3/dist-packages/setuptools/command/easy_install.py:158: EasyInstallDeprecationWarning: easy_install command is deprecated. Use build and pip and other standards-based tools.
[2.271s]   warnings.warn(
[2.274s] /usr/lib/python3/dist-packages/setuptools/command/install.py:34: SetuptoolsDeprecationWarning: setup.py install is deprecated. Use build and pip and other standards-based tools.
[2.274s]   warnings.warn(
[2.411s] /usr/lib/python3/dist-packages/pkg_resources/__init__.py:116: PkgResourcesDeprecationWarning: 1.16.0-unknown is an invalid version and will not be supported in a future release
[2.412s]   warnings.warn(
[2.412s] /usr/lib/python3/dist-packages/pkg_resources/__init__.py:116: PkgResourcesDeprecationWarning: 1.1build1 is an invalid version and will not be supported in a future release
[2.412s]   warnings.warn(
[2.651s] running egg_info
[2.652s] writing hamburger_helper.egg-info/PKG-INFO
[2.652s] writing dependency_links to hamburger_helper.egg-info/dependency_links.txt
[2.653s] writing entry points to hamburger_helper.egg-info/entry_points.txt
[2.653s] writing requirements to hamburger_helper.egg-info/requires.txt
[2.654s] writing top-level names to hamburger_helper.egg-info/top_level.txt
[2.755s] listing git files failed - pretending there aren't any
[2.970s] reading manifest file 'hamburger_helper.egg-info/SOURCES.txt'
[2.970s] writing manifest file 'hamburger_helper.egg-info/SOURCES.txt'
[3.035s] running build_ext
[3.035s] Creating /home/seastar/steve_summer_seastar_ws/install/hamburger_helper/lib/python3.10/site-packages/hamburger-helper.egg-link (link to .)
[3.037s] Installing hamburger_helper script to /home/seastar/steve_summer_seastar_ws/install/hamburger_helper/lib/hamburger_helper
[3.037s] 
[3.037s] Installed /home/seastar/steve_summer_seastar_ws/build/hamburger_helper
[3.038s] running install_data
[3.145s] Invoked command in '/home/seastar/steve_summer_seastar_ws/build/hamburger_helper' returned '0': PYTHONPATH=/home/seastar/steve_summer_seastar_ws/build/hamburger_helper/prefix_override:/home/seastar/steve_summer_seastar_ws/install/hamburger_helper/lib/python3.10/site-packages:${PYTHONPATH} /usr/bin/python3 setup.py develop --editable --build-directory /home/seastar/steve_summer_seastar_ws/build/hamburger_helper/build --no-deps install_data
