[1.827s] Invoking command in '/home/seastar/steve_summer_seastar_ws/build/hamburger_helper': PYTHONPATH=/home/seastar/steve_summer_seastar_ws/build/hamburger_helper/prefix_override:/home/seastar/steve_summer_seastar_ws/install/hamburger_helper/lib/python3.10/site-packages:${PYTHONPATH} /usr/bin/python3 setup.py develop --editable --build-directory /home/seastar/steve_summer_seastar_ws/build/hamburger_helper/build --no-deps install_data
[2.648s] running develop
[2.649s] /usr/lib/python3/dist-packages/setuptools/command/easy_install.py:158: EasyInstallDeprecationWarning: easy_install command is deprecated. Use build and pip and other standards-based tools.
[2.650s]   warnings.warn(
[2.652s] /usr/lib/python3/dist-packages/setuptools/command/install.py:34: SetuptoolsDeprecationWarning: setup.py install is deprecated. Use build and pip and other standards-based tools.
[2.653s]   warnings.warn(
[2.818s] /usr/lib/python3/dist-packages/pkg_resources/__init__.py:116: PkgResourcesDeprecationWarning: 1.16.0-unknown is an invalid version and will not be supported in a future release
[2.818s]   warnings.warn(
[2.819s] /usr/lib/python3/dist-packages/pkg_resources/__init__.py:116: PkgResourcesDeprecationWarning: 1.1build1 is an invalid version and will not be supported in a future release
[2.819s]   warnings.warn(
[3.136s] running egg_info
[3.137s] writing hamburger_helper.egg-info/PKG-INFO
[3.141s] writing dependency_links to hamburger_helper.egg-info/dependency_links.txt
[3.142s] writing entry points to hamburger_helper.egg-info/entry_points.txt
[3.143s] writing requirements to hamburger_helper.egg-info/requires.txt
[3.143s] writing top-level names to hamburger_helper.egg-info/top_level.txt
[3.285s] listing git files failed - pretending there aren't any
[3.578s] reading manifest file 'hamburger_helper.egg-info/SOURCES.txt'
[3.579s] writing manifest file 'hamburger_helper.egg-info/SOURCES.txt'
[3.671s] running build_ext
[3.672s] Creating /home/seastar/steve_summer_seastar_ws/install/hamburger_helper/lib/python3.10/site-packages/hamburger-helper.egg-link (link to .)
[3.674s] Installing hamburger_helper script to /home/seastar/steve_summer_seastar_ws/install/hamburger_helper/lib/hamburger_helper
[3.674s] 
[3.675s] Installed /home/seastar/steve_summer_seastar_ws/build/hamburger_helper
[3.675s] running install_data
[3.837s] Invoked command in '/home/seastar/steve_summer_seastar_ws/build/hamburger_helper' returned '0': PYTHONPATH=/home/seastar/steve_summer_seastar_ws/build/hamburger_helper/prefix_override:/home/seastar/steve_summer_seastar_ws/install/hamburger_helper/lib/python3.10/site-packages:${PYTHONPATH} /usr/bin/python3 setup.py develop --editable --build-directory /home/seastar/steve_summer_seastar_ws/build/hamburger_helper/build --no-deps install_data
