[1.549s] Invoking command in '/home/seastar/steve_summer_seastar_ws/build/ik_tools': PYTHONPATH=/home/seastar/steve_summer_seastar_ws/build/ik_tools/prefix_override:/home/seastar/steve_summer_seastar_ws/install/ik_tools/lib/python3.10/site-packages:${PYTHONPATH} /usr/bin/python3 setup.py develop --editable --build-directory /home/seastar/steve_summer_seastar_ws/build/ik_tools/build --no-deps install_data
[2.185s] running develop
[2.186s] /usr/lib/python3/dist-packages/setuptools/command/easy_install.py:158: EasyInstallDeprecationWarning: easy_install command is deprecated. Use build and pip and other standards-based tools.
[2.186s]   warnings.warn(
[2.189s] /usr/lib/python3/dist-packages/setuptools/command/install.py:34: SetuptoolsDeprecationWarning: setup.py install is deprecated. Use build and pip and other standards-based tools.
[2.189s]   warnings.warn(
[2.350s] /usr/lib/python3/dist-packages/pkg_resources/__init__.py:116: PkgResourcesDeprecationWarning: 1.16.0-unknown is an invalid version and will not be supported in a future release
[2.351s]   warnings.warn(
[2.351s] /usr/lib/python3/dist-packages/pkg_resources/__init__.py:116: PkgResourcesDeprecationWarning: 1.1build1 is an invalid version and will not be supported in a future release
[2.351s]   warnings.warn(
[2.602s] running egg_info
[2.602s] writing ik_tools.egg-info/PKG-INFO
[2.603s] writing dependency_links to ik_tools.egg-info/dependency_links.txt
[2.603s] writing entry points to ik_tools.egg-info/entry_points.txt
[2.603s] writing requirements to ik_tools.egg-info/requires.txt
[2.603s] writing top-level names to ik_tools.egg-info/top_level.txt
[2.661s] listing git files failed - pretending there aren't any
[2.820s] reading manifest file 'ik_tools.egg-info/SOURCES.txt'
[2.821s] writing manifest file 'ik_tools.egg-info/SOURCES.txt'
[2.893s] running build_ext
[2.894s] Creating /home/seastar/steve_summer_seastar_ws/install/ik_tools/lib/python3.10/site-packages/ik-tools.egg-link (link to .)
[2.895s] Installing ik_tools script to /home/seastar/steve_summer_seastar_ws/install/ik_tools/lib/ik_tools
[2.895s] 
[2.896s] Installed /home/seastar/steve_summer_seastar_ws/build/ik_tools
[2.896s] running install_data
[3.019s] Invoked command in '/home/seastar/steve_summer_seastar_ws/build/ik_tools' returned '0': PYTHONPATH=/home/seastar/steve_summer_seastar_ws/build/ik_tools/prefix_override:/home/seastar/steve_summer_seastar_ws/install/ik_tools/lib/python3.10/site-packages:${PYTHONPATH} /usr/bin/python3 setup.py develop --editable --build-directory /home/seastar/steve_summer_seastar_ws/build/ik_tools/build --no-deps install_data
