[1.712s] Invoking command in '/home/seastar/steve_summer_seastar_ws/build/solar_ephemeris': CMAKE_PREFIX_PATH=/home/seastar/steve_summer_seastar_ws/install/seastar_interfaces:/home/seastar/steve_summer_seastar_ws/install/sunspotter:/home/seastar/steve_summer_seastar_ws/install/head_chef:/home/seastar/steve_summer_seastar_ws/install/motor_state_manager:/home/seastar/steve_summer_seastar_ws/install/motor_manager:/home/seastar/steve_summer_seastar_ws/install/bluespace_ai_xsens_mti_driver PYTHONPATH=/home/seastar/steve_summer_seastar_ws/build/solar_ephemeris/prefix_override:/home/seastar/steve_summer_seastar_ws/install/solar_ephemeris/lib/python3.10/site-packages:${PYTHONPATH} /usr/bin/python3 setup.py develop --editable --build-directory /home/seastar/steve_summer_seastar_ws/build/solar_ephemeris/build --no-deps install_data
[2.322s] running develop
[2.323s] /usr/lib/python3/dist-packages/setuptools/command/easy_install.py:158: EasyInstallDeprecationWarning: easy_install command is deprecated. Use build and pip and other standards-based tools.
[2.323s]   warnings.warn(
[2.327s] /usr/lib/python3/dist-packages/setuptools/command/install.py:34: SetuptoolsDeprecationWarning: setup.py install is deprecated. Use build and pip and other standards-based tools.
[2.327s]   warnings.warn(
[2.479s] /usr/lib/python3/dist-packages/pkg_resources/__init__.py:116: PkgResourcesDeprecationWarning: 1.16.0-unknown is an invalid version and will not be supported in a future release
[2.479s]   warnings.warn(
[2.479s] /usr/lib/python3/dist-packages/pkg_resources/__init__.py:116: PkgResourcesDeprecationWarning: 1.1build1 is an invalid version and will not be supported in a future release
[2.479s]   warnings.warn(
[2.776s] running egg_info
[2.776s] writing solar_ephemeris.egg-info/PKG-INFO
[2.777s] writing dependency_links to solar_ephemeris.egg-info/dependency_links.txt
[2.777s] writing entry points to solar_ephemeris.egg-info/entry_points.txt
[2.777s] writing requirements to solar_ephemeris.egg-info/requires.txt
[2.777s] writing top-level names to solar_ephemeris.egg-info/top_level.txt
[2.874s] listing git files failed - pretending there aren't any
[3.104s] reading manifest file 'solar_ephemeris.egg-info/SOURCES.txt'
[3.106s] writing manifest file 'solar_ephemeris.egg-info/SOURCES.txt'
[3.174s] running build_ext
[3.175s] Creating /home/seastar/steve_summer_seastar_ws/install/solar_ephemeris/lib/python3.10/site-packages/solar-ephemeris.egg-link (link to .)
[3.176s] Installing solar_ephemeris script to /home/seastar/steve_summer_seastar_ws/install/solar_ephemeris/lib/solar_ephemeris
[3.177s] 
[3.177s] Installed /home/seastar/steve_summer_seastar_ws/build/solar_ephemeris
[3.177s] running install_data
[3.266s] Invoked command in '/home/seastar/steve_summer_seastar_ws/build/solar_ephemeris' returned '0': CMAKE_PREFIX_PATH=/home/seastar/steve_summer_seastar_ws/install/seastar_interfaces:/home/seastar/steve_summer_seastar_ws/install/sunspotter:/home/seastar/steve_summer_seastar_ws/install/head_chef:/home/seastar/steve_summer_seastar_ws/install/motor_state_manager:/home/seastar/steve_summer_seastar_ws/install/motor_manager:/home/seastar/steve_summer_seastar_ws/install/bluespace_ai_xsens_mti_driver PYTHONPATH=/home/seastar/steve_summer_seastar_ws/build/solar_ephemeris/prefix_override:/home/seastar/steve_summer_seastar_ws/install/solar_ephemeris/lib/python3.10/site-packages:${PYTHONPATH} /usr/bin/python3 setup.py develop --editable --build-directory /home/seastar/steve_summer_seastar_ws/build/solar_ephemeris/build --no-deps install_data
