[2.238s] Invoking command in '/home/seastar/steve_summer_seastar_ws/build/ik_tools': PYTHONPATH=/home/seastar/steve_summer_seastar_ws/build/ik_tools/prefix_override:/home/seastar/steve_summer_seastar_ws/install/ik_tools/lib/python3.10/site-packages:${PYTHONPATH} /usr/bin/python3 setup.py develop --editable --build-directory /home/seastar/steve_summer_seastar_ws/build/ik_tools/build --no-deps install_data
[3.091s] running develop
[3.092s] /usr/lib/python3/dist-packages/setuptools/command/easy_install.py:158: EasyInstallDeprecationWarning: easy_install command is deprecated. Use build and pip and other standards-based tools.
[3.092s]   warnings.warn(
[3.094s] /usr/lib/python3/dist-packages/setuptools/command/install.py:34: SetuptoolsDeprecationWarning: setup.py install is deprecated. Use build and pip and other standards-based tools.
[3.094s]   warnings.warn(
[3.316s] /usr/lib/python3/dist-packages/pkg_resources/__init__.py:116: PkgResourcesDeprecationWarning: 1.16.0-unknown is an invalid version and will not be supported in a future release
[3.316s]   warnings.warn(
[3.317s] /usr/lib/python3/dist-packages/pkg_resources/__init__.py:116: PkgResourcesDeprecationWarning: 1.1build1 is an invalid version and will not be supported in a future release
[3.317s]   warnings.warn(
[3.317s] /usr/lib/python3/dist-packages/pkg_resources/__init__.py:116: PkgResourcesDeprecationWarning: 0.1.43ubuntu1 is an invalid version and will not be supported in a future release
[3.318s]   warnings.warn(
[3.877s] running egg_info
[3.878s] creating ik_tools.egg-info
[3.878s] writing ik_tools.egg-info/PKG-INFO
[3.878s] writing dependency_links to ik_tools.egg-info/dependency_links.txt
[3.878s] writing entry points to ik_tools.egg-info/entry_points.txt
[3.879s] writing requirements to ik_tools.egg-info/requires.txt
[3.879s] writing top-level names to ik_tools.egg-info/top_level.txt
[3.879s] writing manifest file 'ik_tools.egg-info/SOURCES.txt'
[4.118s] listing git files failed - pretending there aren't any
[4.629s] reading manifest file 'ik_tools.egg-info/SOURCES.txt'
[4.630s] writing manifest file 'ik_tools.egg-info/SOURCES.txt'
[4.817s] running build_ext
[4.818s] Creating /home/seastar/steve_summer_seastar_ws/install/ik_tools/lib/python3.10/site-packages/ik-tools.egg-link (link to .)
[4.820s] Installing ik_tools script to /home/seastar/steve_summer_seastar_ws/install/ik_tools/lib/ik_tools
[4.825s] 
[4.825s] Installed /home/seastar/steve_summer_seastar_ws/build/ik_tools
[4.825s] running install_data
[4.826s] creating /home/seastar/steve_summer_seastar_ws/install/ik_tools/share/ament_index
[4.826s] creating /home/seastar/steve_summer_seastar_ws/install/ik_tools/share/ament_index/resource_index
[4.826s] creating /home/seastar/steve_summer_seastar_ws/install/ik_tools/share/ament_index/resource_index/packages
[4.827s] copying resource/ik_tools -> /home/seastar/steve_summer_seastar_ws/install/ik_tools/share/ament_index/resource_index/packages
[4.827s] copying package.xml -> /home/seastar/steve_summer_seastar_ws/install/ik_tools/share/ik_tools
[4.828s] creating /home/seastar/steve_summer_seastar_ws/install/ik_tools/share/ik_tools/launch
[4.828s] copying ik_helper.py -> /home/seastar/steve_summer_seastar_ws/install/ik_tools/share/ik_tools
[4.828s] copying setup.py -> /home/seastar/steve_summer_seastar_ws/install/ik_tools/share/ik_tools
[5.020s] Invoked command in '/home/seastar/steve_summer_seastar_ws/build/ik_tools' returned '0': PYTHONPATH=/home/seastar/steve_summer_seastar_ws/build/ik_tools/prefix_override:/home/seastar/steve_summer_seastar_ws/install/ik_tools/lib/python3.10/site-packages:${PYTHONPATH} /usr/bin/python3 setup.py develop --editable --build-directory /home/seastar/steve_summer_seastar_ws/build/ik_tools/build --no-deps install_data
