[1.827s] Invoking command in '/home/seastar/steve_summer_seastar_ws/build/imufaker': PYTHONPATH=/home/seastar/steve_summer_seastar_ws/build/imufaker/prefix_override:/home/seastar/steve_summer_seastar_ws/install/imufaker/lib/python3.10/site-packages:${PYTHONPATH} /usr/bin/python3 setup.py develop --editable --build-directory /home/seastar/steve_summer_seastar_ws/build/imufaker/build --no-deps install_data
[2.514s] running develop
[2.515s] /usr/lib/python3/dist-packages/setuptools/command/easy_install.py:158: EasyInstallDeprecationWarning: easy_install command is deprecated. Use build and pip and other standards-based tools.
[2.515s]   warnings.warn(
[2.517s] /usr/lib/python3/dist-packages/setuptools/command/install.py:34: SetuptoolsDeprecationWarning: setup.py install is deprecated. Use build and pip and other standards-based tools.
[2.517s]   warnings.warn(
[2.632s] /usr/lib/python3/dist-packages/pkg_resources/__init__.py:116: PkgResourcesDeprecationWarning: 1.16.0-unknown is an invalid version and will not be supported in a future release
[2.633s]   warnings.warn(
[2.633s] /usr/lib/python3/dist-packages/pkg_resources/__init__.py:116: PkgResourcesDeprecationWarning: 1.1build1 is an invalid version and will not be supported in a future release
[2.633s]   warnings.warn(
[2.969s] running egg_info
[2.970s] writing imufaker.egg-info/PKG-INFO
[2.970s] writing dependency_links to imufaker.egg-info/dependency_links.txt
[2.971s] writing entry points to imufaker.egg-info/entry_points.txt
[2.971s] writing requirements to imufaker.egg-info/requires.txt
[2.971s] writing top-level names to imufaker.egg-info/top_level.txt
[3.131s] listing git files failed - pretending there aren't any
[3.429s] reading manifest file 'imufaker.egg-info/SOURCES.txt'
[3.431s] writing manifest file 'imufaker.egg-info/SOURCES.txt'
[3.528s] running build_ext
[3.529s] Creating /home/seastar/steve_summer_seastar_ws/install/imufaker/lib/python3.10/site-packages/imufaker.egg-link (link to .)
[3.531s] Installing imufaker script to /home/seastar/steve_summer_seastar_ws/install/imufaker/lib/imufaker
[3.532s] 
[3.532s] Installed /home/seastar/steve_summer_seastar_ws/build/imufaker
[3.532s] running install_data
[3.664s] Invoked command in '/home/seastar/steve_summer_seastar_ws/build/imufaker' returned '0': PYTHONPATH=/home/seastar/steve_summer_seastar_ws/build/imufaker/prefix_override:/home/seastar/steve_summer_seastar_ws/install/imufaker/lib/python3.10/site-packages:${PYTHONPATH} /usr/bin/python3 setup.py develop --editable --build-directory /home/seastar/steve_summer_seastar_ws/build/imufaker/build --no-deps install_data
