[3.494s] Invoking command in '/home/seastar/steve_summer_seastar_ws/build/ik_solver': PYTHONPATH=/home/seastar/steve_summer_seastar_ws/build/ik_solver/prefix_override:/home/seastar/steve_summer_seastar_ws/install/ik_solver/lib/python3.10/site-packages:${PYTHONPATH} /usr/bin/python3 setup.py develop --editable --build-directory /home/seastar/steve_summer_seastar_ws/build/ik_solver/build --no-deps install_data
[4.702s] running develop
[4.703s] /usr/lib/python3/dist-packages/setuptools/command/easy_install.py:158: EasyInstallDeprecationWarning: easy_install command is deprecated. Use build and pip and other standards-based tools.
[4.703s]   warnings.warn(
[4.714s] /usr/lib/python3/dist-packages/setuptools/command/install.py:34: SetuptoolsDeprecationWarning: setup.py install is deprecated. Use build and pip and other standards-based tools.
[4.714s]   warnings.warn(
[5.156s] /usr/lib/python3/dist-packages/pkg_resources/__init__.py:116: PkgResourcesDeprecationWarning: 1.16.0-unknown is an invalid version and will not be supported in a future release
[5.156s]   warnings.warn(
[5.160s] /usr/lib/python3/dist-packages/pkg_resources/__init__.py:116: PkgResourcesDeprecationWarning: 1.1build1 is an invalid version and will not be supported in a future release
[5.160s]   warnings.warn(
[5.160s] /usr/lib/python3/dist-packages/pkg_resources/__init__.py:116: PkgResourcesDeprecationWarning: 0.1.43ubuntu1 is an invalid version and will not be supported in a future release
[5.160s]   warnings.warn(
[5.606s] running egg_info
[5.606s] writing ik_solver.egg-info/PKG-INFO
[5.607s] writing dependency_links to ik_solver.egg-info/dependency_links.txt
[5.607s] writing entry points to ik_solver.egg-info/entry_points.txt
[5.607s] writing requirements to ik_solver.egg-info/requires.txt
[5.607s] writing top-level names to ik_solver.egg-info/top_level.txt
[5.725s] listing git files failed - pretending there aren't any
[6.201s] reading manifest file 'ik_solver.egg-info/SOURCES.txt'
[6.202s] writing manifest file 'ik_solver.egg-info/SOURCES.txt'
[6.386s] running build_ext
[6.386s] Creating /home/seastar/steve_summer_seastar_ws/install/ik_solver/lib/python3.10/site-packages/ik-solver.egg-link (link to .)
[6.386s] Installing ik_solver script to /home/seastar/steve_summer_seastar_ws/install/ik_solver/lib/ik_solver
[6.386s] Installing ik_tester script to /home/seastar/steve_summer_seastar_ws/install/ik_solver/lib/ik_solver
[6.386s] 
[6.386s] Installed /home/seastar/steve_summer_seastar_ws/build/ik_solver
[6.386s] running install_data
[7.722s] Invoked command in '/home/seastar/steve_summer_seastar_ws/build/ik_solver' returned '0': PYTHONPATH=/home/seastar/steve_summer_seastar_ws/build/ik_solver/prefix_override:/home/seastar/steve_summer_seastar_ws/install/ik_solver/lib/python3.10/site-packages:${PYTHONPATH} /usr/bin/python3 setup.py develop --editable --build-directory /home/seastar/steve_summer_seastar_ws/build/ik_solver/build --no-deps install_data
