-- The C compiler identification is GNU 11.4.0
-- The CXX compiler identification is GNU 11.4.0
-- Detecting C compiler ABI info
-- Detecting C compiler ABI info - done
-- Check for working C compiler: /usr/bin/cc - skipped
-- Detecting C compile features
-- Detecting C compile features - done
-- Detecting CXX compiler ABI info
-- Detecting CXX compiler ABI info - done
-- Check for working CXX compiler: /usr/bin/c++ - skipped
-- Detecting CXX compile features
-- Detecting CXX compile features - done
-- Found ament_cmake: 1.3.4 (/opt/ros/humble/share/ament_cmake/cmake)
-- Found Python3: /usr/bin/python3.10 (found version "3.10.12") found components: Interpreter 
-- Override CMake install command with custom implementation using symlinks instead of copying resources
-- Found rclcpp: 16.0.4 (/opt/ros/humble/share/rclcpp/cmake)
-- Found rosidl_generator_c: 3.1.4 (/opt/ros/humble/share/rosidl_generator_c/cmake)
-- Found rosidl_adapter: 3.1.4 (/opt/ros/humble/share/rosidl_adapter/cmake)
-- Found rosidl_generator_cpp: 3.1.4 (/opt/ros/humble/share/rosidl_generator_cpp/cmake)
-- Using all available rosidl_typesupport_c: rosidl_typesupport_fastrtps_c;rosidl_typesupport_introspection_c
-- Using all available rosidl_typesupport_cpp: rosidl_typesupport_fastrtps_cpp;rosidl_typesupport_introspection_cpp
-- Found rmw_implementation_cmake: 6.1.1 (/opt/ros/humble/share/rmw_implementation_cmake/cmake)
-- Found rmw_fastrtps_cpp: 6.2.2 (/opt/ros/humble/share/rmw_fastrtps_cpp/cmake)
-- Found OpenSSL: /usr/lib/x86_64-linux-gnu/libcrypto.so (found version "3.0.2")  
-- Found FastRTPS: /opt/ros/humble/include  
-- Using RMW implementation 'rmw_fastrtps_cpp' as default
-- Performing Test CMAKE_HAVE_LIBC_PTHREAD
-- Performing Test CMAKE_HAVE_LIBC_PTHREAD - Success
-- Found Threads: TRUE  
-- Found geometry_msgs: 4.2.3 (/opt/ros/humble/share/geometry_msgs/cmake)
-- Found moveit_ros_planning_interface: 2.5.4 (/opt/ros/humble/share/moveit_ros_planning_interface/cmake)
-- Found Boost: /usr/lib/x86_64-linux-gnu/cmake/Boost-1.74.0/BoostConfig.cmake (found version "1.74.0") found components: date_time filesystem program_options system thread 
-- Found Boost: /usr/lib/x86_64-linux-gnu/cmake/Boost-1.74.0/BoostConfig.cmake (found version "1.74.0") found components: chrono date_time filesystem iostreams program_options regex serialization system thread 
-- Found Boost: /usr/lib/x86_64-linux-gnu/cmake/Boost-1.74.0/BoostConfig.cmake (found version "1.74.0") found components: filesystem 
-- library: /usr/lib/x86_64-linux-gnu/libcurl.so
-- Found Eigen3: TRUE (found version "3.4.0") 
-- Ensuring Eigen3 include directory is part of orocos-kdl CMake target
-- Found Boost: /usr/lib/x86_64-linux-gnu/cmake/Boost-1.74.0/BoostConfig.cmake (found version "1.74.0") found components: system filesystem date_time program_options thread chrono 
-- Found Boost: /usr/lib/x86_64-linux-gnu/cmake/Boost-1.74.0/BoostConfig.cmake (found version "1.74.0") found components: thread system filesystem regex date_time program_options 
-- Found Boost: /usr/lib/x86_64-linux-gnu/cmake/Boost-1.74.0/BoostConfig.cmake (found version "1.74.0") found components: system filesystem date_time program_options thread 
-- Found ament_lint_auto: 0.12.6 (/opt/ros/humble/share/ament_lint_auto/cmake)
-- Added test 'cppcheck' to perform static code analysis on C / C++ code
-- Configured cppcheck include dirs: 
-- Configured cppcheck exclude dirs and/or files: 
-- Added test 'flake8' to check Python code syntax and style conventions
-- Added test 'lint_cmake' to check CMake code style
-- Added test 'pep257' to check Python code against some of the docstring style conventions in PEP 257
-- Added test 'uncrustify' to check C / C++ code style
-- Configured uncrustify additional arguments: 
-- Added test 'xmllint' to check XML markup files
-- Configuring done (27.0s)
-- Generating done (0.2s)
-- Build files have been written to: /home/seastar/steve_summer_seastar_ws/build/motor_manager
[ 50%] [32mBuilding CXX object CMakeFiles/motor_controller.dir/src/motor_controller.cpp.o[0m
[100%] [32m[1mLinking CXX executable motor_controller[0m
[100%] Built target motor_controller
-- Install configuration: ""
-- Execute custom install script
-- Symlinking: /home/seastar/steve_summer_seastar_ws/install/motor_manager/share/ament_index/resource_index/package_run_dependencies/motor_manager
-- Symlinking: /home/seastar/steve_summer_seastar_ws/install/motor_manager/share/ament_index/resource_index/parent_prefix_path/motor_manager
-- Symlinking: /home/seastar/steve_summer_seastar_ws/install/motor_manager/share/motor_manager/environment/ament_prefix_path.sh
-- Symlinking: /home/seastar/steve_summer_seastar_ws/install/motor_manager/share/motor_manager/environment/ament_prefix_path.dsv
-- Symlinking: /home/seastar/steve_summer_seastar_ws/install/motor_manager/share/motor_manager/environment/path.sh
-- Symlinking: /home/seastar/steve_summer_seastar_ws/install/motor_manager/share/motor_manager/environment/path.dsv
-- Symlinking: /home/seastar/steve_summer_seastar_ws/install/motor_manager/share/motor_manager/local_setup.bash
-- Symlinking: /home/seastar/steve_summer_seastar_ws/install/motor_manager/share/motor_manager/local_setup.sh
-- Symlinking: /home/seastar/steve_summer_seastar_ws/install/motor_manager/share/motor_manager/local_setup.zsh
-- Symlinking: /home/seastar/steve_summer_seastar_ws/install/motor_manager/share/motor_manager/local_setup.dsv
-- Symlinking: /home/seastar/steve_summer_seastar_ws/install/motor_manager/share/motor_manager/package.dsv
-- Symlinking: /home/seastar/steve_summer_seastar_ws/install/motor_manager/share/ament_index/resource_index/packages/motor_manager
-- Symlinking: /home/seastar/steve_summer_seastar_ws/install/motor_manager/share/motor_manager/cmake/motor_managerConfig.cmake
-- Symlinking: /home/seastar/steve_summer_seastar_ws/install/motor_manager/share/motor_manager/cmake/motor_managerConfig-version.cmake
-- Symlinking: /home/seastar/steve_summer_seastar_ws/install/motor_manager/share/motor_manager/package.xml
-- Installing: /home/seastar/steve_summer_seastar_ws/install/motor_manager/lib/motor_manager/motor_controller
-- Set runtime path of "/home/seastar/steve_summer_seastar_ws/install/motor_manager/lib/motor_manager/motor_controller" to ""
