[0.053s] Invoking command in '/home/seastar/steve_summer_seastar_ws/build/bluespace_ai_xsens_mti_driver': CMAKE_PREFIX_PATH=${CMAKE_PREFIX_PATH}:/home/seastar/steve_summer_seastar_ws/install/test_driver:/home/seastar/steve_summer_seastar_ws/install/test_cam:/home/seastar/steve_summer_seastar_ws/install/solar_ephemeris:/home/seastar/steve_summer_seastar_ws/install/pysp:/home/seastar/steve_summer_seastar_ws/install/imufaker:/home/seastar/steve_summer_seastar_ws/install/ik_tools:/home/seastar/steve_summer_seastar_ws/install/ik_solver:/home/seastar/steve_summer_seastar_ws/install/hamburger_helper:/opt/ros/humble /home/seastar/.local/bin/cmake /home/seastar/steve_summer_seastar_ws/src/bluespace_ai_xsens_ros_mti_driver -DAMENT_CMAKE_SYMLINK_INSTALL=1 -DCMAKE_INSTALL_PREFIX=/home/seastar/steve_summer_seastar_ws/install/bluespace_ai_xsens_mti_driver
[1.009s] [0mCMake Deprecation Warning at CMakeLists.txt:1 (cmake_minimum_required):
[1.009s]   Compatibility with CMake < 2.8.12 will be removed from a future version of
[1.009s]   CMake.
[1.009s] 
[1.009s]   Update the VERSION argument <min> value or use a ...<max> suffix to tell
[1.009s]   CMake that the project does not need compatibility with older versions.
[1.010s] 
[1.010s] [0m
[1.010s] -- The C compiler identification is GNU 11.4.0
[1.010s] -- The CXX compiler identification is GNU 11.4.0
[1.010s] -- Detecting C compiler ABI info
[1.010s] -- Detecting C compiler ABI info - done
[1.010s] -- Check for working C compiler: /usr/bin/cc - skipped
[1.011s] -- Detecting C compile features
[1.011s] -- Detecting C compile features - done
[1.011s] -- Detecting CXX compiler ABI info
[1.209s] -- Detecting CXX compiler ABI info - done
[1.257s] -- Check for working CXX compiler: /usr/bin/c++ - skipped
[1.257s] -- Detecting CXX compile features
[1.258s] -- Detecting CXX compile features - done
[1.282s] -- Found ament_cmake: 1.3.4 (/opt/ros/humble/share/ament_cmake/cmake)
[3.194s] -- Found Python3: /usr/bin/python3.10 (found version "3.10.12") found components: Interpreter 
[3.480s] -- Override CMake install command with custom implementation using symlinks instead of copying resources
[3.621s] -- Found rclcpp: 16.0.4 (/opt/ros/humble/share/rclcpp/cmake)
[3.851s] -- Found rosidl_generator_c: 3.1.4 (/opt/ros/humble/share/rosidl_generator_c/cmake)
[3.876s] -- Found rosidl_adapter: 3.1.4 (/opt/ros/humble/share/rosidl_adapter/cmake)
[3.946s] -- Found rosidl_generator_cpp: 3.1.4 (/opt/ros/humble/share/rosidl_generator_cpp/cmake)
[4.054s] -- Using all available rosidl_typesupport_c: rosidl_typesupport_fastrtps_c;rosidl_typesupport_introspection_c
[4.152s] -- Using all available rosidl_typesupport_cpp: rosidl_typesupport_fastrtps_cpp;rosidl_typesupport_introspection_cpp
[4.700s] -- Found rmw_implementation_cmake: 6.1.1 (/opt/ros/humble/share/rmw_implementation_cmake/cmake)
[4.725s] -- Found rmw_fastrtps_cpp: 6.2.2 (/opt/ros/humble/share/rmw_fastrtps_cpp/cmake)
[5.474s] -- Found OpenSSL: /usr/lib/x86_64-linux-gnu/libcrypto.so (found version "3.0.2")  
[5.625s] -- Found FastRTPS: /opt/ros/humble/include  
[5.804s] -- Using RMW implementation 'rmw_fastrtps_cpp' as default
[5.867s] -- Performing Test CMAKE_HAVE_LIBC_PTHREAD
[6.111s] -- Performing Test CMAKE_HAVE_LIBC_PTHREAD - Success
[6.113s] -- Found Threads: TRUE  
[7.227s] -- Found tf2: 0.25.2 (/opt/ros/humble/share/tf2/cmake)
[7.664s] -- Found tf2_ros: 0.25.2 (/opt/ros/humble/share/tf2_ros/cmake)
[9.546s] -- Found sensor_msgs: 4.2.3 (/opt/ros/humble/share/sensor_msgs/cmake)
[10.091s] -- Found ament_lint_auto: 0.12.6 (/opt/ros/humble/share/ament_lint_auto/cmake)
[10.382s] -- Added test 'copyright' to check source files copyright and LICENSE
[10.460s] -- Added test 'cppcheck' to perform static code analysis on C / C++ code
[10.461s] -- Configured cppcheck include dirs: $<BUILD_INTERFACE:/home/seastar/steve_summer_seastar_ws/src/bluespace_ai_xsens_ros_mti_driver/lib/xspublic>
[10.461s] -- Configured cppcheck exclude dirs and/or files: 
[10.532s] -- Added test 'cpplint' to check C / C++ code against the Google style
[10.532s] -- Configured cpplint exclude dirs and/or files: 
[10.540s] -- Added test 'flake8' to check Python code syntax and style conventions
[10.574s] -- Added test 'lint_cmake' to check CMake code style
[10.574s] -- Added test 'pep257' to check Python code against some of the docstring style conventions in PEP 257
[10.642s] -- Added test 'uncrustify' to check C / C++ code style
[10.642s] -- Configured uncrustify additional arguments: 
[10.653s] -- Added test 'xmllint' to check XML markup files
[10.656s] -- Configuring done (10.5s)
[10.732s] -- Generating done (0.1s)
[10.744s] -- Build files have been written to: /home/seastar/steve_summer_seastar_ws/build/bluespace_ai_xsens_mti_driver
[10.796s] Invoked command in '/home/seastar/steve_summer_seastar_ws/build/bluespace_ai_xsens_mti_driver' returned '0': CMAKE_PREFIX_PATH=${CMAKE_PREFIX_PATH}:/home/seastar/steve_summer_seastar_ws/install/test_driver:/home/seastar/steve_summer_seastar_ws/install/test_cam:/home/seastar/steve_summer_seastar_ws/install/solar_ephemeris:/home/seastar/steve_summer_seastar_ws/install/pysp:/home/seastar/steve_summer_seastar_ws/install/imufaker:/home/seastar/steve_summer_seastar_ws/install/ik_tools:/home/seastar/steve_summer_seastar_ws/install/ik_solver:/home/seastar/steve_summer_seastar_ws/install/hamburger_helper:/opt/ros/humble /home/seastar/.local/bin/cmake /home/seastar/steve_summer_seastar_ws/src/bluespace_ai_xsens_ros_mti_driver -DAMENT_CMAKE_SYMLINK_INSTALL=1 -DCMAKE_INSTALL_PREFIX=/home/seastar/steve_summer_seastar_ws/install/bluespace_ai_xsens_mti_driver
[10.797s] Invoking command in '/home/seastar/steve_summer_seastar_ws/build/bluespace_ai_xsens_mti_driver': CMAKE_PREFIX_PATH=${CMAKE_PREFIX_PATH}:/home/seastar/steve_summer_seastar_ws/install/test_driver:/home/seastar/steve_summer_seastar_ws/install/test_cam:/home/seastar/steve_summer_seastar_ws/install/solar_ephemeris:/home/seastar/steve_summer_seastar_ws/install/pysp:/home/seastar/steve_summer_seastar_ws/install/imufaker:/home/seastar/steve_summer_seastar_ws/install/ik_tools:/home/seastar/steve_summer_seastar_ws/install/ik_solver:/home/seastar/steve_summer_seastar_ws/install/hamburger_helper:/opt/ros/humble /home/seastar/.local/bin/cmake --build /home/seastar/steve_summer_seastar_ws/build/bluespace_ai_xsens_mti_driver -- -j4 -l4
[10.980s] [ 25%] [32mBuilding CXX object CMakeFiles/xsens_mti_node.dir/src/main.cpp.o[0m
[20.166s] [ 50%] [32mBuilding CXX object CMakeFiles/xsens_mti_node.dir/src/xdacallback.cpp.o[0m
[29.195s] [ 75%] [32mBuilding CXX object CMakeFiles/xsens_mti_node.dir/src/xdainterface.cpp.o[0m
[53.257s] [100%] [32m[1mLinking CXX executable xsens_mti_node[0m
[56.476s] [100%] Built target xsens_mti_node
[56.508s] Invoked command in '/home/seastar/steve_summer_seastar_ws/build/bluespace_ai_xsens_mti_driver' returned '0': CMAKE_PREFIX_PATH=${CMAKE_PREFIX_PATH}:/home/seastar/steve_summer_seastar_ws/install/test_driver:/home/seastar/steve_summer_seastar_ws/install/test_cam:/home/seastar/steve_summer_seastar_ws/install/solar_ephemeris:/home/seastar/steve_summer_seastar_ws/install/pysp:/home/seastar/steve_summer_seastar_ws/install/imufaker:/home/seastar/steve_summer_seastar_ws/install/ik_tools:/home/seastar/steve_summer_seastar_ws/install/ik_solver:/home/seastar/steve_summer_seastar_ws/install/hamburger_helper:/opt/ros/humble /home/seastar/.local/bin/cmake --build /home/seastar/steve_summer_seastar_ws/build/bluespace_ai_xsens_mti_driver -- -j4 -l4
[56.648s] Invoking command in '/home/seastar/steve_summer_seastar_ws/build/bluespace_ai_xsens_mti_driver': CMAKE_PREFIX_PATH=${CMAKE_PREFIX_PATH}:/home/seastar/steve_summer_seastar_ws/install/test_driver:/home/seastar/steve_summer_seastar_ws/install/test_cam:/home/seastar/steve_summer_seastar_ws/install/solar_ephemeris:/home/seastar/steve_summer_seastar_ws/install/pysp:/home/seastar/steve_summer_seastar_ws/install/imufaker:/home/seastar/steve_summer_seastar_ws/install/ik_tools:/home/seastar/steve_summer_seastar_ws/install/ik_solver:/home/seastar/steve_summer_seastar_ws/install/hamburger_helper:/opt/ros/humble /home/seastar/.local/bin/cmake --install /home/seastar/steve_summer_seastar_ws/build/bluespace_ai_xsens_mti_driver
[56.783s] -- Install configuration: ""
[56.792s] -- Execute custom install script
[56.793s] -- Symlinking: /home/seastar/steve_summer_seastar_ws/install/bluespace_ai_xsens_mti_driver/share/bluespace_ai_xsens_mti_driver/launch/display.launch.py
[56.804s] -- Symlinking: /home/seastar/steve_summer_seastar_ws/install/bluespace_ai_xsens_mti_driver/share/bluespace_ai_xsens_mti_driver/launch/xsens_mti_node.launch.py
[56.820s] -- Symlinking: /home/seastar/steve_summer_seastar_ws/install/bluespace_ai_xsens_mti_driver/share/bluespace_ai_xsens_mti_driver/param/xsens_mti_node.yaml
[56.837s] -- Symlinking: /home/seastar/steve_summer_seastar_ws/install/bluespace_ai_xsens_mti_driver/share/bluespace_ai_xsens_mti_driver/rviz/display.rviz
[56.853s] -- Symlinking: /home/seastar/steve_summer_seastar_ws/install/bluespace_ai_xsens_mti_driver/share/bluespace_ai_xsens_mti_driver/urdf/MTi_1.stl
[56.886s] -- Symlinking: /home/seastar/steve_summer_seastar_ws/install/bluespace_ai_xsens_mti_driver/share/bluespace_ai_xsens_mti_driver/urdf/MTi_1.urdf
[56.900s] -- Symlinking: /home/seastar/steve_summer_seastar_ws/install/bluespace_ai_xsens_mti_driver/share/bluespace_ai_xsens_mti_driver/urdf/MTi_10.stl
[56.917s] -- Symlinking: /home/seastar/steve_summer_seastar_ws/install/bluespace_ai_xsens_mti_driver/share/bluespace_ai_xsens_mti_driver/urdf/MTi_10.urdf
[56.928s] -- Symlinking: /home/seastar/steve_summer_seastar_ws/install/bluespace_ai_xsens_mti_driver/share/bluespace_ai_xsens_mti_driver/urdf/MTi_6xx.stl
[56.940s] -- Symlinking: /home/seastar/steve_summer_seastar_ws/install/bluespace_ai_xsens_mti_driver/share/bluespace_ai_xsens_mti_driver/urdf/MTi_6xx.urdf
[56.955s] -- Symlinking: /home/seastar/steve_summer_seastar_ws/install/bluespace_ai_xsens_mti_driver/share/ament_index/resource_index/package_run_dependencies/bluespace_ai_xsens_mti_driver
[56.973s] -- Symlinking: /home/seastar/steve_summer_seastar_ws/install/bluespace_ai_xsens_mti_driver/share/ament_index/resource_index/parent_prefix_path/bluespace_ai_xsens_mti_driver
[57.001s] -- Symlinking: /home/seastar/steve_summer_seastar_ws/install/bluespace_ai_xsens_mti_driver/share/bluespace_ai_xsens_mti_driver/environment/ament_prefix_path.sh
[57.022s] -- Symlinking: /home/seastar/steve_summer_seastar_ws/install/bluespace_ai_xsens_mti_driver/share/bluespace_ai_xsens_mti_driver/environment/ament_prefix_path.dsv
[57.035s] -- Symlinking: /home/seastar/steve_summer_seastar_ws/install/bluespace_ai_xsens_mti_driver/share/bluespace_ai_xsens_mti_driver/environment/path.sh
[57.039s] -- Symlinking: /home/seastar/steve_summer_seastar_ws/install/bluespace_ai_xsens_mti_driver/share/bluespace_ai_xsens_mti_driver/environment/path.dsv
[57.061s] -- Symlinking: /home/seastar/steve_summer_seastar_ws/install/bluespace_ai_xsens_mti_driver/share/bluespace_ai_xsens_mti_driver/local_setup.bash
[57.076s] -- Symlinking: /home/seastar/steve_summer_seastar_ws/install/bluespace_ai_xsens_mti_driver/share/bluespace_ai_xsens_mti_driver/local_setup.sh
[57.088s] -- Symlinking: /home/seastar/steve_summer_seastar_ws/install/bluespace_ai_xsens_mti_driver/share/bluespace_ai_xsens_mti_driver/local_setup.zsh
[57.110s] -- Symlinking: /home/seastar/steve_summer_seastar_ws/install/bluespace_ai_xsens_mti_driver/share/bluespace_ai_xsens_mti_driver/local_setup.dsv
[57.119s] -- Symlinking: /home/seastar/steve_summer_seastar_ws/install/bluespace_ai_xsens_mti_driver/share/bluespace_ai_xsens_mti_driver/package.dsv
[57.129s] -- Symlinking: /home/seastar/steve_summer_seastar_ws/install/bluespace_ai_xsens_mti_driver/share/ament_index/resource_index/packages/bluespace_ai_xsens_mti_driver
[57.138s] -- Symlinking: /home/seastar/steve_summer_seastar_ws/install/bluespace_ai_xsens_mti_driver/share/bluespace_ai_xsens_mti_driver/cmake/bluespace_ai_xsens_mti_driverConfig.cmake
[57.148s] -- Symlinking: /home/seastar/steve_summer_seastar_ws/install/bluespace_ai_xsens_mti_driver/share/bluespace_ai_xsens_mti_driver/cmake/bluespace_ai_xsens_mti_driverConfig-version.cmake
[57.161s] -- Symlinking: /home/seastar/steve_summer_seastar_ws/install/bluespace_ai_xsens_mti_driver/share/bluespace_ai_xsens_mti_driver/package.xml
[57.169s] -- Installing: /home/seastar/steve_summer_seastar_ws/install/bluespace_ai_xsens_mti_driver/lib/bluespace_ai_xsens_mti_driver/xsens_mti_node
[57.185s] -- Set runtime path of "/home/seastar/steve_summer_seastar_ws/install/bluespace_ai_xsens_mti_driver/lib/bluespace_ai_xsens_mti_driver/xsens_mti_node" to ""
[57.205s] Invoked command in '/home/seastar/steve_summer_seastar_ws/build/bluespace_ai_xsens_mti_driver' returned '0': CMAKE_PREFIX_PATH=${CMAKE_PREFIX_PATH}:/home/seastar/steve_summer_seastar_ws/install/test_driver:/home/seastar/steve_summer_seastar_ws/install/test_cam:/home/seastar/steve_summer_seastar_ws/install/solar_ephemeris:/home/seastar/steve_summer_seastar_ws/install/pysp:/home/seastar/steve_summer_seastar_ws/install/imufaker:/home/seastar/steve_summer_seastar_ws/install/ik_tools:/home/seastar/steve_summer_seastar_ws/install/ik_solver:/home/seastar/steve_summer_seastar_ws/install/hamburger_helper:/opt/ros/humble /home/seastar/.local/bin/cmake --install /home/seastar/steve_summer_seastar_ws/build/bluespace_ai_xsens_mti_driver
