[1.791s] Invoking command in '/home/seastar/steve_summer_seastar_ws/build/imufaker': PYTHONPATH=/home/seastar/steve_summer_seastar_ws/build/imufaker/prefix_override:/home/seastar/steve_summer_seastar_ws/install/imufaker/lib/python3.10/site-packages:${PYTHONPATH} /usr/bin/python3 setup.py develop --editable --build-directory /home/seastar/steve_summer_seastar_ws/build/imufaker/build --no-deps install_data
[2.367s] running develop
[2.367s] /usr/lib/python3/dist-packages/setuptools/command/easy_install.py:158: EasyInstallDeprecationWarning: easy_install command is deprecated. Use build and pip and other standards-based tools.
[2.367s]   warnings.warn(
[2.370s] /usr/lib/python3/dist-packages/setuptools/command/install.py:34: SetuptoolsDeprecationWarning: setup.py install is deprecated. Use build and pip and other standards-based tools.
[2.370s]   warnings.warn(
[2.505s] /usr/lib/python3/dist-packages/pkg_resources/__init__.py:116: PkgResourcesDeprecationWarning: 1.16.0-unknown is an invalid version and will not be supported in a future release
[2.505s]   warnings.warn(
[2.505s] /usr/lib/python3/dist-packages/pkg_resources/__init__.py:116: PkgResourcesDeprecationWarning: 1.1build1 is an invalid version and will not be supported in a future release
[2.505s]   warnings.warn(
[2.815s] running egg_info
[2.815s] writing imufaker.egg-info/PKG-INFO
[2.815s] writing dependency_links to imufaker.egg-info/dependency_links.txt
[2.816s] writing entry points to imufaker.egg-info/entry_points.txt
[2.816s] writing requirements to imufaker.egg-info/requires.txt
[2.816s] writing top-level names to imufaker.egg-info/top_level.txt
[2.945s] listing git files failed - pretending there aren't any
[3.256s] reading manifest file 'imufaker.egg-info/SOURCES.txt'
[3.259s] writing manifest file 'imufaker.egg-info/SOURCES.txt'
[3.369s] running build_ext
[3.370s] Creating /home/seastar/steve_summer_seastar_ws/install/imufaker/lib/python3.10/site-packages/imufaker.egg-link (link to .)
[3.372s] Installing imufaker script to /home/seastar/steve_summer_seastar_ws/install/imufaker/lib/imufaker
[3.373s] 
[3.373s] Installed /home/seastar/steve_summer_seastar_ws/build/imufaker
[3.373s] running install_data
[3.598s] Invoked command in '/home/seastar/steve_summer_seastar_ws/build/imufaker' returned '0': PYTHONPATH=/home/seastar/steve_summer_seastar_ws/build/imufaker/prefix_override:/home/seastar/steve_summer_seastar_ws/install/imufaker/lib/python3.10/site-packages:${PYTHONPATH} /usr/bin/python3 setup.py develop --editable --build-directory /home/seastar/steve_summer_seastar_ws/build/imufaker/build --no-deps install_data
