[2.227s] Invoking command in '/home/seastar/steve_summer_seastar_ws/build/ik_solver': PYTHONPATH=/home/seastar/steve_summer_seastar_ws/build/ik_solver/prefix_override:/home/seastar/steve_summer_seastar_ws/install/ik_solver/lib/python3.10/site-packages:${PYTHONPATH} /usr/bin/python3 setup.py develop --editable --build-directory /home/seastar/steve_summer_seastar_ws/build/ik_solver/build --no-deps install_data
[3.048s] running develop
[3.048s] /usr/lib/python3/dist-packages/setuptools/command/easy_install.py:158: EasyInstallDeprecationWarning: easy_install command is deprecated. Use build and pip and other standards-based tools.
[3.048s]   warnings.warn(
[3.051s] /usr/lib/python3/dist-packages/setuptools/command/install.py:34: SetuptoolsDeprecationWarning: setup.py install is deprecated. Use build and pip and other standards-based tools.
[3.051s]   warnings.warn(
[3.307s] /usr/lib/python3/dist-packages/pkg_resources/__init__.py:116: PkgResourcesDeprecationWarning: 1.16.0-unknown is an invalid version and will not be supported in a future release
[3.308s]   warnings.warn(
[3.308s] /usr/lib/python3/dist-packages/pkg_resources/__init__.py:116: PkgResourcesDeprecationWarning: 1.1build1 is an invalid version and will not be supported in a future release
[3.308s]   warnings.warn(
[3.631s] running egg_info
[3.632s] writing ik_solver.egg-info/PKG-INFO
[3.633s] writing dependency_links to ik_solver.egg-info/dependency_links.txt
[3.634s] writing entry points to ik_solver.egg-info/entry_points.txt
[3.634s] writing requirements to ik_solver.egg-info/requires.txt
[3.635s] writing top-level names to ik_solver.egg-info/top_level.txt
[3.744s] listing git files failed - pretending there aren't any
[4.068s] reading manifest file 'ik_solver.egg-info/SOURCES.txt'
[4.068s] writing manifest file 'ik_solver.egg-info/SOURCES.txt'
[4.161s] running build_ext
[4.162s] Creating /home/seastar/steve_summer_seastar_ws/install/ik_solver/lib/python3.10/site-packages/ik-solver.egg-link (link to .)
[4.163s] Installing ik_solver script to /home/seastar/steve_summer_seastar_ws/install/ik_solver/lib/ik_solver
[4.164s] Installing ik_tester script to /home/seastar/steve_summer_seastar_ws/install/ik_solver/lib/ik_solver
[4.164s] 
[4.164s] Installed /home/seastar/steve_summer_seastar_ws/build/ik_solver
[4.164s] running install_data
[4.330s] Invoked command in '/home/seastar/steve_summer_seastar_ws/build/ik_solver' returned '0': PYTHONPATH=/home/seastar/steve_summer_seastar_ws/build/ik_solver/prefix_override:/home/seastar/steve_summer_seastar_ws/install/ik_solver/lib/python3.10/site-packages:${PYTHONPATH} /usr/bin/python3 setup.py develop --editable --build-directory /home/seastar/steve_summer_seastar_ws/build/ik_solver/build --no-deps install_data
