[1.467s] Invoking command in '/home/seastar/steve_summer_seastar_ws/build/ik_tools': PYTHONPATH=/home/seastar/steve_summer_seastar_ws/build/ik_tools/prefix_override:/home/seastar/steve_summer_seastar_ws/install/ik_tools/lib/python3.10/site-packages:${PYTHONPATH} /usr/bin/python3 setup.py develop --editable --build-directory /home/seastar/steve_summer_seastar_ws/build/ik_tools/build --no-deps install_data
[2.127s] running develop
[2.127s] /usr/lib/python3/dist-packages/setuptools/command/easy_install.py:158: EasyInstallDeprecationWarning: easy_install command is deprecated. Use build and pip and other standards-based tools.
[2.127s]   warnings.warn(
[2.129s] /usr/lib/python3/dist-packages/setuptools/command/install.py:34: SetuptoolsDeprecationWarning: setup.py install is deprecated. Use build and pip and other standards-based tools.
[2.129s]   warnings.warn(
[2.281s] /usr/lib/python3/dist-packages/pkg_resources/__init__.py:116: PkgResourcesDeprecationWarning: 1.16.0-unknown is an invalid version and will not be supported in a future release
[2.282s]   warnings.warn(
[2.283s] /usr/lib/python3/dist-packages/pkg_resources/__init__.py:116: PkgResourcesDeprecationWarning: 1.1build1 is an invalid version and will not be supported in a future release
[2.283s]   warnings.warn(
[2.610s] running egg_info
[2.610s] writing ik_tools.egg-info/PKG-INFO
[2.611s] writing dependency_links to ik_tools.egg-info/dependency_links.txt
[2.611s] writing entry points to ik_tools.egg-info/entry_points.txt
[2.611s] writing requirements to ik_tools.egg-info/requires.txt
[2.611s] writing top-level names to ik_tools.egg-info/top_level.txt
[2.716s] listing git files failed - pretending there aren't any
[2.948s] reading manifest file 'ik_tools.egg-info/SOURCES.txt'
[2.949s] writing manifest file 'ik_tools.egg-info/SOURCES.txt'
[3.020s] running build_ext
[3.021s] Creating /home/seastar/steve_summer_seastar_ws/install/ik_tools/lib/python3.10/site-packages/ik-tools.egg-link (link to .)
[3.023s] Installing ik_tools script to /home/seastar/steve_summer_seastar_ws/install/ik_tools/lib/ik_tools
[3.023s] 
[3.023s] Installed /home/seastar/steve_summer_seastar_ws/build/ik_tools
[3.023s] running install_data
[3.138s] Invoked command in '/home/seastar/steve_summer_seastar_ws/build/ik_tools' returned '0': PYTHONPATH=/home/seastar/steve_summer_seastar_ws/build/ik_tools/prefix_override:/home/seastar/steve_summer_seastar_ws/install/ik_tools/lib/python3.10/site-packages:${PYTHONPATH} /usr/bin/python3 setup.py develop --editable --build-directory /home/seastar/steve_summer_seastar_ws/build/ik_tools/build --no-deps install_data
