[0.037s] Invoking command in '/home/seastar/steve_summer_seastar_ws/build/bluespace_ai_xsens_mti_driver': CMAKE_PREFIX_PATH=${CMAKE_PREFIX_PATH}:/home/seastar/steve_summer_seastar_ws/install/test_driver:/home/seastar/steve_summer_seastar_ws/install/test_cam:/home/seastar/steve_summer_seastar_ws/install/solar_ephemeris:/home/seastar/steve_summer_seastar_ws/install/pysp:/home/seastar/steve_summer_seastar_ws/install/imufaker:/home/seastar/steve_summer_seastar_ws/install/ik_tools:/home/seastar/steve_summer_seastar_ws/install/ik_solver:/home/seastar/steve_summer_seastar_ws/install/hamburger_helper:/opt/ros/humble /home/seastar/.local/bin/cmake --build /home/seastar/steve_summer_seastar_ws/build/bluespace_ai_xsens_mti_driver -- -j4 -l4
[0.549s] [100%] Built target xsens_mti_node
[0.943s] Invoked command in '/home/seastar/steve_summer_seastar_ws/build/bluespace_ai_xsens_mti_driver' returned '0': CMAKE_PREFIX_PATH=${CMAKE_PREFIX_PATH}:/home/seastar/steve_summer_seastar_ws/install/test_driver:/home/seastar/steve_summer_seastar_ws/install/test_cam:/home/seastar/steve_summer_seastar_ws/install/solar_ephemeris:/home/seastar/steve_summer_seastar_ws/install/pysp:/home/seastar/steve_summer_seastar_ws/install/imufaker:/home/seastar/steve_summer_seastar_ws/install/ik_tools:/home/seastar/steve_summer_seastar_ws/install/ik_solver:/home/seastar/steve_summer_seastar_ws/install/hamburger_helper:/opt/ros/humble /home/seastar/.local/bin/cmake --build /home/seastar/steve_summer_seastar_ws/build/bluespace_ai_xsens_mti_driver -- -j4 -l4
[1.136s] Invoking command in '/home/seastar/steve_summer_seastar_ws/build/bluespace_ai_xsens_mti_driver': CMAKE_PREFIX_PATH=${CMAKE_PREFIX_PATH}:/home/seastar/steve_summer_seastar_ws/install/test_driver:/home/seastar/steve_summer_seastar_ws/install/test_cam:/home/seastar/steve_summer_seastar_ws/install/solar_ephemeris:/home/seastar/steve_summer_seastar_ws/install/pysp:/home/seastar/steve_summer_seastar_ws/install/imufaker:/home/seastar/steve_summer_seastar_ws/install/ik_tools:/home/seastar/steve_summer_seastar_ws/install/ik_solver:/home/seastar/steve_summer_seastar_ws/install/hamburger_helper:/opt/ros/humble /home/seastar/.local/bin/cmake --install /home/seastar/steve_summer_seastar_ws/build/bluespace_ai_xsens_mti_driver
[1.212s] -- Install configuration: ""
[1.212s] -- Execute custom install script
[1.213s] -- Up-to-date symlink: /home/seastar/steve_summer_seastar_ws/install/bluespace_ai_xsens_mti_driver/share/bluespace_ai_xsens_mti_driver/launch/display.launch.py
[1.213s] -- Up-to-date symlink: /home/seastar/steve_summer_seastar_ws/install/bluespace_ai_xsens_mti_driver/share/bluespace_ai_xsens_mti_driver/launch/xsens_mti_node.launch.py
[1.214s] -- Up-to-date symlink: /home/seastar/steve_summer_seastar_ws/install/bluespace_ai_xsens_mti_driver/share/bluespace_ai_xsens_mti_driver/param/xsens_mti_node.yaml
[1.214s] -- Up-to-date symlink: /home/seastar/steve_summer_seastar_ws/install/bluespace_ai_xsens_mti_driver/share/bluespace_ai_xsens_mti_driver/rviz/display.rviz
[1.215s] -- Up-to-date symlink: /home/seastar/steve_summer_seastar_ws/install/bluespace_ai_xsens_mti_driver/share/bluespace_ai_xsens_mti_driver/urdf/MTi_1.stl
[1.215s] -- Up-to-date symlink: /home/seastar/steve_summer_seastar_ws/install/bluespace_ai_xsens_mti_driver/share/bluespace_ai_xsens_mti_driver/urdf/MTi_1.urdf
[1.215s] -- Up-to-date symlink: /home/seastar/steve_summer_seastar_ws/install/bluespace_ai_xsens_mti_driver/share/bluespace_ai_xsens_mti_driver/urdf/MTi_10.stl
[1.215s] -- Up-to-date symlink: /home/seastar/steve_summer_seastar_ws/install/bluespace_ai_xsens_mti_driver/share/bluespace_ai_xsens_mti_driver/urdf/MTi_10.urdf
[1.215s] -- Up-to-date symlink: /home/seastar/steve_summer_seastar_ws/install/bluespace_ai_xsens_mti_driver/share/bluespace_ai_xsens_mti_driver/urdf/MTi_6xx.stl
[1.216s] -- Up-to-date symlink: /home/seastar/steve_summer_seastar_ws/install/bluespace_ai_xsens_mti_driver/share/bluespace_ai_xsens_mti_driver/urdf/MTi_6xx.urdf
[1.216s] -- Up-to-date symlink: /home/seastar/steve_summer_seastar_ws/install/bluespace_ai_xsens_mti_driver/share/ament_index/resource_index/package_run_dependencies/bluespace_ai_xsens_mti_driver
[1.218s] -- Up-to-date symlink: /home/seastar/steve_summer_seastar_ws/install/bluespace_ai_xsens_mti_driver/share/ament_index/resource_index/parent_prefix_path/bluespace_ai_xsens_mti_driver
[1.219s] -- Up-to-date symlink: /home/seastar/steve_summer_seastar_ws/install/bluespace_ai_xsens_mti_driver/share/bluespace_ai_xsens_mti_driver/environment/ament_prefix_path.sh
[1.220s] -- Up-to-date symlink: /home/seastar/steve_summer_seastar_ws/install/bluespace_ai_xsens_mti_driver/share/bluespace_ai_xsens_mti_driver/environment/ament_prefix_path.dsv
[1.220s] -- Up-to-date symlink: /home/seastar/steve_summer_seastar_ws/install/bluespace_ai_xsens_mti_driver/share/bluespace_ai_xsens_mti_driver/environment/path.sh
[1.220s] -- Up-to-date symlink: /home/seastar/steve_summer_seastar_ws/install/bluespace_ai_xsens_mti_driver/share/bluespace_ai_xsens_mti_driver/environment/path.dsv
[1.220s] -- Up-to-date symlink: /home/seastar/steve_summer_seastar_ws/install/bluespace_ai_xsens_mti_driver/share/bluespace_ai_xsens_mti_driver/local_setup.bash
[1.220s] -- Up-to-date symlink: /home/seastar/steve_summer_seastar_ws/install/bluespace_ai_xsens_mti_driver/share/bluespace_ai_xsens_mti_driver/local_setup.sh
[1.220s] -- Up-to-date symlink: /home/seastar/steve_summer_seastar_ws/install/bluespace_ai_xsens_mti_driver/share/bluespace_ai_xsens_mti_driver/local_setup.zsh
[1.220s] -- Up-to-date symlink: /home/seastar/steve_summer_seastar_ws/install/bluespace_ai_xsens_mti_driver/share/bluespace_ai_xsens_mti_driver/local_setup.dsv
[1.221s] -- Symlinking: /home/seastar/steve_summer_seastar_ws/install/bluespace_ai_xsens_mti_driver/share/bluespace_ai_xsens_mti_driver/package.dsv
[1.227s] -- Up-to-date symlink: /home/seastar/steve_summer_seastar_ws/install/bluespace_ai_xsens_mti_driver/share/ament_index/resource_index/packages/bluespace_ai_xsens_mti_driver
[1.227s] -- Up-to-date symlink: /home/seastar/steve_summer_seastar_ws/install/bluespace_ai_xsens_mti_driver/share/bluespace_ai_xsens_mti_driver/cmake/bluespace_ai_xsens_mti_driverConfig.cmake
[1.227s] -- Up-to-date symlink: /home/seastar/steve_summer_seastar_ws/install/bluespace_ai_xsens_mti_driver/share/bluespace_ai_xsens_mti_driver/cmake/bluespace_ai_xsens_mti_driverConfig-version.cmake
[1.228s] -- Up-to-date symlink: /home/seastar/steve_summer_seastar_ws/install/bluespace_ai_xsens_mti_driver/share/bluespace_ai_xsens_mti_driver/package.xml
[1.229s] -- Up-to-date: /home/seastar/steve_summer_seastar_ws/install/bluespace_ai_xsens_mti_driver/lib/bluespace_ai_xsens_mti_driver/xsens_mti_node
[1.248s] Invoked command in '/home/seastar/steve_summer_seastar_ws/build/bluespace_ai_xsens_mti_driver' returned '0': CMAKE_PREFIX_PATH=${CMAKE_PREFIX_PATH}:/home/seastar/steve_summer_seastar_ws/install/test_driver:/home/seastar/steve_summer_seastar_ws/install/test_cam:/home/seastar/steve_summer_seastar_ws/install/solar_ephemeris:/home/seastar/steve_summer_seastar_ws/install/pysp:/home/seastar/steve_summer_seastar_ws/install/imufaker:/home/seastar/steve_summer_seastar_ws/install/ik_tools:/home/seastar/steve_summer_seastar_ws/install/ik_solver:/home/seastar/steve_summer_seastar_ws/install/hamburger_helper:/opt/ros/humble /home/seastar/.local/bin/cmake --install /home/seastar/steve_summer_seastar_ws/build/bluespace_ai_xsens_mti_driver
