[1.899s] Invoking command in '/home/seastar/steve_summer_seastar_ws/build/hamburger_helper': PYTHONPATH=/home/seastar/steve_summer_seastar_ws/build/hamburger_helper/prefix_override:/home/seastar/steve_summer_seastar_ws/install/hamburger_helper/lib/python3.10/site-packages:${PYTHONPATH} /usr/bin/python3 setup.py develop --editable --build-directory /home/seastar/steve_summer_seastar_ws/build/hamburger_helper/build --no-deps install_data
[2.540s] running develop
[2.541s] /usr/lib/python3/dist-packages/setuptools/command/easy_install.py:158: EasyInstallDeprecationWarning: easy_install command is deprecated. Use build and pip and other standards-based tools.
[2.541s]   warnings.warn(
[2.544s] /usr/lib/python3/dist-packages/setuptools/command/install.py:34: SetuptoolsDeprecationWarning: setup.py install is deprecated. Use build and pip and other standards-based tools.
[2.544s]   warnings.warn(
[2.693s] /usr/lib/python3/dist-packages/pkg_resources/__init__.py:116: PkgResourcesDeprecationWarning: 1.16.0-unknown is an invalid version and will not be supported in a future release
[2.693s]   warnings.warn(
[2.694s] /usr/lib/python3/dist-packages/pkg_resources/__init__.py:116: PkgResourcesDeprecationWarning: 1.1build1 is an invalid version and will not be supported in a future release
[2.694s]   warnings.warn(
[2.987s] running egg_info
[2.987s] writing hamburger_helper.egg-info/PKG-INFO
[2.987s] writing dependency_links to hamburger_helper.egg-info/dependency_links.txt
[2.988s] writing entry points to hamburger_helper.egg-info/entry_points.txt
[2.988s] writing requirements to hamburger_helper.egg-info/requires.txt
[2.988s] writing top-level names to hamburger_helper.egg-info/top_level.txt
[3.084s] listing git files failed - pretending there aren't any
[3.326s] reading manifest file 'hamburger_helper.egg-info/SOURCES.txt'
[3.328s] writing manifest file 'hamburger_helper.egg-info/SOURCES.txt'
[3.397s] running build_ext
[3.398s] Creating /home/seastar/steve_summer_seastar_ws/install/hamburger_helper/lib/python3.10/site-packages/hamburger-helper.egg-link (link to .)
[3.400s] Installing hamburger_helper script to /home/seastar/steve_summer_seastar_ws/install/hamburger_helper/lib/hamburger_helper
[3.401s] 
[3.402s] Installed /home/seastar/steve_summer_seastar_ws/build/hamburger_helper
[3.402s] running install_data
[3.518s] Invoked command in '/home/seastar/steve_summer_seastar_ws/build/hamburger_helper' returned '0': PYTHONPATH=/home/seastar/steve_summer_seastar_ws/build/hamburger_helper/prefix_override:/home/seastar/steve_summer_seastar_ws/install/hamburger_helper/lib/python3.10/site-packages:${PYTHONPATH} /usr/bin/python3 setup.py develop --editable --build-directory /home/seastar/steve_summer_seastar_ws/build/hamburger_helper/build --no-deps install_data
