[2.263s] Invoking command in '/home/seastar/steve_summer_seastar_ws/build/hamburger_helper': PYTHONPATH=/home/seastar/steve_summer_seastar_ws/build/hamburger_helper/prefix_override:/home/seastar/steve_summer_seastar_ws/install/hamburger_helper/lib/python3.10/site-packages:${PYTHONPATH} /usr/bin/python3 setup.py develop --editable --build-directory /home/seastar/steve_summer_seastar_ws/build/hamburger_helper/build --no-deps install_data
[2.918s] running develop
[2.919s] /usr/lib/python3/dist-packages/setuptools/command/easy_install.py:158: EasyInstallDeprecationWarning: easy_install command is deprecated. Use build and pip and other standards-based tools.
[2.919s]   warnings.warn(
[2.921s] /usr/lib/python3/dist-packages/setuptools/command/install.py:34: SetuptoolsDeprecationWarning: setup.py install is deprecated. Use build and pip and other standards-based tools.
[2.921s]   warnings.warn(
[3.073s] /usr/lib/python3/dist-packages/pkg_resources/__init__.py:116: PkgResourcesDeprecationWarning: 1.16.0-unknown is an invalid version and will not be supported in a future release
[3.074s]   warnings.warn(
[3.074s] /usr/lib/python3/dist-packages/pkg_resources/__init__.py:116: PkgResourcesDeprecationWarning: 1.1build1 is an invalid version and will not be supported in a future release
[3.074s]   warnings.warn(
[3.380s] running egg_info
[3.380s] writing hamburger_helper.egg-info/PKG-INFO
[3.381s] writing dependency_links to hamburger_helper.egg-info/dependency_links.txt
[3.381s] writing entry points to hamburger_helper.egg-info/entry_points.txt
[3.381s] writing requirements to hamburger_helper.egg-info/requires.txt
[3.382s] writing top-level names to hamburger_helper.egg-info/top_level.txt
[3.496s] listing git files failed - pretending there aren't any
[3.732s] reading manifest file 'hamburger_helper.egg-info/SOURCES.txt'
[3.734s] writing manifest file 'hamburger_helper.egg-info/SOURCES.txt'
[3.808s] running build_ext
[3.808s] Creating /home/seastar/steve_summer_seastar_ws/install/hamburger_helper/lib/python3.10/site-packages/hamburger-helper.egg-link (link to .)
[3.809s] Installing hamburger_helper script to /home/seastar/steve_summer_seastar_ws/install/hamburger_helper/lib/hamburger_helper
[3.809s] 
[3.810s] Installed /home/seastar/steve_summer_seastar_ws/build/hamburger_helper
[3.810s] running install_data
[3.900s] Invoked command in '/home/seastar/steve_summer_seastar_ws/build/hamburger_helper' returned '0': PYTHONPATH=/home/seastar/steve_summer_seastar_ws/build/hamburger_helper/prefix_override:/home/seastar/steve_summer_seastar_ws/install/hamburger_helper/lib/python3.10/site-packages:${PYTHONPATH} /usr/bin/python3 setup.py develop --editable --build-directory /home/seastar/steve_summer_seastar_ws/build/hamburger_helper/build --no-deps install_data
