[1.812s] Invoking command in '/home/seastar/steve_summer_seastar_ws/build/ik_tools': PYTHONPATH=/home/seastar/steve_summer_seastar_ws/build/ik_tools/prefix_override:/home/seastar/steve_summer_seastar_ws/install/ik_tools/lib/python3.10/site-packages:${PYTHONPATH} /usr/bin/python3 setup.py develop --editable --build-directory /home/seastar/steve_summer_seastar_ws/build/ik_tools/build --no-deps install_data
[2.655s] running develop
[2.655s] /usr/lib/python3/dist-packages/setuptools/command/easy_install.py:158: EasyInstallDeprecationWarning: easy_install command is deprecated. Use build and pip and other standards-based tools.
[2.655s]   warnings.warn(
[2.664s] /usr/lib/python3/dist-packages/setuptools/command/install.py:34: SetuptoolsDeprecationWarning: setup.py install is deprecated. Use build and pip and other standards-based tools.
[2.664s]   warnings.warn(
[2.847s] /usr/lib/python3/dist-packages/pkg_resources/__init__.py:116: PkgResourcesDeprecationWarning: 1.16.0-unknown is an invalid version and will not be supported in a future release
[2.847s]   warnings.warn(
[2.847s] /usr/lib/python3/dist-packages/pkg_resources/__init__.py:116: PkgResourcesDeprecationWarning: 1.1build1 is an invalid version and will not be supported in a future release
[2.847s]   warnings.warn(
[3.257s] running egg_info
[3.258s] writing ik_tools.egg-info/PKG-INFO
[3.259s] writing dependency_links to ik_tools.egg-info/dependency_links.txt
[3.260s] writing entry points to ik_tools.egg-info/entry_points.txt
[3.262s] writing requirements to ik_tools.egg-info/requires.txt
[3.264s] writing top-level names to ik_tools.egg-info/top_level.txt
[3.384s] listing git files failed - pretending there aren't any
[3.648s] reading manifest file 'ik_tools.egg-info/SOURCES.txt'
[3.650s] writing manifest file 'ik_tools.egg-info/SOURCES.txt'
[3.727s] running build_ext
[3.728s] Creating /home/seastar/steve_summer_seastar_ws/install/ik_tools/lib/python3.10/site-packages/ik-tools.egg-link (link to .)
[3.730s] Installing ik_tools script to /home/seastar/steve_summer_seastar_ws/install/ik_tools/lib/ik_tools
[3.730s] 
[3.731s] Installed /home/seastar/steve_summer_seastar_ws/build/ik_tools
[3.731s] running install_data
[4.050s] Invoked command in '/home/seastar/steve_summer_seastar_ws/build/ik_tools' returned '0': PYTHONPATH=/home/seastar/steve_summer_seastar_ws/build/ik_tools/prefix_override:/home/seastar/steve_summer_seastar_ws/install/ik_tools/lib/python3.10/site-packages:${PYTHONPATH} /usr/bin/python3 setup.py develop --editable --build-directory /home/seastar/steve_summer_seastar_ws/build/ik_tools/build --no-deps install_data
