[0.032s] Invoking command in '/home/seastar/steve_summer_seastar_ws/build/bluespace_ai_xsens_mti_driver': CMAKE_PREFIX_PATH=/opt/ros/humble /home/seastar/.local/bin/cmake --build /home/seastar/steve_summer_seastar_ws/build/bluespace_ai_xsens_mti_driver -- -j4 -l4
[0.785s] [100%] Built target xsens_mti_node
[0.785s] Invoked command in '/home/seastar/steve_summer_seastar_ws/build/bluespace_ai_xsens_mti_driver' returned '0': CMAKE_PREFIX_PATH=/opt/ros/humble /home/seastar/.local/bin/cmake --build /home/seastar/steve_summer_seastar_ws/build/bluespace_ai_xsens_mti_driver -- -j4 -l4
[0.930s] Invoking command in '/home/seastar/steve_summer_seastar_ws/build/bluespace_ai_xsens_mti_driver': CMAKE_PREFIX_PATH=/opt/ros/humble /home/seastar/.local/bin/cmake --install /home/seastar/steve_summer_seastar_ws/build/bluespace_ai_xsens_mti_driver
[0.977s] -- Install configuration: ""
[0.977s] -- Execute custom install script
[0.978s] -- Up-to-date symlink: /home/seastar/steve_summer_seastar_ws/install/bluespace_ai_xsens_mti_driver/share/bluespace_ai_xsens_mti_driver/launch/display.launch.py
[0.978s] -- Up-to-date symlink: /home/seastar/steve_summer_seastar_ws/install/bluespace_ai_xsens_mti_driver/share/bluespace_ai_xsens_mti_driver/launch/xsens_mti_node.launch.py
[0.978s] -- Up-to-date symlink: /home/seastar/steve_summer_seastar_ws/install/bluespace_ai_xsens_mti_driver/share/bluespace_ai_xsens_mti_driver/param/xsens_mti_node.yaml
[0.979s] -- Up-to-date symlink: /home/seastar/steve_summer_seastar_ws/install/bluespace_ai_xsens_mti_driver/share/bluespace_ai_xsens_mti_driver/rviz/display.rviz
[0.979s] -- Up-to-date symlink: /home/seastar/steve_summer_seastar_ws/install/bluespace_ai_xsens_mti_driver/share/bluespace_ai_xsens_mti_driver/urdf/MTi_1.stl
[0.980s] -- Up-to-date symlink: /home/seastar/steve_summer_seastar_ws/install/bluespace_ai_xsens_mti_driver/share/bluespace_ai_xsens_mti_driver/urdf/MTi_1.urdf
[0.980s] -- Up-to-date symlink: /home/seastar/steve_summer_seastar_ws/install/bluespace_ai_xsens_mti_driver/share/bluespace_ai_xsens_mti_driver/urdf/MTi_10.stl
[0.980s] -- Up-to-date symlink: /home/seastar/steve_summer_seastar_ws/install/bluespace_ai_xsens_mti_driver/share/bluespace_ai_xsens_mti_driver/urdf/MTi_10.urdf
[0.980s] -- Up-to-date symlink: /home/seastar/steve_summer_seastar_ws/install/bluespace_ai_xsens_mti_driver/share/bluespace_ai_xsens_mti_driver/urdf/MTi_6xx.stl
[0.980s] -- Up-to-date symlink: /home/seastar/steve_summer_seastar_ws/install/bluespace_ai_xsens_mti_driver/share/bluespace_ai_xsens_mti_driver/urdf/MTi_6xx.urdf
[0.981s] -- Up-to-date symlink: /home/seastar/steve_summer_seastar_ws/install/bluespace_ai_xsens_mti_driver/share/ament_index/resource_index/package_run_dependencies/bluespace_ai_xsens_mti_driver
[0.981s] -- Up-to-date symlink: /home/seastar/steve_summer_seastar_ws/install/bluespace_ai_xsens_mti_driver/share/ament_index/resource_index/parent_prefix_path/bluespace_ai_xsens_mti_driver
[0.981s] -- Up-to-date symlink: /home/seastar/steve_summer_seastar_ws/install/bluespace_ai_xsens_mti_driver/share/bluespace_ai_xsens_mti_driver/environment/ament_prefix_path.sh
[0.982s] -- Up-to-date symlink: /home/seastar/steve_summer_seastar_ws/install/bluespace_ai_xsens_mti_driver/share/bluespace_ai_xsens_mti_driver/environment/ament_prefix_path.dsv
[0.982s] -- Up-to-date symlink: /home/seastar/steve_summer_seastar_ws/install/bluespace_ai_xsens_mti_driver/share/bluespace_ai_xsens_mti_driver/environment/path.sh
[0.982s] -- Up-to-date symlink: /home/seastar/steve_summer_seastar_ws/install/bluespace_ai_xsens_mti_driver/share/bluespace_ai_xsens_mti_driver/environment/path.dsv
[0.982s] -- Up-to-date symlink: /home/seastar/steve_summer_seastar_ws/install/bluespace_ai_xsens_mti_driver/share/bluespace_ai_xsens_mti_driver/local_setup.bash
[0.983s] -- Up-to-date symlink: /home/seastar/steve_summer_seastar_ws/install/bluespace_ai_xsens_mti_driver/share/bluespace_ai_xsens_mti_driver/local_setup.sh
[0.983s] -- Up-to-date symlink: /home/seastar/steve_summer_seastar_ws/install/bluespace_ai_xsens_mti_driver/share/bluespace_ai_xsens_mti_driver/local_setup.zsh
[0.983s] -- Up-to-date symlink: /home/seastar/steve_summer_seastar_ws/install/bluespace_ai_xsens_mti_driver/share/bluespace_ai_xsens_mti_driver/local_setup.dsv
[0.984s] -- Symlinking: /home/seastar/steve_summer_seastar_ws/install/bluespace_ai_xsens_mti_driver/share/bluespace_ai_xsens_mti_driver/package.dsv
[0.988s] -- Up-to-date symlink: /home/seastar/steve_summer_seastar_ws/install/bluespace_ai_xsens_mti_driver/share/ament_index/resource_index/packages/bluespace_ai_xsens_mti_driver
[0.989s] -- Up-to-date symlink: /home/seastar/steve_summer_seastar_ws/install/bluespace_ai_xsens_mti_driver/share/bluespace_ai_xsens_mti_driver/cmake/bluespace_ai_xsens_mti_driverConfig.cmake
[0.989s] -- Up-to-date symlink: /home/seastar/steve_summer_seastar_ws/install/bluespace_ai_xsens_mti_driver/share/bluespace_ai_xsens_mti_driver/cmake/bluespace_ai_xsens_mti_driverConfig-version.cmake
[0.989s] -- Up-to-date symlink: /home/seastar/steve_summer_seastar_ws/install/bluespace_ai_xsens_mti_driver/share/bluespace_ai_xsens_mti_driver/package.xml
[0.989s] -- Up-to-date: /home/seastar/steve_summer_seastar_ws/install/bluespace_ai_xsens_mti_driver/lib/bluespace_ai_xsens_mti_driver/xsens_mti_node
[1.009s] Invoked command in '/home/seastar/steve_summer_seastar_ws/build/bluespace_ai_xsens_mti_driver' returned '0': CMAKE_PREFIX_PATH=/opt/ros/humble /home/seastar/.local/bin/cmake --install /home/seastar/steve_summer_seastar_ws/build/bluespace_ai_xsens_mti_driver
