Fatal Python error: init_import_site: Failed to import the site module
Python runtime state: initialized
Traceback (most recent call last):
  File "/usr/lib/python3.10/site.py", line 636, in <module>
    main()
  File "/usr/lib/python3.10/site.py", line 623, in main
    known_paths = addsitepackages(known_paths)
  File "/usr/lib/python3.10/site.py", line 406, in addsitepackages
    addsitedir(sitedir, known_paths)
  File "/usr/lib/python3.10/site.py", line 232, in addsitedir
    addpackage(sitedir, name, known_paths)
  File "/usr/lib/python3.10/site.py", line 192, in addpackage
    exec(line)
  File "<string>", line 1, in <module>
  File "/usr/lib/python3.10/importlib/util.py", line 14, in <module>
    from contextlib import contextmanager
  File "/usr/lib/python3.10/contextlib.py", line 5, in <module>
    from collections import deque
  File "/usr/lib/python3.10/collections/__init__.py", line 36, in <module>
    from operator import eq as _eq
  File "/usr/lib/python3.10/operator.py", line 226, in <module>
    class attrgetter:
  File "/usr/lib/python3.10/operator.py", line 226, in attrgetter
    class attrgetter:
KeyboardInterrupt
