[2.227s] Invoking command in '/home/seastar/steve_summer_seastar_ws/build/hamburger_helper': PYTHONPATH=/home/seastar/steve_summer_seastar_ws/build/hamburger_helper/prefix_override:/home/seastar/steve_summer_seastar_ws/install/hamburger_helper/lib/python3.10/site-packages:${PYTHONPATH} /usr/bin/python3 setup.py develop --editable --build-directory /home/seastar/steve_summer_seastar_ws/build/hamburger_helper/build --no-deps install_data
[2.864s] running develop
[2.865s] /usr/lib/python3/dist-packages/setuptools/command/easy_install.py:158: EasyInstallDeprecationWarning: easy_install command is deprecated. Use build and pip and other standards-based tools.
[2.865s]   warnings.warn(
[2.869s] /usr/lib/python3/dist-packages/setuptools/command/install.py:34: SetuptoolsDeprecationWarning: setup.py install is deprecated. Use build and pip and other standards-based tools.
[2.869s]   warnings.warn(
[3.029s] /usr/lib/python3/dist-packages/pkg_resources/__init__.py:116: PkgResourcesDeprecationWarning: 1.16.0-unknown is an invalid version and will not be supported in a future release
[3.030s]   warnings.warn(
[3.030s] /usr/lib/python3/dist-packages/pkg_resources/__init__.py:116: PkgResourcesDeprecationWarning: 1.1build1 is an invalid version and will not be supported in a future release
[3.031s]   warnings.warn(
[3.416s] running egg_info
[3.417s] writing hamburger_helper.egg-info/PKG-INFO
[3.418s] writing dependency_links to hamburger_helper.egg-info/dependency_links.txt
[3.418s] writing entry points to hamburger_helper.egg-info/entry_points.txt
[3.419s] writing requirements to hamburger_helper.egg-info/requires.txt
[3.419s] writing top-level names to hamburger_helper.egg-info/top_level.txt
[3.522s] listing git files failed - pretending there aren't any
[3.837s] reading manifest file 'hamburger_helper.egg-info/SOURCES.txt'
[3.840s] writing manifest file 'hamburger_helper.egg-info/SOURCES.txt'
[3.962s] running build_ext
[3.962s] Creating /home/seastar/steve_summer_seastar_ws/install/hamburger_helper/lib/python3.10/site-packages/hamburger-helper.egg-link (link to .)
[3.964s] Installing hamburger_helper script to /home/seastar/steve_summer_seastar_ws/install/hamburger_helper/lib/hamburger_helper
[3.965s] 
[3.965s] Installed /home/seastar/steve_summer_seastar_ws/build/hamburger_helper
[3.965s] running install_data
[4.089s] Invoked command in '/home/seastar/steve_summer_seastar_ws/build/hamburger_helper' returned '0': PYTHONPATH=/home/seastar/steve_summer_seastar_ws/build/hamburger_helper/prefix_override:/home/seastar/steve_summer_seastar_ws/install/hamburger_helper/lib/python3.10/site-packages:${PYTHONPATH} /usr/bin/python3 setup.py develop --editable --build-directory /home/seastar/steve_summer_seastar_ws/build/hamburger_helper/build --no-deps install_data
