[2.802s] Invoking command in '/home/seastar/steve_summer_seastar_ws/build/hamburger_helper': PYTHONPATH=/home/seastar/steve_summer_seastar_ws/build/hamburger_helper/prefix_override:/home/seastar/steve_summer_seastar_ws/install/hamburger_helper/lib/python3.10/site-packages:${PYTHONPATH} /usr/bin/python3 setup.py develop --editable --build-directory /home/seastar/steve_summer_seastar_ws/build/hamburger_helper/build --no-deps install_data
[3.563s] running develop
[3.564s] /usr/lib/python3/dist-packages/setuptools/command/easy_install.py:158: EasyInstallDeprecationWarning: easy_install command is deprecated. Use build and pip and other standards-based tools.
[3.564s]   warnings.warn(
[3.567s] /usr/lib/python3/dist-packages/setuptools/command/install.py:34: SetuptoolsDeprecationWarning: setup.py install is deprecated. Use build and pip and other standards-based tools.
[3.567s]   warnings.warn(
[3.776s] /usr/lib/python3/dist-packages/pkg_resources/__init__.py:116: PkgResourcesDeprecationWarning: 1.16.0-unknown is an invalid version and will not be supported in a future release
[3.776s]   warnings.warn(
[3.777s] /usr/lib/python3/dist-packages/pkg_resources/__init__.py:116: PkgResourcesDeprecationWarning: 1.1build1 is an invalid version and will not be supported in a future release
[3.777s]   warnings.warn(
[4.159s] running egg_info
[4.160s] writing hamburger_helper.egg-info/PKG-INFO
[4.160s] writing dependency_links to hamburger_helper.egg-info/dependency_links.txt
[4.161s] writing entry points to hamburger_helper.egg-info/entry_points.txt
[4.161s] writing requirements to hamburger_helper.egg-info/requires.txt
[4.161s] writing top-level names to hamburger_helper.egg-info/top_level.txt
[4.305s] listing git files failed - pretending there aren't any
[4.617s] reading manifest file 'hamburger_helper.egg-info/SOURCES.txt'
[4.618s] writing manifest file 'hamburger_helper.egg-info/SOURCES.txt'
[4.762s] running build_ext
[4.763s] Creating /home/seastar/steve_summer_seastar_ws/install/hamburger_helper/lib/python3.10/site-packages/hamburger-helper.egg-link (link to .)
[4.766s] Installing hamburger_helper script to /home/seastar/steve_summer_seastar_ws/install/hamburger_helper/lib/hamburger_helper
[4.767s] 
[4.768s] Installed /home/seastar/steve_summer_seastar_ws/build/hamburger_helper
[4.768s] running install_data
[4.949s] Invoked command in '/home/seastar/steve_summer_seastar_ws/build/hamburger_helper' returned '0': PYTHONPATH=/home/seastar/steve_summer_seastar_ws/build/hamburger_helper/prefix_override:/home/seastar/steve_summer_seastar_ws/install/hamburger_helper/lib/python3.10/site-packages:${PYTHONPATH} /usr/bin/python3 setup.py develop --editable --build-directory /home/seastar/steve_summer_seastar_ws/build/hamburger_helper/build --no-deps install_data
