[2.710s] Invoking command in '/home/seastar/steve_summer_seastar_ws/build/ik_tools': PYTHONPATH=/home/seastar/steve_summer_seastar_ws/build/ik_tools/prefix_override:/home/seastar/steve_summer_seastar_ws/install/ik_tools/lib/python3.10/site-packages:${PYTHONPATH} /usr/bin/python3 setup.py develop --editable --build-directory /home/seastar/steve_summer_seastar_ws/build/ik_tools/build --no-deps install_data
[3.860s] running develop
[3.861s] /usr/lib/python3/dist-packages/setuptools/command/easy_install.py:158: EasyInstallDeprecationWarning: easy_install command is deprecated. Use build and pip and other standards-based tools.
[3.861s]   warnings.warn(
[3.873s] /usr/lib/python3/dist-packages/setuptools/command/install.py:34: SetuptoolsDeprecationWarning: setup.py install is deprecated. Use build and pip and other standards-based tools.
[3.873s]   warnings.warn(
[4.085s] /usr/lib/python3/dist-packages/pkg_resources/__init__.py:116: PkgResourcesDeprecationWarning: 1.16.0-unknown is an invalid version and will not be supported in a future release
[4.085s]   warnings.warn(
[4.085s] /usr/lib/python3/dist-packages/pkg_resources/__init__.py:116: PkgResourcesDeprecationWarning: 1.1build1 is an invalid version and will not be supported in a future release
[4.085s]   warnings.warn(
[4.085s] /usr/lib/python3/dist-packages/pkg_resources/__init__.py:116: PkgResourcesDeprecationWarning: 0.1.43ubuntu1 is an invalid version and will not be supported in a future release
[4.085s]   warnings.warn(
[4.678s] running egg_info
[4.679s] writing ik_tools.egg-info/PKG-INFO
[4.679s] writing dependency_links to ik_tools.egg-info/dependency_links.txt
[4.679s] writing entry points to ik_tools.egg-info/entry_points.txt
[4.680s] writing requirements to ik_tools.egg-info/requires.txt
[4.680s] writing top-level names to ik_tools.egg-info/top_level.txt
[4.827s] listing git files failed - pretending there aren't any
[5.441s] reading manifest file 'ik_tools.egg-info/SOURCES.txt'
[5.443s] writing manifest file 'ik_tools.egg-info/SOURCES.txt'
[5.564s] running build_ext
[5.565s] Creating /home/seastar/steve_summer_seastar_ws/install/ik_tools/lib/python3.10/site-packages/ik-tools.egg-link (link to .)
[5.566s] Installing ik_tools script to /home/seastar/steve_summer_seastar_ws/install/ik_tools/lib/ik_tools
[5.567s] 
[5.567s] Installed /home/seastar/steve_summer_seastar_ws/build/ik_tools
[5.567s] running install_data
[5.954s] Invoked command in '/home/seastar/steve_summer_seastar_ws/build/ik_tools' returned '0': PYTHONPATH=/home/seastar/steve_summer_seastar_ws/build/ik_tools/prefix_override:/home/seastar/steve_summer_seastar_ws/install/ik_tools/lib/python3.10/site-packages:${PYTHONPATH} /usr/bin/python3 setup.py develop --editable --build-directory /home/seastar/steve_summer_seastar_ws/build/ik_tools/build --no-deps install_data
