[0.927s] Invoking command in '/home/seastar/steve_summer_seastar_ws/build/motor_manager': CMAKE_PREFIX_PATH=${CMAKE_PREFIX_PATH}:/home/seastar/steve_summer_seastar_ws/install/test_driver:/home/seastar/steve_summer_seastar_ws/install/test_cam:/home/seastar/steve_summer_seastar_ws/install/solar_ephemeris:/home/seastar/steve_summer_seastar_ws/install/pysp:/home/seastar/steve_summer_seastar_ws/install/imufaker:/home/seastar/steve_summer_seastar_ws/install/ik_tools:/home/seastar/steve_summer_seastar_ws/install/ik_solver:/home/seastar/steve_summer_seastar_ws/install/hamburger_helper:/opt/ros/humble /home/seastar/.local/bin/cmake --build /home/seastar/steve_summer_seastar_ws/build/motor_manager -- -j4 -l4
[1.101s] [100%] Built target motor_controller
[2.150s] Invoked command in '/home/seastar/steve_summer_seastar_ws/build/motor_manager' returned '0': CMAKE_PREFIX_PATH=${CMAKE_PREFIX_PATH}:/home/seastar/steve_summer_seastar_ws/install/test_driver:/home/seastar/steve_summer_seastar_ws/install/test_cam:/home/seastar/steve_summer_seastar_ws/install/solar_ephemeris:/home/seastar/steve_summer_seastar_ws/install/pysp:/home/seastar/steve_summer_seastar_ws/install/imufaker:/home/seastar/steve_summer_seastar_ws/install/ik_tools:/home/seastar/steve_summer_seastar_ws/install/ik_solver:/home/seastar/steve_summer_seastar_ws/install/hamburger_helper:/opt/ros/humble /home/seastar/.local/bin/cmake --build /home/seastar/steve_summer_seastar_ws/build/motor_manager -- -j4 -l4
[2.369s] Invoking command in '/home/seastar/steve_summer_seastar_ws/build/motor_manager': CMAKE_PREFIX_PATH=${CMAKE_PREFIX_PATH}:/home/seastar/steve_summer_seastar_ws/install/test_driver:/home/seastar/steve_summer_seastar_ws/install/test_cam:/home/seastar/steve_summer_seastar_ws/install/solar_ephemeris:/home/seastar/steve_summer_seastar_ws/install/pysp:/home/seastar/steve_summer_seastar_ws/install/imufaker:/home/seastar/steve_summer_seastar_ws/install/ik_tools:/home/seastar/steve_summer_seastar_ws/install/ik_solver:/home/seastar/steve_summer_seastar_ws/install/hamburger_helper:/opt/ros/humble /home/seastar/.local/bin/cmake --install /home/seastar/steve_summer_seastar_ws/build/motor_manager
[2.436s] -- Install configuration: ""
[2.438s] -- Execute custom install script
[2.439s] -- Up-to-date symlink: /home/seastar/steve_summer_seastar_ws/install/motor_manager/share/ament_index/resource_index/package_run_dependencies/motor_manager
[2.440s] -- Up-to-date symlink: /home/seastar/steve_summer_seastar_ws/install/motor_manager/share/ament_index/resource_index/parent_prefix_path/motor_manager
[2.441s] -- Up-to-date symlink: /home/seastar/steve_summer_seastar_ws/install/motor_manager/share/motor_manager/environment/ament_prefix_path.sh
[2.442s] -- Up-to-date symlink: /home/seastar/steve_summer_seastar_ws/install/motor_manager/share/motor_manager/environment/ament_prefix_path.dsv
[2.443s] -- Up-to-date symlink: /home/seastar/steve_summer_seastar_ws/install/motor_manager/share/motor_manager/environment/path.sh
[2.465s] -- Up-to-date symlink: /home/seastar/steve_summer_seastar_ws/install/motor_manager/share/motor_manager/environment/path.dsv
[2.466s] -- Up-to-date symlink: /home/seastar/steve_summer_seastar_ws/install/motor_manager/share/motor_manager/local_setup.bash
[2.470s] -- Up-to-date symlink: /home/seastar/steve_summer_seastar_ws/install/motor_manager/share/motor_manager/local_setup.sh
[2.471s] -- Up-to-date symlink: /home/seastar/steve_summer_seastar_ws/install/motor_manager/share/motor_manager/local_setup.zsh
[2.471s] -- Up-to-date symlink: /home/seastar/steve_summer_seastar_ws/install/motor_manager/share/motor_manager/local_setup.dsv
[2.471s] -- Symlinking: /home/seastar/steve_summer_seastar_ws/install/motor_manager/share/motor_manager/package.dsv
[2.500s] -- Up-to-date symlink: /home/seastar/steve_summer_seastar_ws/install/motor_manager/share/ament_index/resource_index/packages/motor_manager
[2.500s] -- Up-to-date symlink: /home/seastar/steve_summer_seastar_ws/install/motor_manager/share/motor_manager/cmake/motor_managerConfig.cmake
[2.500s] -- Up-to-date symlink: /home/seastar/steve_summer_seastar_ws/install/motor_manager/share/motor_manager/cmake/motor_managerConfig-version.cmake
[2.500s] -- Up-to-date symlink: /home/seastar/steve_summer_seastar_ws/install/motor_manager/share/motor_manager/package.xml
[2.501s] -- Up-to-date: /home/seastar/steve_summer_seastar_ws/install/motor_manager/lib/motor_manager/motor_controller
[2.521s] Invoked command in '/home/seastar/steve_summer_seastar_ws/build/motor_manager' returned '0': CMAKE_PREFIX_PATH=${CMAKE_PREFIX_PATH}:/home/seastar/steve_summer_seastar_ws/install/test_driver:/home/seastar/steve_summer_seastar_ws/install/test_cam:/home/seastar/steve_summer_seastar_ws/install/solar_ephemeris:/home/seastar/steve_summer_seastar_ws/install/pysp:/home/seastar/steve_summer_seastar_ws/install/imufaker:/home/seastar/steve_summer_seastar_ws/install/ik_tools:/home/seastar/steve_summer_seastar_ws/install/ik_solver:/home/seastar/steve_summer_seastar_ws/install/hamburger_helper:/opt/ros/humble /home/seastar/.local/bin/cmake --install /home/seastar/steve_summer_seastar_ws/build/motor_manager
