[2.902s] Invoking command in '/home/seastar/steve_summer_seastar_ws/build/hamburger_helper': PYTHONPATH=/home/seastar/steve_summer_seastar_ws/build/hamburger_helper/prefix_override:/home/seastar/steve_summer_seastar_ws/install/hamburger_helper/lib/python3.10/site-packages:${PYTHONPATH} /usr/bin/python3 setup.py develop --editable --build-directory /home/seastar/steve_summer_seastar_ws/build/hamburger_helper/build --no-deps install_data
[3.979s] running develop
[3.979s] /usr/lib/python3/dist-packages/setuptools/command/easy_install.py:158: EasyInstallDeprecationWarning: easy_install command is deprecated. Use build and pip and other standards-based tools.
[3.979s]   warnings.warn(
[3.981s] /usr/lib/python3/dist-packages/setuptools/command/install.py:34: SetuptoolsDeprecationWarning: setup.py install is deprecated. Use build and pip and other standards-based tools.
[3.982s]   warnings.warn(
[4.308s] /usr/lib/python3/dist-packages/pkg_resources/__init__.py:116: PkgResourcesDeprecationWarning: 1.16.0-unknown is an invalid version and will not be supported in a future release
[4.308s]   warnings.warn(
[4.309s] /usr/lib/python3/dist-packages/pkg_resources/__init__.py:116: PkgResourcesDeprecationWarning: 1.1build1 is an invalid version and will not be supported in a future release
[4.309s]   warnings.warn(
[4.309s] /usr/lib/python3/dist-packages/pkg_resources/__init__.py:116: PkgResourcesDeprecationWarning: 0.1.43ubuntu1 is an invalid version and will not be supported in a future release
[4.309s]   warnings.warn(
[4.760s] running egg_info
[4.760s] writing hamburger_helper.egg-info/PKG-INFO
[4.761s] writing dependency_links to hamburger_helper.egg-info/dependency_links.txt
[4.761s] writing entry points to hamburger_helper.egg-info/entry_points.txt
[4.762s] writing requirements to hamburger_helper.egg-info/requires.txt
[4.762s] writing top-level names to hamburger_helper.egg-info/top_level.txt
[4.920s] listing git files failed - pretending there aren't any
[5.227s] reading manifest file 'hamburger_helper.egg-info/SOURCES.txt'
[5.228s] writing manifest file 'hamburger_helper.egg-info/SOURCES.txt'
[5.304s] running build_ext
[5.306s] Creating /home/seastar/steve_summer_seastar_ws/install/hamburger_helper/lib/python3.10/site-packages/hamburger-helper.egg-link (link to .)
[5.308s] Installing hamburger_helper script to /home/seastar/steve_summer_seastar_ws/install/hamburger_helper/lib/hamburger_helper
[5.308s] 
[5.308s] Installed /home/seastar/steve_summer_seastar_ws/build/hamburger_helper
[5.309s] running install_data
[5.447s] Invoked command in '/home/seastar/steve_summer_seastar_ws/build/hamburger_helper' returned '0': PYTHONPATH=/home/seastar/steve_summer_seastar_ws/build/hamburger_helper/prefix_override:/home/seastar/steve_summer_seastar_ws/install/hamburger_helper/lib/python3.10/site-packages:${PYTHONPATH} /usr/bin/python3 setup.py develop --editable --build-directory /home/seastar/steve_summer_seastar_ws/build/hamburger_helper/build --no-deps install_data
