[3.861s] Invoking command in '/home/seastar/steve_summer_seastar_ws/build/hamburger_helper': PYTHONPATH=/home/seastar/steve_summer_seastar_ws/build/hamburger_helper/prefix_override:/home/seastar/steve_summer_seastar_ws/install/hamburger_helper/lib/python3.10/site-packages:${PYTHONPATH} /usr/bin/python3 setup.py develop --editable --build-directory /home/seastar/steve_summer_seastar_ws/build/hamburger_helper/build --no-deps install_data
[5.029s] running develop
[5.029s] /usr/lib/python3/dist-packages/setuptools/command/easy_install.py:158: EasyInstallDeprecationWarning: easy_install command is deprecated. Use build and pip and other standards-based tools.
[5.030s]   warnings.warn(
[5.039s] /usr/lib/python3/dist-packages/setuptools/command/install.py:34: SetuptoolsDeprecationWarning: setup.py install is deprecated. Use build and pip and other standards-based tools.
[5.039s]   warnings.warn(
[5.446s] /usr/lib/python3/dist-packages/pkg_resources/__init__.py:116: PkgResourcesDeprecationWarning: 1.16.0-unknown is an invalid version and will not be supported in a future release
[5.447s]   warnings.warn(
[5.447s] /usr/lib/python3/dist-packages/pkg_resources/__init__.py:116: PkgResourcesDeprecationWarning: 1.1build1 is an invalid version and will not be supported in a future release
[5.447s]   warnings.warn(
[5.460s] /usr/lib/python3/dist-packages/pkg_resources/__init__.py:116: PkgResourcesDeprecationWarning: 0.1.43ubuntu1 is an invalid version and will not be supported in a future release
[5.460s]   warnings.warn(
[6.228s] running egg_info
[6.228s] writing hamburger_helper.egg-info/PKG-INFO
[6.229s] writing dependency_links to hamburger_helper.egg-info/dependency_links.txt
[6.229s] writing entry points to hamburger_helper.egg-info/entry_points.txt
[6.230s] writing requirements to hamburger_helper.egg-info/requires.txt
[6.230s] writing top-level names to hamburger_helper.egg-info/top_level.txt
[6.345s] listing git files failed - pretending there aren't any
[6.666s] reading manifest file 'hamburger_helper.egg-info/SOURCES.txt'
[6.667s] writing manifest file 'hamburger_helper.egg-info/SOURCES.txt'
[6.737s] running build_ext
[6.738s] Creating /home/seastar/steve_summer_seastar_ws/install/hamburger_helper/lib/python3.10/site-packages/hamburger-helper.egg-link (link to .)
[6.739s] Installing hamburger_helper script to /home/seastar/steve_summer_seastar_ws/install/hamburger_helper/lib/hamburger_helper
[6.740s] 
[6.740s] Installed /home/seastar/steve_summer_seastar_ws/build/hamburger_helper
[6.740s] running install_data
[7.344s] Invoked command in '/home/seastar/steve_summer_seastar_ws/build/hamburger_helper' returned '0': PYTHONPATH=/home/seastar/steve_summer_seastar_ws/build/hamburger_helper/prefix_override:/home/seastar/steve_summer_seastar_ws/install/hamburger_helper/lib/python3.10/site-packages:${PYTHONPATH} /usr/bin/python3 setup.py develop --editable --build-directory /home/seastar/steve_summer_seastar_ws/build/hamburger_helper/build --no-deps install_data
