[2.077s] Invoking command in '/home/seastar/steve_summer_seastar_ws/build/hamburger_helper': PYTHONPATH=/home/seastar/steve_summer_seastar_ws/build/hamburger_helper/prefix_override:/home/seastar/steve_summer_seastar_ws/install/hamburger_helper/lib/python3.10/site-packages:${PYTHONPATH} /usr/bin/python3 setup.py develop --editable --build-directory /home/seastar/steve_summer_seastar_ws/build/hamburger_helper/build --no-deps install_data
[2.755s] running develop
[2.756s] /usr/lib/python3/dist-packages/setuptools/command/easy_install.py:158: EasyInstallDeprecationWarning: easy_install command is deprecated. Use build and pip and other standards-based tools.
[2.756s]   warnings.warn(
[2.758s] /usr/lib/python3/dist-packages/setuptools/command/install.py:34: SetuptoolsDeprecationWarning: setup.py install is deprecated. Use build and pip and other standards-based tools.
[2.759s]   warnings.warn(
[2.938s] /usr/lib/python3/dist-packages/pkg_resources/__init__.py:116: PkgResourcesDeprecationWarning: 1.16.0-unknown is an invalid version and will not be supported in a future release
[2.938s]   warnings.warn(
[2.938s] /usr/lib/python3/dist-packages/pkg_resources/__init__.py:116: PkgResourcesDeprecationWarning: 1.1build1 is an invalid version and will not be supported in a future release
[2.938s]   warnings.warn(
[3.282s] running egg_info
[3.282s] writing hamburger_helper.egg-info/PKG-INFO
[3.282s] writing dependency_links to hamburger_helper.egg-info/dependency_links.txt
[3.282s] writing entry points to hamburger_helper.egg-info/entry_points.txt
[3.282s] writing requirements to hamburger_helper.egg-info/requires.txt
[3.282s] writing top-level names to hamburger_helper.egg-info/top_level.txt
[3.400s] listing git files failed - pretending there aren't any
[3.642s] reading manifest file 'hamburger_helper.egg-info/SOURCES.txt'
[3.643s] writing manifest file 'hamburger_helper.egg-info/SOURCES.txt'
[3.720s] running build_ext
[3.721s] Creating /home/seastar/steve_summer_seastar_ws/install/hamburger_helper/lib/python3.10/site-packages/hamburger-helper.egg-link (link to .)
[3.722s] Installing hamburger_helper script to /home/seastar/steve_summer_seastar_ws/install/hamburger_helper/lib/hamburger_helper
[3.723s] 
[3.723s] Installed /home/seastar/steve_summer_seastar_ws/build/hamburger_helper
[3.723s] running install_data
[3.861s] Invoked command in '/home/seastar/steve_summer_seastar_ws/build/hamburger_helper' returned '0': PYTHONPATH=/home/seastar/steve_summer_seastar_ws/build/hamburger_helper/prefix_override:/home/seastar/steve_summer_seastar_ws/install/hamburger_helper/lib/python3.10/site-packages:${PYTHONPATH} /usr/bin/python3 setup.py develop --editable --build-directory /home/seastar/steve_summer_seastar_ws/build/hamburger_helper/build --no-deps install_data
