running develop
/usr/lib/python3/dist-packages/setuptools/command/easy_install.py:158: EasyInstallDeprecationWarning: easy_install command is deprecated. Use build and pip and other standards-based tools.
  warnings.warn(
/usr/lib/python3/dist-packages/setuptools/command/install.py:34: SetuptoolsDeprecationWarning: setup.py install is deprecated. Use build and pip and other standards-based tools.
  warnings.warn(
/usr/lib/python3/dist-packages/pkg_resources/__init__.py:116: PkgResourcesDeprecationWarning: 1.16.0-unknown is an invalid version and will not be supported in a future release
  warnings.warn(
/usr/lib/python3/dist-packages/pkg_resources/__init__.py:116: PkgResourcesDeprecationWarning: 1.1build1 is an invalid version and will not be supported in a future release
  warnings.warn(
running egg_info
writing imufaker.egg-info/PKG-INFO
writing dependency_links to imufaker.egg-info/dependency_links.txt
writing entry points to imufaker.egg-info/entry_points.txt
writing requirements to imufaker.egg-info/requires.txt
writing top-level names to imufaker.egg-info/top_level.txt
listing git files failed - pretending there aren't any
reading manifest file 'imufaker.egg-info/SOURCES.txt'
writing manifest file 'imufaker.egg-info/SOURCES.txt'
running build_ext
Creating /home/seastar/steve_summer_seastar_ws/install/imufaker/lib/python3.10/site-packages/imufaker.egg-link (link to .)
Installing imufaker script to /home/seastar/steve_summer_seastar_ws/install/imufaker/lib/imufaker

Installed /home/seastar/steve_summer_seastar_ws/build/imufaker
running install_data
