[1.773s] Invoking command in '/home/seastar/steve_summer_seastar_ws/build/hamburger_helper': PYTHONPATH=/home/seastar/steve_summer_seastar_ws/build/hamburger_helper/prefix_override:/home/seastar/steve_summer_seastar_ws/install/hamburger_helper/lib/python3.10/site-packages:${PYTHONPATH} /usr/bin/python3 setup.py develop --editable --build-directory /home/seastar/steve_summer_seastar_ws/build/hamburger_helper/build --no-deps install_data
[2.391s] running develop
[2.392s] /usr/lib/python3/dist-packages/setuptools/command/easy_install.py:158: EasyInstallDeprecationWarning: easy_install command is deprecated. Use build and pip and other standards-based tools.
[2.392s]   warnings.warn(
[2.395s] /usr/lib/python3/dist-packages/setuptools/command/install.py:34: SetuptoolsDeprecationWarning: setup.py install is deprecated. Use build and pip and other standards-based tools.
[2.395s]   warnings.warn(
[2.560s] /usr/lib/python3/dist-packages/pkg_resources/__init__.py:116: PkgResourcesDeprecationWarning: 1.16.0-unknown is an invalid version and will not be supported in a future release
[2.561s]   warnings.warn(
[2.561s] /usr/lib/python3/dist-packages/pkg_resources/__init__.py:116: PkgResourcesDeprecationWarning: 1.1build1 is an invalid version and will not be supported in a future release
[2.561s]   warnings.warn(
[2.869s] running egg_info
[2.869s] writing hamburger_helper.egg-info/PKG-INFO
[2.870s] writing dependency_links to hamburger_helper.egg-info/dependency_links.txt
[2.870s] writing entry points to hamburger_helper.egg-info/entry_points.txt
[2.870s] writing requirements to hamburger_helper.egg-info/requires.txt
[2.870s] writing top-level names to hamburger_helper.egg-info/top_level.txt
[2.979s] listing git files failed - pretending there aren't any
[3.211s] reading manifest file 'hamburger_helper.egg-info/SOURCES.txt'
[3.213s] writing manifest file 'hamburger_helper.egg-info/SOURCES.txt'
[3.286s] running build_ext
[3.286s] Creating /home/seastar/steve_summer_seastar_ws/install/hamburger_helper/lib/python3.10/site-packages/hamburger-helper.egg-link (link to .)
[3.288s] Installing hamburger_helper script to /home/seastar/steve_summer_seastar_ws/install/hamburger_helper/lib/hamburger_helper
[3.289s] 
[3.289s] Installed /home/seastar/steve_summer_seastar_ws/build/hamburger_helper
[3.289s] running install_data
[3.406s] Invoked command in '/home/seastar/steve_summer_seastar_ws/build/hamburger_helper' returned '0': PYTHONPATH=/home/seastar/steve_summer_seastar_ws/build/hamburger_helper/prefix_override:/home/seastar/steve_summer_seastar_ws/install/hamburger_helper/lib/python3.10/site-packages:${PYTHONPATH} /usr/bin/python3 setup.py develop --editable --build-directory /home/seastar/steve_summer_seastar_ws/build/hamburger_helper/build --no-deps install_data
