[0.060s] Invoking command in '/home/seastar/steve_summer_seastar_ws/build/bluespace_ai_xsens_mti_driver': CMAKE_PREFIX_PATH=${CMAKE_PREFIX_PATH}:/home/seastar/steve_summer_seastar_ws/install/test_cam:/home/seastar/steve_summer_seastar_ws/install/solar_ephemeris:/home/seastar/steve_summer_seastar_ws/install/pysp:/home/seastar/steve_summer_seastar_ws/install/imufaker:/home/seastar/steve_summer_seastar_ws/install/ik_tools:/home/seastar/steve_summer_seastar_ws/install/ik_solver:/home/seastar/steve_summer_seastar_ws/install/hamburger_helper:/opt/ros/humble /home/seastar/.local/bin/cmake --build /home/seastar/steve_summer_seastar_ws/build/bluespace_ai_xsens_mti_driver -- -j4 -l4
[0.747s] [100%] Built target xsens_mti_node
[1.311s] Invoked command in '/home/seastar/steve_summer_seastar_ws/build/bluespace_ai_xsens_mti_driver' returned '0': CMAKE_PREFIX_PATH=${CMAKE_PREFIX_PATH}:/home/seastar/steve_summer_seastar_ws/install/test_cam:/home/seastar/steve_summer_seastar_ws/install/solar_ephemeris:/home/seastar/steve_summer_seastar_ws/install/pysp:/home/seastar/steve_summer_seastar_ws/install/imufaker:/home/seastar/steve_summer_seastar_ws/install/ik_tools:/home/seastar/steve_summer_seastar_ws/install/ik_solver:/home/seastar/steve_summer_seastar_ws/install/hamburger_helper:/opt/ros/humble /home/seastar/.local/bin/cmake --build /home/seastar/steve_summer_seastar_ws/build/bluespace_ai_xsens_mti_driver -- -j4 -l4
[1.904s] Invoking command in '/home/seastar/steve_summer_seastar_ws/build/bluespace_ai_xsens_mti_driver': CMAKE_PREFIX_PATH=${CMAKE_PREFIX_PATH}:/home/seastar/steve_summer_seastar_ws/install/test_cam:/home/seastar/steve_summer_seastar_ws/install/solar_ephemeris:/home/seastar/steve_summer_seastar_ws/install/pysp:/home/seastar/steve_summer_seastar_ws/install/imufaker:/home/seastar/steve_summer_seastar_ws/install/ik_tools:/home/seastar/steve_summer_seastar_ws/install/ik_solver:/home/seastar/steve_summer_seastar_ws/install/hamburger_helper:/opt/ros/humble /home/seastar/.local/bin/cmake --install /home/seastar/steve_summer_seastar_ws/build/bluespace_ai_xsens_mti_driver
[2.030s] -- Install configuration: ""
[2.032s] -- Execute custom install script
[2.033s] -- Up-to-date symlink: /home/seastar/steve_summer_seastar_ws/install/bluespace_ai_xsens_mti_driver/share/bluespace_ai_xsens_mti_driver/launch/display.launch.py
[2.034s] -- Up-to-date symlink: /home/seastar/steve_summer_seastar_ws/install/bluespace_ai_xsens_mti_driver/share/bluespace_ai_xsens_mti_driver/launch/xsens_mti_node.launch.py
[2.036s] -- Up-to-date symlink: /home/seastar/steve_summer_seastar_ws/install/bluespace_ai_xsens_mti_driver/share/bluespace_ai_xsens_mti_driver/param/xsens_mti_node.yaml
[2.036s] -- Up-to-date symlink: /home/seastar/steve_summer_seastar_ws/install/bluespace_ai_xsens_mti_driver/share/bluespace_ai_xsens_mti_driver/rviz/display.rviz
[2.038s] -- Up-to-date symlink: /home/seastar/steve_summer_seastar_ws/install/bluespace_ai_xsens_mti_driver/share/bluespace_ai_xsens_mti_driver/urdf/MTi_1.stl
[2.038s] -- Up-to-date symlink: /home/seastar/steve_summer_seastar_ws/install/bluespace_ai_xsens_mti_driver/share/bluespace_ai_xsens_mti_driver/urdf/MTi_1.urdf
[2.038s] -- Up-to-date symlink: /home/seastar/steve_summer_seastar_ws/install/bluespace_ai_xsens_mti_driver/share/bluespace_ai_xsens_mti_driver/urdf/MTi_10.stl
[2.038s] -- Up-to-date symlink: /home/seastar/steve_summer_seastar_ws/install/bluespace_ai_xsens_mti_driver/share/bluespace_ai_xsens_mti_driver/urdf/MTi_10.urdf
[2.039s] -- Up-to-date symlink: /home/seastar/steve_summer_seastar_ws/install/bluespace_ai_xsens_mti_driver/share/bluespace_ai_xsens_mti_driver/urdf/MTi_6xx.stl
[2.040s] -- Up-to-date symlink: /home/seastar/steve_summer_seastar_ws/install/bluespace_ai_xsens_mti_driver/share/bluespace_ai_xsens_mti_driver/urdf/MTi_6xx.urdf
[2.040s] -- Up-to-date symlink: /home/seastar/steve_summer_seastar_ws/install/bluespace_ai_xsens_mti_driver/share/ament_index/resource_index/package_run_dependencies/bluespace_ai_xsens_mti_driver
[2.041s] -- Up-to-date symlink: /home/seastar/steve_summer_seastar_ws/install/bluespace_ai_xsens_mti_driver/share/ament_index/resource_index/parent_prefix_path/bluespace_ai_xsens_mti_driver
[2.042s] -- Up-to-date symlink: /home/seastar/steve_summer_seastar_ws/install/bluespace_ai_xsens_mti_driver/share/bluespace_ai_xsens_mti_driver/environment/ament_prefix_path.sh
[2.042s] -- Up-to-date symlink: /home/seastar/steve_summer_seastar_ws/install/bluespace_ai_xsens_mti_driver/share/bluespace_ai_xsens_mti_driver/environment/ament_prefix_path.dsv
[2.043s] -- Up-to-date symlink: /home/seastar/steve_summer_seastar_ws/install/bluespace_ai_xsens_mti_driver/share/bluespace_ai_xsens_mti_driver/environment/path.sh
[2.043s] -- Up-to-date symlink: /home/seastar/steve_summer_seastar_ws/install/bluespace_ai_xsens_mti_driver/share/bluespace_ai_xsens_mti_driver/environment/path.dsv
[2.045s] -- Up-to-date symlink: /home/seastar/steve_summer_seastar_ws/install/bluespace_ai_xsens_mti_driver/share/bluespace_ai_xsens_mti_driver/local_setup.bash
[2.045s] -- Up-to-date symlink: /home/seastar/steve_summer_seastar_ws/install/bluespace_ai_xsens_mti_driver/share/bluespace_ai_xsens_mti_driver/local_setup.sh
[2.046s] -- Up-to-date symlink: /home/seastar/steve_summer_seastar_ws/install/bluespace_ai_xsens_mti_driver/share/bluespace_ai_xsens_mti_driver/local_setup.zsh
[2.047s] -- Up-to-date symlink: /home/seastar/steve_summer_seastar_ws/install/bluespace_ai_xsens_mti_driver/share/bluespace_ai_xsens_mti_driver/local_setup.dsv
[2.047s] -- Symlinking: /home/seastar/steve_summer_seastar_ws/install/bluespace_ai_xsens_mti_driver/share/bluespace_ai_xsens_mti_driver/package.dsv
[2.061s] -- Up-to-date symlink: /home/seastar/steve_summer_seastar_ws/install/bluespace_ai_xsens_mti_driver/share/ament_index/resource_index/packages/bluespace_ai_xsens_mti_driver
[2.062s] -- Up-to-date symlink: /home/seastar/steve_summer_seastar_ws/install/bluespace_ai_xsens_mti_driver/share/bluespace_ai_xsens_mti_driver/cmake/bluespace_ai_xsens_mti_driverConfig.cmake
[2.062s] -- Up-to-date symlink: /home/seastar/steve_summer_seastar_ws/install/bluespace_ai_xsens_mti_driver/share/bluespace_ai_xsens_mti_driver/cmake/bluespace_ai_xsens_mti_driverConfig-version.cmake
[2.062s] -- Up-to-date symlink: /home/seastar/steve_summer_seastar_ws/install/bluespace_ai_xsens_mti_driver/share/bluespace_ai_xsens_mti_driver/package.xml
[2.063s] -- Up-to-date: /home/seastar/steve_summer_seastar_ws/install/bluespace_ai_xsens_mti_driver/lib/bluespace_ai_xsens_mti_driver/xsens_mti_node
[2.081s] Invoked command in '/home/seastar/steve_summer_seastar_ws/build/bluespace_ai_xsens_mti_driver' returned '0': CMAKE_PREFIX_PATH=${CMAKE_PREFIX_PATH}:/home/seastar/steve_summer_seastar_ws/install/test_cam:/home/seastar/steve_summer_seastar_ws/install/solar_ephemeris:/home/seastar/steve_summer_seastar_ws/install/pysp:/home/seastar/steve_summer_seastar_ws/install/imufaker:/home/seastar/steve_summer_seastar_ws/install/ik_tools:/home/seastar/steve_summer_seastar_ws/install/ik_solver:/home/seastar/steve_summer_seastar_ws/install/hamburger_helper:/opt/ros/humble /home/seastar/.local/bin/cmake --install /home/seastar/steve_summer_seastar_ws/build/bluespace_ai_xsens_mti_driver
