[2.104s] Invoking command in '/home/seastar/steve_summer_seastar_ws/build/hamburger_helper': PYTHONPATH=/home/seastar/steve_summer_seastar_ws/build/hamburger_helper/prefix_override:/home/seastar/steve_summer_seastar_ws/install/hamburger_helper/lib/python3.10/site-packages:${PYTHONPATH} /usr/bin/python3 setup.py develop --editable --build-directory /home/seastar/steve_summer_seastar_ws/build/hamburger_helper/build --no-deps install_data
[2.728s] running develop
[2.728s] /usr/lib/python3/dist-packages/setuptools/command/easy_install.py:158: EasyInstallDeprecationWarning: easy_install command is deprecated. Use build and pip and other standards-based tools.
[2.728s]   warnings.warn(
[2.731s] /usr/lib/python3/dist-packages/setuptools/command/install.py:34: SetuptoolsDeprecationWarning: setup.py install is deprecated. Use build and pip and other standards-based tools.
[2.731s]   warnings.warn(
[2.881s] /usr/lib/python3/dist-packages/pkg_resources/__init__.py:116: PkgResourcesDeprecationWarning: 1.16.0-unknown is an invalid version and will not be supported in a future release
[2.881s]   warnings.warn(
[2.882s] /usr/lib/python3/dist-packages/pkg_resources/__init__.py:116: PkgResourcesDeprecationWarning: 1.1build1 is an invalid version and will not be supported in a future release
[2.882s]   warnings.warn(
[3.193s] running egg_info
[3.193s] writing hamburger_helper.egg-info/PKG-INFO
[3.193s] writing dependency_links to hamburger_helper.egg-info/dependency_links.txt
[3.194s] writing entry points to hamburger_helper.egg-info/entry_points.txt
[3.194s] writing requirements to hamburger_helper.egg-info/requires.txt
[3.194s] writing top-level names to hamburger_helper.egg-info/top_level.txt
[5.402s] writing manifest file 'hamburger_helper.egg-info/SOURCES.txt'
[5.472s] running build_ext
[5.472s] Creating /home/seastar/steve_summer_seastar_ws/install/hamburger_helper/lib/python3.10/site-packages/hamburger-helper.egg-link (link to .)
[5.474s] Installing hamburger_helper script to /home/seastar/steve_summer_seastar_ws/install/hamburger_helper/lib/hamburger_helper
[5.474s] 
[5.474s] Installed /home/seastar/steve_summer_seastar_ws/build/hamburger_helper
[5.474s] running install_data
[5.582s] Invoked command in '/home/seastar/steve_summer_seastar_ws/build/hamburger_helper' returned '0': PYTHONPATH=/home/seastar/steve_summer_seastar_ws/build/hamburger_helper/prefix_override:/home/seastar/steve_summer_seastar_ws/install/hamburger_helper/lib/python3.10/site-packages:${PYTHONPATH} /usr/bin/python3 setup.py develop --editable --build-directory /home/seastar/steve_summer_seastar_ws/build/hamburger_helper/build --no-deps install_data
