[1.577s] Invoking command in '/home/seastar/steve_summer_seastar_ws/build/imufaker': PYTHONPATH=/home/seastar/steve_summer_seastar_ws/build/imufaker/prefix_override:/home/seastar/steve_summer_seastar_ws/install/imufaker/lib/python3.10/site-packages:${PYTHONPATH} /usr/bin/python3 setup.py develop --editable --build-directory /home/seastar/steve_summer_seastar_ws/build/imufaker/build --no-deps install_data
[2.109s] running develop
[2.110s] /usr/lib/python3/dist-packages/setuptools/command/easy_install.py:158: EasyInstallDeprecationWarning: easy_install command is deprecated. Use build and pip and other standards-based tools.
[2.110s]   warnings.warn(
[2.112s] /usr/lib/python3/dist-packages/setuptools/command/install.py:34: SetuptoolsDeprecationWarning: setup.py install is deprecated. Use build and pip and other standards-based tools.
[2.112s]   warnings.warn(
[2.194s] /usr/lib/python3/dist-packages/pkg_resources/__init__.py:116: PkgResourcesDeprecationWarning: 1.16.0-unknown is an invalid version and will not be supported in a future release
[2.194s]   warnings.warn(
[2.194s] /usr/lib/python3/dist-packages/pkg_resources/__init__.py:116: PkgResourcesDeprecationWarning: 1.1build1 is an invalid version and will not be supported in a future release
[2.195s]   warnings.warn(
[2.380s] running egg_info
[2.381s] writing imufaker.egg-info/PKG-INFO
[2.383s] writing dependency_links to imufaker.egg-info/dependency_links.txt
[2.385s] writing entry points to imufaker.egg-info/entry_points.txt
[2.385s] writing requirements to imufaker.egg-info/requires.txt
[2.385s] writing top-level names to imufaker.egg-info/top_level.txt
[2.484s] listing git files failed - pretending there aren't any
[2.741s] reading manifest file 'imufaker.egg-info/SOURCES.txt'
[2.742s] writing manifest file 'imufaker.egg-info/SOURCES.txt'
[2.814s] running build_ext
[2.815s] Creating /home/seastar/steve_summer_seastar_ws/install/imufaker/lib/python3.10/site-packages/imufaker.egg-link (link to .)
[2.816s] Installing imufaker script to /home/seastar/steve_summer_seastar_ws/install/imufaker/lib/imufaker
[2.817s] 
[2.817s] Installed /home/seastar/steve_summer_seastar_ws/build/imufaker
[2.818s] running install_data
[3.460s] Invoked command in '/home/seastar/steve_summer_seastar_ws/build/imufaker' returned '0': PYTHONPATH=/home/seastar/steve_summer_seastar_ws/build/imufaker/prefix_override:/home/seastar/steve_summer_seastar_ws/install/imufaker/lib/python3.10/site-packages:${PYTHONPATH} /usr/bin/python3 setup.py develop --editable --build-directory /home/seastar/steve_summer_seastar_ws/build/imufaker/build --no-deps install_data
