[0.023s] Invoking command in '/home/seastar/steve_summer_seastar_ws/build/sunspotter': CMAKE_PREFIX_PATH=/opt/ros/humble /home/seastar/.local/bin/cmake --build /home/seastar/steve_summer_seastar_ws/build/sunspotter -- -j4 -l4
[0.108s] [100%] Built target sunspotter
[0.125s] Invoked command in '/home/seastar/steve_summer_seastar_ws/build/sunspotter' returned '0': CMAKE_PREFIX_PATH=/opt/ros/humble /home/seastar/.local/bin/cmake --build /home/seastar/steve_summer_seastar_ws/build/sunspotter -- -j4 -l4
[0.245s] Invoking command in '/home/seastar/steve_summer_seastar_ws/build/sunspotter': CMAKE_PREFIX_PATH=/opt/ros/humble /home/seastar/.local/bin/cmake --install /home/seastar/steve_summer_seastar_ws/build/sunspotter
[0.303s] -- Install configuration: ""
[0.304s] -- Execute custom install script
[0.304s] -- Up-to-date symlink: /home/seastar/steve_summer_seastar_ws/install/sunspotter/lib/sunspotter//sunspotter
[0.305s] -- Up-to-date symlink: /home/seastar/steve_summer_seastar_ws/install/sunspotter/share/ament_index/resource_index/package_run_dependencies/sunspotter
[0.305s] -- Up-to-date symlink: /home/seastar/steve_summer_seastar_ws/install/sunspotter/share/ament_index/resource_index/parent_prefix_path/sunspotter
[0.305s] -- Up-to-date symlink: /home/seastar/steve_summer_seastar_ws/install/sunspotter/share/sunspotter/environment/ament_prefix_path.sh
[0.306s] -- Up-to-date symlink: /home/seastar/steve_summer_seastar_ws/install/sunspotter/share/sunspotter/environment/ament_prefix_path.dsv
[0.306s] -- Up-to-date symlink: /home/seastar/steve_summer_seastar_ws/install/sunspotter/share/sunspotter/environment/path.sh
[0.306s] -- Up-to-date symlink: /home/seastar/steve_summer_seastar_ws/install/sunspotter/share/sunspotter/environment/path.dsv
[0.307s] -- Up-to-date symlink: /home/seastar/steve_summer_seastar_ws/install/sunspotter/share/sunspotter/local_setup.bash
[0.307s] -- Up-to-date symlink: /home/seastar/steve_summer_seastar_ws/install/sunspotter/share/sunspotter/local_setup.sh
[0.307s] -- Up-to-date symlink: /home/seastar/steve_summer_seastar_ws/install/sunspotter/share/sunspotter/local_setup.zsh
[0.307s] -- Up-to-date symlink: /home/seastar/steve_summer_seastar_ws/install/sunspotter/share/sunspotter/local_setup.dsv
[0.308s] -- Symlinking: /home/seastar/steve_summer_seastar_ws/install/sunspotter/share/sunspotter/package.dsv
[0.327s] -- Up-to-date symlink: /home/seastar/steve_summer_seastar_ws/install/sunspotter/share/ament_index/resource_index/packages/sunspotter
[0.330s] -- Up-to-date symlink: /home/seastar/steve_summer_seastar_ws/install/sunspotter/share/sunspotter/cmake/sunspotterConfig.cmake
[0.331s] -- Up-to-date symlink: /home/seastar/steve_summer_seastar_ws/install/sunspotter/share/sunspotter/cmake/sunspotterConfig-version.cmake
[0.332s] -- Up-to-date symlink: /home/seastar/steve_summer_seastar_ws/install/sunspotter/share/sunspotter/package.xml
[0.346s] Invoked command in '/home/seastar/steve_summer_seastar_ws/build/sunspotter' returned '0': CMAKE_PREFIX_PATH=/opt/ros/humble /home/seastar/.local/bin/cmake --install /home/seastar/steve_summer_seastar_ws/build/sunspotter
