[3.826s] Invoking command in '/home/seastar/steve_summer_seastar_ws/build/ik_solver': PYTHONPATH=/home/seastar/steve_summer_seastar_ws/build/ik_solver/prefix_override:/home/seastar/steve_summer_seastar_ws/install/ik_solver/lib/python3.10/site-packages:${PYTHONPATH} /usr/bin/python3 setup.py develop --editable --build-directory /home/seastar/steve_summer_seastar_ws/build/ik_solver/build --no-deps install_data
[4.827s] running develop
[4.827s] /usr/lib/python3/dist-packages/setuptools/command/easy_install.py:158: EasyInstallDeprecationWarning: easy_install command is deprecated. Use build and pip and other standards-based tools.
[4.827s]   warnings.warn(
[4.832s] /usr/lib/python3/dist-packages/setuptools/command/install.py:34: SetuptoolsDeprecationWarning: setup.py install is deprecated. Use build and pip and other standards-based tools.
[4.832s]   warnings.warn(
[5.129s] /usr/lib/python3/dist-packages/pkg_resources/__init__.py:116: PkgResourcesDeprecationWarning: 1.16.0-unknown is an invalid version and will not be supported in a future release
[5.129s]   warnings.warn(
[5.130s] /usr/lib/python3/dist-packages/pkg_resources/__init__.py:116: PkgResourcesDeprecationWarning: 1.1build1 is an invalid version and will not be supported in a future release
[5.130s]   warnings.warn(
[5.130s] /usr/lib/python3/dist-packages/pkg_resources/__init__.py:116: PkgResourcesDeprecationWarning: 0.1.43ubuntu1 is an invalid version and will not be supported in a future release
[5.130s]   warnings.warn(
[5.531s] running egg_info
[5.531s] writing ik_solver.egg-info/PKG-INFO
[5.532s] writing dependency_links to ik_solver.egg-info/dependency_links.txt
[5.532s] writing entry points to ik_solver.egg-info/entry_points.txt
[5.532s] writing requirements to ik_solver.egg-info/requires.txt
[5.532s] writing top-level names to ik_solver.egg-info/top_level.txt
[5.634s] listing git files failed - pretending there aren't any
[5.944s] reading manifest file 'ik_solver.egg-info/SOURCES.txt'
[5.945s] writing manifest file 'ik_solver.egg-info/SOURCES.txt'
[6.076s] running build_ext
[6.086s] Creating /home/seastar/steve_summer_seastar_ws/install/ik_solver/lib/python3.10/site-packages/ik-solver.egg-link (link to .)
[6.086s] Installing ik_solver script to /home/seastar/steve_summer_seastar_ws/install/ik_solver/lib/ik_solver
[6.086s] Installing ik_tester script to /home/seastar/steve_summer_seastar_ws/install/ik_solver/lib/ik_solver
[6.086s] 
[6.086s] Installed /home/seastar/steve_summer_seastar_ws/build/ik_solver
[6.087s] running install_data
[7.343s] Invoked command in '/home/seastar/steve_summer_seastar_ws/build/ik_solver' returned '0': PYTHONPATH=/home/seastar/steve_summer_seastar_ws/build/ik_solver/prefix_override:/home/seastar/steve_summer_seastar_ws/install/ik_solver/lib/python3.10/site-packages:${PYTHONPATH} /usr/bin/python3 setup.py develop --editable --build-directory /home/seastar/steve_summer_seastar_ws/build/ik_solver/build --no-deps install_data
