[ 16%] [32mBuilding CXX object CMakeFiles/head_chef.dir/src/sousChef.cpp.o[0m
[01m[Kcc1plus:[m[K [01;35m[Kwarning: [m[K/usr/lib/x86_64-linux-gnu/libconfig++.so: not a directory
[01m[K/home/seastar/steve_summer_seastar_ws/src/head_chef/src/sousChef.cpp:[m[K In function ‘[01m[KMotorState doIk(double, double, double)[m[K’:
[01m[K/home/seastar/steve_summer_seastar_ws/src/head_chef/src/sousChef.cpp:412:62:[m[K [01;31m[Kerror: [m[Kexpected ‘[01m[K;[m[K’ before ‘[01m[KJac[m[K’
  412 |                std::cout << Jac.m11 << " " << Jac.m12 << " "[01;31m[K [m[K[32m[KJac[m[K.m13 << std::endl;
      |                                                             [01;31m[K^[m[K[32m[K~~~[m[K
      |                                                             [32m[K;[m[K
[01m[K/home/seastar/steve_summer_seastar_ws/src/head_chef/src/sousChef.cpp:413:62:[m[K [01;31m[Kerror: [m[Kexpected ‘[01m[K;[m[K’ before ‘[01m[KJac[m[K’
  413 |                std::cout << Jac.m21 << " " << Jac.m22 << " "[01;31m[K [m[K[32m[KJac[m[K.m23 << std::endl;
      |                                                             [01;31m[K^[m[K[32m[K~~~[m[K
      |                                                             [32m[K;[m[K
[01m[K/home/seastar/steve_summer_seastar_ws/src/head_chef/src/sousChef.cpp:414:62:[m[K [01;31m[Kerror: [m[Kexpected ‘[01m[K;[m[K’ before ‘[01m[KJac[m[K’
  414 |                std::cout << Jac.m31 << " " << Jac.m32 << " "[01;31m[K [m[K[32m[KJac[m[K.m33 << std::endl;
      |                                                             [01;31m[K^[m[K[32m[K~~~[m[K
      |                                                             [32m[K;[m[K
[01m[K/home/seastar/steve_summer_seastar_ws/src/head_chef/src/sousChef.cpp:415:62:[m[K [01;31m[Kerror: [m[Kexpected ‘[01m[K;[m[K’ before ‘[01m[KJac[m[K’
  415 |                std::cout << Jac.m41 << " " << Jac.m42 << " "[01;31m[K [m[K[32m[KJac[m[K.m43 << std::endl;
      |                                                             [01;31m[K^[m[K[32m[K~~~[m[K
      |                                                             [32m[K;[m[K
[01m[K/home/seastar/steve_summer_seastar_ws/src/head_chef/src/sousChef.cpp:416:62:[m[K [01;31m[Kerror: [m[Kexpected ‘[01m[K;[m[K’ before ‘[01m[KJac[m[K’
  416 |                std::cout << Jac.m51 << " " << Jac.m52 << " "[01;31m[K [m[K[32m[KJac[m[K.m53 << std::endl;
      |                                                             [01;31m[K^[m[K[32m[K~~~[m[K
      |                                                             [32m[K;[m[K
[01m[K/home/seastar/steve_summer_seastar_ws/src/head_chef/src/sousChef.cpp:417:62:[m[K [01;31m[Kerror: [m[Kexpected ‘[01m[K;[m[K’ before ‘[01m[KJac[m[K’
  417 |                std::cout << Jac.m61 << " " << Jac.m62 << " "[01;31m[K [m[K[32m[KJac[m[K.m63 << std::endl;
      |                                                             [01;31m[K^[m[K[32m[K~~~[m[K
      |                                                             [32m[K;[m[K
[01m[K/home/seastar/steve_summer_seastar_ws/src/head_chef/src/sousChef.cpp:394:13:[m[K [01;35m[Kwarning: [m[Kunused variable ‘[01m[KDOF[m[K’ [[01;35m[K]8;;https://gcc.gnu.org/onlinedocs/gcc/Warning-Options.html#index-Wunused-variable-Wunused-variable]8;;[m[K]
  394 |         int [01;35m[KDOF[m[K = 3;
      |             [01;35m[K^~~[m[K
[01m[K/home/seastar/steve_summer_seastar_ws/src/head_chef/src/sousChef.cpp:382:49:[m[K [01;35m[Kwarning: [m[Kunused parameter ‘[01m[Kpolar[m[K’ [[01;35m[K]8;;https://gcc.gnu.org/onlinedocs/gcc/Warning-Options.html#index-Wunused-parameter-Wunused-parameter]8;;[m[K]
  382 | MotorState doIk(double tAz, double tAlt, [01;35m[Kdouble polar[m[K) {
      |                                          [01;35m[K~~~~~~~^~~~~[m[K
gmake[2]: *** [CMakeFiles/head_chef.dir/build.make:90: CMakeFiles/head_chef.dir/src/sousChef.cpp.o] Error 1
gmake[1]: *** [CMakeFiles/Makefile2:137: CMakeFiles/head_chef.dir/all] Error 2
gmake: *** [Makefile:146: all] Error 2
