[2.517s] Invoking command in '/home/seastar/steve_summer_seastar_ws/build/hamburger_helper': PYTHONPATH=/home/seastar/steve_summer_seastar_ws/build/hamburger_helper/prefix_override:/home/seastar/steve_summer_seastar_ws/install/hamburger_helper/lib/python3.10/site-packages:${PYTHONPATH} /usr/bin/python3 setup.py develop --editable --build-directory /home/seastar/steve_summer_seastar_ws/build/hamburger_helper/build --no-deps install_data
[3.209s] running develop
[3.210s] /usr/lib/python3/dist-packages/setuptools/command/easy_install.py:158: EasyInstallDeprecationWarning: easy_install command is deprecated. Use build and pip and other standards-based tools.
[3.210s]   warnings.warn(
[3.214s] /usr/lib/python3/dist-packages/setuptools/command/install.py:34: SetuptoolsDeprecationWarning: setup.py install is deprecated. Use build and pip and other standards-based tools.
[3.214s]   warnings.warn(
[3.371s] /usr/lib/python3/dist-packages/pkg_resources/__init__.py:116: PkgResourcesDeprecationWarning: 1.16.0-unknown is an invalid version and will not be supported in a future release
[3.371s]   warnings.warn(
[3.371s] /usr/lib/python3/dist-packages/pkg_resources/__init__.py:116: PkgResourcesDeprecationWarning: 1.1build1 is an invalid version and will not be supported in a future release
[3.371s]   warnings.warn(
[3.666s] running egg_info
[3.667s] writing hamburger_helper.egg-info/PKG-INFO
[3.667s] writing dependency_links to hamburger_helper.egg-info/dependency_links.txt
[3.667s] writing entry points to hamburger_helper.egg-info/entry_points.txt
[3.668s] writing requirements to hamburger_helper.egg-info/requires.txt
[3.668s] writing top-level names to hamburger_helper.egg-info/top_level.txt
[3.782s] listing git files failed - pretending there aren't any
[4.073s] reading manifest file 'hamburger_helper.egg-info/SOURCES.txt'
[4.074s] writing manifest file 'hamburger_helper.egg-info/SOURCES.txt'
[4.158s] running build_ext
[4.159s] Creating /home/seastar/steve_summer_seastar_ws/install/hamburger_helper/lib/python3.10/site-packages/hamburger-helper.egg-link (link to .)
[4.160s] Installing hamburger_helper script to /home/seastar/steve_summer_seastar_ws/install/hamburger_helper/lib/hamburger_helper
[4.160s] 
[4.160s] Installed /home/seastar/steve_summer_seastar_ws/build/hamburger_helper
[4.160s] running install_data
[4.271s] Invoked command in '/home/seastar/steve_summer_seastar_ws/build/hamburger_helper' returned '0': PYTHONPATH=/home/seastar/steve_summer_seastar_ws/build/hamburger_helper/prefix_override:/home/seastar/steve_summer_seastar_ws/install/hamburger_helper/lib/python3.10/site-packages:${PYTHONPATH} /usr/bin/python3 setup.py develop --editable --build-directory /home/seastar/steve_summer_seastar_ws/build/hamburger_helper/build --no-deps install_data
