[1.695s] Invoking command in '/home/seastar/steve_summer_seastar_ws/build/solar_ephemeris': CMAKE_PREFIX_PATH=/home/seastar/steve_summer_seastar_ws/install/seastar_interfaces:/home/seastar/steve_summer_seastar_ws/install/sunspotter:/home/seastar/steve_summer_seastar_ws/install/head_chef:/home/seastar/steve_summer_seastar_ws/install/motor_state_manager:/home/seastar/steve_summer_seastar_ws/install/motor_manager:/home/seastar/steve_summer_seastar_ws/install/bluespace_ai_xsens_mti_driver PYTHONPATH=/home/seastar/steve_summer_seastar_ws/build/solar_ephemeris/prefix_override:/home/seastar/steve_summer_seastar_ws/install/solar_ephemeris/lib/python3.10/site-packages:${PYTHONPATH} /usr/bin/python3 setup.py develop --editable --build-directory /home/seastar/steve_summer_seastar_ws/build/solar_ephemeris/build --no-deps install_data
[2.282s] running develop
[2.283s] /usr/lib/python3/dist-packages/setuptools/command/easy_install.py:158: EasyInstallDeprecationWarning: easy_install command is deprecated. Use build and pip and other standards-based tools.
[2.283s]   warnings.warn(
[2.285s] /usr/lib/python3/dist-packages/setuptools/command/install.py:34: SetuptoolsDeprecationWarning: setup.py install is deprecated. Use build and pip and other standards-based tools.
[2.285s]   warnings.warn(
[2.406s] /usr/lib/python3/dist-packages/pkg_resources/__init__.py:116: PkgResourcesDeprecationWarning: 1.16.0-unknown is an invalid version and will not be supported in a future release
[2.407s]   warnings.warn(
[2.407s] /usr/lib/python3/dist-packages/pkg_resources/__init__.py:116: PkgResourcesDeprecationWarning: 1.1build1 is an invalid version and will not be supported in a future release
[2.407s]   warnings.warn(
[2.647s] running egg_info
[2.647s] writing solar_ephemeris.egg-info/PKG-INFO
[2.647s] writing dependency_links to solar_ephemeris.egg-info/dependency_links.txt
[2.647s] writing entry points to solar_ephemeris.egg-info/entry_points.txt
[2.648s] writing requirements to solar_ephemeris.egg-info/requires.txt
[2.648s] writing top-level names to solar_ephemeris.egg-info/top_level.txt
[2.722s] listing git files failed - pretending there aren't any
[2.875s] reading manifest file 'solar_ephemeris.egg-info/SOURCES.txt'
[2.876s] writing manifest file 'solar_ephemeris.egg-info/SOURCES.txt'
[2.914s] running build_ext
[2.914s] Creating /home/seastar/steve_summer_seastar_ws/install/solar_ephemeris/lib/python3.10/site-packages/solar-ephemeris.egg-link (link to .)
[2.915s] Installing solar_ephemeris script to /home/seastar/steve_summer_seastar_ws/install/solar_ephemeris/lib/solar_ephemeris
[2.915s] 
[2.916s] Installed /home/seastar/steve_summer_seastar_ws/build/solar_ephemeris
[2.916s] running install_data
[2.984s] Invoked command in '/home/seastar/steve_summer_seastar_ws/build/solar_ephemeris' returned '0': CMAKE_PREFIX_PATH=/home/seastar/steve_summer_seastar_ws/install/seastar_interfaces:/home/seastar/steve_summer_seastar_ws/install/sunspotter:/home/seastar/steve_summer_seastar_ws/install/head_chef:/home/seastar/steve_summer_seastar_ws/install/motor_state_manager:/home/seastar/steve_summer_seastar_ws/install/motor_manager:/home/seastar/steve_summer_seastar_ws/install/bluespace_ai_xsens_mti_driver PYTHONPATH=/home/seastar/steve_summer_seastar_ws/build/solar_ephemeris/prefix_override:/home/seastar/steve_summer_seastar_ws/install/solar_ephemeris/lib/python3.10/site-packages:${PYTHONPATH} /usr/bin/python3 setup.py develop --editable --build-directory /home/seastar/steve_summer_seastar_ws/build/solar_ephemeris/build --no-deps install_data
