[3.274s] Invoking command in '/home/seastar/steve_summer_seastar_ws/build/imufaker': PYTHONPATH=/home/seastar/steve_summer_seastar_ws/build/imufaker/prefix_override:/home/seastar/steve_summer_seastar_ws/install/imufaker/lib/python3.10/site-packages:${PYTHONPATH} /usr/bin/python3 setup.py develop --editable --build-directory /home/seastar/steve_summer_seastar_ws/build/imufaker/build --no-deps install_data
[4.374s] running develop
[4.375s] /usr/lib/python3/dist-packages/setuptools/command/easy_install.py:158: EasyInstallDeprecationWarning: easy_install command is deprecated. Use build and pip and other standards-based tools.
[4.375s]   warnings.warn(
[4.377s] /usr/lib/python3/dist-packages/setuptools/command/install.py:34: SetuptoolsDeprecationWarning: setup.py install is deprecated. Use build and pip and other standards-based tools.
[4.377s]   warnings.warn(
[4.600s] /usr/lib/python3/dist-packages/pkg_resources/__init__.py:116: PkgResourcesDeprecationWarning: 1.16.0-unknown is an invalid version and will not be supported in a future release
[4.600s]   warnings.warn(
[4.600s] /usr/lib/python3/dist-packages/pkg_resources/__init__.py:116: PkgResourcesDeprecationWarning: 1.1build1 is an invalid version and will not be supported in a future release
[4.600s]   warnings.warn(
[4.600s] /usr/lib/python3/dist-packages/pkg_resources/__init__.py:116: PkgResourcesDeprecationWarning: 0.1.43ubuntu1 is an invalid version and will not be supported in a future release
[4.600s]   warnings.warn(
[5.094s] running egg_info
[5.095s] writing imufaker.egg-info/PKG-INFO
[5.096s] writing dependency_links to imufaker.egg-info/dependency_links.txt
[5.102s] writing entry points to imufaker.egg-info/entry_points.txt
[5.102s] writing requirements to imufaker.egg-info/requires.txt
[5.102s] writing top-level names to imufaker.egg-info/top_level.txt
[5.350s] listing git files failed - pretending there aren't any
[5.682s] reading manifest file 'imufaker.egg-info/SOURCES.txt'
[5.683s] writing manifest file 'imufaker.egg-info/SOURCES.txt'
[5.874s] running build_ext
[5.875s] Creating /home/seastar/steve_summer_seastar_ws/install/imufaker/lib/python3.10/site-packages/imufaker.egg-link (link to .)
[5.876s] Installing imufaker script to /home/seastar/steve_summer_seastar_ws/install/imufaker/lib/imufaker
[5.877s] 
[5.877s] Installed /home/seastar/steve_summer_seastar_ws/build/imufaker
[5.877s] running install_data
[6.849s] Invoked command in '/home/seastar/steve_summer_seastar_ws/build/imufaker' returned '0': PYTHONPATH=/home/seastar/steve_summer_seastar_ws/build/imufaker/prefix_override:/home/seastar/steve_summer_seastar_ws/install/imufaker/lib/python3.10/site-packages:${PYTHONPATH} /usr/bin/python3 setup.py develop --editable --build-directory /home/seastar/steve_summer_seastar_ws/build/imufaker/build --no-deps install_data
