[1.767s] Invoking command in '/home/seastar/steve_summer_seastar_ws/build/ik_solver': PYTHONPATH=/home/seastar/steve_summer_seastar_ws/build/ik_solver/prefix_override:/home/seastar/steve_summer_seastar_ws/install/ik_solver/lib/python3.10/site-packages:${PYTHONPATH} /usr/bin/python3 setup.py develop --editable --build-directory /home/seastar/steve_summer_seastar_ws/build/ik_solver/build --no-deps install_data
[2.397s] running develop
[2.397s] /usr/lib/python3/dist-packages/setuptools/command/easy_install.py:158: EasyInstallDeprecationWarning: easy_install command is deprecated. Use build and pip and other standards-based tools.
[2.397s]   warnings.warn(
[2.400s] /usr/lib/python3/dist-packages/setuptools/command/install.py:34: SetuptoolsDeprecationWarning: setup.py install is deprecated. Use build and pip and other standards-based tools.
[2.400s]   warnings.warn(
[2.553s] /usr/lib/python3/dist-packages/pkg_resources/__init__.py:116: PkgResourcesDeprecationWarning: 1.16.0-unknown is an invalid version and will not be supported in a future release
[2.553s]   warnings.warn(
[2.553s] /usr/lib/python3/dist-packages/pkg_resources/__init__.py:116: PkgResourcesDeprecationWarning: 1.1build1 is an invalid version and will not be supported in a future release
[2.553s]   warnings.warn(
[2.857s] running egg_info
[2.858s] writing ik_solver.egg-info/PKG-INFO
[2.858s] writing dependency_links to ik_solver.egg-info/dependency_links.txt
[2.858s] writing entry points to ik_solver.egg-info/entry_points.txt
[2.859s] writing requirements to ik_solver.egg-info/requires.txt
[2.859s] writing top-level names to ik_solver.egg-info/top_level.txt
[2.967s] listing git files failed - pretending there aren't any
[3.202s] reading manifest file 'ik_solver.egg-info/SOURCES.txt'
[3.204s] writing manifest file 'ik_solver.egg-info/SOURCES.txt'
[3.277s] running build_ext
[3.277s] Creating /home/seastar/steve_summer_seastar_ws/install/ik_solver/lib/python3.10/site-packages/ik-solver.egg-link (link to .)
[3.279s] Installing ik_solver script to /home/seastar/steve_summer_seastar_ws/install/ik_solver/lib/ik_solver
[3.279s] Installing ik_tester script to /home/seastar/steve_summer_seastar_ws/install/ik_solver/lib/ik_solver
[3.280s] 
[3.280s] Installed /home/seastar/steve_summer_seastar_ws/build/ik_solver
[3.280s] running install_data
[3.386s] Invoked command in '/home/seastar/steve_summer_seastar_ws/build/ik_solver' returned '0': PYTHONPATH=/home/seastar/steve_summer_seastar_ws/build/ik_solver/prefix_override:/home/seastar/steve_summer_seastar_ws/install/ik_solver/lib/python3.10/site-packages:${PYTHONPATH} /usr/bin/python3 setup.py develop --editable --build-directory /home/seastar/steve_summer_seastar_ws/build/ik_solver/build --no-deps install_data
