[0.449s] Invoking command in '/home/seastar/steve_summer_seastar_ws/build/head_chef': CMAKE_PREFIX_PATH=/home/seastar/steve_summer_seastar_ws/install/seastar_interfaces:/home/seastar/steve_summer_seastar_ws/install/sunspotter:/home/seastar/steve_summer_seastar_ws/install/head_chef:/home/seastar/steve_summer_seastar_ws/install/motor_state_manager:/home/seastar/steve_summer_seastar_ws/install/motor_manager:/home/seastar/steve_summer_seastar_ws/install/bluespace_ai_xsens_mti_driver:/home/seastar/steve_summer_seastar_ws/install/test_driver:/home/seastar/steve_summer_seastar_ws/install/test_cam:/home/seastar/steve_summer_seastar_ws/install/solar_ephemeris:/home/seastar/steve_summer_seastar_ws/install/pysp:/home/seastar/steve_summer_seastar_ws/install/imufaker:/home/seastar/steve_summer_seastar_ws/install/ik_tools:/home/seastar/steve_summer_seastar_ws/install/ik_solver:/home/seastar/steve_summer_seastar_ws/install/hamburger_helper:/opt/ros/humble /home/seastar/.local/bin/cmake --build /home/seastar/steve_summer_seastar_ws/build/head_chef -- -j4 -l4
[0.592s] [ 16%] [32mBuilding CXX object CMakeFiles/head_chef.dir/src/head_chef.cpp.o[0m
[0.597s] [ 33%] [32mBuilding CXX object CMakeFiles/head_chef.dir/src/sousChef.cpp.o[0m
[0.614s] [ 50%] [32mBuilding CXX object CMakeFiles/head_chef.dir/src/PID.cpp.o[0m
[0.634s] [ 66%] [32mBuilding CXX object CMakeFiles/head_chef.dir/src/ChefScript.cpp.o[0m
[5.966s] [01m[K/home/seastar/steve_summer_seastar_ws/src/head_chef/src/head_chef.cpp:[m[K In function ‘[01m[Kvoid signal_callback_handler(int)[m[K’:
[5.966s] [01m[K/home/seastar/steve_summer_seastar_ws/src/head_chef/src/head_chef.cpp:16:34:[m[K [01;35m[Kwarning: [m[Kunused parameter ‘[01m[Ksignum[m[K’ [[01;35m[K]8;;https://gcc.gnu.org/onlinedocs/gcc/Warning-Options.html#index-Wunused-parameter-Wunused-parameter]8;;[m[K]
[5.966s]    16 | void signal_callback_handler([01;35m[Kint signum[m[K) {
[5.966s]       |                              [01;35m[K~~~~^~~~~~[m[K
[5.994s] [01m[K/home/seastar/steve_summer_seastar_ws/src/head_chef/src/head_chef.cpp:[m[K In member function ‘[01m[Kvoid HeadChef::checkSunTimer()[m[K’:
[5.994s] [01m[K/home/seastar/steve_summer_seastar_ws/src/head_chef/src/head_chef.cpp:235:18:[m[K [01;31m[Kerror: [m[Kinvalid use of member function ‘[01m[Kconstexpr std::chrono::duration<_Rep, _Period>::rep std::chrono::duration<_Rep, _Period>::count() const [with _Rep = double; _Period = std::ratio<1>; std::chrono::duration<_Rep, _Period>::rep = double][m[K’ (did you forget the ‘[01m[K()[m[K’ ?)
[5.994s]   235 |         if ([01;31m[Kdiff.count[m[K > targTime) {
[5.995s]       |             [01;31m[K~~~~~^~~~~[m[K
[5.995s]       |                       [32m[K()[m[K
[6.303s] [01m[K/home/seastar/steve_summer_seastar_ws/src/head_chef/src/ChefScript.cpp:[m[K In member function ‘[01m[Kvoid ChefScript::execNextLine()[m[K’:
[6.303s] [01m[K/home/seastar/steve_summer_seastar_ws/src/head_chef/src/ChefScript.cpp:36:22:[m[K [01;35m[Kwarning: [m[Kcomparison of integer expressions of different signedness: ‘[01m[Kint[m[K’ and ‘[01m[Kstd::vector<ChefCommand>::size_type[m[K’ {aka ‘[01m[Klong unsigned int[m[K’} [[01;35m[K]8;;https://gcc.gnu.org/onlinedocs/gcc/Warning-Options.html#index-Wsign-compare-Wsign-compare]8;;[m[K]
[6.303s]    36 |         if ([01;35m[KexecLine >= comms_.size()[m[K) {
[6.303s]       |             [01;35m[K~~~~~~~~~^~~~~~~~~~~~~~~~[m[K
[12.706s] gmake[2]: *** [CMakeFiles/head_chef.dir/build.make:76: CMakeFiles/head_chef.dir/src/head_chef.cpp.o] Error 1
[12.706s] gmake[1]: *** [CMakeFiles/Makefile2:137: CMakeFiles/head_chef.dir/all] Error 2
[12.706s] gmake: *** [Makefile:146: all] Error 2
[12.713s] Invoked command in '/home/seastar/steve_summer_seastar_ws/build/head_chef' returned '2': CMAKE_PREFIX_PATH=/home/seastar/steve_summer_seastar_ws/install/seastar_interfaces:/home/seastar/steve_summer_seastar_ws/install/sunspotter:/home/seastar/steve_summer_seastar_ws/install/head_chef:/home/seastar/steve_summer_seastar_ws/install/motor_state_manager:/home/seastar/steve_summer_seastar_ws/install/motor_manager:/home/seastar/steve_summer_seastar_ws/install/bluespace_ai_xsens_mti_driver:/home/seastar/steve_summer_seastar_ws/install/test_driver:/home/seastar/steve_summer_seastar_ws/install/test_cam:/home/seastar/steve_summer_seastar_ws/install/solar_ephemeris:/home/seastar/steve_summer_seastar_ws/install/pysp:/home/seastar/steve_summer_seastar_ws/install/imufaker:/home/seastar/steve_summer_seastar_ws/install/ik_tools:/home/seastar/steve_summer_seastar_ws/install/ik_solver:/home/seastar/steve_summer_seastar_ws/install/hamburger_helper:/opt/ros/humble /home/seastar/.local/bin/cmake --build /home/seastar/steve_summer_seastar_ws/build/head_chef -- -j4 -l4
