[ 11%] Built target seastar_interfaces__rosidl_generator_c
[ 11%] Built target ament_cmake_python_symlink_seastar_interfaces
[ 12%] Built target seastar_interfaces__cpp
[ 23%] Built target seastar_interfaces__rosidl_typesupport_introspection_c
[ 35%] Built target seastar_interfaces__rosidl_typesupport_fastrtps_c
[ 46%] Built target seastar_interfaces__rosidl_typesupport_c
[ 57%] Built target seastar_interfaces__rosidl_typesupport_fastrtps_cpp
[ 69%] Built target seastar_interfaces__rosidl_typesupport_introspection_cpp
[ 80%] Built target seastar_interfaces__rosidl_typesupport_cpp
[ 80%] Built target seastar_interfaces
[ 81%] Built target seastar_interfaces__py
[ 91%] Built target seastar_interfaces__rosidl_generator_py
[ 94%] Built target seastar_interfaces__rosidl_typesupport_introspection_c__pyext
[ 97%] Built target seastar_interfaces__rosidl_typesupport_c__pyext
[100%] Built target seastar_interfaces__rosidl_typesupport_fastrtps_c__pyext
running egg_info
writing seastar_interfaces.egg-info/PKG-INFO
writing dependency_links to seastar_interfaces.egg-info/dependency_links.txt
writing top-level names to seastar_interfaces.egg-info/top_level.txt
reading manifest file 'seastar_interfaces.egg-info/SOURCES.txt'
writing manifest file 'seastar_interfaces.egg-info/SOURCES.txt'
