[3.694s] Invoking command in '/home/seastar/steve_summer_seastar_ws/build/hamburger_helper': PYTHONPATH=/home/seastar/steve_summer_seastar_ws/build/hamburger_helper/prefix_override:/home/seastar/steve_summer_seastar_ws/install/hamburger_helper/lib/python3.10/site-packages:${PYTHONPATH} /usr/bin/python3 setup.py develop --editable --build-directory /home/seastar/steve_summer_seastar_ws/build/hamburger_helper/build --no-deps install_data
[4.686s] running develop
[4.687s] /usr/lib/python3/dist-packages/setuptools/command/easy_install.py:158: EasyInstallDeprecationWarning: easy_install command is deprecated. Use build and pip and other standards-based tools.
[4.687s]   warnings.warn(
[4.691s] /usr/lib/python3/dist-packages/setuptools/command/install.py:34: SetuptoolsDeprecationWarning: setup.py install is deprecated. Use build and pip and other standards-based tools.
[4.691s]   warnings.warn(
[4.905s] /usr/lib/python3/dist-packages/pkg_resources/__init__.py:116: PkgResourcesDeprecationWarning: 1.16.0-unknown is an invalid version and will not be supported in a future release
[4.905s]   warnings.warn(
[4.906s] /usr/lib/python3/dist-packages/pkg_resources/__init__.py:116: PkgResourcesDeprecationWarning: 1.1build1 is an invalid version and will not be supported in a future release
[4.906s]   warnings.warn(
[4.906s] /usr/lib/python3/dist-packages/pkg_resources/__init__.py:116: PkgResourcesDeprecationWarning: 0.1.43ubuntu1 is an invalid version and will not be supported in a future release
[4.907s]   warnings.warn(
[5.306s] running egg_info
[5.314s] writing hamburger_helper.egg-info/PKG-INFO
[5.315s] writing dependency_links to hamburger_helper.egg-info/dependency_links.txt
[5.316s] writing entry points to hamburger_helper.egg-info/entry_points.txt
[5.317s] writing requirements to hamburger_helper.egg-info/requires.txt
[5.317s] writing top-level names to hamburger_helper.egg-info/top_level.txt
[5.442s] listing git files failed - pretending there aren't any
[5.853s] reading manifest file 'hamburger_helper.egg-info/SOURCES.txt'
[5.855s] writing manifest file 'hamburger_helper.egg-info/SOURCES.txt'
[6.053s] running build_ext
[6.053s] Creating /home/seastar/steve_summer_seastar_ws/install/hamburger_helper/lib/python3.10/site-packages/hamburger-helper.egg-link (link to .)
[6.055s] Installing hamburger_helper script to /home/seastar/steve_summer_seastar_ws/install/hamburger_helper/lib/hamburger_helper
[6.055s] 
[6.055s] Installed /home/seastar/steve_summer_seastar_ws/build/hamburger_helper
[6.056s] running install_data
[7.025s] Invoked command in '/home/seastar/steve_summer_seastar_ws/build/hamburger_helper' returned '0': PYTHONPATH=/home/seastar/steve_summer_seastar_ws/build/hamburger_helper/prefix_override:/home/seastar/steve_summer_seastar_ws/install/hamburger_helper/lib/python3.10/site-packages:${PYTHONPATH} /usr/bin/python3 setup.py develop --editable --build-directory /home/seastar/steve_summer_seastar_ws/build/hamburger_helper/build --no-deps install_data
