[0.101s] Invoking command in '/home/seastar/steve_summer_seastar_ws/build/motor_manager': CMAKE_PREFIX_PATH=${CMAKE_PREFIX_PATH}:/home/seastar/steve_summer_seastar_ws/install/test_driver:/home/seastar/steve_summer_seastar_ws/install/test_cam:/home/seastar/steve_summer_seastar_ws/install/solar_ephemeris:/home/seastar/steve_summer_seastar_ws/install/pysp:/home/seastar/steve_summer_seastar_ws/install/imufaker:/home/seastar/steve_summer_seastar_ws/install/ik_tools:/home/seastar/steve_summer_seastar_ws/install/ik_solver:/home/seastar/steve_summer_seastar_ws/install/hamburger_helper:/opt/ros/humble /home/seastar/.local/bin/cmake --build /home/seastar/steve_summer_seastar_ws/build/motor_manager -- -j4 -l4
[0.424s] [100%] Built target motor_controller
[0.441s] Invoked command in '/home/seastar/steve_summer_seastar_ws/build/motor_manager' returned '0': CMAKE_PREFIX_PATH=${CMAKE_PREFIX_PATH}:/home/seastar/steve_summer_seastar_ws/install/test_driver:/home/seastar/steve_summer_seastar_ws/install/test_cam:/home/seastar/steve_summer_seastar_ws/install/solar_ephemeris:/home/seastar/steve_summer_seastar_ws/install/pysp:/home/seastar/steve_summer_seastar_ws/install/imufaker:/home/seastar/steve_summer_seastar_ws/install/ik_tools:/home/seastar/steve_summer_seastar_ws/install/ik_solver:/home/seastar/steve_summer_seastar_ws/install/hamburger_helper:/opt/ros/humble /home/seastar/.local/bin/cmake --build /home/seastar/steve_summer_seastar_ws/build/motor_manager -- -j4 -l4
[1.559s] Invoking command in '/home/seastar/steve_summer_seastar_ws/build/motor_manager': CMAKE_PREFIX_PATH=${CMAKE_PREFIX_PATH}:/home/seastar/steve_summer_seastar_ws/install/test_driver:/home/seastar/steve_summer_seastar_ws/install/test_cam:/home/seastar/steve_summer_seastar_ws/install/solar_ephemeris:/home/seastar/steve_summer_seastar_ws/install/pysp:/home/seastar/steve_summer_seastar_ws/install/imufaker:/home/seastar/steve_summer_seastar_ws/install/ik_tools:/home/seastar/steve_summer_seastar_ws/install/ik_solver:/home/seastar/steve_summer_seastar_ws/install/hamburger_helper:/opt/ros/humble /home/seastar/.local/bin/cmake --install /home/seastar/steve_summer_seastar_ws/build/motor_manager
[1.615s] -- Install configuration: ""
[1.615s] -- Execute custom install script
[1.616s] -- Up-to-date symlink: /home/seastar/steve_summer_seastar_ws/install/motor_manager/share/ament_index/resource_index/package_run_dependencies/motor_manager
[1.616s] -- Up-to-date symlink: /home/seastar/steve_summer_seastar_ws/install/motor_manager/share/ament_index/resource_index/parent_prefix_path/motor_manager
[1.616s] -- Up-to-date symlink: /home/seastar/steve_summer_seastar_ws/install/motor_manager/share/motor_manager/environment/ament_prefix_path.sh
[1.616s] -- Up-to-date symlink: /home/seastar/steve_summer_seastar_ws/install/motor_manager/share/motor_manager/environment/ament_prefix_path.dsv
[1.617s] -- Up-to-date symlink: /home/seastar/steve_summer_seastar_ws/install/motor_manager/share/motor_manager/environment/path.sh
[1.617s] -- Up-to-date symlink: /home/seastar/steve_summer_seastar_ws/install/motor_manager/share/motor_manager/environment/path.dsv
[1.618s] -- Up-to-date symlink: /home/seastar/steve_summer_seastar_ws/install/motor_manager/share/motor_manager/local_setup.bash
[1.633s] -- Up-to-date symlink: /home/seastar/steve_summer_seastar_ws/install/motor_manager/share/motor_manager/local_setup.sh
[1.633s] -- Up-to-date symlink: /home/seastar/steve_summer_seastar_ws/install/motor_manager/share/motor_manager/local_setup.zsh
[1.633s] -- Up-to-date symlink: /home/seastar/steve_summer_seastar_ws/install/motor_manager/share/motor_manager/local_setup.dsv
[1.633s] -- Symlinking: /home/seastar/steve_summer_seastar_ws/install/motor_manager/share/motor_manager/package.dsv
[1.634s] -- Up-to-date symlink: /home/seastar/steve_summer_seastar_ws/install/motor_manager/share/ament_index/resource_index/packages/motor_manager
[1.634s] -- Up-to-date symlink: /home/seastar/steve_summer_seastar_ws/install/motor_manager/share/motor_manager/cmake/motor_managerConfig.cmake
[1.634s] -- Up-to-date symlink: /home/seastar/steve_summer_seastar_ws/install/motor_manager/share/motor_manager/cmake/motor_managerConfig-version.cmake
[1.634s] -- Up-to-date symlink: /home/seastar/steve_summer_seastar_ws/install/motor_manager/share/motor_manager/package.xml
[1.634s] -- Up-to-date: /home/seastar/steve_summer_seastar_ws/install/motor_manager/lib/motor_manager/motor_controller
[1.668s] Invoked command in '/home/seastar/steve_summer_seastar_ws/build/motor_manager' returned '0': CMAKE_PREFIX_PATH=${CMAKE_PREFIX_PATH}:/home/seastar/steve_summer_seastar_ws/install/test_driver:/home/seastar/steve_summer_seastar_ws/install/test_cam:/home/seastar/steve_summer_seastar_ws/install/solar_ephemeris:/home/seastar/steve_summer_seastar_ws/install/pysp:/home/seastar/steve_summer_seastar_ws/install/imufaker:/home/seastar/steve_summer_seastar_ws/install/ik_tools:/home/seastar/steve_summer_seastar_ws/install/ik_solver:/home/seastar/steve_summer_seastar_ws/install/hamburger_helper:/opt/ros/humble /home/seastar/.local/bin/cmake --install /home/seastar/steve_summer_seastar_ws/build/motor_manager
