[2.450s] Invoking command in '/home/seastar/steve_summer_seastar_ws/build/hamburger_helper': PYTHONPATH=/home/seastar/steve_summer_seastar_ws/build/hamburger_helper/prefix_override:/home/seastar/steve_summer_seastar_ws/install/hamburger_helper/lib/python3.10/site-packages:${PYTHONPATH} /usr/bin/python3 setup.py develop --editable --build-directory /home/seastar/steve_summer_seastar_ws/build/hamburger_helper/build --no-deps install_data
[3.241s] running develop
[3.242s] /usr/lib/python3/dist-packages/setuptools/command/easy_install.py:158: EasyInstallDeprecationWarning: easy_install command is deprecated. Use build and pip and other standards-based tools.
[3.242s]   warnings.warn(
[3.245s] /usr/lib/python3/dist-packages/setuptools/command/install.py:34: SetuptoolsDeprecationWarning: setup.py install is deprecated. Use build and pip and other standards-based tools.
[3.245s]   warnings.warn(
[3.398s] /usr/lib/python3/dist-packages/pkg_resources/__init__.py:116: PkgResourcesDeprecationWarning: 1.16.0-unknown is an invalid version and will not be supported in a future release
[3.399s]   warnings.warn(
[3.399s] /usr/lib/python3/dist-packages/pkg_resources/__init__.py:116: PkgResourcesDeprecationWarning: 1.1build1 is an invalid version and will not be supported in a future release
[3.399s]   warnings.warn(
[3.748s] running egg_info
[3.749s] writing hamburger_helper.egg-info/PKG-INFO
[3.749s] writing dependency_links to hamburger_helper.egg-info/dependency_links.txt
[3.749s] writing entry points to hamburger_helper.egg-info/entry_points.txt
[3.750s] writing requirements to hamburger_helper.egg-info/requires.txt
[3.750s] writing top-level names to hamburger_helper.egg-info/top_level.txt
[6.273s] writing manifest file 'hamburger_helper.egg-info/SOURCES.txt'
[6.376s] running build_ext
[6.376s] Creating /home/seastar/steve_summer_seastar_ws/install/hamburger_helper/lib/python3.10/site-packages/hamburger-helper.egg-link (link to .)
[6.377s] Installing hamburger_helper script to /home/seastar/steve_summer_seastar_ws/install/hamburger_helper/lib/hamburger_helper
[6.378s] 
[6.378s] Installed /home/seastar/steve_summer_seastar_ws/build/hamburger_helper
[6.378s] running install_data
[6.502s] Invoked command in '/home/seastar/steve_summer_seastar_ws/build/hamburger_helper' returned '0': PYTHONPATH=/home/seastar/steve_summer_seastar_ws/build/hamburger_helper/prefix_override:/home/seastar/steve_summer_seastar_ws/install/hamburger_helper/lib/python3.10/site-packages:${PYTHONPATH} /usr/bin/python3 setup.py develop --editable --build-directory /home/seastar/steve_summer_seastar_ws/build/hamburger_helper/build --no-deps install_data
