running develop
running egg_info
creating imufaker.egg-info
writing imufaker.egg-info/PKG-INFO
writing dependency_links to imufaker.egg-info/dependency_links.txt
writing entry points to imufaker.egg-info/entry_points.txt
writing requirements to imufaker.egg-info/requires.txt
writing top-level names to imufaker.egg-info/top_level.txt
writing manifest file 'imufaker.egg-info/SOURCES.txt'
reading manifest file 'imufaker.egg-info/SOURCES.txt'
writing manifest file 'imufaker.egg-info/SOURCES.txt'
running build_ext
Creating /home/seastar/steve_summer_seastar_ws/install/imufaker/lib/python3.10/site-packages/imufaker.egg-link (link to .)
Installing imufaker script to /home/seastar/steve_summer_seastar_ws/install/imufaker/lib/imufaker

Installed /home/seastar/steve_summer_seastar_ws/build/imufaker
running install_data
creating /home/seastar/steve_summer_seastar_ws/install/imufaker/share/ament_index
creating /home/seastar/steve_summer_seastar_ws/install/imufaker/share/ament_index/resource_index
creating /home/seastar/steve_summer_seastar_ws/install/imufaker/share/ament_index/resource_index/packages
copying resource/imufaker -> /home/seastar/steve_summer_seastar_ws/install/imufaker/share/ament_index/resource_index/packages
copying package.xml -> /home/seastar/steve_summer_seastar_ws/install/imufaker/share/imufaker
