[2.313s] Invoking command in '/home/seastar/steve_summer_seastar_ws/build/imufaker': PYTHONPATH=/home/seastar/steve_summer_seastar_ws/build/imufaker/prefix_override:/home/seastar/steve_summer_seastar_ws/install/imufaker/lib/python3.10/site-packages:${PYTHONPATH} /usr/bin/python3 setup.py develop --editable --build-directory /home/seastar/steve_summer_seastar_ws/build/imufaker/build --no-deps install_data
[3.264s] running develop
[3.265s] /usr/lib/python3/dist-packages/setuptools/command/easy_install.py:158: EasyInstallDeprecationWarning: easy_install command is deprecated. Use build and pip and other standards-based tools.
[3.265s]   warnings.warn(
[3.289s] /usr/lib/python3/dist-packages/setuptools/command/install.py:34: SetuptoolsDeprecationWarning: setup.py install is deprecated. Use build and pip and other standards-based tools.
[3.289s]   warnings.warn(
[3.461s] /usr/lib/python3/dist-packages/pkg_resources/__init__.py:116: PkgResourcesDeprecationWarning: 1.16.0-unknown is an invalid version and will not be supported in a future release
[3.462s]   warnings.warn(
[3.462s] /usr/lib/python3/dist-packages/pkg_resources/__init__.py:116: PkgResourcesDeprecationWarning: 1.1build1 is an invalid version and will not be supported in a future release
[3.462s]   warnings.warn(
[3.463s] /usr/lib/python3/dist-packages/pkg_resources/__init__.py:116: PkgResourcesDeprecationWarning: 0.1.43ubuntu1 is an invalid version and will not be supported in a future release
[3.463s]   warnings.warn(
[3.756s] running egg_info
[3.756s] creating imufaker.egg-info
[3.758s] writing imufaker.egg-info/PKG-INFO
[3.759s] writing dependency_links to imufaker.egg-info/dependency_links.txt
[3.759s] writing entry points to imufaker.egg-info/entry_points.txt
[3.759s] writing requirements to imufaker.egg-info/requires.txt
[3.759s] writing top-level names to imufaker.egg-info/top_level.txt
[3.760s] writing manifest file 'imufaker.egg-info/SOURCES.txt'
[3.850s] listing git files failed - pretending there aren't any
[4.072s] reading manifest file 'imufaker.egg-info/SOURCES.txt'
[4.074s] writing manifest file 'imufaker.egg-info/SOURCES.txt'
[4.178s] running build_ext
[4.178s] Creating /home/seastar/steve_summer_seastar_ws/install/imufaker/lib/python3.10/site-packages/imufaker.egg-link (link to .)
[4.180s] Installing imufaker script to /home/seastar/steve_summer_seastar_ws/install/imufaker/lib/imufaker
[4.180s] 
[4.180s] Installed /home/seastar/steve_summer_seastar_ws/build/imufaker
[4.180s] running install_data
[4.181s] creating /home/seastar/steve_summer_seastar_ws/install/imufaker/share/ament_index
[4.181s] creating /home/seastar/steve_summer_seastar_ws/install/imufaker/share/ament_index/resource_index
[4.181s] creating /home/seastar/steve_summer_seastar_ws/install/imufaker/share/ament_index/resource_index/packages
[4.181s] copying resource/imufaker -> /home/seastar/steve_summer_seastar_ws/install/imufaker/share/ament_index/resource_index/packages
[4.181s] copying package.xml -> /home/seastar/steve_summer_seastar_ws/install/imufaker/share/imufaker
[4.340s] Invoked command in '/home/seastar/steve_summer_seastar_ws/build/imufaker' returned '0': PYTHONPATH=/home/seastar/steve_summer_seastar_ws/build/imufaker/prefix_override:/home/seastar/steve_summer_seastar_ws/install/imufaker/lib/python3.10/site-packages:${PYTHONPATH} /usr/bin/python3 setup.py develop --editable --build-directory /home/seastar/steve_summer_seastar_ws/build/imufaker/build --no-deps install_data
