[2.124s] Invoking command in '/home/seastar/steve_summer_seastar_ws/build/imufaker': PYTHONPATH=/home/seastar/steve_summer_seastar_ws/build/imufaker/prefix_override:/home/seastar/steve_summer_seastar_ws/install/imufaker/lib/python3.10/site-packages:${PYTHONPATH} /usr/bin/python3 setup.py develop --editable --build-directory /home/seastar/steve_summer_seastar_ws/build/imufaker/build --no-deps install_data
[2.818s] running develop
[2.818s] /usr/lib/python3/dist-packages/setuptools/command/easy_install.py:158: EasyInstallDeprecationWarning: easy_install command is deprecated. Use build and pip and other standards-based tools.
[2.819s]   warnings.warn(
[2.823s] /usr/lib/python3/dist-packages/setuptools/command/install.py:34: SetuptoolsDeprecationWarning: setup.py install is deprecated. Use build and pip and other standards-based tools.
[2.823s]   warnings.warn(
[2.975s] /usr/lib/python3/dist-packages/pkg_resources/__init__.py:116: PkgResourcesDeprecationWarning: 1.16.0-unknown is an invalid version and will not be supported in a future release
[2.975s]   warnings.warn(
[2.976s] /usr/lib/python3/dist-packages/pkg_resources/__init__.py:116: PkgResourcesDeprecationWarning: 1.1build1 is an invalid version and will not be supported in a future release
[2.976s]   warnings.warn(
[3.298s] running egg_info
[3.299s] writing imufaker.egg-info/PKG-INFO
[3.299s] writing dependency_links to imufaker.egg-info/dependency_links.txt
[3.299s] writing entry points to imufaker.egg-info/entry_points.txt
[3.300s] writing requirements to imufaker.egg-info/requires.txt
[3.302s] writing top-level names to imufaker.egg-info/top_level.txt
[5.851s] writing manifest file 'imufaker.egg-info/SOURCES.txt'
[6.013s] running build_ext
[6.014s] Creating /home/seastar/steve_summer_seastar_ws/install/imufaker/lib/python3.10/site-packages/imufaker.egg-link (link to .)
[6.016s] Installing imufaker script to /home/seastar/steve_summer_seastar_ws/install/imufaker/lib/imufaker
[6.017s] 
[6.017s] Installed /home/seastar/steve_summer_seastar_ws/build/imufaker
[6.018s] running install_data
[6.273s] Invoked command in '/home/seastar/steve_summer_seastar_ws/build/imufaker' returned '0': PYTHONPATH=/home/seastar/steve_summer_seastar_ws/build/imufaker/prefix_override:/home/seastar/steve_summer_seastar_ws/install/imufaker/lib/python3.10/site-packages:${PYTHONPATH} /usr/bin/python3 setup.py develop --editable --build-directory /home/seastar/steve_summer_seastar_ws/build/imufaker/build --no-deps install_data
