[2.452s] Invoking command in '/home/seastar/steve_summer_seastar_ws/build/pysp': PYTHONPATH=/home/seastar/steve_summer_seastar_ws/build/pysp/prefix_override:/home/seastar/steve_summer_seastar_ws/install/pysp/lib/python3.10/site-packages:${PYTHONPATH} /usr/bin/python3 setup.py develop --editable --build-directory /home/seastar/steve_summer_seastar_ws/build/pysp/build --no-deps install_data
[3.639s] running develop
[3.639s] /usr/lib/python3/dist-packages/setuptools/command/easy_install.py:158: EasyInstallDeprecationWarning: easy_install command is deprecated. Use build and pip and other standards-based tools.
[3.640s]   warnings.warn(
[3.642s] /usr/lib/python3/dist-packages/setuptools/command/install.py:34: SetuptoolsDeprecationWarning: setup.py install is deprecated. Use build and pip and other standards-based tools.
[3.642s]   warnings.warn(
[3.876s] /usr/lib/python3/dist-packages/pkg_resources/__init__.py:116: PkgResourcesDeprecationWarning: 1.16.0-unknown is an invalid version and will not be supported in a future release
[3.876s]   warnings.warn(
[3.876s] /usr/lib/python3/dist-packages/pkg_resources/__init__.py:116: PkgResourcesDeprecationWarning: 1.1build1 is an invalid version and will not be supported in a future release
[3.877s]   warnings.warn(
[3.877s] /usr/lib/python3/dist-packages/pkg_resources/__init__.py:116: PkgResourcesDeprecationWarning: 0.1.43ubuntu1 is an invalid version and will not be supported in a future release
[3.877s]   warnings.warn(
[4.387s] running egg_info
[4.387s] writing pysp.egg-info/PKG-INFO
[4.388s] writing dependency_links to pysp.egg-info/dependency_links.txt
[4.389s] writing entry points to pysp.egg-info/entry_points.txt
[4.389s] writing requirements to pysp.egg-info/requires.txt
[4.389s] writing top-level names to pysp.egg-info/top_level.txt
[4.545s] listing git files failed - pretending there aren't any
[4.858s] reading manifest file 'pysp.egg-info/SOURCES.txt'
[4.860s] writing manifest file 'pysp.egg-info/SOURCES.txt'
[4.996s] running build_ext
[4.997s] Creating /home/seastar/steve_summer_seastar_ws/install/pysp/lib/python3.10/site-packages/pysp.egg-link (link to .)
[5.003s] Installing state_publisher script to /home/seastar/steve_summer_seastar_ws/install/pysp/lib/pysp
[5.004s] 
[5.004s] Installed /home/seastar/steve_summer_seastar_ws/build/pysp
[5.004s] running install_data
[5.196s] Invoked command in '/home/seastar/steve_summer_seastar_ws/build/pysp' returned '0': PYTHONPATH=/home/seastar/steve_summer_seastar_ws/build/pysp/prefix_override:/home/seastar/steve_summer_seastar_ws/install/pysp/lib/python3.10/site-packages:${PYTHONPATH} /usr/bin/python3 setup.py develop --editable --build-directory /home/seastar/steve_summer_seastar_ws/build/pysp/build --no-deps install_data
