running develop
running egg_info
creating pysp.egg-info
writing pysp.egg-info/PKG-INFO
writing dependency_links to pysp.egg-info/dependency_links.txt
writing entry points to pysp.egg-info/entry_points.txt
writing requirements to pysp.egg-info/requires.txt
writing top-level names to pysp.egg-info/top_level.txt
writing manifest file 'pysp.egg-info/SOURCES.txt'
reading manifest file 'pysp.egg-info/SOURCES.txt'
writing manifest file 'pysp.egg-info/SOURCES.txt'
running build_ext
Creating /home/seastar/steve_summer_seastar_ws/install/pysp/lib/python3.10/site-packages/pysp.egg-link (link to .)
Installing state_publisher script to /home/seastar/steve_summer_seastar_ws/install/pysp/lib/pysp

Installed /home/seastar/steve_summer_seastar_ws/build/pysp
running install_data
creating /home/seastar/steve_summer_seastar_ws/install/pysp/share/ament_index
creating /home/seastar/steve_summer_seastar_ws/install/pysp/share/ament_index/resource_index
creating /home/seastar/steve_summer_seastar_ws/install/pysp/share/ament_index/resource_index/packages
copying resource/pysp -> /home/seastar/steve_summer_seastar_ws/install/pysp/share/ament_index/resource_index/packages
copying package.xml -> /home/seastar/steve_summer_seastar_ws/install/pysp/share/pysp
creating /home/seastar/steve_summer_seastar_ws/install/pysp/share/pysp/launch
copying launch/publish.launch.py -> /home/seastar/steve_summer_seastar_ws/install/pysp/share/pysp/launch
copying urdf/materials.xacro -> /home/seastar/steve_summer_seastar_ws/install/pysp/share/pysp
copying urdf/05_seastar_roll.urdf.xacro -> /home/seastar/steve_summer_seastar_ws/install/pysp/share/pysp
copying urdf/seastar.urdf.xacro.upright2 -> /home/seastar/steve_summer_seastar_ws/install/pysp/share/pysp
copying urdf/01_seastar_header.urdf -> /home/seastar/steve_summer_seastar_ws/install/pysp/share/pysp
copying urdf/07_seastar_stokes.urdf.xacro -> /home/seastar/steve_summer_seastar_ws/install/pysp/share/pysp
copying urdf/seastar.urdf.xacro -> /home/seastar/steve_summer_seastar_ws/install/pysp/share/pysp
copying urdf/pyMotor.so -> /home/seastar/steve_summer_seastar_ws/install/pysp/share/pysp
copying urdf/08_seastar_footer.urdf -> /home/seastar/steve_summer_seastar_ws/install/pysp/share/pysp
copying urdf/pysMotor.py -> /home/seastar/steve_summer_seastar_ws/install/pysp/share/pysp
copying urdf/macros.xacro -> /home/seastar/steve_summer_seastar_ws/install/pysp/share/pysp
copying urdf/03_seastar_base.urdf.xacro -> /home/seastar/steve_summer_seastar_ws/install/pysp/share/pysp
copying urdf/02_seastar_imulink.urdf -> /home/seastar/steve_summer_seastar_ws/install/pysp/share/pysp
copying urdf/seastar.urdf -> /home/seastar/steve_summer_seastar_ws/install/pysp/share/pysp
copying urdf/04_seastar_upright1.urdf.xacro -> /home/seastar/steve_summer_seastar_ws/install/pysp/share/pysp
copying urdf/build_seastar_urdf.sh -> /home/seastar/steve_summer_seastar_ws/install/pysp/share/pysp
copying urdf/06_seastar_pitch.urdf.xacro -> /home/seastar/steve_summer_seastar_ws/install/pysp/share/pysp
copying urdf/seastar.sdf -> /home/seastar/steve_summer_seastar_ws/install/pysp/share/pysp
copying pyMotor.so -> /home/seastar/steve_summer_seastar_ws/install/pysp/share/pysp
