[2.334s] Invoking command in '/home/seastar/steve_summer_seastar_ws/build/imufaker': PYTHONPATH=/home/seastar/steve_summer_seastar_ws/build/imufaker/prefix_override:/home/seastar/steve_summer_seastar_ws/install/imufaker/lib/python3.10/site-packages:${PYTHONPATH} /usr/bin/python3 setup.py develop --editable --build-directory /home/seastar/steve_summer_seastar_ws/build/imufaker/build --no-deps install_data
[3.023s] running develop
[3.024s] /usr/lib/python3/dist-packages/setuptools/command/easy_install.py:158: EasyInstallDeprecationWarning: easy_install command is deprecated. Use build and pip and other standards-based tools.
[3.024s]   warnings.warn(
[3.026s] /usr/lib/python3/dist-packages/setuptools/command/install.py:34: SetuptoolsDeprecationWarning: setup.py install is deprecated. Use build and pip and other standards-based tools.
[3.026s]   warnings.warn(
[3.204s] /usr/lib/python3/dist-packages/pkg_resources/__init__.py:116: PkgResourcesDeprecationWarning: 1.16.0-unknown is an invalid version and will not be supported in a future release
[3.205s]   warnings.warn(
[3.205s] /usr/lib/python3/dist-packages/pkg_resources/__init__.py:116: PkgResourcesDeprecationWarning: 1.1build1 is an invalid version and will not be supported in a future release
[3.205s]   warnings.warn(
[3.496s] running egg_info
[3.496s] writing imufaker.egg-info/PKG-INFO
[3.497s] writing dependency_links to imufaker.egg-info/dependency_links.txt
[3.497s] writing entry points to imufaker.egg-info/entry_points.txt
[3.497s] writing requirements to imufaker.egg-info/requires.txt
[3.497s] writing top-level names to imufaker.egg-info/top_level.txt
[3.599s] listing git files failed - pretending there aren't any
[3.898s] reading manifest file 'imufaker.egg-info/SOURCES.txt'
[3.900s] writing manifest file 'imufaker.egg-info/SOURCES.txt'
[4.019s] running build_ext
[4.020s] Creating /home/seastar/steve_summer_seastar_ws/install/imufaker/lib/python3.10/site-packages/imufaker.egg-link (link to .)
[4.022s] Installing imufaker script to /home/seastar/steve_summer_seastar_ws/install/imufaker/lib/imufaker
[4.023s] 
[4.023s] Installed /home/seastar/steve_summer_seastar_ws/build/imufaker
[4.023s] running install_data
[4.226s] Invoked command in '/home/seastar/steve_summer_seastar_ws/build/imufaker' returned '0': PYTHONPATH=/home/seastar/steve_summer_seastar_ws/build/imufaker/prefix_override:/home/seastar/steve_summer_seastar_ws/install/imufaker/lib/python3.10/site-packages:${PYTHONPATH} /usr/bin/python3 setup.py develop --editable --build-directory /home/seastar/steve_summer_seastar_ws/build/imufaker/build --no-deps install_data
