[3.471s] Invoking command in '/home/seastar/steve_summer_seastar_ws/build/hamburger_helper': PYTHONPATH=/home/seastar/steve_summer_seastar_ws/build/hamburger_helper/prefix_override:/home/seastar/steve_summer_seastar_ws/install/hamburger_helper/lib/python3.10/site-packages:${PYTHONPATH} /usr/bin/python3 setup.py develop --editable --build-directory /home/seastar/steve_summer_seastar_ws/build/hamburger_helper/build --no-deps install_data
[4.736s] running develop
[4.737s] /usr/lib/python3/dist-packages/setuptools/command/easy_install.py:158: EasyInstallDeprecationWarning: easy_install command is deprecated. Use build and pip and other standards-based tools.
[4.737s]   warnings.warn(
[4.743s] /usr/lib/python3/dist-packages/setuptools/command/install.py:34: SetuptoolsDeprecationWarning: setup.py install is deprecated. Use build and pip and other standards-based tools.
[4.743s]   warnings.warn(
[4.913s] /usr/lib/python3/dist-packages/pkg_resources/__init__.py:116: PkgResourcesDeprecationWarning: 1.16.0-unknown is an invalid version and will not be supported in a future release
[4.913s]   warnings.warn(
[4.913s] /usr/lib/python3/dist-packages/pkg_resources/__init__.py:116: PkgResourcesDeprecationWarning: 1.1build1 is an invalid version and will not be supported in a future release
[4.913s]   warnings.warn(
[4.914s] /usr/lib/python3/dist-packages/pkg_resources/__init__.py:116: PkgResourcesDeprecationWarning: 0.1.43ubuntu1 is an invalid version and will not be supported in a future release
[4.914s]   warnings.warn(
[5.521s] running egg_info
[5.521s] writing hamburger_helper.egg-info/PKG-INFO
[5.524s] writing dependency_links to hamburger_helper.egg-info/dependency_links.txt
[5.524s] writing entry points to hamburger_helper.egg-info/entry_points.txt
[5.524s] writing requirements to hamburger_helper.egg-info/requires.txt
[5.524s] writing top-level names to hamburger_helper.egg-info/top_level.txt
[5.795s] listing git files failed - pretending there aren't any
[6.428s] reading manifest file 'hamburger_helper.egg-info/SOURCES.txt'
[6.429s] writing manifest file 'hamburger_helper.egg-info/SOURCES.txt'
[6.605s] running build_ext
[6.605s] Creating /home/seastar/steve_summer_seastar_ws/install/hamburger_helper/lib/python3.10/site-packages/hamburger-helper.egg-link (link to .)
[6.606s] Installing hamburger_helper script to /home/seastar/steve_summer_seastar_ws/install/hamburger_helper/lib/hamburger_helper
[6.607s] 
[6.607s] Installed /home/seastar/steve_summer_seastar_ws/build/hamburger_helper
[6.612s] running install_data
[6.806s] Invoked command in '/home/seastar/steve_summer_seastar_ws/build/hamburger_helper' returned '0': PYTHONPATH=/home/seastar/steve_summer_seastar_ws/build/hamburger_helper/prefix_override:/home/seastar/steve_summer_seastar_ws/install/hamburger_helper/lib/python3.10/site-packages:${PYTHONPATH} /usr/bin/python3 setup.py develop --editable --build-directory /home/seastar/steve_summer_seastar_ws/build/hamburger_helper/build --no-deps install_data
