[ 50%] [32mBuilding CXX object CMakeFiles/sunspotter.dir/src/publisher_member_function.cpp.o[0m
[100%] [32m[1mLinking CXX executable sunspotter[0m
[100%] Built target sunspotter
-- Install configuration: ""
-- Execute custom install script
-- Up-to-date symlink: /home/seastar/steve_summer_seastar_ws/install/sunspotter/lib/sunspotter//sunspotter
-- Up-to-date symlink: /home/seastar/steve_summer_seastar_ws/install/sunspotter/share/ament_index/resource_index/package_run_dependencies/sunspotter
-- Up-to-date symlink: /home/seastar/steve_summer_seastar_ws/install/sunspotter/share/ament_index/resource_index/parent_prefix_path/sunspotter
-- Up-to-date symlink: /home/seastar/steve_summer_seastar_ws/install/sunspotter/share/sunspotter/environment/ament_prefix_path.sh
-- Up-to-date symlink: /home/seastar/steve_summer_seastar_ws/install/sunspotter/share/sunspotter/environment/ament_prefix_path.dsv
-- Up-to-date symlink: /home/seastar/steve_summer_seastar_ws/install/sunspotter/share/sunspotter/environment/path.sh
-- Up-to-date symlink: /home/seastar/steve_summer_seastar_ws/install/sunspotter/share/sunspotter/environment/path.dsv
-- Up-to-date symlink: /home/seastar/steve_summer_seastar_ws/install/sunspotter/share/sunspotter/local_setup.bash
-- Up-to-date symlink: /home/seastar/steve_summer_seastar_ws/install/sunspotter/share/sunspotter/local_setup.sh
-- Up-to-date symlink: /home/seastar/steve_summer_seastar_ws/install/sunspotter/share/sunspotter/local_setup.zsh
-- Up-to-date symlink: /home/seastar/steve_summer_seastar_ws/install/sunspotter/share/sunspotter/local_setup.dsv
-- Symlinking: /home/seastar/steve_summer_seastar_ws/install/sunspotter/share/sunspotter/package.dsv
-- Up-to-date symlink: /home/seastar/steve_summer_seastar_ws/install/sunspotter/share/ament_index/resource_index/packages/sunspotter
-- Up-to-date symlink: /home/seastar/steve_summer_seastar_ws/install/sunspotter/share/sunspotter/cmake/sunspotterConfig.cmake
-- Up-to-date symlink: /home/seastar/steve_summer_seastar_ws/install/sunspotter/share/sunspotter/cmake/sunspotterConfig-version.cmake
-- Up-to-date symlink: /home/seastar/steve_summer_seastar_ws/install/sunspotter/share/sunspotter/package.xml
