[0.080s] Invoking command in '/home/seastar/steve_summer_seastar_ws/build/motor_state_manager': CMAKE_PREFIX_PATH=${CMAKE_PREFIX_PATH}:/home/seastar/steve_summer_seastar_ws/install/test_driver:/home/seastar/steve_summer_seastar_ws/install/test_cam:/home/seastar/steve_summer_seastar_ws/install/solar_ephemeris:/home/seastar/steve_summer_seastar_ws/install/pysp:/home/seastar/steve_summer_seastar_ws/install/imufaker:/home/seastar/steve_summer_seastar_ws/install/ik_tools:/home/seastar/steve_summer_seastar_ws/install/ik_solver:/home/seastar/steve_summer_seastar_ws/install/hamburger_helper:/opt/ros/humble /home/seastar/.local/bin/cmake --build /home/seastar/steve_summer_seastar_ws/build/motor_state_manager -- -j4 -l4
[0.344s] [100%] Built target motor_state_manager
[1.111s] Invoked command in '/home/seastar/steve_summer_seastar_ws/build/motor_state_manager' returned '0': CMAKE_PREFIX_PATH=${CMAKE_PREFIX_PATH}:/home/seastar/steve_summer_seastar_ws/install/test_driver:/home/seastar/steve_summer_seastar_ws/install/test_cam:/home/seastar/steve_summer_seastar_ws/install/solar_ephemeris:/home/seastar/steve_summer_seastar_ws/install/pysp:/home/seastar/steve_summer_seastar_ws/install/imufaker:/home/seastar/steve_summer_seastar_ws/install/ik_tools:/home/seastar/steve_summer_seastar_ws/install/ik_solver:/home/seastar/steve_summer_seastar_ws/install/hamburger_helper:/opt/ros/humble /home/seastar/.local/bin/cmake --build /home/seastar/steve_summer_seastar_ws/build/motor_state_manager -- -j4 -l4
[1.268s] Invoking command in '/home/seastar/steve_summer_seastar_ws/build/motor_state_manager': CMAKE_PREFIX_PATH=${CMAKE_PREFIX_PATH}:/home/seastar/steve_summer_seastar_ws/install/test_driver:/home/seastar/steve_summer_seastar_ws/install/test_cam:/home/seastar/steve_summer_seastar_ws/install/solar_ephemeris:/home/seastar/steve_summer_seastar_ws/install/pysp:/home/seastar/steve_summer_seastar_ws/install/imufaker:/home/seastar/steve_summer_seastar_ws/install/ik_tools:/home/seastar/steve_summer_seastar_ws/install/ik_solver:/home/seastar/steve_summer_seastar_ws/install/hamburger_helper:/opt/ros/humble /home/seastar/.local/bin/cmake --install /home/seastar/steve_summer_seastar_ws/build/motor_state_manager
[1.410s] -- Install configuration: ""
[1.410s] -- Execute custom install script
[1.411s] -- Up-to-date symlink: /home/seastar/steve_summer_seastar_ws/install/motor_state_manager/lib/motor_state_manager/motor_state_manager
[1.411s] -- Up-to-date symlink: /home/seastar/steve_summer_seastar_ws/install/motor_state_manager/lib/motor_state_manager/motorsettings.cfg
[1.411s] -- Up-to-date symlink: /home/seastar/steve_summer_seastar_ws/install/motor_state_manager/share/ament_index/resource_index/package_run_dependencies/motor_state_manager
[1.412s] -- Up-to-date symlink: /home/seastar/steve_summer_seastar_ws/install/motor_state_manager/share/ament_index/resource_index/parent_prefix_path/motor_state_manager
[1.412s] -- Up-to-date symlink: /home/seastar/steve_summer_seastar_ws/install/motor_state_manager/share/motor_state_manager/environment/ament_prefix_path.sh
[1.412s] -- Up-to-date symlink: /home/seastar/steve_summer_seastar_ws/install/motor_state_manager/share/motor_state_manager/environment/ament_prefix_path.dsv
[1.412s] -- Up-to-date symlink: /home/seastar/steve_summer_seastar_ws/install/motor_state_manager/share/motor_state_manager/environment/path.sh
[1.413s] -- Up-to-date symlink: /home/seastar/steve_summer_seastar_ws/install/motor_state_manager/share/motor_state_manager/environment/path.dsv
[1.413s] -- Up-to-date symlink: /home/seastar/steve_summer_seastar_ws/install/motor_state_manager/share/motor_state_manager/local_setup.bash
[1.413s] -- Up-to-date symlink: /home/seastar/steve_summer_seastar_ws/install/motor_state_manager/share/motor_state_manager/local_setup.sh
[1.413s] -- Up-to-date symlink: /home/seastar/steve_summer_seastar_ws/install/motor_state_manager/share/motor_state_manager/local_setup.zsh
[1.414s] -- Up-to-date symlink: /home/seastar/steve_summer_seastar_ws/install/motor_state_manager/share/motor_state_manager/local_setup.dsv
[1.414s] -- Symlinking: /home/seastar/steve_summer_seastar_ws/install/motor_state_manager/share/motor_state_manager/package.dsv
[1.445s] -- Up-to-date symlink: /home/seastar/steve_summer_seastar_ws/install/motor_state_manager/share/ament_index/resource_index/packages/motor_state_manager
[1.445s] -- Up-to-date symlink: /home/seastar/steve_summer_seastar_ws/install/motor_state_manager/share/motor_state_manager/cmake/motor_state_managerConfig.cmake
[1.445s] -- Up-to-date symlink: /home/seastar/steve_summer_seastar_ws/install/motor_state_manager/share/motor_state_manager/cmake/motor_state_managerConfig-version.cmake
[1.445s] -- Up-to-date symlink: /home/seastar/steve_summer_seastar_ws/install/motor_state_manager/share/motor_state_manager/package.xml
[1.464s] Invoked command in '/home/seastar/steve_summer_seastar_ws/build/motor_state_manager' returned '0': CMAKE_PREFIX_PATH=${CMAKE_PREFIX_PATH}:/home/seastar/steve_summer_seastar_ws/install/test_driver:/home/seastar/steve_summer_seastar_ws/install/test_cam:/home/seastar/steve_summer_seastar_ws/install/solar_ephemeris:/home/seastar/steve_summer_seastar_ws/install/pysp:/home/seastar/steve_summer_seastar_ws/install/imufaker:/home/seastar/steve_summer_seastar_ws/install/ik_tools:/home/seastar/steve_summer_seastar_ws/install/ik_solver:/home/seastar/steve_summer_seastar_ws/install/hamburger_helper:/opt/ros/humble /home/seastar/.local/bin/cmake --install /home/seastar/steve_summer_seastar_ws/build/motor_state_manager
