[0.021s] Invoking command in '/home/seastar/steve_summer_seastar_ws/build/motor_state_manager': CMAKE_PREFIX_PATH=${CMAKE_PREFIX_PATH}:/home/seastar/steve_summer_seastar_ws/install/test_cam:/home/seastar/steve_summer_seastar_ws/install/solar_ephemeris:/home/seastar/steve_summer_seastar_ws/install/pysp:/home/seastar/steve_summer_seastar_ws/install/imufaker:/home/seastar/steve_summer_seastar_ws/install/ik_tools:/home/seastar/steve_summer_seastar_ws/install/ik_solver:/home/seastar/steve_summer_seastar_ws/install/hamburger_helper:/opt/ros/humble /home/seastar/.local/bin/cmake --build /home/seastar/steve_summer_seastar_ws/build/motor_state_manager -- -j4 -l4
[0.181s] [100%] Built target motor_state_manager
[0.219s] Invoked command in '/home/seastar/steve_summer_seastar_ws/build/motor_state_manager' returned '0': CMAKE_PREFIX_PATH=${CMAKE_PREFIX_PATH}:/home/seastar/steve_summer_seastar_ws/install/test_cam:/home/seastar/steve_summer_seastar_ws/install/solar_ephemeris:/home/seastar/steve_summer_seastar_ws/install/pysp:/home/seastar/steve_summer_seastar_ws/install/imufaker:/home/seastar/steve_summer_seastar_ws/install/ik_tools:/home/seastar/steve_summer_seastar_ws/install/ik_solver:/home/seastar/steve_summer_seastar_ws/install/hamburger_helper:/opt/ros/humble /home/seastar/.local/bin/cmake --build /home/seastar/steve_summer_seastar_ws/build/motor_state_manager -- -j4 -l4
[0.451s] Invoking command in '/home/seastar/steve_summer_seastar_ws/build/motor_state_manager': CMAKE_PREFIX_PATH=${CMAKE_PREFIX_PATH}:/home/seastar/steve_summer_seastar_ws/install/test_cam:/home/seastar/steve_summer_seastar_ws/install/solar_ephemeris:/home/seastar/steve_summer_seastar_ws/install/pysp:/home/seastar/steve_summer_seastar_ws/install/imufaker:/home/seastar/steve_summer_seastar_ws/install/ik_tools:/home/seastar/steve_summer_seastar_ws/install/ik_solver:/home/seastar/steve_summer_seastar_ws/install/hamburger_helper:/opt/ros/humble /home/seastar/.local/bin/cmake --install /home/seastar/steve_summer_seastar_ws/build/motor_state_manager
[0.556s] -- Install configuration: ""
[0.557s] -- Execute custom install script
[0.557s] -- Up-to-date symlink: /home/seastar/steve_summer_seastar_ws/install/motor_state_manager/lib/motor_state_manager/motor_state_manager
[0.558s] -- Up-to-date symlink: /home/seastar/steve_summer_seastar_ws/install/motor_state_manager/lib/motor_state_manager/motorsettings.cfg
[0.558s] -- Up-to-date symlink: /home/seastar/steve_summer_seastar_ws/install/motor_state_manager/share/ament_index/resource_index/package_run_dependencies/motor_state_manager
[0.562s] -- Up-to-date symlink: /home/seastar/steve_summer_seastar_ws/install/motor_state_manager/share/ament_index/resource_index/parent_prefix_path/motor_state_manager
[0.563s] -- Up-to-date symlink: /home/seastar/steve_summer_seastar_ws/install/motor_state_manager/share/motor_state_manager/environment/ament_prefix_path.sh
[0.563s] -- Up-to-date symlink: /home/seastar/steve_summer_seastar_ws/install/motor_state_manager/share/motor_state_manager/environment/ament_prefix_path.dsv
[0.563s] -- Up-to-date symlink: /home/seastar/steve_summer_seastar_ws/install/motor_state_manager/share/motor_state_manager/environment/path.sh
[0.563s] -- Up-to-date symlink: /home/seastar/steve_summer_seastar_ws/install/motor_state_manager/share/motor_state_manager/environment/path.dsv
[0.564s] -- Up-to-date symlink: /home/seastar/steve_summer_seastar_ws/install/motor_state_manager/share/motor_state_manager/local_setup.bash
[0.564s] -- Up-to-date symlink: /home/seastar/steve_summer_seastar_ws/install/motor_state_manager/share/motor_state_manager/local_setup.sh
[0.564s] -- Up-to-date symlink: /home/seastar/steve_summer_seastar_ws/install/motor_state_manager/share/motor_state_manager/local_setup.zsh
[0.565s] -- Up-to-date symlink: /home/seastar/steve_summer_seastar_ws/install/motor_state_manager/share/motor_state_manager/local_setup.dsv
[0.565s] -- Symlinking: /home/seastar/steve_summer_seastar_ws/install/motor_state_manager/share/motor_state_manager/package.dsv
[0.570s] -- Up-to-date symlink: /home/seastar/steve_summer_seastar_ws/install/motor_state_manager/share/ament_index/resource_index/packages/motor_state_manager
[0.570s] -- Up-to-date symlink: /home/seastar/steve_summer_seastar_ws/install/motor_state_manager/share/motor_state_manager/cmake/motor_state_managerConfig.cmake
[0.571s] -- Up-to-date symlink: /home/seastar/steve_summer_seastar_ws/install/motor_state_manager/share/motor_state_manager/cmake/motor_state_managerConfig-version.cmake
[0.571s] -- Up-to-date symlink: /home/seastar/steve_summer_seastar_ws/install/motor_state_manager/share/motor_state_manager/package.xml
[0.600s] Invoked command in '/home/seastar/steve_summer_seastar_ws/build/motor_state_manager' returned '0': CMAKE_PREFIX_PATH=${CMAKE_PREFIX_PATH}:/home/seastar/steve_summer_seastar_ws/install/test_cam:/home/seastar/steve_summer_seastar_ws/install/solar_ephemeris:/home/seastar/steve_summer_seastar_ws/install/pysp:/home/seastar/steve_summer_seastar_ws/install/imufaker:/home/seastar/steve_summer_seastar_ws/install/ik_tools:/home/seastar/steve_summer_seastar_ws/install/ik_solver:/home/seastar/steve_summer_seastar_ws/install/hamburger_helper:/opt/ros/humble /home/seastar/.local/bin/cmake --install /home/seastar/steve_summer_seastar_ws/build/motor_state_manager
