[0.594s] Invoking command in '/home/seastar/steve_summer_seastar_ws/build/head_chef': CMAKE_PREFIX_PATH=/home/seastar/steve_summer_seastar_ws/install/seastar_interfaces:/home/seastar/steve_summer_seastar_ws/install/sunspotter:/home/seastar/steve_summer_seastar_ws/install/head_chef:/home/seastar/steve_summer_seastar_ws/install/motor_state_manager:/home/seastar/steve_summer_seastar_ws/install/motor_manager:/home/seastar/steve_summer_seastar_ws/install/bluespace_ai_xsens_mti_driver:/home/seastar/steve_summer_seastar_ws/install/test_cam:/home/seastar/steve_summer_seastar_ws/install/solar_ephemeris:/home/seastar/steve_summer_seastar_ws/install/pysp:/home/seastar/steve_summer_seastar_ws/install/imufaker:/home/seastar/steve_summer_seastar_ws/install/ik_tools:/home/seastar/steve_summer_seastar_ws/install/ik_solver:/home/seastar/steve_summer_seastar_ws/install/hamburger_helper:/opt/ros/humble /home/seastar/.local/bin/cmake --build /home/seastar/steve_summer_seastar_ws/build/head_chef -- -j4 -l4
[0.756s] [ 16%] [32mBuilding CXX object CMakeFiles/head_chef.dir/src/sousChef.cpp.o[0m
[0.791s] [01m[Kcc1plus:[m[K [01;35m[Kwarning: [m[K/usr/lib/x86_64-linux-gnu/libconfig++.so: not a directory
[2.226s] [ 33%] [32m[1mLinking CXX executable head_chef[0m
[4.322s] [100%] Built target head_chef
[4.338s] Invoked command in '/home/seastar/steve_summer_seastar_ws/build/head_chef' returned '0': CMAKE_PREFIX_PATH=/home/seastar/steve_summer_seastar_ws/install/seastar_interfaces:/home/seastar/steve_summer_seastar_ws/install/sunspotter:/home/seastar/steve_summer_seastar_ws/install/head_chef:/home/seastar/steve_summer_seastar_ws/install/motor_state_manager:/home/seastar/steve_summer_seastar_ws/install/motor_manager:/home/seastar/steve_summer_seastar_ws/install/bluespace_ai_xsens_mti_driver:/home/seastar/steve_summer_seastar_ws/install/test_cam:/home/seastar/steve_summer_seastar_ws/install/solar_ephemeris:/home/seastar/steve_summer_seastar_ws/install/pysp:/home/seastar/steve_summer_seastar_ws/install/imufaker:/home/seastar/steve_summer_seastar_ws/install/ik_tools:/home/seastar/steve_summer_seastar_ws/install/ik_solver:/home/seastar/steve_summer_seastar_ws/install/hamburger_helper:/opt/ros/humble /home/seastar/.local/bin/cmake --build /home/seastar/steve_summer_seastar_ws/build/head_chef -- -j4 -l4
[4.447s] Invoking command in '/home/seastar/steve_summer_seastar_ws/build/head_chef': CMAKE_PREFIX_PATH=/home/seastar/steve_summer_seastar_ws/install/seastar_interfaces:/home/seastar/steve_summer_seastar_ws/install/sunspotter:/home/seastar/steve_summer_seastar_ws/install/head_chef:/home/seastar/steve_summer_seastar_ws/install/motor_state_manager:/home/seastar/steve_summer_seastar_ws/install/motor_manager:/home/seastar/steve_summer_seastar_ws/install/bluespace_ai_xsens_mti_driver:/home/seastar/steve_summer_seastar_ws/install/test_cam:/home/seastar/steve_summer_seastar_ws/install/solar_ephemeris:/home/seastar/steve_summer_seastar_ws/install/pysp:/home/seastar/steve_summer_seastar_ws/install/imufaker:/home/seastar/steve_summer_seastar_ws/install/ik_tools:/home/seastar/steve_summer_seastar_ws/install/ik_solver:/home/seastar/steve_summer_seastar_ws/install/hamburger_helper:/opt/ros/humble /home/seastar/.local/bin/cmake --install /home/seastar/steve_summer_seastar_ws/build/head_chef
[4.503s] -- Install configuration: ""
[4.505s] -- Execute custom install script
[4.505s] -- Up-to-date symlink: /home/seastar/steve_summer_seastar_ws/install/head_chef/lib/head_chef/head_chef
[4.506s] -- Up-to-date symlink: /home/seastar/steve_summer_seastar_ws/install/head_chef/share/ament_index/resource_index/package_run_dependencies/head_chef
[4.507s] -- Up-to-date symlink: /home/seastar/steve_summer_seastar_ws/install/head_chef/share/ament_index/resource_index/parent_prefix_path/head_chef
[4.507s] -- Up-to-date symlink: /home/seastar/steve_summer_seastar_ws/install/head_chef/share/head_chef/environment/ament_prefix_path.sh
[4.508s] -- Up-to-date symlink: /home/seastar/steve_summer_seastar_ws/install/head_chef/share/head_chef/environment/ament_prefix_path.dsv
[4.509s] -- Up-to-date symlink: /home/seastar/steve_summer_seastar_ws/install/head_chef/share/head_chef/environment/path.sh
[4.509s] -- Up-to-date symlink: /home/seastar/steve_summer_seastar_ws/install/head_chef/share/head_chef/environment/path.dsv
[4.509s] -- Up-to-date symlink: /home/seastar/steve_summer_seastar_ws/install/head_chef/share/head_chef/local_setup.bash
[4.510s] -- Up-to-date symlink: /home/seastar/steve_summer_seastar_ws/install/head_chef/share/head_chef/local_setup.sh
[4.510s] -- Up-to-date symlink: /home/seastar/steve_summer_seastar_ws/install/head_chef/share/head_chef/local_setup.zsh
[4.510s] -- Up-to-date symlink: /home/seastar/steve_summer_seastar_ws/install/head_chef/share/head_chef/local_setup.dsv
[4.511s] -- Symlinking: /home/seastar/steve_summer_seastar_ws/install/head_chef/share/head_chef/package.dsv
[4.516s] -- Up-to-date symlink: /home/seastar/steve_summer_seastar_ws/install/head_chef/share/ament_index/resource_index/packages/head_chef
[4.516s] -- Up-to-date symlink: /home/seastar/steve_summer_seastar_ws/install/head_chef/share/head_chef/cmake/head_chefConfig.cmake
[4.517s] -- Up-to-date symlink: /home/seastar/steve_summer_seastar_ws/install/head_chef/share/head_chef/cmake/head_chefConfig-version.cmake
[4.517s] -- Up-to-date symlink: /home/seastar/steve_summer_seastar_ws/install/head_chef/share/head_chef/package.xml
[4.532s] Invoked command in '/home/seastar/steve_summer_seastar_ws/build/head_chef' returned '0': CMAKE_PREFIX_PATH=/home/seastar/steve_summer_seastar_ws/install/seastar_interfaces:/home/seastar/steve_summer_seastar_ws/install/sunspotter:/home/seastar/steve_summer_seastar_ws/install/head_chef:/home/seastar/steve_summer_seastar_ws/install/motor_state_manager:/home/seastar/steve_summer_seastar_ws/install/motor_manager:/home/seastar/steve_summer_seastar_ws/install/bluespace_ai_xsens_mti_driver:/home/seastar/steve_summer_seastar_ws/install/test_cam:/home/seastar/steve_summer_seastar_ws/install/solar_ephemeris:/home/seastar/steve_summer_seastar_ws/install/pysp:/home/seastar/steve_summer_seastar_ws/install/imufaker:/home/seastar/steve_summer_seastar_ws/install/ik_tools:/home/seastar/steve_summer_seastar_ws/install/ik_solver:/home/seastar/steve_summer_seastar_ws/install/hamburger_helper:/opt/ros/humble /home/seastar/.local/bin/cmake --install /home/seastar/steve_summer_seastar_ws/build/head_chef
