[0.065s] Invoking command in '/home/seastar/steve_summer_seastar_ws/build/sunspotter': CMAKE_PREFIX_PATH=${CMAKE_PREFIX_PATH}:/home/seastar/steve_summer_seastar_ws/install/test_driver:/home/seastar/steve_summer_seastar_ws/install/test_cam:/home/seastar/steve_summer_seastar_ws/install/solar_ephemeris:/home/seastar/steve_summer_seastar_ws/install/pysp:/home/seastar/steve_summer_seastar_ws/install/imufaker:/home/seastar/steve_summer_seastar_ws/install/ik_tools:/home/seastar/steve_summer_seastar_ws/install/ik_solver:/home/seastar/steve_summer_seastar_ws/install/hamburger_helper:/opt/ros/humble /home/seastar/.local/bin/cmake --build /home/seastar/steve_summer_seastar_ws/build/sunspotter -- -j4 -l4
[0.360s] [100%] Built target sunspotter
[0.436s] Invoked command in '/home/seastar/steve_summer_seastar_ws/build/sunspotter' returned '0': CMAKE_PREFIX_PATH=${CMAKE_PREFIX_PATH}:/home/seastar/steve_summer_seastar_ws/install/test_driver:/home/seastar/steve_summer_seastar_ws/install/test_cam:/home/seastar/steve_summer_seastar_ws/install/solar_ephemeris:/home/seastar/steve_summer_seastar_ws/install/pysp:/home/seastar/steve_summer_seastar_ws/install/imufaker:/home/seastar/steve_summer_seastar_ws/install/ik_tools:/home/seastar/steve_summer_seastar_ws/install/ik_solver:/home/seastar/steve_summer_seastar_ws/install/hamburger_helper:/opt/ros/humble /home/seastar/.local/bin/cmake --build /home/seastar/steve_summer_seastar_ws/build/sunspotter -- -j4 -l4
[1.567s] Invoking command in '/home/seastar/steve_summer_seastar_ws/build/sunspotter': CMAKE_PREFIX_PATH=${CMAKE_PREFIX_PATH}:/home/seastar/steve_summer_seastar_ws/install/test_driver:/home/seastar/steve_summer_seastar_ws/install/test_cam:/home/seastar/steve_summer_seastar_ws/install/solar_ephemeris:/home/seastar/steve_summer_seastar_ws/install/pysp:/home/seastar/steve_summer_seastar_ws/install/imufaker:/home/seastar/steve_summer_seastar_ws/install/ik_tools:/home/seastar/steve_summer_seastar_ws/install/ik_solver:/home/seastar/steve_summer_seastar_ws/install/hamburger_helper:/opt/ros/humble /home/seastar/.local/bin/cmake --install /home/seastar/steve_summer_seastar_ws/build/sunspotter
[1.651s] -- Install configuration: ""
[1.653s] -- Execute custom install script
[1.655s] -- Up-to-date symlink: /home/seastar/steve_summer_seastar_ws/install/sunspotter/lib/sunspotter//sunspotter
[1.656s] -- Up-to-date symlink: /home/seastar/steve_summer_seastar_ws/install/sunspotter/share/ament_index/resource_index/package_run_dependencies/sunspotter
[1.657s] -- Up-to-date symlink: /home/seastar/steve_summer_seastar_ws/install/sunspotter/share/ament_index/resource_index/parent_prefix_path/sunspotter
[1.657s] -- Up-to-date symlink: /home/seastar/steve_summer_seastar_ws/install/sunspotter/share/sunspotter/environment/ament_prefix_path.sh
[1.658s] -- Up-to-date symlink: /home/seastar/steve_summer_seastar_ws/install/sunspotter/share/sunspotter/environment/ament_prefix_path.dsv
[1.660s] -- Up-to-date symlink: /home/seastar/steve_summer_seastar_ws/install/sunspotter/share/sunspotter/environment/path.sh
[1.661s] -- Up-to-date symlink: /home/seastar/steve_summer_seastar_ws/install/sunspotter/share/sunspotter/environment/path.dsv
[1.662s] -- Up-to-date symlink: /home/seastar/steve_summer_seastar_ws/install/sunspotter/share/sunspotter/local_setup.bash
[1.662s] -- Up-to-date symlink: /home/seastar/steve_summer_seastar_ws/install/sunspotter/share/sunspotter/local_setup.sh
[1.663s] -- Up-to-date symlink: /home/seastar/steve_summer_seastar_ws/install/sunspotter/share/sunspotter/local_setup.zsh
[1.668s] -- Up-to-date symlink: /home/seastar/steve_summer_seastar_ws/install/sunspotter/share/sunspotter/local_setup.dsv
[1.668s] -- Symlinking: /home/seastar/steve_summer_seastar_ws/install/sunspotter/share/sunspotter/package.dsv
[1.684s] -- Up-to-date symlink: /home/seastar/steve_summer_seastar_ws/install/sunspotter/share/ament_index/resource_index/packages/sunspotter
[1.684s] -- Up-to-date symlink: /home/seastar/steve_summer_seastar_ws/install/sunspotter/share/sunspotter/cmake/sunspotterConfig.cmake
[1.685s] -- Up-to-date symlink: /home/seastar/steve_summer_seastar_ws/install/sunspotter/share/sunspotter/cmake/sunspotterConfig-version.cmake
[1.685s] -- Up-to-date symlink: /home/seastar/steve_summer_seastar_ws/install/sunspotter/share/sunspotter/package.xml
[1.703s] Invoked command in '/home/seastar/steve_summer_seastar_ws/build/sunspotter' returned '0': CMAKE_PREFIX_PATH=${CMAKE_PREFIX_PATH}:/home/seastar/steve_summer_seastar_ws/install/test_driver:/home/seastar/steve_summer_seastar_ws/install/test_cam:/home/seastar/steve_summer_seastar_ws/install/solar_ephemeris:/home/seastar/steve_summer_seastar_ws/install/pysp:/home/seastar/steve_summer_seastar_ws/install/imufaker:/home/seastar/steve_summer_seastar_ws/install/ik_tools:/home/seastar/steve_summer_seastar_ws/install/ik_solver:/home/seastar/steve_summer_seastar_ws/install/hamburger_helper:/opt/ros/humble /home/seastar/.local/bin/cmake --install /home/seastar/steve_summer_seastar_ws/build/sunspotter
