[2.089s] Invoking command in '/home/seastar/steve_summer_seastar_ws/build/solar_ephemeris': CMAKE_PREFIX_PATH=/home/seastar/steve_summer_seastar_ws/install/seastar_interfaces:/home/seastar/steve_summer_seastar_ws/install/sunspotter:/home/seastar/steve_summer_seastar_ws/install/head_chef:/home/seastar/steve_summer_seastar_ws/install/motor_state_manager:/home/seastar/steve_summer_seastar_ws/install/motor_manager:/home/seastar/steve_summer_seastar_ws/install/bluespace_ai_xsens_mti_driver PYTHONPATH=/home/seastar/steve_summer_seastar_ws/build/solar_ephemeris/prefix_override:/home/seastar/steve_summer_seastar_ws/install/solar_ephemeris/lib/python3.10/site-packages:${PYTHONPATH} /usr/bin/python3 setup.py develop --editable --build-directory /home/seastar/steve_summer_seastar_ws/build/solar_ephemeris/build --no-deps install_data
[2.872s] running develop
[2.873s] /usr/lib/python3/dist-packages/setuptools/command/easy_install.py:158: EasyInstallDeprecationWarning: easy_install command is deprecated. Use build and pip and other standards-based tools.
[2.873s]   warnings.warn(
[2.876s] /usr/lib/python3/dist-packages/setuptools/command/install.py:34: SetuptoolsDeprecationWarning: setup.py install is deprecated. Use build and pip and other standards-based tools.
[2.877s]   warnings.warn(
[3.095s] /usr/lib/python3/dist-packages/pkg_resources/__init__.py:116: PkgResourcesDeprecationWarning: 1.16.0-unknown is an invalid version and will not be supported in a future release
[3.095s]   warnings.warn(
[3.096s] /usr/lib/python3/dist-packages/pkg_resources/__init__.py:116: PkgResourcesDeprecationWarning: 1.1build1 is an invalid version and will not be supported in a future release
[3.096s]   warnings.warn(
[3.484s] running egg_info
[3.484s] writing solar_ephemeris.egg-info/PKG-INFO
[3.485s] writing dependency_links to solar_ephemeris.egg-info/dependency_links.txt
[3.485s] writing entry points to solar_ephemeris.egg-info/entry_points.txt
[3.485s] writing requirements to solar_ephemeris.egg-info/requires.txt
[3.485s] writing top-level names to solar_ephemeris.egg-info/top_level.txt
[3.586s] listing git files failed - pretending there aren't any
[3.831s] reading manifest file 'solar_ephemeris.egg-info/SOURCES.txt'
[3.834s] writing manifest file 'solar_ephemeris.egg-info/SOURCES.txt'
[3.907s] running build_ext
[3.907s] Creating /home/seastar/steve_summer_seastar_ws/install/solar_ephemeris/lib/python3.10/site-packages/solar-ephemeris.egg-link (link to .)
[3.909s] Installing solar_ephemeris script to /home/seastar/steve_summer_seastar_ws/install/solar_ephemeris/lib/solar_ephemeris
[3.910s] 
[3.910s] Installed /home/seastar/steve_summer_seastar_ws/build/solar_ephemeris
[3.910s] running install_data
[4.035s] Invoked command in '/home/seastar/steve_summer_seastar_ws/build/solar_ephemeris' returned '0': CMAKE_PREFIX_PATH=/home/seastar/steve_summer_seastar_ws/install/seastar_interfaces:/home/seastar/steve_summer_seastar_ws/install/sunspotter:/home/seastar/steve_summer_seastar_ws/install/head_chef:/home/seastar/steve_summer_seastar_ws/install/motor_state_manager:/home/seastar/steve_summer_seastar_ws/install/motor_manager:/home/seastar/steve_summer_seastar_ws/install/bluespace_ai_xsens_mti_driver PYTHONPATH=/home/seastar/steve_summer_seastar_ws/build/solar_ephemeris/prefix_override:/home/seastar/steve_summer_seastar_ws/install/solar_ephemeris/lib/python3.10/site-packages:${PYTHONPATH} /usr/bin/python3 setup.py develop --editable --build-directory /home/seastar/steve_summer_seastar_ws/build/solar_ephemeris/build --no-deps install_data
