[2.470s] Invoking command in '/home/seastar/steve_summer_seastar_ws/build/ik_solver': PYTHONPATH=/home/seastar/steve_summer_seastar_ws/build/ik_solver/prefix_override:/home/seastar/steve_summer_seastar_ws/install/ik_solver/lib/python3.10/site-packages:${PYTHONPATH} /usr/bin/python3 setup.py develop --editable --build-directory /home/seastar/steve_summer_seastar_ws/build/ik_solver/build --no-deps install_data
[3.180s] running develop
[3.181s] /usr/lib/python3/dist-packages/setuptools/command/easy_install.py:158: EasyInstallDeprecationWarning: easy_install command is deprecated. Use build and pip and other standards-based tools.
[3.181s]   warnings.warn(
[3.184s] /usr/lib/python3/dist-packages/setuptools/command/install.py:34: SetuptoolsDeprecationWarning: setup.py install is deprecated. Use build and pip and other standards-based tools.
[3.184s]   warnings.warn(
[3.337s] /usr/lib/python3/dist-packages/pkg_resources/__init__.py:116: PkgResourcesDeprecationWarning: 1.16.0-unknown is an invalid version and will not be supported in a future release
[3.337s]   warnings.warn(
[3.338s] /usr/lib/python3/dist-packages/pkg_resources/__init__.py:116: PkgResourcesDeprecationWarning: 1.1build1 is an invalid version and will not be supported in a future release
[3.338s]   warnings.warn(
[3.660s] running egg_info
[3.661s] writing ik_solver.egg-info/PKG-INFO
[3.661s] writing dependency_links to ik_solver.egg-info/dependency_links.txt
[3.662s] writing entry points to ik_solver.egg-info/entry_points.txt
[3.663s] writing requirements to ik_solver.egg-info/requires.txt
[3.663s] writing top-level names to ik_solver.egg-info/top_level.txt
[3.776s] listing git files failed - pretending there aren't any
[4.049s] reading manifest file 'ik_solver.egg-info/SOURCES.txt'
[4.049s] writing manifest file 'ik_solver.egg-info/SOURCES.txt'
[4.142s] running build_ext
[4.143s] Creating /home/seastar/steve_summer_seastar_ws/install/ik_solver/lib/python3.10/site-packages/ik-solver.egg-link (link to .)
[4.146s] Installing ik_solver script to /home/seastar/steve_summer_seastar_ws/install/ik_solver/lib/ik_solver
[4.147s] Installing ik_tester script to /home/seastar/steve_summer_seastar_ws/install/ik_solver/lib/ik_solver
[4.147s] 
[4.148s] Installed /home/seastar/steve_summer_seastar_ws/build/ik_solver
[4.148s] running install_data
[4.280s] Invoked command in '/home/seastar/steve_summer_seastar_ws/build/ik_solver' returned '0': PYTHONPATH=/home/seastar/steve_summer_seastar_ws/build/ik_solver/prefix_override:/home/seastar/steve_summer_seastar_ws/install/ik_solver/lib/python3.10/site-packages:${PYTHONPATH} /usr/bin/python3 setup.py develop --editable --build-directory /home/seastar/steve_summer_seastar_ws/build/ik_solver/build --no-deps install_data
