[0.650s] Invoking command in '/home/seastar/steve_summer_seastar_ws/build/head_chef': CMAKE_PREFIX_PATH=/home/seastar/steve_summer_seastar_ws/install/seastar_interfaces:/home/seastar/steve_summer_seastar_ws/install/sunspotter:/home/seastar/steve_summer_seastar_ws/install/head_chef:/home/seastar/steve_summer_seastar_ws/install/motor_state_manager:/home/seastar/steve_summer_seastar_ws/install/motor_manager:/home/seastar/steve_summer_seastar_ws/install/bluespace_ai_xsens_mti_driver:/home/seastar/steve_summer_seastar_ws/install/test_driver:/home/seastar/steve_summer_seastar_ws/install/test_cam:/home/seastar/steve_summer_seastar_ws/install/solar_ephemeris:/home/seastar/steve_summer_seastar_ws/install/pysp:/home/seastar/steve_summer_seastar_ws/install/imufaker:/home/seastar/steve_summer_seastar_ws/install/ik_tools:/home/seastar/steve_summer_seastar_ws/install/ik_solver:/home/seastar/steve_summer_seastar_ws/install/hamburger_helper:/opt/ros/humble /home/seastar/.local/bin/cmake --build /home/seastar/steve_summer_seastar_ws/build/head_chef -- -j4 -l4
[0.752s] [ 16%] [32mBuilding CXX object CMakeFiles/head_chef.dir/src/ChefScript.cpp.o[0m
[1.601s] [01m[K/home/seastar/steve_summer_seastar_ws/src/head_chef/src/ChefScript.cpp:[m[K In member function ‘[01m[Kvoid ChefScript::loadScript(std::string)[m[K’:
[1.601s] [01m[K/home/seastar/steve_summer_seastar_ws/src/head_chef/src/ChefScript.cpp:42:27:[m[K [01;31m[Kerror: [m[Kno match for ‘[01m[Koperator<<[m[K’ (operand types are ‘[01m[Kstd::ostream[m[K’ {aka ‘[01m[Kstd::basic_ostream<char>[m[K’} and ‘[01m[KChefCommand[m[K’)
[1.601s]    42 |                 [32m[Kstd::cout[m[K [01;31m[K<<[m[K [34m[Kc[m[K << std::endl;
[1.602s]       |                 [32m[K~~~~~~~~~[m[K [01;31m[K^~[m[K [34m[K~[m[K
[1.602s]       |                      [32m[K|[m[K       [34m[K|[m[K
[1.602s]       |                      [32m[K|[m[K       [34m[KChefCommand[m[K
[1.602s]       |                      [32m[Kstd::ostream {aka std::basic_ostream<char>}[m[K
[1.603s] In file included from [01m[K/usr/include/c++/11/iostream:39[m[K,
[1.603s]                  from [01m[K/home/seastar/steve_summer_seastar_ws/src/head_chef/src/ChefScript.h:7[m[K,
[1.604s]                  from [01m[K/home/seastar/steve_summer_seastar_ws/src/head_chef/src/ChefScript.cpp:1[m[K:
[1.604s] [01m[K/usr/include/c++/11/ostream:108:7:[m[K [01;36m[Knote: [m[Kcandidate: ‘[01m[Kstd::basic_ostream<_CharT, _Traits>::__ostream_type& std::basic_ostream<_CharT, _Traits>::operator<<(std::basic_ostream<_CharT, _Traits>::__ostream_type& (*)(std::basic_ostream<_CharT, _Traits>::__ostream_type&)) [with _CharT = char; _Traits = std::char_traits<char>; std::basic_ostream<_CharT, _Traits>::__ostream_type = std::basic_ostream<char>][m[K’
[1.604s]   108 |       [01;36m[Koperator[m[K<<(__ostream_type& (*__pf)(__ostream_type&))
[1.604s]       |       [01;36m[K^~~~~~~~[m[K
[1.604s] [01m[K/usr/include/c++/11/ostream:108:36:[m[K [01;36m[Knote: [m[K  no known conversion for argument 1 from ‘[01m[KChefCommand[m[K’ to ‘[01m[Kstd::basic_ostream<char>::__ostream_type& (*)(std::basic_ostream<char>::__ostream_type&)[m[K’ {aka ‘[01m[Kstd::basic_ostream<char>& (*)(std::basic_ostream<char>&)[m[K’}
[1.604s]   108 |       operator<<([01;36m[K__ostream_type& (*__pf)(__ostream_type&)[m[K)
[1.604s]       |                  [01;36m[K~~~~~~~~~~~~~~~~~~^~~~~~~~~~~~~~~~~~~~~~[m[K
[1.604s] [01m[K/usr/include/c++/11/ostream:117:7:[m[K [01;36m[Knote: [m[Kcandidate: ‘[01m[Kstd::basic_ostream<_CharT, _Traits>::__ostream_type& std::basic_ostream<_CharT, _Traits>::operator<<(std::basic_ostream<_CharT, _Traits>::__ios_type& (*)(std::basic_ostream<_CharT, _Traits>::__ios_type&)) [with _CharT = char; _Traits = std::char_traits<char>; std::basic_ostream<_CharT, _Traits>::__ostream_type = std::basic_ostream<char>; std::basic_ostream<_CharT, _Traits>::__ios_type = std::basic_ios<char>][m[K’
[1.605s]   117 |       [01;36m[Koperator[m[K<<(__ios_type& (*__pf)(__ios_type&))
[1.605s]       |       [01;36m[K^~~~~~~~[m[K
[1.605s] [01m[K/usr/include/c++/11/ostream:117:32:[m[K [01;36m[Knote: [m[K  no known conversion for argument 1 from ‘[01m[KChefCommand[m[K’ to ‘[01m[Kstd::basic_ostream<char>::__ios_type& (*)(std::basic_ostream<char>::__ios_type&)[m[K’ {aka ‘[01m[Kstd::basic_ios<char>& (*)(std::basic_ios<char>&)[m[K’}
[1.605s]   117 |       operator<<([01;36m[K__ios_type& (*__pf)(__ios_type&)[m[K)
[1.605s]       |                  [01;36m[K~~~~~~~~~~~~~~^~~~~~~~~~~~~~~~~~[m[K
[1.605s] [01m[K/usr/include/c++/11/ostream:127:7:[m[K [01;36m[Knote: [m[Kcandidate: ‘[01m[Kstd::basic_ostream<_CharT, _Traits>::__ostream_type& std::basic_ostream<_CharT, _Traits>::operator<<(std::ios_base& (*)(std::ios_base&)) [with _CharT = char; _Traits = std::char_traits<char>; std::basic_ostream<_CharT, _Traits>::__ostream_type = std::basic_ostream<char>][m[K’
[1.605s]   127 |       [01;36m[Koperator[m[K<<(ios_base& (*__pf) (ios_base&))
[1.605s]       |       [01;36m[K^~~~~~~~[m[K
[1.605s] [01m[K/usr/include/c++/11/ostream:127:30:[m[K [01;36m[Knote: [m[K  no known conversion for argument 1 from ‘[01m[KChefCommand[m[K’ to ‘[01m[Kstd::ios_base& (*)(std::ios_base&)[m[K’
[1.606s]   127 |       operator<<([01;36m[Kios_base& (*__pf) (ios_base&)[m[K)
[1.606s]       |                  [01;36m[K~~~~~~~~~~~~^~~~~~~~~~~~~~~~~[m[K
[1.606s] [01m[K/usr/include/c++/11/ostream:166:7:[m[K [01;36m[Knote: [m[Kcandidate: ‘[01m[Kstd::basic_ostream<_CharT, _Traits>::__ostream_type& std::basic_ostream<_CharT, _Traits>::operator<<(long int) [with _CharT = char; _Traits = std::char_traits<char>; std::basic_ostream<_CharT, _Traits>::__ostream_type = std::basic_ostream<char>][m[K’
[1.606s]   166 |       [01;36m[Koperator[m[K<<(long __n)
[1.606s]       |       [01;36m[K^~~~~~~~[m[K
[1.606s] [01m[K/usr/include/c++/11/ostream:166:23:[m[K [01;36m[Knote: [m[K  no known conversion for argument 1 from ‘[01m[KChefCommand[m[K’ to ‘[01m[Klong int[m[K’
[1.606s]   166 |       operator<<([01;36m[Klong __n[m[K)
[1.606s]       |                  [01;36m[K~~~~~^~~[m[K
[1.607s] [01m[K/usr/include/c++/11/ostream:170:7:[m[K [01;36m[Knote: [m[Kcandidate: ‘[01m[Kstd::basic_ostream<_CharT, _Traits>::__ostream_type& std::basic_ostream<_CharT, _Traits>::operator<<(long unsigned int) [with _CharT = char; _Traits = std::char_traits<char>; std::basic_ostream<_CharT, _Traits>::__ostream_type = std::basic_ostream<char>][m[K’
[1.607s]   170 |       [01;36m[Koperator[m[K<<(unsigned long __n)
[1.607s]       |       [01;36m[K^~~~~~~~[m[K
[1.609s] [01m[K/usr/include/c++/11/ostream:170:32:[m[K [01;36m[Knote: [m[K  no known conversion for argument 1 from ‘[01m[KChefCommand[m[K’ to ‘[01m[Klong unsigned int[m[K’
[1.609s]   170 |       operator<<([01;36m[Kunsigned long __n[m[K)
[1.609s]       |                  [01;36m[K~~~~~~~~~~~~~~^~~[m[K
[1.609s] [01m[K/usr/include/c++/11/ostream:174:7:[m[K [01;36m[Knote: [m[Kcandidate: ‘[01m[Kstd::basic_ostream<_CharT, _Traits>::__ostream_type& std::basic_ostream<_CharT, _Traits>::operator<<(bool) [with _CharT = char; _Traits = std::char_traits<char>; std::basic_ostream<_CharT, _Traits>::__ostream_type = std::basic_ostream<char>][m[K’
[1.609s]   174 |       [01;36m[Koperator[m[K<<(bool __n)
[1.609s]       |       [01;36m[K^~~~~~~~[m[K
[1.609s] [01m[K/usr/include/c++/11/ostream:174:23:[m[K [01;36m[Knote: [m[K  no known conversion for argument 1 from ‘[01m[KChefCommand[m[K’ to ‘[01m[Kbool[m[K’
[1.609s]   174 |       operator<<([01;36m[Kbool __n[m[K)
[1.610s]       |                  [01;36m[K~~~~~^~~[m[K
[1.610s] In file included from [01m[K/usr/include/c++/11/ostream:829[m[K,
[1.610s]                  from [01m[K/usr/include/c++/11/iostream:39[m[K,
[1.610s]                  from [01m[K/home/seastar/steve_summer_seastar_ws/src/head_chef/src/ChefScript.h:7[m[K,
[1.610s]                  from [01m[K/home/seastar/steve_summer_seastar_ws/src/head_chef/src/ChefScript.cpp:1[m[K:
[1.610s] [01m[K/usr/include/c++/11/bits/ostream.tcc:91:5:[m[K [01;36m[Knote: [m[Kcandidate: ‘[01m[Kstd::basic_ostream<_CharT, _Traits>& std::basic_ostream<_CharT, _Traits>::operator<<(short int) [with _CharT = char; _Traits = std::char_traits<char>][m[K’
[1.610s]    91 |     [01;36m[Kbasic_ostream<_CharT, _Traits>[m[K::
[1.610s]       |     [01;36m[K^~~~~~~~~~~~~~~~~~~~~~~~~~~~~~[m[K
[1.611s] [01m[K/usr/include/c++/11/bits/ostream.tcc:92:22:[m[K [01;36m[Knote: [m[K  no known conversion for argument 1 from ‘[01m[KChefCommand[m[K’ to ‘[01m[Kshort int[m[K’
[1.611s]    92 |     operator<<([01;36m[Kshort __n[m[K)
[1.611s]       |                [01;36m[K~~~~~~^~~[m[K
[1.611s] In file included from [01m[K/usr/include/c++/11/iostream:39[m[K,
[1.611s]                  from [01m[K/home/seastar/steve_summer_seastar_ws/src/head_chef/src/ChefScript.h:7[m[K,
[1.611s]                  from [01m[K/home/seastar/steve_summer_seastar_ws/src/head_chef/src/ChefScript.cpp:1[m[K:
[1.611s] [01m[K/usr/include/c++/11/ostream:181:7:[m[K [01;36m[Knote: [m[Kcandidate: ‘[01m[Kstd::basic_ostream<_CharT, _Traits>::__ostream_type& std::basic_ostream<_CharT, _Traits>::operator<<(short unsigned int) [with _CharT = char; _Traits = std::char_traits<char>; std::basic_ostream<_CharT, _Traits>::__ostream_type = std::basic_ostream<char>][m[K’
[1.612s]   181 |       [01;36m[Koperator[m[K<<(unsigned short __n)
[1.612s]       |       [01;36m[K^~~~~~~~[m[K
[1.612s] [01m[K/usr/include/c++/11/ostream:181:33:[m[K [01;36m[Knote: [m[K  no known conversion for argument 1 from ‘[01m[KChefCommand[m[K’ to ‘[01m[Kshort unsigned int[m[K’
[1.612s]   181 |       operator<<([01;36m[Kunsigned short __n[m[K)
[1.612s]       |                  [01;36m[K~~~~~~~~~~~~~~~^~~[m[K
[1.612s] In file included from [01m[K/usr/include/c++/11/ostream:829[m[K,
[1.612s]                  from [01m[K/usr/include/c++/11/iostream:39[m[K,
[1.612s]                  from [01m[K/home/seastar/steve_summer_seastar_ws/src/head_chef/src/ChefScript.h:7[m[K,
[1.612s]                  from [01m[K/home/seastar/steve_summer_seastar_ws/src/head_chef/src/ChefScript.cpp:1[m[K:
[1.613s] [01m[K/usr/include/c++/11/bits/ostream.tcc:105:5:[m[K [01;36m[Knote: [m[Kcandidate: ‘[01m[Kstd::basic_ostream<_CharT, _Traits>& std::basic_ostream<_CharT, _Traits>::operator<<(int) [with _CharT = char; _Traits = std::char_traits<char>][m[K’
[1.613s]   105 |     [01;36m[Kbasic_ostream<_CharT, _Traits>[m[K::
[1.613s]       |     [01;36m[K^~~~~~~~~~~~~~~~~~~~~~~~~~~~~~[m[K
[1.613s] [01m[K/usr/include/c++/11/bits/ostream.tcc:106:20:[m[K [01;36m[Knote: [m[K  no known conversion for argument 1 from ‘[01m[KChefCommand[m[K’ to ‘[01m[Kint[m[K’
[1.613s]   106 |     operator<<([01;36m[Kint __n[m[K)
[1.613s]       |                [01;36m[K~~~~^~~[m[K
[1.613s] In file included from [01m[K/usr/include/c++/11/iostream:39[m[K,
[1.613s]                  from [01m[K/home/seastar/steve_summer_seastar_ws/src/head_chef/src/ChefScript.h:7[m[K,
[1.613s]                  from [01m[K/home/seastar/steve_summer_seastar_ws/src/head_chef/src/ChefScript.cpp:1[m[K:
[1.614s] [01m[K/usr/include/c++/11/ostream:192:7:[m[K [01;36m[Knote: [m[Kcandidate: ‘[01m[Kstd::basic_ostream<_CharT, _Traits>::__ostream_type& std::basic_ostream<_CharT, _Traits>::operator<<(unsigned int) [with _CharT = char; _Traits = std::char_traits<char>; std::basic_ostream<_CharT, _Traits>::__ostream_type = std::basic_ostream<char>][m[K’
[1.615s]   192 |       [01;36m[Koperator[m[K<<(unsigned int __n)
[1.615s]       |       [01;36m[K^~~~~~~~[m[K
[1.615s] [01m[K/usr/include/c++/11/ostream:192:31:[m[K [01;36m[Knote: [m[K  no known conversion for argument 1 from ‘[01m[KChefCommand[m[K’ to ‘[01m[Kunsigned int[m[K’
[1.615s]   192 |       operator<<([01;36m[Kunsigned int __n[m[K)
[1.616s]       |                  [01;36m[K~~~~~~~~~~~~~^~~[m[K
[1.616s] [01m[K/usr/include/c++/11/ostream:201:7:[m[K [01;36m[Knote: [m[Kcandidate: ‘[01m[Kstd::basic_ostream<_CharT, _Traits>::__ostream_type& std::basic_ostream<_CharT, _Traits>::operator<<(long long int) [with _CharT = char; _Traits = std::char_traits<char>; std::basic_ostream<_CharT, _Traits>::__ostream_type = std::basic_ostream<char>][m[K’
[1.616s]   201 |       [01;36m[Koperator[m[K<<(long long __n)
[1.616s]       |       [01;36m[K^~~~~~~~[m[K
[1.616s] [01m[K/usr/include/c++/11/ostream:201:28:[m[K [01;36m[Knote: [m[K  no known conversion for argument 1 from ‘[01m[KChefCommand[m[K’ to ‘[01m[Klong long int[m[K’
[1.616s]   201 |       operator<<([01;36m[Klong long __n[m[K)
[1.616s]       |                  [01;36m[K~~~~~~~~~~^~~[m[K
[1.616s] [01m[K/usr/include/c++/11/ostream:205:7:[m[K [01;36m[Knote: [m[Kcandidate: ‘[01m[Kstd::basic_ostream<_CharT, _Traits>::__ostream_type& std::basic_ostream<_CharT, _Traits>::operator<<(long long unsigned int) [with _CharT = char; _Traits = std::char_traits<char>; std::basic_ostream<_CharT, _Traits>::__ostream_type = std::basic_ostream<char>][m[K’
[1.616s]   205 |       [01;36m[Koperator[m[K<<(unsigned long long __n)
[1.617s]       |       [01;36m[K^~~~~~~~[m[K
[1.617s] [01m[K/usr/include/c++/11/ostream:205:37:[m[K [01;36m[Knote: [m[K  no known conversion for argument 1 from ‘[01m[KChefCommand[m[K’ to ‘[01m[Klong long unsigned int[m[K’
[1.617s]   205 |       operator<<([01;36m[Kunsigned long long __n[m[K)
[1.617s]       |                  [01;36m[K~~~~~~~~~~~~~~~~~~~^~~[m[K
[1.617s] [01m[K/usr/include/c++/11/ostream:220:7:[m[K [01;36m[Knote: [m[Kcandidate: ‘[01m[Kstd::basic_ostream<_CharT, _Traits>::__ostream_type& std::basic_ostream<_CharT, _Traits>::operator<<(double) [with _CharT = char; _Traits = std::char_traits<char>; std::basic_ostream<_CharT, _Traits>::__ostream_type = std::basic_ostream<char>][m[K’
[1.617s]   220 |       [01;36m[Koperator[m[K<<(double __f)
[1.617s]       |       [01;36m[K^~~~~~~~[m[K
[1.618s] [01m[K/usr/include/c++/11/ostream:220:25:[m[K [01;36m[Knote: [m[K  no known conversion for argument 1 from ‘[01m[KChefCommand[m[K’ to ‘[01m[Kdouble[m[K’
[1.618s]   220 |       operator<<([01;36m[Kdouble __f[m[K)
[1.618s]       |                  [01;36m[K~~~~~~~^~~[m[K
[1.618s] [01m[K/usr/include/c++/11/ostream:224:7:[m[K [01;36m[Knote: [m[Kcandidate: ‘[01m[Kstd::basic_ostream<_CharT, _Traits>::__ostream_type& std::basic_ostream<_CharT, _Traits>::operator<<(float) [with _CharT = char; _Traits = std::char_traits<char>; std::basic_ostream<_CharT, _Traits>::__ostream_type = std::basic_ostream<char>][m[K’
[1.618s]   224 |       [01;36m[Koperator[m[K<<(float __f)
[1.618s]       |       [01;36m[K^~~~~~~~[m[K
[1.618s] [01m[K/usr/include/c++/11/ostream:224:24:[m[K [01;36m[Knote: [m[K  no known conversion for argument 1 from ‘[01m[KChefCommand[m[K’ to ‘[01m[Kfloat[m[K’
[1.618s]   224 |       operator<<([01;36m[Kfloat __f[m[K)
[1.619s]       |                  [01;36m[K~~~~~~^~~[m[K
[1.619s] [01m[K/usr/include/c++/11/ostream:232:7:[m[K [01;36m[Knote: [m[Kcandidate: ‘[01m[Kstd::basic_ostream<_CharT, _Traits>::__ostream_type& std::basic_ostream<_CharT, _Traits>::operator<<(long double) [with _CharT = char; _Traits = std::char_traits<char>; std::basic_ostream<_CharT, _Traits>::__ostream_type = std::basic_ostream<char>][m[K’
[1.619s]   232 |       [01;36m[Koperator[m[K<<(long double __f)
[1.619s]       |       [01;36m[K^~~~~~~~[m[K
[1.619s] [01m[K/usr/include/c++/11/ostream:232:30:[m[K [01;36m[Knote: [m[K  no known conversion for argument 1 from ‘[01m[KChefCommand[m[K’ to ‘[01m[Klong double[m[K’
[1.619s]   232 |       operator<<([01;36m[Klong double __f[m[K)
[1.619s]       |                  [01;36m[K~~~~~~~~~~~~^~~[m[K
[1.619s] [01m[K/usr/include/c++/11/ostream:245:7:[m[K [01;36m[Knote: [m[Kcandidate: ‘[01m[Kstd::basic_ostream<_CharT, _Traits>::__ostream_type& std::basic_ostream<_CharT, _Traits>::operator<<(const void*) [with _CharT = char; _Traits = std::char_traits<char>; std::basic_ostream<_CharT, _Traits>::__ostream_type = std::basic_ostream<char>][m[K’
[1.619s]   245 |       [01;36m[Koperator[m[K<<(const void* __p)
[1.620s]       |       [01;36m[K^~~~~~~~[m[K
[1.620s] [01m[K/usr/include/c++/11/ostream:245:30:[m[K [01;36m[Knote: [m[K  no known conversion for argument 1 from ‘[01m[KChefCommand[m[K’ to ‘[01m[Kconst void*[m[K’
[1.620s]   245 |       operator<<([01;36m[Kconst void* __p[m[K)
[1.620s]       |                  [01;36m[K~~~~~~~~~~~~^~~[m[K
[1.620s] [01m[K/usr/include/c++/11/ostream:250:7:[m[K [01;36m[Knote: [m[Kcandidate: ‘[01m[Kstd::basic_ostream<_CharT, _Traits>::__ostream_type& std::basic_ostream<_CharT, _Traits>::operator<<(std::nullptr_t) [with _CharT = char; _Traits = std::char_traits<char>; std::basic_ostream<_CharT, _Traits>::__ostream_type = std::basic_ostream<char>; std::nullptr_t = std::nullptr_t][m[K’
[1.620s]   250 |       [01;36m[Koperator[m[K<<(nullptr_t)
[1.620s]       |       [01;36m[K^~~~~~~~[m[K
[1.620s] [01m[K/usr/include/c++/11/ostream:250:18:[m[K [01;36m[Knote: [m[K  no known conversion for argument 1 from ‘[01m[KChefCommand[m[K’ to ‘[01m[Kstd::nullptr_t[m[K’
[1.621s]   250 |       operator<<([01;36m[Knullptr_t[m[K)
[1.621s]       |                  [01;36m[K^~~~~~~~~[m[K
[1.621s] In file included from [01m[K/usr/include/c++/11/ostream:829[m[K,
[1.621s]                  from [01m[K/usr/include/c++/11/iostream:39[m[K,
[1.621s]                  from [01m[K/home/seastar/steve_summer_seastar_ws/src/head_chef/src/ChefScript.h:7[m[K,
[1.621s]                  from [01m[K/home/seastar/steve_summer_seastar_ws/src/head_chef/src/ChefScript.cpp:1[m[K:
[1.621s] [01m[K/usr/include/c++/11/bits/ostream.tcc:119:5:[m[K [01;36m[Knote: [m[Kcandidate: ‘[01m[Kstd::basic_ostream<_CharT, _Traits>& std::basic_ostream<_CharT, _Traits>::operator<<(std::basic_ostream<_CharT, _Traits>::__streambuf_type*) [with _CharT = char; _Traits = std::char_traits<char>; std::basic_ostream<_CharT, _Traits>::__streambuf_type = std::basic_streambuf<char>][m[K’
[1.621s]   119 |     [01;36m[Kbasic_ostream<_CharT, _Traits>[m[K::
[1.621s]       |     [01;36m[K^~~~~~~~~~~~~~~~~~~~~~~~~~~~~~[m[K
[1.622s] [01m[K/usr/include/c++/11/bits/ostream.tcc:120:34:[m[K [01;36m[Knote: [m[K  no known conversion for argument 1 from ‘[01m[KChefCommand[m[K’ to ‘[01m[Kstd::basic_ostream<char>::__streambuf_type*[m[K’ {aka ‘[01m[Kstd::basic_streambuf<char>*[m[K’}
[1.622s]   120 |     operator<<([01;36m[K__streambuf_type* __sbin[m[K)
[1.622s]       |                [01;36m[K~~~~~~~~~~~~~~~~~~^~~~~~[m[K
[1.622s] In file included from [01m[K/usr/include/c++/11/bits/basic_string.h:48[m[K,
[1.622s]                  from [01m[K/usr/include/c++/11/string:55[m[K,
[1.622s]                  from [01m[K/home/seastar/steve_summer_seastar_ws/src/head_chef/src/ChefScript.h:4[m[K,
[1.622s]                  from [01m[K/home/seastar/steve_summer_seastar_ws/src/head_chef/src/ChefScript.cpp:1[m[K:
[1.622s] [01m[K/usr/include/c++/11/string_view:667:5:[m[K [01;36m[Knote: [m[Kcandidate: ‘[01m[Ktemplate<class _CharT, class _Traits> std::basic_ostream<_CharT, _Traits>& std::operator<<(std::basic_ostream<_CharT, _Traits>&, std::basic_string_view<_CharT, _Traits>)[m[K’
[1.623s]   667 |     [01;36m[Koperator[m[K<<(basic_ostream<_CharT, _Traits>& __os,
[1.623s]       |     [01;36m[K^~~~~~~~[m[K
[1.623s] [01m[K/usr/include/c++/11/string_view:667:5:[m[K [01;36m[Knote: [m[K  template argument deduction/substitution failed:
[1.623s] [01m[K/home/seastar/steve_summer_seastar_ws/src/head_chef/src/ChefScript.cpp:42:30:[m[K [01;36m[Knote: [m[K  ‘[01m[KChefCommand[m[K’ is not derived from ‘[01m[Kstd::basic_string_view<_CharT, _Traits>[m[K’
[1.623s]    42 |                 std::cout << [01;36m[Kc[m[K << std::endl;
[1.623s]       |                              [01;36m[K^[m[K
[1.623s] In file included from [01m[K/usr/include/c++/11/string:55[m[K,
[1.623s]                  from [01m[K/home/seastar/steve_summer_seastar_ws/src/head_chef/src/ChefScript.h:4[m[K,
[1.623s]                  from [01m[K/home/seastar/steve_summer_seastar_ws/src/head_chef/src/ChefScript.cpp:1[m[K:
[1.624s] [01m[K/usr/include/c++/11/bits/basic_string.h:6531:5:[m[K [01;36m[Knote: [m[Kcandidate: ‘[01m[Ktemplate<class _CharT, class _Traits, class _Alloc> std::basic_ostream<_CharT, _Traits>& std::operator<<(std::basic_ostream<_CharT, _Traits>&, const std::__cxx11::basic_string<_CharT, _Traits, _Allocator>&)[m[K’
[1.624s]  6531 |     [01;36m[Koperator[m[K<<(basic_ostream<_CharT, _Traits>& __os,
[1.624s]       |     [01;36m[K^~~~~~~~[m[K
[1.624s] [01m[K/usr/include/c++/11/bits/basic_string.h:6531:5:[m[K [01;36m[Knote: [m[K  template argument deduction/substitution failed:
[1.624s] [01m[K/home/seastar/steve_summer_seastar_ws/src/head_chef/src/ChefScript.cpp:42:30:[m[K [01;36m[Knote: [m[K  ‘[01m[KChefCommand[m[K’ is not derived from ‘[01m[Kconst std::__cxx11::basic_string<_CharT, _Traits, _Allocator>[m[K’
[1.624s]    42 |                 std::cout << [01;36m[Kc[m[K << std::endl;
[1.624s]       |                              [01;36m[K^[m[K
[1.624s] In file included from [01m[K/usr/include/c++/11/bits/ios_base.h:46[m[K,
[1.625s]                  from [01m[K/usr/include/c++/11/ios:42[m[K,
[1.625s]                  from [01m[K/usr/include/c++/11/ostream:38[m[K,
[1.625s]                  from [01m[K/usr/include/c++/11/iostream:39[m[K,
[1.625s]                  from [01m[K/home/seastar/steve_summer_seastar_ws/src/head_chef/src/ChefScript.h:7[m[K,
[1.625s]                  from [01m[K/home/seastar/steve_summer_seastar_ws/src/head_chef/src/ChefScript.cpp:1[m[K:
[1.625s] [01m[K/usr/include/c++/11/system_error:279:5:[m[K [01;36m[Knote: [m[Kcandidate: ‘[01m[Ktemplate<class _CharT, class _Traits> std::basic_ostream<_CharT, _Traits>& std::operator<<(std::basic_ostream<_CharT, _Traits>&, const std::error_code&)[m[K’
[1.625s]   279 |     [01;36m[Koperator[m[K<<(basic_ostream<_CharT, _Traits>& __os, const error_code& __e)
[1.625s]       |     [01;36m[K^~~~~~~~[m[K
[1.625s] [01m[K/usr/include/c++/11/system_error:279:5:[m[K [01;36m[Knote: [m[K  template argument deduction/substitution failed:
[1.626s] [01m[K/home/seastar/steve_summer_seastar_ws/src/head_chef/src/ChefScript.cpp:42:30:[m[K [01;36m[Knote: [m[K  cannot convert ‘[01m[Kc[m[K’ (type ‘[01m[KChefCommand[m[K’) to type ‘[01m[Kconst std::error_code&[m[K’
[1.626s]    42 |                 std::cout << [01;36m[Kc[m[K << std::endl;
[1.626s]       |                              [01;36m[K^[m[K
[1.626s] In file included from [01m[K/usr/include/c++/11/iostream:39[m[K,
[1.626s]                  from [01m[K/home/seastar/steve_summer_seastar_ws/src/head_chef/src/ChefScript.h:7[m[K,
[1.626s]                  from [01m[K/home/seastar/steve_summer_seastar_ws/src/head_chef/src/ChefScript.cpp:1[m[K:
[1.626s] [01m[K/usr/include/c++/11/ostream:513:5:[m[K [01;36m[Knote: [m[Kcandidate: ‘[01m[Ktemplate<class _CharT, class _Traits> std::basic_ostream<_CharT, _Traits>& std::operator<<(std::basic_ostream<_CharT, _Traits>&, _CharT)[m[K’
[1.626s]   513 |     [01;36m[Koperator[m[K<<(basic_ostream<_CharT, _Traits>& __out, _CharT __c)
[1.627s]       |     [01;36m[K^~~~~~~~[m[K
[1.627s] [01m[K/usr/include/c++/11/ostream:513:5:[m[K [01;36m[Knote: [m[K  template argument deduction/substitution failed:
[1.627s] [01m[K/home/seastar/steve_summer_seastar_ws/src/head_chef/src/ChefScript.cpp:42:30:[m[K [01;36m[Knote: [m[K  deduced conflicting types for parameter ‘[01m[K_CharT[m[K’ (‘[01m[Kchar[m[K’ and ‘[01m[KChefCommand[m[K’)
[1.627s]    42 |                 std::cout << [01;36m[Kc[m[K << std::endl;
[1.627s]       |                              [01;36m[K^[m[K
[1.627s] In file included from [01m[K/usr/include/c++/11/iostream:39[m[K,
[1.627s]                  from [01m[K/home/seastar/steve_summer_seastar_ws/src/head_chef/src/ChefScript.h:7[m[K,
[1.627s]                  from [01m[K/home/seastar/steve_summer_seastar_ws/src/head_chef/src/ChefScript.cpp:1[m[K:
[1.628s] [01m[K/usr/include/c++/11/ostream:518:5:[m[K [01;36m[Knote: [m[Kcandidate: ‘[01m[Ktemplate<class _CharT, class _Traits> std::basic_ostream<_CharT, _Traits>& std::operator<<(std::basic_ostream<_CharT, _Traits>&, char)[m[K’
[1.628s]   518 |     [01;36m[Koperator[m[K<<(basic_ostream<_CharT, _Traits>& __out, char __c)
[1.628s]       |     [01;36m[K^~~~~~~~[m[K
[1.628s] [01m[K/usr/include/c++/11/ostream:518:5:[m[K [01;36m[Knote: [m[K  template argument deduction/substitution failed:
[1.628s] [01m[K/home/seastar/steve_summer_seastar_ws/src/head_chef/src/ChefScript.cpp:42:30:[m[K [01;36m[Knote: [m[K  cannot convert ‘[01m[Kc[m[K’ (type ‘[01m[KChefCommand[m[K’) to type ‘[01m[Kchar[m[K’
[1.628s]    42 |                 std::cout << [01;36m[Kc[m[K << std::endl;
[1.628s]       |                              [01;36m[K^[m[K
[1.628s] In file included from [01m[K/usr/include/c++/11/iostream:39[m[K,
[1.629s]                  from [01m[K/home/seastar/steve_summer_seastar_ws/src/head_chef/src/ChefScript.h:7[m[K,
[1.629s]                  from [01m[K/home/seastar/steve_summer_seastar_ws/src/head_chef/src/ChefScript.cpp:1[m[K:
[1.629s] [01m[K/usr/include/c++/11/ostream:524:5:[m[K [01;36m[Knote: [m[Kcandidate: ‘[01m[Ktemplate<class _Traits> std::basic_ostream<char, _Traits>& std::operator<<(std::basic_ostream<char, _Traits>&, char)[m[K’
[1.629s]   524 |     [01;36m[Koperator[m[K<<(basic_ostream<char, _Traits>& __out, char __c)
[1.629s]       |     [01;36m[K^~~~~~~~[m[K
[1.629s] [01m[K/usr/include/c++/11/ostream:524:5:[m[K [01;36m[Knote: [m[K  template argument deduction/substitution failed:
[1.629s] [01m[K/home/seastar/steve_summer_seastar_ws/src/head_chef/src/ChefScript.cpp:42:30:[m[K [01;36m[Knote: [m[K  cannot convert ‘[01m[Kc[m[K’ (type ‘[01m[KChefCommand[m[K’) to type ‘[01m[Kchar[m[K’
[1.629s]    42 |                 std::cout << [01;36m[Kc[m[K << std::endl;
[1.630s]       |                              [01;36m[K^[m[K
[1.630s] In file included from [01m[K/usr/include/c++/11/iostream:39[m[K,
[1.630s]                  from [01m[K/home/seastar/steve_summer_seastar_ws/src/head_chef/src/ChefScript.h:7[m[K,
[1.630s]                  from [01m[K/home/seastar/steve_summer_seastar_ws/src/head_chef/src/ChefScript.cpp:1[m[K:
[1.630s] [01m[K/usr/include/c++/11/ostream:530:5:[m[K [01;36m[Knote: [m[Kcandidate: ‘[01m[Ktemplate<class _Traits> std::basic_ostream<char, _Traits>& std::operator<<(std::basic_ostream<char, _Traits>&, signed char)[m[K’
[1.630s]   530 |     [01;36m[Koperator[m[K<<(basic_ostream<char, _Traits>& __out, signed char __c)
[1.630s]       |     [01;36m[K^~~~~~~~[m[K
[1.630s] [01m[K/usr/include/c++/11/ostream:530:5:[m[K [01;36m[Knote: [m[K  template argument deduction/substitution failed:
[1.630s] [01m[K/home/seastar/steve_summer_seastar_ws/src/head_chef/src/ChefScript.cpp:42:30:[m[K [01;36m[Knote: [m[K  cannot convert ‘[01m[Kc[m[K’ (type ‘[01m[KChefCommand[m[K’) to type ‘[01m[Ksigned char[m[K’
[1.631s]    42 |                 std::cout << [01;36m[Kc[m[K << std::endl;
[1.631s]       |                              [01;36m[K^[m[K
[1.631s] In file included from [01m[K/usr/include/c++/11/iostream:39[m[K,
[1.631s]                  from [01m[K/home/seastar/steve_summer_seastar_ws/src/head_chef/src/ChefScript.h:7[m[K,
[1.631s]                  from [01m[K/home/seastar/steve_summer_seastar_ws/src/head_chef/src/ChefScript.cpp:1[m[K:
[1.631s] [01m[K/usr/include/c++/11/ostream:535:5:[m[K [01;36m[Knote: [m[Kcandidate: ‘[01m[Ktemplate<class _Traits> std::basic_ostream<char, _Traits>& std::operator<<(std::basic_ostream<char, _Traits>&, unsigned char)[m[K’
[1.631s]   535 |     [01;36m[Koperator[m[K<<(basic_ostream<char, _Traits>& __out, unsigned char __c)
[1.631s]       |     [01;36m[K^~~~~~~~[m[K
[1.631s] [01m[K/usr/include/c++/11/ostream:535:5:[m[K [01;36m[Knote: [m[K  template argument deduction/substitution failed:
[1.632s] [01m[K/home/seastar/steve_summer_seastar_ws/src/head_chef/src/ChefScript.cpp:42:30:[m[K [01;36m[Knote: [m[K  cannot convert ‘[01m[Kc[m[K’ (type ‘[01m[KChefCommand[m[K’) to type ‘[01m[Kunsigned char[m[K’
[1.632s]    42 |                 std::cout << [01;36m[Kc[m[K << std::endl;
[1.632s]       |                              [01;36m[K^[m[K
[1.632s] In file included from [01m[K/usr/include/c++/11/iostream:39[m[K,
[1.632s]                  from [01m[K/home/seastar/steve_summer_seastar_ws/src/head_chef/src/ChefScript.h:7[m[K,
[1.632s]                  from [01m[K/home/seastar/steve_summer_seastar_ws/src/head_chef/src/ChefScript.cpp:1[m[K:
[1.632s] [01m[K/usr/include/c++/11/ostream:594:5:[m[K [01;36m[Knote: [m[Kcandidate: ‘[01m[Ktemplate<class _CharT, class _Traits> std::basic_ostream<_CharT, _Traits>& std::operator<<(std::basic_ostream<_CharT, _Traits>&, const _CharT*)[m[K’
[1.632s]   594 |     [01;36m[Koperator[m[K<<(basic_ostream<_CharT, _Traits>& __out, const _CharT* __s)
[1.632s]       |     [01;36m[K^~~~~~~~[m[K
[1.632s] [01m[K/usr/include/c++/11/ostream:594:5:[m[K [01;36m[Knote: [m[K  template argument deduction/substitution failed:
[1.633s] [01m[K/home/seastar/steve_summer_seastar_ws/src/head_chef/src/ChefScript.cpp:42:30:[m[K [01;36m[Knote: [m[K  mismatched types ‘[01m[Kconst _CharT*[m[K’ and ‘[01m[KChefCommand[m[K’
[1.633s]    42 |                 std::cout << [01;36m[Kc[m[K << std::endl;
[1.633s]       |                              [01;36m[K^[m[K
[1.633s] In file included from [01m[K/usr/include/c++/11/ostream:829[m[K,
[1.633s]                  from [01m[K/usr/include/c++/11/iostream:39[m[K,
[1.633s]                  from [01m[K/home/seastar/steve_summer_seastar_ws/src/head_chef/src/ChefScript.h:7[m[K,
[1.633s]                  from [01m[K/home/seastar/steve_summer_seastar_ws/src/head_chef/src/ChefScript.cpp:1[m[K:
[1.633s] [01m[K/usr/include/c++/11/bits/ostream.tcc:321:5:[m[K [01;36m[Knote: [m[Kcandidate: ‘[01m[Ktemplate<class _CharT, class _Traits> std::basic_ostream<_CharT, _Traits>& std::operator<<(std::basic_ostream<_CharT, _Traits>&, const char*)[m[K’
[1.633s]   321 |     [01;36m[Koperator[m[K<<(basic_ostream<_CharT, _Traits>& __out, const char* __s)
[1.634s]       |     [01;36m[K^~~~~~~~[m[K
[1.634s] [01m[K/usr/include/c++/11/bits/ostream.tcc:321:5:[m[K [01;36m[Knote: [m[K  template argument deduction/substitution failed:
[1.634s] [01m[K/home/seastar/steve_summer_seastar_ws/src/head_chef/src/ChefScript.cpp:42:30:[m[K [01;36m[Knote: [m[K  cannot convert ‘[01m[Kc[m[K’ (type ‘[01m[KChefCommand[m[K’) to type ‘[01m[Kconst char*[m[K’
[1.634s]    42 |                 std::cout << [01;36m[Kc[m[K << std::endl;
[1.634s]       |                              [01;36m[K^[m[K
[1.634s] In file included from [01m[K/usr/include/c++/11/iostream:39[m[K,
[1.634s]                  from [01m[K/home/seastar/steve_summer_seastar_ws/src/head_chef/src/ChefScript.h:7[m[K,
[1.634s]                  from [01m[K/home/seastar/steve_summer_seastar_ws/src/head_chef/src/ChefScript.cpp:1[m[K:
[1.634s] [01m[K/usr/include/c++/11/ostream:611:5:[m[K [01;36m[Knote: [m[Kcandidate: ‘[01m[Ktemplate<class _Traits> std::basic_ostream<char, _Traits>& std::operator<<(std::basic_ostream<char, _Traits>&, const char*)[m[K’
[1.635s]   611 |     [01;36m[Koperator[m[K<<(basic_ostream<char, _Traits>& __out, const char* __s)
[1.635s]       |     [01;36m[K^~~~~~~~[m[K
[1.635s] [01m[K/usr/include/c++/11/ostream:611:5:[m[K [01;36m[Knote: [m[K  template argument deduction/substitution failed:
[1.635s] [01m[K/home/seastar/steve_summer_seastar_ws/src/head_chef/src/ChefScript.cpp:42:30:[m[K [01;36m[Knote: [m[K  cannot convert ‘[01m[Kc[m[K’ (type ‘[01m[KChefCommand[m[K’) to type ‘[01m[Kconst char*[m[K’
[1.635s]    42 |                 std::cout << [01;36m[Kc[m[K << std::endl;
[1.635s]       |                              [01;36m[K^[m[K
[1.635s] In file included from [01m[K/usr/include/c++/11/iostream:39[m[K,
[1.635s]                  from [01m[K/home/seastar/steve_summer_seastar_ws/src/head_chef/src/ChefScript.h:7[m[K,
[1.636s]                  from [01m[K/home/seastar/steve_summer_seastar_ws/src/head_chef/src/ChefScript.cpp:1[m[K:
[1.636s] [01m[K/usr/include/c++/11/ostream:624:5:[m[K [01;36m[Knote: [m[Kcandidate: ‘[01m[Ktemplate<class _Traits> std::basic_ostream<char, _Traits>& std::operator<<(std::basic_ostream<char, _Traits>&, const signed char*)[m[K’
[1.636s]   624 |     [01;36m[Koperator[m[K<<(basic_ostream<char, _Traits>& __out, const signed char* __s)
[1.636s]       |     [01;36m[K^~~~~~~~[m[K
[1.636s] [01m[K/usr/include/c++/11/ostream:624:5:[m[K [01;36m[Knote: [m[K  template argument deduction/substitution failed:
[1.636s] [01m[K/home/seastar/steve_summer_seastar_ws/src/head_chef/src/ChefScript.cpp:42:30:[m[K [01;36m[Knote: [m[K  cannot convert ‘[01m[Kc[m[K’ (type ‘[01m[KChefCommand[m[K’) to type ‘[01m[Kconst signed char*[m[K’
[1.636s]    42 |                 std::cout << [01;36m[Kc[m[K << std::endl;
[1.636s]       |                              [01;36m[K^[m[K
[1.636s] In file included from [01m[K/usr/include/c++/11/iostream:39[m[K,
[1.636s]                  from [01m[K/home/seastar/steve_summer_seastar_ws/src/head_chef/src/ChefScript.h:7[m[K,
[1.637s]                  from [01m[K/home/seastar/steve_summer_seastar_ws/src/head_chef/src/ChefScript.cpp:1[m[K:
[1.637s] [01m[K/usr/include/c++/11/ostream:629:5:[m[K [01;36m[Knote: [m[Kcandidate: ‘[01m[Ktemplate<class _Traits> std::basic_ostream<char, _Traits>& std::operator<<(std::basic_ostream<char, _Traits>&, const unsigned char*)[m[K’
[1.637s]   629 |     [01;36m[Koperator[m[K<<(basic_ostream<char, _Traits>& __out, const unsigned char* __s)
[1.637s]       |     [01;36m[K^~~~~~~~[m[K
[1.637s] [01m[K/usr/include/c++/11/ostream:629:5:[m[K [01;36m[Knote: [m[K  template argument deduction/substitution failed:
[1.637s] [01m[K/home/seastar/steve_summer_seastar_ws/src/head_chef/src/ChefScript.cpp:42:30:[m[K [01;36m[Knote: [m[K  cannot convert ‘[01m[Kc[m[K’ (type ‘[01m[KChefCommand[m[K’) to type ‘[01m[Kconst unsigned char*[m[K’
[1.637s]    42 |                 std::cout << [01;36m[Kc[m[K << std::endl;
[1.637s]       |                              [01;36m[K^[m[K
[1.637s] In file included from [01m[K/usr/include/c++/11/iostream:39[m[K,
[1.637s]                  from [01m[K/home/seastar/steve_summer_seastar_ws/src/head_chef/src/ChefScript.h:7[m[K,
[1.638s]                  from [01m[K/home/seastar/steve_summer_seastar_ws/src/head_chef/src/ChefScript.cpp:1[m[K:
[1.638s] [01m[K/usr/include/c++/11/ostream:750:5:[m[K [01;36m[Knote: [m[Kcandidate: ‘[01m[Ktemplate<class _Ostream, class _Tp> _Ostream&& std::operator<<(_Ostream&&, const _Tp&)[m[K’
[1.638s]   750 |     [01;36m[Koperator[m[K<<(_Ostream&& __os, const _Tp& __x)
[1.638s]       |     [01;36m[K^~~~~~~~[m[K
[1.638s] [01m[K/usr/include/c++/11/ostream:750:5:[m[K [01;36m[Knote: [m[K  template argument deduction/substitution failed:
[1.638s] /usr/include/c++/11/ostream: In substitution of ‘[01m[Ktemplate<class _Ostream, class _Tp> _Ostream&& std::operator<<(_Ostream&&, const _Tp&) [with _Ostream = std::basic_ostream<char>&; _Tp = ChefCommand][m[K’:
[1.638s] [01m[K/home/seastar/steve_summer_seastar_ws/src/head_chef/src/ChefScript.cpp:42:16:[m[K   required from here
[1.638s] [01m[K/usr/include/c++/11/ostream:750:5:[m[K [01;31m[Kerror: [m[Kno type named ‘[01m[Ktype[m[K’ in ‘[01m[Kstruct std::enable_if<false, void>[m[K’
[1.639s] In file included from [01m[K/usr/include/c++/11/bits/fs_path.h:39[m[K,
[1.639s]                  from [01m[K/usr/include/c++/11/filesystem:45[m[K,
[1.639s]                  from [01m[K/home/seastar/steve_summer_seastar_ws/src/head_chef/src/ChefScript.h:8[m[K,
[1.639s]                  from [01m[K/home/seastar/steve_summer_seastar_ws/src/head_chef/src/ChefScript.cpp:1[m[K:
[1.639s] [01m[K/usr/include/c++/11/iomanip:79:5:[m[K [01;36m[Knote: [m[Kcandidate: ‘[01m[Ktemplate<class _CharT, class _Traits> std::basic_ostream<_CharT, _Traits>& std::operator<<(std::basic_ostream<_CharT, _Traits>&, std::_Resetiosflags)[m[K’
[1.639s]    79 |     [01;36m[Koperator[m[K<<(basic_ostream<_CharT, _Traits>& __os, _Resetiosflags __f)
[1.639s]       |     [01;36m[K^~~~~~~~[m[K
[1.639s] [01m[K/usr/include/c++/11/iomanip:79:5:[m[K [01;36m[Knote: [m[K  template argument deduction/substitution failed:
[1.639s] [01m[K/home/seastar/steve_summer_seastar_ws/src/head_chef/src/ChefScript.cpp:42:30:[m[K [01;36m[Knote: [m[K  cannot convert ‘[01m[Kc[m[K’ (type ‘[01m[KChefCommand[m[K’) to type ‘[01m[Kstd::_Resetiosflags[m[K’
[1.640s]    42 |                 std::cout << [01;36m[Kc[m[K << std::endl;
[1.640s]       |                              [01;36m[K^[m[K
[1.640s] In file included from [01m[K/usr/include/c++/11/bits/fs_path.h:39[m[K,
[1.640s]                  from [01m[K/usr/include/c++/11/filesystem:45[m[K,
[1.640s]                  from [01m[K/home/seastar/steve_summer_seastar_ws/src/head_chef/src/ChefScript.h:8[m[K,
[1.640s]                  from [01m[K/home/seastar/steve_summer_seastar_ws/src/head_chef/src/ChefScript.cpp:1[m[K:
[1.640s] [01m[K/usr/include/c++/11/iomanip:109:5:[m[K [01;36m[Knote: [m[Kcandidate: ‘[01m[Ktemplate<class _CharT, class _Traits> std::basic_ostream<_CharT, _Traits>& std::operator<<(std::basic_ostream<_CharT, _Traits>&, std::_Setiosflags)[m[K’
[1.640s]   109 |     [01;36m[Koperator[m[K<<(basic_ostream<_CharT, _Traits>& __os, _Setiosflags __f)
[1.641s]       |     [01;36m[K^~~~~~~~[m[K
[1.641s] [01m[K/usr/include/c++/11/iomanip:109:5:[m[K [01;36m[Knote: [m[K  template argument deduction/substitution failed:
[1.641s] [01m[K/home/seastar/steve_summer_seastar_ws/src/head_chef/src/ChefScript.cpp:42:30:[m[K [01;36m[Knote: [m[K  cannot convert ‘[01m[Kc[m[K’ (type ‘[01m[KChefCommand[m[K’) to type ‘[01m[Kstd::_Setiosflags[m[K’
[1.641s]    42 |                 std::cout << [01;36m[Kc[m[K << std::endl;
[1.641s]       |                              [01;36m[K^[m[K
[1.641s] In file included from [01m[K/usr/include/c++/11/bits/fs_path.h:39[m[K,
[1.641s]                  from [01m[K/usr/include/c++/11/filesystem:45[m[K,
[1.641s]                  from [01m[K/home/seastar/steve_summer_seastar_ws/src/head_chef/src/ChefScript.h:8[m[K,
[1.641s]                  from [01m[K/home/seastar/steve_summer_seastar_ws/src/head_chef/src/ChefScript.cpp:1[m[K:
[1.642s] [01m[K/usr/include/c++/11/iomanip:143:5:[m[K [01;36m[Knote: [m[Kcandidate: ‘[01m[Ktemplate<class _CharT, class _Traits> std::basic_ostream<_CharT, _Traits>& std::operator<<(std::basic_ostream<_CharT, _Traits>&, std::_Setbase)[m[K’
[1.642s]   143 |     [01;36m[Koperator[m[K<<(basic_ostream<_CharT, _Traits>& __os, _Setbase __f)
[1.642s]       |     [01;36m[K^~~~~~~~[m[K
[1.642s] [01m[K/usr/include/c++/11/iomanip:143:5:[m[K [01;36m[Knote: [m[K  template argument deduction/substitution failed:
[1.642s] [01m[K/home/seastar/steve_summer_seastar_ws/src/head_chef/src/ChefScript.cpp:42:30:[m[K [01;36m[Knote: [m[K  cannot convert ‘[01m[Kc[m[K’ (type ‘[01m[KChefCommand[m[K’) to type ‘[01m[Kstd::_Setbase[m[K’
[1.642s]    42 |                 std::cout << [01;36m[Kc[m[K << std::endl;
[1.642s]       |                              [01;36m[K^[m[K
[1.642s] In file included from [01m[K/usr/include/c++/11/bits/fs_path.h:39[m[K,
[1.643s]                  from [01m[K/usr/include/c++/11/filesystem:45[m[K,
[1.643s]                  from [01m[K/home/seastar/steve_summer_seastar_ws/src/head_chef/src/ChefScript.h:8[m[K,
[1.643s]                  from [01m[K/home/seastar/steve_summer_seastar_ws/src/head_chef/src/ChefScript.cpp:1[m[K:
[1.643s] [01m[K/usr/include/c++/11/iomanip:178:5:[m[K [01;36m[Knote: [m[Kcandidate: ‘[01m[Ktemplate<class _CharT, class _Traits> std::basic_ostream<_CharT, _Traits>& std::operator<<(std::basic_ostream<_CharT, _Traits>&, std::_Setfill<_CharT>)[m[K’
[1.643s]   178 |     [01;36m[Koperator[m[K<<(basic_ostream<_CharT, _Traits>& __os, _Setfill<_CharT> __f)
[1.643s]       |     [01;36m[K^~~~~~~~[m[K
[1.643s] [01m[K/usr/include/c++/11/iomanip:178:5:[m[K [01;36m[Knote: [m[K  template argument deduction/substitution failed:
[1.643s] [01m[K/home/seastar/steve_summer_seastar_ws/src/head_chef/src/ChefScript.cpp:42:30:[m[K [01;36m[Knote: [m[K  ‘[01m[KChefCommand[m[K’ is not derived from ‘[01m[Kstd::_Setfill<_CharT>[m[K’
[1.644s]    42 |                 std::cout << [01;36m[Kc[m[K << std::endl;
[1.644s]       |                              [01;36m[K^[m[K
[1.644s] In file included from [01m[K/usr/include/c++/11/bits/fs_path.h:39[m[K,
[1.644s]                  from [01m[K/usr/include/c++/11/filesystem:45[m[K,
[1.644s]                  from [01m[K/home/seastar/steve_summer_seastar_ws/src/head_chef/src/ChefScript.h:8[m[K,
[1.644s]                  from [01m[K/home/seastar/steve_summer_seastar_ws/src/head_chef/src/ChefScript.cpp:1[m[K:
[1.644s] [01m[K/usr/include/c++/11/iomanip:208:5:[m[K [01;36m[Knote: [m[Kcandidate: ‘[01m[Ktemplate<class _CharT, class _Traits> std::basic_ostream<_CharT, _Traits>& std::operator<<(std::basic_ostream<_CharT, _Traits>&, std::_Setprecision)[m[K’
[1.644s]   208 |     [01;36m[Koperator[m[K<<(basic_ostream<_CharT, _Traits>& __os, _Setprecision __f)
[1.644s]       |     [01;36m[K^~~~~~~~[m[K
[1.645s] [01m[K/usr/include/c++/11/iomanip:208:5:[m[K [01;36m[Knote: [m[K  template argument deduction/substitution failed:
[1.645s] [01m[K/home/seastar/steve_summer_seastar_ws/src/head_chef/src/ChefScript.cpp:42:30:[m[K [01;36m[Knote: [m[K  cannot convert ‘[01m[Kc[m[K’ (type ‘[01m[KChefCommand[m[K’) to type ‘[01m[Kstd::_Setprecision[m[K’
[1.645s]    42 |                 std::cout << [01;36m[Kc[m[K << std::endl;
[1.645s]       |                              [01;36m[K^[m[K
[1.645s] In file included from [01m[K/usr/include/c++/11/bits/fs_path.h:39[m[K,
[1.645s]                  from [01m[K/usr/include/c++/11/filesystem:45[m[K,
[1.645s]                  from [01m[K/home/seastar/steve_summer_seastar_ws/src/head_chef/src/ChefScript.h:8[m[K,
[1.645s]                  from [01m[K/home/seastar/steve_summer_seastar_ws/src/head_chef/src/ChefScript.cpp:1[m[K:
[1.645s] [01m[K/usr/include/c++/11/iomanip:238:5:[m[K [01;36m[Knote: [m[Kcandidate: ‘[01m[Ktemplate<class _CharT, class _Traits> std::basic_ostream<_CharT, _Traits>& std::operator<<(std::basic_ostream<_CharT, _Traits>&, std::_Setw)[m[K’
[1.646s]   238 |     [01;36m[Koperator[m[K<<(basic_ostream<_CharT, _Traits>& __os, _Setw __f)
[1.646s]       |     [01;36m[K^~~~~~~~[m[K
[1.646s] [01m[K/usr/include/c++/11/iomanip:238:5:[m[K [01;36m[Knote: [m[K  template argument deduction/substitution failed:
[1.646s] [01m[K/home/seastar/steve_summer_seastar_ws/src/head_chef/src/ChefScript.cpp:42:30:[m[K [01;36m[Knote: [m[K  cannot convert ‘[01m[Kc[m[K’ (type ‘[01m[KChefCommand[m[K’) to type ‘[01m[Kstd::_Setw[m[K’
[1.646s]    42 |                 std::cout << [01;36m[Kc[m[K << std::endl;
[1.646s]       |                              [01;36m[K^[m[K
[1.646s] In file included from [01m[K/usr/include/c++/11/bits/fs_path.h:39[m[K,
[1.646s]                  from [01m[K/usr/include/c++/11/filesystem:45[m[K,
[1.646s]                  from [01m[K/home/seastar/steve_summer_seastar_ws/src/head_chef/src/ChefScript.h:8[m[K,
[1.646s]                  from [01m[K/home/seastar/steve_summer_seastar_ws/src/head_chef/src/ChefScript.cpp:1[m[K:
[1.647s] [01m[K/usr/include/c++/11/iomanip:311:5:[m[K [01;36m[Knote: [m[Kcandidate: ‘[01m[Ktemplate<class _CharT, class _Traits, class _MoneyT> std::basic_ostream<_CharT, _Traits>& std::operator<<(std::basic_ostream<_CharT, _Traits>&, std::_Put_money<_MoneyT>)[m[K’
[1.647s]   311 |     [01;36m[Koperator[m[K<<(basic_ostream<_CharT, _Traits>& __os, _Put_money<_MoneyT> __f)
[1.647s]       |     [01;36m[K^~~~~~~~[m[K
[1.647s] [01m[K/usr/include/c++/11/iomanip:311:5:[m[K [01;36m[Knote: [m[K  template argument deduction/substitution failed:
[1.647s] [01m[K/home/seastar/steve_summer_seastar_ws/src/head_chef/src/ChefScript.cpp:42:30:[m[K [01;36m[Knote: [m[K  ‘[01m[KChefCommand[m[K’ is not derived from ‘[01m[Kstd::_Put_money<_MoneyT>[m[K’
[1.647s]    42 |                 std::cout << [01;36m[Kc[m[K << std::endl;
[1.647s]       |                              [01;36m[K^[m[K
[1.647s] In file included from [01m[K/usr/include/c++/11/bits/fs_path.h:39[m[K,
[1.647s]                  from [01m[K/usr/include/c++/11/filesystem:45[m[K,
[1.648s]                  from [01m[K/home/seastar/steve_summer_seastar_ws/src/head_chef/src/ChefScript.h:8[m[K,
[1.648s]                  from [01m[K/home/seastar/steve_summer_seastar_ws/src/head_chef/src/ChefScript.cpp:1[m[K:
[1.648s] [01m[K/usr/include/c++/11/iomanip:363:5:[m[K [01;36m[Knote: [m[Kcandidate: ‘[01m[Ktemplate<class _CharT, class _Traits> std::basic_ostream<_CharT, _Traits>& std::operator<<(std::basic_ostream<_CharT, _Traits>&, std::_Put_time<_CharT>)[m[K’
[1.648s]   363 |     [01;36m[Koperator[m[K<<(basic_ostream<_CharT, _Traits>& __os, _Put_time<_CharT> __f)
[1.648s]       |     [01;36m[K^~~~~~~~[m[K
[1.648s] [01m[K/usr/include/c++/11/iomanip:363:5:[m[K [01;36m[Knote: [m[K  template argument deduction/substitution failed:
[1.648s] [01m[K/home/seastar/steve_summer_seastar_ws/src/head_chef/src/ChefScript.cpp:42:30:[m[K [01;36m[Knote: [m[K  ‘[01m[KChefCommand[m[K’ is not derived from ‘[01m[Kstd::_Put_time<_CharT>[m[K’
[1.648s]    42 |                 std::cout << [01;36m[Kc[m[K << std::endl;
[1.648s]       |                              [01;36m[K^[m[K
[1.648s] In file included from [01m[K/usr/include/c++/11/bits/fs_path.h:46[m[K,
[1.649s]                  from [01m[K/usr/include/c++/11/filesystem:45[m[K,
[1.649s]                  from [01m[K/home/seastar/steve_summer_seastar_ws/src/head_chef/src/ChefScript.h:8[m[K,
[1.649s]                  from [01m[K/home/seastar/steve_summer_seastar_ws/src/head_chef/src/ChefScript.cpp:1[m[K:
[1.649s] [01m[K/usr/include/c++/11/bits/shared_ptr.h:70:5:[m[K [01;36m[Knote: [m[Kcandidate: ‘[01m[Ktemplate<class _Ch, class _Tr, class _Tp, __gnu_cxx::_Lock_policy _Lp> std::basic_ostream<_CharT, _Traits>& std::operator<<(std::basic_ostream<_CharT, _Traits>&, const std::__shared_ptr<_Tp, _Lp>&)[m[K’
[1.649s]    70 |     [01;36m[Koperator[m[K<<(std::basic_ostream<_Ch, _Tr>& __os,
[1.649s]       |     [01;36m[K^~~~~~~~[m[K
[1.649s] [01m[K/usr/include/c++/11/bits/shared_ptr.h:70:5:[m[K [01;36m[Knote: [m[K  template argument deduction/substitution failed:
[1.649s] [01m[K/home/seastar/steve_summer_seastar_ws/src/head_chef/src/ChefScript.cpp:42:30:[m[K [01;36m[Knote: [m[K  ‘[01m[KChefCommand[m[K’ is not derived from ‘[01m[Kconst std::__shared_ptr<_Tp, _Lp>[m[K’
[1.649s]    42 |                 std::cout << [01;36m[Kc[m[K << std::endl;
[1.650s]       |                              [01;36m[K^[m[K
[1.650s] [01m[K/home/seastar/steve_summer_seastar_ws/src/head_chef/src/ChefScript.cpp:[m[K In member function ‘[01m[Kbool ChefScript::isValidCommand(std::string)[m[K’:
[1.650s] [01m[K/home/seastar/steve_summer_seastar_ws/src/head_chef/src/ChefScript.cpp:57:14:[m[K [01;35m[Kwarning: [m[Kunused variable ‘[01m[KisValid[m[K’ [[01;35m[K]8;;https://gcc.gnu.org/onlinedocs/gcc/Warning-Options.html#index-Wunused-variable-Wunused-variable]8;;[m[K]
[1.650s]    57 |         bool [01;35m[KisValid[m[K = false;
[1.650s]       |              [01;35m[K^~~~~~~[m[K
[1.726s] gmake[2]: *** [CMakeFiles/head_chef.dir/build.make:132: CMakeFiles/head_chef.dir/src/ChefScript.cpp.o] Error 1
[1.727s] gmake[1]: *** [CMakeFiles/Makefile2:137: CMakeFiles/head_chef.dir/all] Error 2
[1.727s] gmake: *** [Makefile:146: all] Error 2
[1.736s] Invoked command in '/home/seastar/steve_summer_seastar_ws/build/head_chef' returned '2': CMAKE_PREFIX_PATH=/home/seastar/steve_summer_seastar_ws/install/seastar_interfaces:/home/seastar/steve_summer_seastar_ws/install/sunspotter:/home/seastar/steve_summer_seastar_ws/install/head_chef:/home/seastar/steve_summer_seastar_ws/install/motor_state_manager:/home/seastar/steve_summer_seastar_ws/install/motor_manager:/home/seastar/steve_summer_seastar_ws/install/bluespace_ai_xsens_mti_driver:/home/seastar/steve_summer_seastar_ws/install/test_driver:/home/seastar/steve_summer_seastar_ws/install/test_cam:/home/seastar/steve_summer_seastar_ws/install/solar_ephemeris:/home/seastar/steve_summer_seastar_ws/install/pysp:/home/seastar/steve_summer_seastar_ws/install/imufaker:/home/seastar/steve_summer_seastar_ws/install/ik_tools:/home/seastar/steve_summer_seastar_ws/install/ik_solver:/home/seastar/steve_summer_seastar_ws/install/hamburger_helper:/opt/ros/humble /home/seastar/.local/bin/cmake --build /home/seastar/steve_summer_seastar_ws/build/head_chef -- -j4 -l4
