-- Found ament_cmake: 1.3.3 (/opt/ros/humble/share/ament_cmake/cmake)
-- Found rosidl_default_generators: 1.2.0 (/opt/ros/humble/share/rosidl_default_generators/cmake)
-- Using all available rosidl_typesupport_c: rosidl_typesupport_fastrtps_c;rosidl_typesupport_introspection_c
-- Found rosidl_adapter: 3.1.4 (/opt/ros/humble/share/rosidl_adapter/cmake)
-- Using all available rosidl_typesupport_cpp: rosidl_typesupport_fastrtps_cpp;rosidl_typesupport_introspection_cpp
-- Found ament_lint_auto: 0.12.5 (/opt/ros/humble/share/ament_lint_auto/cmake)
-- Found ament_cmake_ros: 0.10.0 (/opt/ros/humble/share/ament_cmake_ros/cmake)
-- Using all available rosidl_typesupport_c: rosidl_typesupport_fastrtps_c;rosidl_typesupport_introspection_c
-- Using all available rosidl_typesupport_cpp: rosidl_typesupport_fastrtps_cpp;rosidl_typesupport_introspection_cpp
-- Found python_cmake_module: 0.10.0 (/opt/ros/humble/share/python_cmake_module/cmake)
-- Using PYTHON_EXECUTABLE: /usr/bin/python3
-- Using PYTHON_INCLUDE_DIRS: /usr/include/python3.10
-- Using PYTHON_LIBRARIES: /usr/lib/x86_64-linux-gnu/libpython3.10.so
-- Added test 'cppcheck' to perform static code analysis on C / C++ code
-- Configured cppcheck include dirs: $<BUILD_INTERFACE:/home/seastar/seastar_ws/src/seastar_interfaces/build/seastar_interfaces/rosidl_generator_c>;$<BUILD_INTERFACE:/home/seastar/seastar_ws/src/seastar_interfaces/build/seastar_interfaces/rosidl_typesupport_fastrtps_c>;$<BUILD_INTERFACE:/home/seastar/seastar_ws/src/seastar_interfaces/build/seastar_interfaces/rosidl_typesupport_introspection_c>;$<BUILD_INTERFACE:/home/seastar/seastar_ws/src/seastar_interfaces/build/seastar_interfaces/rosidl_generator_cpp>;$<BUILD_INTERFACE:/home/seastar/seastar_ws/src/seastar_interfaces/build/seastar_interfaces/rosidl_typesupport_fastrtps_cpp>;$<BUILD_INTERFACE:/home/seastar/seastar_ws/src/seastar_interfaces/build/seastar_interfaces/rosidl_typesupport_introspection_cpp>;/home/seastar/seastar_ws/src/seastar_interfaces/build/seastar_interfaces/rosidl_generator_c;/home/seastar/seastar_ws/src/seastar_interfaces/build/seastar_interfaces/rosidl_generator_py
-- Configured cppcheck exclude dirs and/or files: 
-- Added test 'flake8' to check Python code syntax and style conventions
-- Added test 'lint_cmake' to check CMake code style
-- Added test 'pep257' to check Python code against some of the docstring style conventions in PEP 257
-- Added test 'uncrustify' to check C / C++ code style
-- Configured uncrustify additional arguments: 
-- Added test 'xmllint' to check XML markup files
-- Configuring done
-- Generating done
-- Build files have been written to: /home/seastar/seastar_ws/src/seastar_interfaces/build/seastar_interfaces
[35m[1mConsolidate compiler generated dependencies of target seastar_interfaces__rosidl_generator_c[0m
[  2%] Built target seastar_interfaces__cpp
[  5%] [32mBuilding C object CMakeFiles/seastar_interfaces__rosidl_generator_c.dir/rosidl_generator_c/seastar_interfaces/msg/detail/sky_scan_offset__functions.c.o[0m
[35m[1mConsolidate compiler generated dependencies of target seastar_interfaces__rosidl_typesupport_introspection_cpp[0m
[35m[1mConsolidate compiler generated dependencies of target seastar_interfaces__rosidl_typesupport_fastrtps_cpp[0m
[  5%] Built target ament_cmake_python_copy_seastar_interfaces
[35m[1mConsolidate compiler generated dependencies of target seastar_interfaces__rosidl_typesupport_cpp[0m
[  7%] [32mBuilding CXX object CMakeFiles/seastar_interfaces__rosidl_typesupport_introspection_cpp.dir/rosidl_typesupport_introspection_cpp/seastar_interfaces/msg/detail/sky_scan_offset__type_support.cpp.o[0m
[ 10%] [32mBuilding CXX object CMakeFiles/seastar_interfaces__rosidl_typesupport_fastrtps_cpp.dir/rosidl_typesupport_fastrtps_cpp/seastar_interfaces/msg/detail/dds_fastrtps/sky_scan_offset__type_support.cpp.o[0m
[ 12%] [32mBuilding CXX object CMakeFiles/seastar_interfaces__rosidl_typesupport_cpp.dir/rosidl_typesupport_cpp/seastar_interfaces/msg/sky_scan_offset__type_support.cpp.o[0m
