[0.013s] Invoking command in '/home/seastar/seastar_ws/src/seastar_interfaces/build/seastar_interfaces': CMAKE_PREFIX_PATH=${CMAKE_PREFIX_PATH}:/home/seastar/seastar_ws/install/solar_ephemeris:/home/seastar/seastar_ws/install/skyscan_offset:/opt/ros/humble /usr/bin/cmake --build /home/seastar/seastar_ws/src/seastar_interfaces/build/seastar_interfaces -- -j4 -l4
[0.037s] -- Found ament_cmake: 1.3.3 (/opt/ros/humble/share/ament_cmake/cmake)
[0.183s] -- Found rosidl_default_generators: 1.2.0 (/opt/ros/humble/share/rosidl_default_generators/cmake)
[0.185s] -- Using all available rosidl_typesupport_c: rosidl_typesupport_fastrtps_c;rosidl_typesupport_introspection_c
[0.188s] -- Found rosidl_adapter: 3.1.4 (/opt/ros/humble/share/rosidl_adapter/cmake)
[0.217s] -- Using all available rosidl_typesupport_cpp: rosidl_typesupport_fastrtps_cpp;rosidl_typesupport_introspection_cpp
[0.246s] -- Found ament_lint_auto: 0.12.5 (/opt/ros/humble/share/ament_lint_auto/cmake)
[0.497s] -- Found ament_cmake_ros: 0.10.0 (/opt/ros/humble/share/ament_cmake_ros/cmake)
[0.673s] -- Using all available rosidl_typesupport_c: rosidl_typesupport_fastrtps_c;rosidl_typesupport_introspection_c
[0.915s] -- Using all available rosidl_typesupport_cpp: rosidl_typesupport_fastrtps_cpp;rosidl_typesupport_introspection_cpp
[0.939s] -- Found python_cmake_module: 0.10.0 (/opt/ros/humble/share/python_cmake_module/cmake)
[0.961s] -- Using PYTHON_EXECUTABLE: /usr/bin/python3
[0.961s] -- Using PYTHON_INCLUDE_DIRS: /usr/include/python3.10
[0.961s] -- Using PYTHON_LIBRARIES: /usr/lib/x86_64-linux-gnu/libpython3.10.so
[0.996s] -- Added test 'cppcheck' to perform static code analysis on C / C++ code
[0.997s] -- Configured cppcheck include dirs: $<BUILD_INTERFACE:/home/seastar/seastar_ws/src/seastar_interfaces/build/seastar_interfaces/rosidl_generator_c>;$<BUILD_INTERFACE:/home/seastar/seastar_ws/src/seastar_interfaces/build/seastar_interfaces/rosidl_typesupport_fastrtps_c>;$<BUILD_INTERFACE:/home/seastar/seastar_ws/src/seastar_interfaces/build/seastar_interfaces/rosidl_typesupport_introspection_c>;$<BUILD_INTERFACE:/home/seastar/seastar_ws/src/seastar_interfaces/build/seastar_interfaces/rosidl_generator_cpp>;$<BUILD_INTERFACE:/home/seastar/seastar_ws/src/seastar_interfaces/build/seastar_interfaces/rosidl_typesupport_fastrtps_cpp>;$<BUILD_INTERFACE:/home/seastar/seastar_ws/src/seastar_interfaces/build/seastar_interfaces/rosidl_typesupport_introspection_cpp>;/home/seastar/seastar_ws/src/seastar_interfaces/build/seastar_interfaces/rosidl_generator_c;/home/seastar/seastar_ws/src/seastar_interfaces/build/seastar_interfaces/rosidl_generator_py
[0.997s] -- Configured cppcheck exclude dirs and/or files: 
[1.000s] -- Added test 'flake8' to check Python code syntax and style conventions
[1.007s] -- Added test 'lint_cmake' to check CMake code style
[1.010s] -- Added test 'pep257' to check Python code against some of the docstring style conventions in PEP 257
[1.033s] -- Added test 'uncrustify' to check C / C++ code style
[1.033s] -- Configured uncrustify additional arguments: 
[1.036s] -- Added test 'xmllint' to check XML markup files
[1.039s] -- Configuring done
[1.067s] -- Generating done
[1.070s] -- Build files have been written to: /home/seastar/seastar_ws/src/seastar_interfaces/build/seastar_interfaces
[1.096s] [35m[1mConsolidate compiler generated dependencies of target seastar_interfaces__rosidl_generator_c[0m
[1.104s] [  2%] Built target seastar_interfaces__cpp
[1.110s] [  5%] [32mBuilding C object CMakeFiles/seastar_interfaces__rosidl_generator_c.dir/rosidl_generator_c/seastar_interfaces/msg/detail/sky_scan_offset__functions.c.o[0m
[1.118s] [35m[1mConsolidate compiler generated dependencies of target seastar_interfaces__rosidl_typesupport_introspection_cpp[0m
[1.118s] [35m[1mConsolidate compiler generated dependencies of target seastar_interfaces__rosidl_typesupport_fastrtps_cpp[0m
[1.119s] [  5%] Built target ament_cmake_python_copy_seastar_interfaces
[1.131s] In file included from [01m[K/home/seastar/seastar_ws/src/seastar_interfaces/build/seastar_interfaces/rosidl_generator_c/seastar_interfaces/msg/detail/sky_scan_offset__functions.h:19[m[K,
[1.132s]                  from [01m[K/home/seastar/seastar_ws/src/seastar_interfaces/build/seastar_interfaces/rosidl_generator_c/seastar_interfaces/msg/detail/sky_scan_offset__functions.c:4[m[K:
[1.132s] [01m[K/home/seastar/seastar_ws/src/seastar_interfaces/build/seastar_interfaces/rosidl_generator_c/seastar_interfaces/msg/detail/sky_scan_offset__struct.h:22:10:[m[K [01;31m[Kfatal error: [m[Kseastar_interfaces/msg/detail/quaternion__struct.h: No such file or directory
[1.132s]    22 | #include [01;31m[K"seastar_interfaces/msg/detail/quaternion__struct.h"[m[K
[1.132s]       |          [01;31m[K^~~~~~~~~~~~~~~~~~~~~~~~~~~~~~~~~~~~~~~~~~~~~~~~~~~~[m[K
[1.133s] compilation terminated.
[1.134s] gmake[2]: *** [CMakeFiles/seastar_interfaces__rosidl_generator_c.dir/build.make:135: CMakeFiles/seastar_interfaces__rosidl_generator_c.dir/rosidl_generator_c/seastar_interfaces/msg/detail/sky_scan_offset__functions.c.o] Error 1
[1.135s] gmake[1]: *** [CMakeFiles/Makefile2:213: CMakeFiles/seastar_interfaces__rosidl_generator_c.dir/all] Error 2
[1.135s] gmake[1]: *** Waiting for unfinished jobs....
[1.135s] [35m[1mConsolidate compiler generated dependencies of target seastar_interfaces__rosidl_typesupport_cpp[0m
[1.136s] [  7%] [32mBuilding CXX object CMakeFiles/seastar_interfaces__rosidl_typesupport_introspection_cpp.dir/rosidl_typesupport_introspection_cpp/seastar_interfaces/msg/detail/sky_scan_offset__type_support.cpp.o[0m
[1.138s] [ 10%] [32mBuilding CXX object CMakeFiles/seastar_interfaces__rosidl_typesupport_fastrtps_cpp.dir/rosidl_typesupport_fastrtps_cpp/seastar_interfaces/msg/detail/dds_fastrtps/sky_scan_offset__type_support.cpp.o[0m
[1.148s] [ 12%] [32mBuilding CXX object CMakeFiles/seastar_interfaces__rosidl_typesupport_cpp.dir/rosidl_typesupport_cpp/seastar_interfaces/msg/sky_scan_offset__type_support.cpp.o[0m
[1.197s] In file included from [01m[K/home/seastar/seastar_ws/src/seastar_interfaces/build/seastar_interfaces/rosidl_typesupport_cpp/seastar_interfaces/msg/sky_scan_offset__type_support.cpp:7[m[K:
[1.197s] [01m[K/home/seastar/seastar_ws/src/seastar_interfaces/build/seastar_interfaces/rosidl_generator_cpp/seastar_interfaces/msg/detail/sky_scan_offset__struct.hpp:20:10:[m[K [01;31m[Kfatal error: [m[Kseastar_interfaces/msg/detail/quaternion__struct.hpp: No such file or directory
[1.197s]    20 | #include [01;31m[K"seastar_interfaces/msg/detail/quaternion__struct.hpp"[m[K
[1.197s]       |          [01;31m[K^~~~~~~~~~~~~~~~~~~~~~~~~~~~~~~~~~~~~~~~~~~~~~~~~~~~~~[m[K
[1.197s] compilation terminated.
[1.198s] gmake[2]: *** [CMakeFiles/seastar_interfaces__rosidl_typesupport_cpp.dir/build.make:104: CMakeFiles/seastar_interfaces__rosidl_typesupport_cpp.dir/rosidl_typesupport_cpp/seastar_interfaces/msg/sky_scan_offset__type_support.cpp.o] Error 1
[1.198s] gmake[1]: *** [CMakeFiles/Makefile2:395: CMakeFiles/seastar_interfaces__rosidl_typesupport_cpp.dir/all] Error 2
[1.227s] In file included from [01m[K/home/seastar/seastar_ws/src/seastar_interfaces/build/seastar_interfaces/rosidl_typesupport_fastrtps_cpp/seastar_interfaces/msg/detail/sky_scan_offset__rosidl_typesupport_fastrtps_cpp.hpp:11[m[K,
[1.228s]                  from [01m[K/home/seastar/seastar_ws/src/seastar_interfaces/build/seastar_interfaces/rosidl_typesupport_fastrtps_cpp/seastar_interfaces/msg/detail/dds_fastrtps/sky_scan_offset__type_support.cpp:4[m[K:
[1.228s] [01m[K/home/seastar/seastar_ws/src/seastar_interfaces/build/seastar_interfaces/rosidl_generator_cpp/seastar_interfaces/msg/detail/sky_scan_offset__struct.hpp:20:10:[m[K [01;31m[Kfatal error: [m[Kseastar_interfaces/msg/detail/quaternion__struct.hpp: No such file or directory
[1.228s]    20 | #include [01;31m[K"seastar_interfaces/msg/detail/quaternion__struct.hpp"[m[K
[1.229s]       |          [01;31m[K^~~~~~~~~~~~~~~~~~~~~~~~~~~~~~~~~~~~~~~~~~~~~~~~~~~~~~[m[K
[1.229s] compilation terminated.
[1.230s] gmake[2]: *** [CMakeFiles/seastar_interfaces__rosidl_typesupport_fastrtps_cpp.dir/build.make:112: CMakeFiles/seastar_interfaces__rosidl_typesupport_fastrtps_cpp.dir/rosidl_typesupport_fastrtps_cpp/seastar_interfaces/msg/detail/dds_fastrtps/sky_scan_offset__type_support.cpp.o] Error 1
[1.230s] gmake[1]: *** [CMakeFiles/Makefile2:343: CMakeFiles/seastar_interfaces__rosidl_typesupport_fastrtps_cpp.dir/all] Error 2
[1.234s] In file included from [01m[K/home/seastar/seastar_ws/src/seastar_interfaces/build/seastar_interfaces/rosidl_typesupport_introspection_cpp/seastar_interfaces/msg/detail/sky_scan_offset__type_support.cpp:12[m[K:
[1.234s] [01m[K/home/seastar/seastar_ws/src/seastar_interfaces/build/seastar_interfaces/rosidl_generator_cpp/seastar_interfaces/msg/detail/sky_scan_offset__struct.hpp:20:10:[m[K [01;31m[Kfatal error: [m[Kseastar_interfaces/msg/detail/quaternion__struct.hpp: No such file or directory
[1.235s]    20 | #include [01;31m[K"seastar_interfaces/msg/detail/quaternion__struct.hpp"[m[K
[1.235s]       |          [01;31m[K^~~~~~~~~~~~~~~~~~~~~~~~~~~~~~~~~~~~~~~~~~~~~~~~~~~~~~[m[K
[1.235s] compilation terminated.
[1.235s] gmake[2]: *** [CMakeFiles/seastar_interfaces__rosidl_typesupport_introspection_cpp.dir/build.make:112: CMakeFiles/seastar_interfaces__rosidl_typesupport_introspection_cpp.dir/rosidl_typesupport_introspection_cpp/seastar_interfaces/msg/detail/sky_scan_offset__type_support.cpp.o] Error 1
[1.236s] gmake[1]: *** [CMakeFiles/Makefile2:369: CMakeFiles/seastar_interfaces__rosidl_typesupport_introspection_cpp.dir/all] Error 2
[1.236s] gmake: *** [Makefile:146: all] Error 2
[1.237s] Invoked command in '/home/seastar/seastar_ws/src/seastar_interfaces/build/seastar_interfaces' returned '2': CMAKE_PREFIX_PATH=${CMAKE_PREFIX_PATH}:/home/seastar/seastar_ws/install/solar_ephemeris:/home/seastar/seastar_ws/install/skyscan_offset:/opt/ros/humble /usr/bin/cmake --build /home/seastar/seastar_ws/src/seastar_interfaces/build/seastar_interfaces -- -j4 -l4
