[0.037s] Invoking command in '/home/seastar/steve_summer_seastar_ws/build/head_chef': CMAKE_PREFIX_PATH=/home/seastar/steve_summer_seastar_ws/install/seastar_interfaces:/home/seastar/steve_summer_seastar_ws/install/sunspotter:/home/seastar/steve_summer_seastar_ws/install/head_chef:/home/seastar/steve_summer_seastar_ws/install/motor_state_manager:/home/seastar/steve_summer_seastar_ws/install/motor_manager:/home/seastar/steve_summer_seastar_ws/install/bluespace_ai_xsens_mti_driver:/home/seastar/steve_summer_seastar_ws/install/test_driver:/home/seastar/steve_summer_seastar_ws/install/test_cam:/home/seastar/steve_summer_seastar_ws/install/solar_ephemeris:/home/seastar/steve_summer_seastar_ws/install/pysp:/home/seastar/steve_summer_seastar_ws/install/imufaker:/home/seastar/steve_summer_seastar_ws/install/ik_tools:/home/seastar/steve_summer_seastar_ws/install/ik_solver:/home/seastar/steve_summer_seastar_ws/install/hamburger_helper:/opt/ros/humble /home/seastar/.local/bin/cmake --build /home/seastar/steve_summer_seastar_ws/build/head_chef -- -j4 -l4
[0.150s] [ 16%] [32mBuilding CXX object CMakeFiles/head_chef.dir/src/ChefScript.cpp.o[0m
[0.991s] [ 33%] [32m[1mLinking CXX executable head_chef[0m
[2.464s] [100%] Built target head_chef
[2.475s] Invoked command in '/home/seastar/steve_summer_seastar_ws/build/head_chef' returned '0': CMAKE_PREFIX_PATH=/home/seastar/steve_summer_seastar_ws/install/seastar_interfaces:/home/seastar/steve_summer_seastar_ws/install/sunspotter:/home/seastar/steve_summer_seastar_ws/install/head_chef:/home/seastar/steve_summer_seastar_ws/install/motor_state_manager:/home/seastar/steve_summer_seastar_ws/install/motor_manager:/home/seastar/steve_summer_seastar_ws/install/bluespace_ai_xsens_mti_driver:/home/seastar/steve_summer_seastar_ws/install/test_driver:/home/seastar/steve_summer_seastar_ws/install/test_cam:/home/seastar/steve_summer_seastar_ws/install/solar_ephemeris:/home/seastar/steve_summer_seastar_ws/install/pysp:/home/seastar/steve_summer_seastar_ws/install/imufaker:/home/seastar/steve_summer_seastar_ws/install/ik_tools:/home/seastar/steve_summer_seastar_ws/install/ik_solver:/home/seastar/steve_summer_seastar_ws/install/hamburger_helper:/opt/ros/humble /home/seastar/.local/bin/cmake --build /home/seastar/steve_summer_seastar_ws/build/head_chef -- -j4 -l4
[2.546s] Invoking command in '/home/seastar/steve_summer_seastar_ws/build/head_chef': CMAKE_PREFIX_PATH=/home/seastar/steve_summer_seastar_ws/install/seastar_interfaces:/home/seastar/steve_summer_seastar_ws/install/sunspotter:/home/seastar/steve_summer_seastar_ws/install/head_chef:/home/seastar/steve_summer_seastar_ws/install/motor_state_manager:/home/seastar/steve_summer_seastar_ws/install/motor_manager:/home/seastar/steve_summer_seastar_ws/install/bluespace_ai_xsens_mti_driver:/home/seastar/steve_summer_seastar_ws/install/test_driver:/home/seastar/steve_summer_seastar_ws/install/test_cam:/home/seastar/steve_summer_seastar_ws/install/solar_ephemeris:/home/seastar/steve_summer_seastar_ws/install/pysp:/home/seastar/steve_summer_seastar_ws/install/imufaker:/home/seastar/steve_summer_seastar_ws/install/ik_tools:/home/seastar/steve_summer_seastar_ws/install/ik_solver:/home/seastar/steve_summer_seastar_ws/install/hamburger_helper:/opt/ros/humble /home/seastar/.local/bin/cmake --install /home/seastar/steve_summer_seastar_ws/build/head_chef
[2.580s] -- Install configuration: ""
[2.581s] -- Execute custom install script
[2.581s] -- Up-to-date symlink: /home/seastar/steve_summer_seastar_ws/install/head_chef/lib/head_chef/head_chef
[2.581s] -- Up-to-date symlink: /home/seastar/steve_summer_seastar_ws/install/head_chef/share/ament_index/resource_index/package_run_dependencies/head_chef
[2.581s] -- Up-to-date symlink: /home/seastar/steve_summer_seastar_ws/install/head_chef/share/ament_index/resource_index/parent_prefix_path/head_chef
[2.582s] -- Up-to-date symlink: /home/seastar/steve_summer_seastar_ws/install/head_chef/share/head_chef/environment/ament_prefix_path.sh
[2.582s] -- Up-to-date symlink: /home/seastar/steve_summer_seastar_ws/install/head_chef/share/head_chef/environment/ament_prefix_path.dsv
[2.582s] -- Up-to-date symlink: /home/seastar/steve_summer_seastar_ws/install/head_chef/share/head_chef/environment/path.sh
[2.582s] -- Up-to-date symlink: /home/seastar/steve_summer_seastar_ws/install/head_chef/share/head_chef/environment/path.dsv
[2.582s] -- Up-to-date symlink: /home/seastar/steve_summer_seastar_ws/install/head_chef/share/head_chef/local_setup.bash
[2.582s] -- Up-to-date symlink: /home/seastar/steve_summer_seastar_ws/install/head_chef/share/head_chef/local_setup.sh
[2.583s] -- Up-to-date symlink: /home/seastar/steve_summer_seastar_ws/install/head_chef/share/head_chef/local_setup.zsh
[2.583s] -- Up-to-date symlink: /home/seastar/steve_summer_seastar_ws/install/head_chef/share/head_chef/local_setup.dsv
[2.583s] -- Symlinking: /home/seastar/steve_summer_seastar_ws/install/head_chef/share/head_chef/package.dsv
[2.587s] -- Up-to-date symlink: /home/seastar/steve_summer_seastar_ws/install/head_chef/share/ament_index/resource_index/packages/head_chef
[2.587s] -- Up-to-date symlink: /home/seastar/steve_summer_seastar_ws/install/head_chef/share/head_chef/cmake/head_chefConfig.cmake
[2.587s] -- Up-to-date symlink: /home/seastar/steve_summer_seastar_ws/install/head_chef/share/head_chef/cmake/head_chefConfig-version.cmake
[2.587s] -- Up-to-date symlink: /home/seastar/steve_summer_seastar_ws/install/head_chef/share/head_chef/package.xml
[2.596s] Invoked command in '/home/seastar/steve_summer_seastar_ws/build/head_chef' returned '0': CMAKE_PREFIX_PATH=/home/seastar/steve_summer_seastar_ws/install/seastar_interfaces:/home/seastar/steve_summer_seastar_ws/install/sunspotter:/home/seastar/steve_summer_seastar_ws/install/head_chef:/home/seastar/steve_summer_seastar_ws/install/motor_state_manager:/home/seastar/steve_summer_seastar_ws/install/motor_manager:/home/seastar/steve_summer_seastar_ws/install/bluespace_ai_xsens_mti_driver:/home/seastar/steve_summer_seastar_ws/install/test_driver:/home/seastar/steve_summer_seastar_ws/install/test_cam:/home/seastar/steve_summer_seastar_ws/install/solar_ephemeris:/home/seastar/steve_summer_seastar_ws/install/pysp:/home/seastar/steve_summer_seastar_ws/install/imufaker:/home/seastar/steve_summer_seastar_ws/install/ik_tools:/home/seastar/steve_summer_seastar_ws/install/ik_solver:/home/seastar/steve_summer_seastar_ws/install/hamburger_helper:/opt/ros/humble /home/seastar/.local/bin/cmake --install /home/seastar/steve_summer_seastar_ws/build/head_chef
