[1.651s] Invoking command in '/home/seastar/steve_summer_seastar_ws/build/imufaker': PYTHONPATH=/home/seastar/steve_summer_seastar_ws/build/imufaker/prefix_override:/home/seastar/steve_summer_seastar_ws/install/imufaker/lib/python3.10/site-packages:${PYTHONPATH} /usr/bin/python3 setup.py develop --editable --build-directory /home/seastar/steve_summer_seastar_ws/build/imufaker/build --no-deps install_data
[2.209s] running develop
[2.210s] /usr/lib/python3/dist-packages/setuptools/command/easy_install.py:158: EasyInstallDeprecationWarning: easy_install command is deprecated. Use build and pip and other standards-based tools.
[2.210s]   warnings.warn(
[2.212s] /usr/lib/python3/dist-packages/setuptools/command/install.py:34: SetuptoolsDeprecationWarning: setup.py install is deprecated. Use build and pip and other standards-based tools.
[2.212s]   warnings.warn(
[2.339s] /usr/lib/python3/dist-packages/pkg_resources/__init__.py:116: PkgResourcesDeprecationWarning: 1.16.0-unknown is an invalid version and will not be supported in a future release
[2.339s]   warnings.warn(
[2.341s] /usr/lib/python3/dist-packages/pkg_resources/__init__.py:116: PkgResourcesDeprecationWarning: 1.1build1 is an invalid version and will not be supported in a future release
[2.342s]   warnings.warn(
[2.629s] running egg_info
[2.630s] writing imufaker.egg-info/PKG-INFO
[2.630s] writing dependency_links to imufaker.egg-info/dependency_links.txt
[2.630s] writing entry points to imufaker.egg-info/entry_points.txt
[2.631s] writing requirements to imufaker.egg-info/requires.txt
[2.631s] writing top-level names to imufaker.egg-info/top_level.txt
[2.814s] listing git files failed - pretending there aren't any
[3.376s] reading manifest file 'imufaker.egg-info/SOURCES.txt'
[3.377s] writing manifest file 'imufaker.egg-info/SOURCES.txt'
[3.486s] running build_ext
[3.487s] Creating /home/seastar/steve_summer_seastar_ws/install/imufaker/lib/python3.10/site-packages/imufaker.egg-link (link to .)
[3.489s] Installing imufaker script to /home/seastar/steve_summer_seastar_ws/install/imufaker/lib/imufaker
[3.490s] 
[3.490s] Installed /home/seastar/steve_summer_seastar_ws/build/imufaker
[3.490s] running install_data
[3.600s] Invoked command in '/home/seastar/steve_summer_seastar_ws/build/imufaker' returned '0': PYTHONPATH=/home/seastar/steve_summer_seastar_ws/build/imufaker/prefix_override:/home/seastar/steve_summer_seastar_ws/install/imufaker/lib/python3.10/site-packages:${PYTHONPATH} /usr/bin/python3 setup.py develop --editable --build-directory /home/seastar/steve_summer_seastar_ws/build/imufaker/build --no-deps install_data
