[1.561s] Invoking command in '/home/seastar/steve_summer_seastar_ws/build/imufaker': PYTHONPATH=/home/seastar/steve_summer_seastar_ws/build/imufaker/prefix_override:/home/seastar/steve_summer_seastar_ws/install/imufaker/lib/python3.10/site-packages:${PYTHONPATH} /usr/bin/python3 setup.py develop --editable --build-directory /home/seastar/steve_summer_seastar_ws/build/imufaker/build --no-deps install_data
[2.132s] running develop
[2.132s] /usr/lib/python3/dist-packages/setuptools/command/easy_install.py:158: EasyInstallDeprecationWarning: easy_install command is deprecated. Use build and pip and other standards-based tools.
[2.133s]   warnings.warn(
[2.135s] /usr/lib/python3/dist-packages/setuptools/command/install.py:34: SetuptoolsDeprecationWarning: setup.py install is deprecated. Use build and pip and other standards-based tools.
[2.135s]   warnings.warn(
[2.268s] /usr/lib/python3/dist-packages/pkg_resources/__init__.py:116: PkgResourcesDeprecationWarning: 1.16.0-unknown is an invalid version and will not be supported in a future release
[2.268s]   warnings.warn(
[2.275s] /usr/lib/python3/dist-packages/pkg_resources/__init__.py:116: PkgResourcesDeprecationWarning: 1.1build1 is an invalid version and will not be supported in a future release
[2.275s]   warnings.warn(
[2.552s] running egg_info
[2.553s] writing imufaker.egg-info/PKG-INFO
[2.553s] writing dependency_links to imufaker.egg-info/dependency_links.txt
[2.553s] writing entry points to imufaker.egg-info/entry_points.txt
[2.554s] writing requirements to imufaker.egg-info/requires.txt
[2.554s] writing top-level names to imufaker.egg-info/top_level.txt
[2.656s] listing git files failed - pretending there aren't any
[2.915s] reading manifest file 'imufaker.egg-info/SOURCES.txt'
[2.916s] writing manifest file 'imufaker.egg-info/SOURCES.txt'
[2.997s] running build_ext
[2.997s] Creating /home/seastar/steve_summer_seastar_ws/install/imufaker/lib/python3.10/site-packages/imufaker.egg-link (link to .)
[2.998s] Installing imufaker script to /home/seastar/steve_summer_seastar_ws/install/imufaker/lib/imufaker
[2.999s] 
[2.999s] Installed /home/seastar/steve_summer_seastar_ws/build/imufaker
[2.999s] running install_data
[3.108s] Invoked command in '/home/seastar/steve_summer_seastar_ws/build/imufaker' returned '0': PYTHONPATH=/home/seastar/steve_summer_seastar_ws/build/imufaker/prefix_override:/home/seastar/steve_summer_seastar_ws/install/imufaker/lib/python3.10/site-packages:${PYTHONPATH} /usr/bin/python3 setup.py develop --editable --build-directory /home/seastar/steve_summer_seastar_ws/build/imufaker/build --no-deps install_data
