[3.561s] Invoking command in '/home/seastar/steve_summer_seastar_ws/build/ik_solver': PYTHONPATH=/home/seastar/steve_summer_seastar_ws/build/ik_solver/prefix_override:/home/seastar/steve_summer_seastar_ws/install/ik_solver/lib/python3.10/site-packages:${PYTHONPATH} /usr/bin/python3 setup.py develop --editable --build-directory /home/seastar/steve_summer_seastar_ws/build/ik_solver/build --no-deps install_data
[4.840s] running develop
[4.840s] /usr/lib/python3/dist-packages/setuptools/command/easy_install.py:158: EasyInstallDeprecationWarning: easy_install command is deprecated. Use build and pip and other standards-based tools.
[4.840s]   warnings.warn(
[4.840s] /usr/lib/python3/dist-packages/setuptools/command/install.py:34: SetuptoolsDeprecationWarning: setup.py install is deprecated. Use build and pip and other standards-based tools.
[4.840s]   warnings.warn(
[5.086s] /usr/lib/python3/dist-packages/pkg_resources/__init__.py:116: PkgResourcesDeprecationWarning: 1.16.0-unknown is an invalid version and will not be supported in a future release
[5.086s]   warnings.warn(
[5.087s] /usr/lib/python3/dist-packages/pkg_resources/__init__.py:116: PkgResourcesDeprecationWarning: 1.1build1 is an invalid version and will not be supported in a future release
[5.087s]   warnings.warn(
[5.088s] /usr/lib/python3/dist-packages/pkg_resources/__init__.py:116: PkgResourcesDeprecationWarning: 0.1.43ubuntu1 is an invalid version and will not be supported in a future release
[5.088s]   warnings.warn(
[5.701s] running egg_info
[5.702s] writing ik_solver.egg-info/PKG-INFO
[5.702s] writing dependency_links to ik_solver.egg-info/dependency_links.txt
[5.703s] writing entry points to ik_solver.egg-info/entry_points.txt
[5.703s] writing requirements to ik_solver.egg-info/requires.txt
[5.704s] writing top-level names to ik_solver.egg-info/top_level.txt
[5.902s] listing git files failed - pretending there aren't any
[6.268s] reading manifest file 'ik_solver.egg-info/SOURCES.txt'
[6.271s] writing manifest file 'ik_solver.egg-info/SOURCES.txt'
[6.419s] running build_ext
[6.419s] Creating /home/seastar/steve_summer_seastar_ws/install/ik_solver/lib/python3.10/site-packages/ik-solver.egg-link (link to .)
[6.421s] Installing ik_solver script to /home/seastar/steve_summer_seastar_ws/install/ik_solver/lib/ik_solver
[6.421s] Installing ik_tester script to /home/seastar/steve_summer_seastar_ws/install/ik_solver/lib/ik_solver
[6.421s] 
[6.421s] Installed /home/seastar/steve_summer_seastar_ws/build/ik_solver
[6.421s] running install_data
[6.668s] Invoked command in '/home/seastar/steve_summer_seastar_ws/build/ik_solver' returned '0': PYTHONPATH=/home/seastar/steve_summer_seastar_ws/build/ik_solver/prefix_override:/home/seastar/steve_summer_seastar_ws/install/ik_solver/lib/python3.10/site-packages:${PYTHONPATH} /usr/bin/python3 setup.py develop --editable --build-directory /home/seastar/steve_summer_seastar_ws/build/ik_solver/build --no-deps install_data
