[1.845s] Invoking command in '/home/seastar/steve_summer_seastar_ws/build/imufaker': PYTHONPATH=/home/seastar/steve_summer_seastar_ws/build/imufaker/prefix_override:/home/seastar/steve_summer_seastar_ws/install/imufaker/lib/python3.10/site-packages:${PYTHONPATH} /usr/bin/python3 setup.py develop --editable --build-directory /home/seastar/steve_summer_seastar_ws/build/imufaker/build --no-deps install_data
[2.531s] running develop
[2.531s] /usr/lib/python3/dist-packages/setuptools/command/easy_install.py:158: EasyInstallDeprecationWarning: easy_install command is deprecated. Use build and pip and other standards-based tools.
[2.532s]   warnings.warn(
[2.534s] /usr/lib/python3/dist-packages/setuptools/command/install.py:34: SetuptoolsDeprecationWarning: setup.py install is deprecated. Use build and pip and other standards-based tools.
[2.534s]   warnings.warn(
[2.738s] /usr/lib/python3/dist-packages/pkg_resources/__init__.py:116: PkgResourcesDeprecationWarning: 1.16.0-unknown is an invalid version and will not be supported in a future release
[2.738s]   warnings.warn(
[2.738s] /usr/lib/python3/dist-packages/pkg_resources/__init__.py:116: PkgResourcesDeprecationWarning: 1.1build1 is an invalid version and will not be supported in a future release
[2.738s]   warnings.warn(
[3.042s] running egg_info
[3.042s] writing imufaker.egg-info/PKG-INFO
[3.043s] writing dependency_links to imufaker.egg-info/dependency_links.txt
[3.046s] writing entry points to imufaker.egg-info/entry_points.txt
[3.046s] writing requirements to imufaker.egg-info/requires.txt
[3.047s] writing top-level names to imufaker.egg-info/top_level.txt
[3.185s] listing git files failed - pretending there aren't any
[3.453s] reading manifest file 'imufaker.egg-info/SOURCES.txt'
[3.459s] writing manifest file 'imufaker.egg-info/SOURCES.txt'
[3.544s] running build_ext
[3.544s] Creating /home/seastar/steve_summer_seastar_ws/install/imufaker/lib/python3.10/site-packages/imufaker.egg-link (link to .)
[3.546s] Installing imufaker script to /home/seastar/steve_summer_seastar_ws/install/imufaker/lib/imufaker
[3.547s] 
[3.547s] Installed /home/seastar/steve_summer_seastar_ws/build/imufaker
[3.547s] running install_data
[3.662s] Invoked command in '/home/seastar/steve_summer_seastar_ws/build/imufaker' returned '0': PYTHONPATH=/home/seastar/steve_summer_seastar_ws/build/imufaker/prefix_override:/home/seastar/steve_summer_seastar_ws/install/imufaker/lib/python3.10/site-packages:${PYTHONPATH} /usr/bin/python3 setup.py develop --editable --build-directory /home/seastar/steve_summer_seastar_ws/build/imufaker/build --no-deps install_data
