[3.208s] Invoking command in '/home/seastar/steve_summer_seastar_ws/build/ik_solver': PYTHONPATH=/home/seastar/steve_summer_seastar_ws/build/ik_solver/prefix_override:/home/seastar/steve_summer_seastar_ws/install/ik_solver/lib/python3.10/site-packages:${PYTHONPATH} /usr/bin/python3 setup.py develop --editable --build-directory /home/seastar/steve_summer_seastar_ws/build/ik_solver/build --no-deps install_data
[4.130s] running develop
[4.131s] /usr/lib/python3/dist-packages/setuptools/command/easy_install.py:158: EasyInstallDeprecationWarning: easy_install command is deprecated. Use build and pip and other standards-based tools.
[4.131s]   warnings.warn(
[4.137s] /usr/lib/python3/dist-packages/setuptools/command/install.py:34: SetuptoolsDeprecationWarning: setup.py install is deprecated. Use build and pip and other standards-based tools.
[4.137s]   warnings.warn(
[4.308s] /usr/lib/python3/dist-packages/pkg_resources/__init__.py:116: PkgResourcesDeprecationWarning: 1.16.0-unknown is an invalid version and will not be supported in a future release
[4.308s]   warnings.warn(
[4.309s] /usr/lib/python3/dist-packages/pkg_resources/__init__.py:116: PkgResourcesDeprecationWarning: 1.1build1 is an invalid version and will not be supported in a future release
[4.309s]   warnings.warn(
[4.310s] /usr/lib/python3/dist-packages/pkg_resources/__init__.py:116: PkgResourcesDeprecationWarning: 0.1.43ubuntu1 is an invalid version and will not be supported in a future release
[4.310s]   warnings.warn(
[4.587s] running egg_info
[4.587s] writing ik_solver.egg-info/PKG-INFO
[4.590s] writing dependency_links to ik_solver.egg-info/dependency_links.txt
[4.590s] writing entry points to ik_solver.egg-info/entry_points.txt
[4.590s] writing requirements to ik_solver.egg-info/requires.txt
[4.591s] writing top-level names to ik_solver.egg-info/top_level.txt
[4.723s] listing git files failed - pretending there aren't any
[5.332s] reading manifest file 'ik_solver.egg-info/SOURCES.txt'
[5.334s] writing manifest file 'ik_solver.egg-info/SOURCES.txt'
[5.475s] running build_ext
[5.475s] Creating /home/seastar/steve_summer_seastar_ws/install/ik_solver/lib/python3.10/site-packages/ik-solver.egg-link (link to .)
[5.479s] Installing ik_solver script to /home/seastar/steve_summer_seastar_ws/install/ik_solver/lib/ik_solver
[5.479s] Installing ik_tester script to /home/seastar/steve_summer_seastar_ws/install/ik_solver/lib/ik_solver
[5.479s] 
[5.480s] Installed /home/seastar/steve_summer_seastar_ws/build/ik_solver
[5.480s] running install_data
[5.684s] Invoked command in '/home/seastar/steve_summer_seastar_ws/build/ik_solver' returned '0': PYTHONPATH=/home/seastar/steve_summer_seastar_ws/build/ik_solver/prefix_override:/home/seastar/steve_summer_seastar_ws/install/ik_solver/lib/python3.10/site-packages:${PYTHONPATH} /usr/bin/python3 setup.py develop --editable --build-directory /home/seastar/steve_summer_seastar_ws/build/ik_solver/build --no-deps install_data
