[0.054s] Invoking command in '/home/seastar/steve_summer_seastar_ws/build/seastar_interfaces': CMAKE_PREFIX_PATH=/opt/ros/humble /home/seastar/.local/bin/cmake --build /home/seastar/steve_summer_seastar_ws/build/seastar_interfaces -- -j4 -l4
[0.838s] [  0%] Built target ament_cmake_python_symlink_seastar_interfaces
[0.838s] [  1%] Built target seastar_interfaces__cpp
[0.839s] [ 12%] Built target seastar_interfaces__rosidl_generator_c
[0.839s] [ 23%] Built target seastar_interfaces__rosidl_typesupport_fastrtps_cpp
[0.839s] [ 35%] Built target seastar_interfaces__rosidl_typesupport_introspection_cpp
[0.839s] [ 46%] Built target seastar_interfaces__rosidl_typesupport_cpp
[0.839s] [ 57%] Built target seastar_interfaces__rosidl_typesupport_fastrtps_c
[0.839s] [ 69%] Built target seastar_interfaces__rosidl_typesupport_introspection_c
[0.839s] [ 80%] Built target seastar_interfaces__rosidl_typesupport_c
[0.839s] [ 80%] Built target seastar_interfaces
[0.840s] [ 81%] Built target seastar_interfaces__py
[0.840s] [ 91%] Built target seastar_interfaces__rosidl_generator_py
[0.840s] [ 97%] Built target seastar_interfaces__rosidl_typesupport_c__pyext
[0.840s] [ 97%] Built target seastar_interfaces__rosidl_typesupport_fastrtps_c__pyext
[0.840s] [100%] Built target seastar_interfaces__rosidl_typesupport_introspection_c__pyext
[0.840s] running egg_info
[0.840s] writing seastar_interfaces.egg-info/PKG-INFO
[0.841s] writing dependency_links to seastar_interfaces.egg-info/dependency_links.txt
[0.841s] writing top-level names to seastar_interfaces.egg-info/top_level.txt
[0.841s] listing git files failed - pretending there aren't any
[0.941s] reading manifest file 'seastar_interfaces.egg-info/SOURCES.txt'
[0.948s] writing manifest file 'seastar_interfaces.egg-info/SOURCES.txt'
[1.016s] [100%] Built target ament_cmake_python_build_seastar_interfaces_egg
[1.035s] Invoked command in '/home/seastar/steve_summer_seastar_ws/build/seastar_interfaces' returned '0': CMAKE_PREFIX_PATH=/opt/ros/humble /home/seastar/.local/bin/cmake --build /home/seastar/steve_summer_seastar_ws/build/seastar_interfaces -- -j4 -l4
[1.767s] Invoking command in '/home/seastar/steve_summer_seastar_ws/build/seastar_interfaces': CMAKE_PREFIX_PATH=/opt/ros/humble /home/seastar/.local/bin/cmake --install /home/seastar/steve_summer_seastar_ws/build/seastar_interfaces
[1.810s] -- Install configuration: ""
[1.812s] -- Execute custom install script
[1.813s] -- Up-to-date symlink: /home/seastar/steve_summer_seastar_ws/install/seastar_interfaces/share/ament_index/resource_index/rosidl_interfaces/seastar_interfaces
[1.816s] -- Up-to-date symlink: /home/seastar/steve_summer_seastar_ws/install/seastar_interfaces/include/seastar_interfaces/seastar_interfaces/msg/desired_pointing.h
[1.817s] -- Up-to-date symlink: /home/seastar/steve_summer_seastar_ws/install/seastar_interfaces/include/seastar_interfaces/seastar_interfaces/msg/detail/desired_pointing__functions.h
[1.817s] -- Up-to-date symlink: /home/seastar/steve_summer_seastar_ws/install/seastar_interfaces/include/seastar_interfaces/seastar_interfaces/msg/detail/desired_pointing__struct.h
[1.818s] -- Up-to-date symlink: /home/seastar/steve_summer_seastar_ws/install/seastar_interfaces/include/seastar_interfaces/seastar_interfaces/msg/detail/desired_pointing__type_support.h
[1.819s] -- Up-to-date symlink: /home/seastar/steve_summer_seastar_ws/install/seastar_interfaces/include/seastar_interfaces/seastar_interfaces/msg/detail/motor_command__functions.h
[1.820s] -- Up-to-date symlink: /home/seastar/steve_summer_seastar_ws/install/seastar_interfaces/include/seastar_interfaces/seastar_interfaces/msg/detail/motor_command__struct.h
[1.820s] -- Up-to-date symlink: /home/seastar/steve_summer_seastar_ws/install/seastar_interfaces/include/seastar_interfaces/seastar_interfaces/msg/detail/motor_command__type_support.h
[1.821s] -- Up-to-date symlink: /home/seastar/steve_summer_seastar_ws/install/seastar_interfaces/include/seastar_interfaces/seastar_interfaces/msg/detail/sky_ephemeris__functions.h
[1.822s] -- Up-to-date symlink: /home/seastar/steve_summer_seastar_ws/install/seastar_interfaces/include/seastar_interfaces/seastar_interfaces/msg/detail/sky_ephemeris__struct.h
[1.822s] -- Up-to-date symlink: /home/seastar/steve_summer_seastar_ws/install/seastar_interfaces/include/seastar_interfaces/seastar_interfaces/msg/detail/sky_ephemeris__type_support.h
[1.823s] -- Up-to-date symlink: /home/seastar/steve_summer_seastar_ws/install/seastar_interfaces/include/seastar_interfaces/seastar_interfaces/msg/detail/sky_scan_offset_angles__functions.h
[1.824s] -- Up-to-date symlink: /home/seastar/steve_summer_seastar_ws/install/seastar_interfaces/include/seastar_interfaces/seastar_interfaces/msg/detail/sky_scan_offset_angles__struct.h
[1.825s] -- Up-to-date symlink: /home/seastar/steve_summer_seastar_ws/install/seastar_interfaces/include/seastar_interfaces/seastar_interfaces/msg/detail/sky_scan_offset_angles__type_support.h
[1.825s] -- Up-to-date symlink: /home/seastar/steve_summer_seastar_ws/install/seastar_interfaces/include/seastar_interfaces/seastar_interfaces/msg/detail/sky_scan_pointing_angles__functions.h
[1.826s] -- Up-to-date symlink: /home/seastar/steve_summer_seastar_ws/install/seastar_interfaces/include/seastar_interfaces/seastar_interfaces/msg/detail/sky_scan_pointing_angles__struct.h
[1.827s] -- Up-to-date symlink: /home/seastar/steve_summer_seastar_ws/install/seastar_interfaces/include/seastar_interfaces/seastar_interfaces/msg/detail/sky_scan_pointing_angles__type_support.h
[1.827s] -- Up-to-date symlink: /home/seastar/steve_summer_seastar_ws/install/seastar_interfaces/include/seastar_interfaces/seastar_interfaces/msg/motor_command.h
[1.828s] -- Up-to-date symlink: /home/seastar/steve_summer_seastar_ws/install/seastar_interfaces/include/seastar_interfaces/seastar_interfaces/msg/rosidl_generator_c__visibility_control.h
[1.829s] -- Up-to-date symlink: /home/seastar/steve_summer_seastar_ws/install/seastar_interfaces/include/seastar_interfaces/seastar_interfaces/msg/sky_ephemeris.h
[1.829s] -- Up-to-date symlink: /home/seastar/steve_summer_seastar_ws/install/seastar_interfaces/include/seastar_interfaces/seastar_interfaces/msg/sky_scan_offset_angles.h
[1.830s] -- Up-to-date symlink: /home/seastar/steve_summer_seastar_ws/install/seastar_interfaces/include/seastar_interfaces/seastar_interfaces/msg/sky_scan_pointing_angles.h
[1.833s] -- Up-to-date symlink: /home/seastar/steve_summer_seastar_ws/install/seastar_interfaces/include/seastar_interfaces/seastar_interfaces/srv/detail/point_motors__functions.h
[1.833s] -- Up-to-date symlink: /home/seastar/steve_summer_seastar_ws/install/seastar_interfaces/include/seastar_interfaces/seastar_interfaces/srv/detail/point_motors__struct.h
[1.834s] -- Up-to-date symlink: /home/seastar/steve_summer_seastar_ws/install/seastar_interfaces/include/seastar_interfaces/seastar_interfaces/srv/detail/point_motors__type_support.h
[1.834s] -- Up-to-date symlink: /home/seastar/steve_summer_seastar_ws/install/seastar_interfaces/include/seastar_interfaces/seastar_interfaces/srv/point_motors.h
[1.835s] -- Up-to-date symlink: /home/seastar/steve_summer_seastar_ws/install/seastar_interfaces/share/seastar_interfaces/environment/library_path.sh
[1.836s] -- Up-to-date symlink: /home/seastar/steve_summer_seastar_ws/install/seastar_interfaces/share/seastar_interfaces/environment/library_path.dsv
[1.837s] -- Up-to-date symlink: /home/seastar/steve_summer_seastar_ws/install/seastar_interfaces/include/seastar_interfaces/seastar_interfaces/msg/detail/desired_pointing__rosidl_typesupport_fastrtps_c.h
[1.837s] -- Up-to-date symlink: /home/seastar/steve_summer_seastar_ws/install/seastar_interfaces/include/seastar_interfaces/seastar_interfaces/msg/detail/motor_command__rosidl_typesupport_fastrtps_c.h
[1.838s] -- Up-to-date symlink: /home/seastar/steve_summer_seastar_ws/install/seastar_interfaces/include/seastar_interfaces/seastar_interfaces/msg/detail/sky_ephemeris__rosidl_typesupport_fastrtps_c.h
[1.838s] -- Up-to-date symlink: /home/seastar/steve_summer_seastar_ws/install/seastar_interfaces/include/seastar_interfaces/seastar_interfaces/msg/detail/sky_scan_offset_angles__rosidl_typesupport_fastrtps_c.h
[1.838s] -- Up-to-date symlink: /home/seastar/steve_summer_seastar_ws/install/seastar_interfaces/include/seastar_interfaces/seastar_interfaces/msg/detail/sky_scan_pointing_angles__rosidl_typesupport_fastrtps_c.h
[1.839s] -- Up-to-date symlink: /home/seastar/steve_summer_seastar_ws/install/seastar_interfaces/include/seastar_interfaces/seastar_interfaces/msg/rosidl_typesupport_fastrtps_c__visibility_control.h
[1.839s] -- Up-to-date symlink: /home/seastar/steve_summer_seastar_ws/install/seastar_interfaces/include/seastar_interfaces/seastar_interfaces/srv/detail/point_motors__rosidl_typesupport_fastrtps_c.h
[1.842s] -- Up-to-date symlink: /home/seastar/steve_summer_seastar_ws/install/seastar_interfaces/include/seastar_interfaces/seastar_interfaces/msg/detail/desired_pointing__rosidl_typesupport_introspection_c.h
[1.842s] -- Up-to-date symlink: /home/seastar/steve_summer_seastar_ws/install/seastar_interfaces/include/seastar_interfaces/seastar_interfaces/msg/detail/motor_command__rosidl_typesupport_introspection_c.h
[1.842s] -- Up-to-date symlink: /home/seastar/steve_summer_seastar_ws/install/seastar_interfaces/include/seastar_interfaces/seastar_interfaces/msg/detail/sky_ephemeris__rosidl_typesupport_introspection_c.h
[1.843s] -- Up-to-date symlink: /home/seastar/steve_summer_seastar_ws/install/seastar_interfaces/include/seastar_interfaces/seastar_interfaces/msg/detail/sky_scan_offset_angles__rosidl_typesupport_introspection_c.h
[1.844s] -- Up-to-date symlink: /home/seastar/steve_summer_seastar_ws/install/seastar_interfaces/include/seastar_interfaces/seastar_interfaces/msg/detail/sky_scan_pointing_angles__rosidl_typesupport_introspection_c.h
[1.844s] -- Up-to-date symlink: /home/seastar/steve_summer_seastar_ws/install/seastar_interfaces/include/seastar_interfaces/seastar_interfaces/msg/rosidl_typesupport_introspection_c__visibility_control.h
[1.845s] -- Up-to-date symlink: /home/seastar/steve_summer_seastar_ws/install/seastar_interfaces/include/seastar_interfaces/seastar_interfaces/srv/detail/point_motors__rosidl_typesupport_introspection_c.h
[1.847s] -- Up-to-date symlink: /home/seastar/steve_summer_seastar_ws/install/seastar_interfaces/include/seastar_interfaces/seastar_interfaces/msg/desired_pointing.hpp
[1.848s] -- Up-to-date symlink: /home/seastar/steve_summer_seastar_ws/install/seastar_interfaces/include/seastar_interfaces/seastar_interfaces/msg/detail/desired_pointing__builder.hpp
[1.848s] -- Up-to-date symlink: /home/seastar/steve_summer_seastar_ws/install/seastar_interfaces/include/seastar_interfaces/seastar_interfaces/msg/detail/desired_pointing__struct.hpp
[1.849s] -- Up-to-date symlink: /home/seastar/steve_summer_seastar_ws/install/seastar_interfaces/include/seastar_interfaces/seastar_interfaces/msg/detail/desired_pointing__traits.hpp
[1.850s] -- Up-to-date symlink: /home/seastar/steve_summer_seastar_ws/install/seastar_interfaces/include/seastar_interfaces/seastar_interfaces/msg/detail/motor_command__builder.hpp
[1.851s] -- Up-to-date symlink: /home/seastar/steve_summer_seastar_ws/install/seastar_interfaces/include/seastar_interfaces/seastar_interfaces/msg/detail/motor_command__struct.hpp
[1.851s] -- Up-to-date symlink: /home/seastar/steve_summer_seastar_ws/install/seastar_interfaces/include/seastar_interfaces/seastar_interfaces/msg/detail/motor_command__traits.hpp
[1.852s] -- Up-to-date symlink: /home/seastar/steve_summer_seastar_ws/install/seastar_interfaces/include/seastar_interfaces/seastar_interfaces/msg/detail/sky_ephemeris__builder.hpp
[1.853s] -- Up-to-date symlink: /home/seastar/steve_summer_seastar_ws/install/seastar_interfaces/include/seastar_interfaces/seastar_interfaces/msg/detail/sky_ephemeris__struct.hpp
[1.854s] -- Up-to-date symlink: /home/seastar/steve_summer_seastar_ws/install/seastar_interfaces/include/seastar_interfaces/seastar_interfaces/msg/detail/sky_ephemeris__traits.hpp
[1.854s] -- Up-to-date symlink: /home/seastar/steve_summer_seastar_ws/install/seastar_interfaces/include/seastar_interfaces/seastar_interfaces/msg/detail/sky_scan_offset_angles__builder.hpp
[1.855s] -- Up-to-date symlink: /home/seastar/steve_summer_seastar_ws/install/seastar_interfaces/include/seastar_interfaces/seastar_interfaces/msg/detail/sky_scan_offset_angles__struct.hpp
[1.856s] -- Up-to-date symlink: /home/seastar/steve_summer_seastar_ws/install/seastar_interfaces/include/seastar_interfaces/seastar_interfaces/msg/detail/sky_scan_offset_angles__traits.hpp
[1.857s] -- Up-to-date symlink: /home/seastar/steve_summer_seastar_ws/install/seastar_interfaces/include/seastar_interfaces/seastar_interfaces/msg/detail/sky_scan_pointing_angles__builder.hpp
[1.857s] -- Up-to-date symlink: /home/seastar/steve_summer_seastar_ws/install/seastar_interfaces/include/seastar_interfaces/seastar_interfaces/msg/detail/sky_scan_pointing_angles__struct.hpp
[1.858s] -- Up-to-date symlink: /home/seastar/steve_summer_seastar_ws/install/seastar_interfaces/include/seastar_interfaces/seastar_interfaces/msg/detail/sky_scan_pointing_angles__traits.hpp
[1.859s] -- Up-to-date symlink: /home/seastar/steve_summer_seastar_ws/install/seastar_interfaces/include/seastar_interfaces/seastar_interfaces/msg/motor_command.hpp
[1.860s] -- Up-to-date symlink: /home/seastar/steve_summer_seastar_ws/install/seastar_interfaces/include/seastar_interfaces/seastar_interfaces/msg/sky_ephemeris.hpp
[1.860s] -- Up-to-date symlink: /home/seastar/steve_summer_seastar_ws/install/seastar_interfaces/include/seastar_interfaces/seastar_interfaces/msg/sky_scan_offset_angles.hpp
[1.861s] -- Up-to-date symlink: /home/seastar/steve_summer_seastar_ws/install/seastar_interfaces/include/seastar_interfaces/seastar_interfaces/msg/sky_scan_pointing_angles.hpp
[1.862s] -- Up-to-date symlink: /home/seastar/steve_summer_seastar_ws/install/seastar_interfaces/include/seastar_interfaces/seastar_interfaces/srv/detail/point_motors__builder.hpp
[1.863s] -- Up-to-date symlink: /home/seastar/steve_summer_seastar_ws/install/seastar_interfaces/include/seastar_interfaces/seastar_interfaces/srv/detail/point_motors__struct.hpp
[1.863s] -- Up-to-date symlink: /home/seastar/steve_summer_seastar_ws/install/seastar_interfaces/include/seastar_interfaces/seastar_interfaces/srv/detail/point_motors__traits.hpp
[1.864s] -- Up-to-date symlink: /home/seastar/steve_summer_seastar_ws/install/seastar_interfaces/include/seastar_interfaces/seastar_interfaces/srv/point_motors.hpp
[1.866s] -- Up-to-date symlink: /home/seastar/steve_summer_seastar_ws/install/seastar_interfaces/include/seastar_interfaces/seastar_interfaces/msg/detail/desired_pointing__rosidl_typesupport_fastrtps_cpp.hpp
[1.867s] -- Up-to-date symlink: /home/seastar/steve_summer_seastar_ws/install/seastar_interfaces/include/seastar_interfaces/seastar_interfaces/msg/detail/motor_command__rosidl_typesupport_fastrtps_cpp.hpp
[1.868s] -- Up-to-date symlink: /home/seastar/steve_summer_seastar_ws/install/seastar_interfaces/include/seastar_interfaces/seastar_interfaces/msg/detail/sky_ephemeris__rosidl_typesupport_fastrtps_cpp.hpp
[1.878s] -- Up-to-date symlink: /home/seastar/steve_summer_seastar_ws/install/seastar_interfaces/include/seastar_interfaces/seastar_interfaces/msg/detail/sky_scan_offset_angles__rosidl_typesupport_fastrtps_cpp.hpp
[1.879s] -- Up-to-date symlink: /home/seastar/steve_summer_seastar_ws/install/seastar_interfaces/include/seastar_interfaces/seastar_interfaces/msg/detail/sky_scan_pointing_angles__rosidl_typesupport_fastrtps_cpp.hpp
[1.879s] -- Up-to-date symlink: /home/seastar/steve_summer_seastar_ws/install/seastar_interfaces/include/seastar_interfaces/seastar_interfaces/msg/rosidl_typesupport_fastrtps_cpp__visibility_control.h
[1.880s] -- Up-to-date symlink: /home/seastar/steve_summer_seastar_ws/install/seastar_interfaces/include/seastar_interfaces/seastar_interfaces/srv/detail/point_motors__rosidl_typesupport_fastrtps_cpp.hpp
[1.882s] -- Up-to-date symlink: /home/seastar/steve_summer_seastar_ws/install/seastar_interfaces/include/seastar_interfaces/seastar_interfaces/msg/detail/desired_pointing__rosidl_typesupport_introspection_cpp.hpp
[1.883s] -- Up-to-date symlink: /home/seastar/steve_summer_seastar_ws/install/seastar_interfaces/include/seastar_interfaces/seastar_interfaces/msg/detail/motor_command__rosidl_typesupport_introspection_cpp.hpp
[1.884s] -- Up-to-date symlink: /home/seastar/steve_summer_seastar_ws/install/seastar_interfaces/include/seastar_interfaces/seastar_interfaces/msg/detail/sky_ephemeris__rosidl_typesupport_introspection_cpp.hpp
[1.884s] -- Up-to-date symlink: /home/seastar/steve_summer_seastar_ws/install/seastar_interfaces/include/seastar_interfaces/seastar_interfaces/msg/detail/sky_scan_offset_angles__rosidl_typesupport_introspection_cpp.hpp
[1.885s] -- Up-to-date symlink: /home/seastar/steve_summer_seastar_ws/install/seastar_interfaces/include/seastar_interfaces/seastar_interfaces/msg/detail/sky_scan_pointing_angles__rosidl_typesupport_introspection_cpp.hpp
[1.886s] -- Up-to-date symlink: /home/seastar/steve_summer_seastar_ws/install/seastar_interfaces/include/seastar_interfaces/seastar_interfaces/srv/detail/point_motors__rosidl_typesupport_introspection_cpp.hpp
[1.887s] -- Up-to-date symlink: /home/seastar/steve_summer_seastar_ws/install/seastar_interfaces/share/seastar_interfaces/environment/pythonpath.sh
[1.887s] -- Up-to-date symlink: /home/seastar/steve_summer_seastar_ws/install/seastar_interfaces/share/seastar_interfaces/environment/pythonpath.dsv
[1.889s] -- Up-to-date symlink: /home/seastar/steve_summer_seastar_ws/install/seastar_interfaces/local/lib/python3.10/dist-packages/seastar_interfaces-0.0.0-py3.10.egg-info/PKG-INFO
[1.890s] -- Up-to-date symlink: /home/seastar/steve_summer_seastar_ws/install/seastar_interfaces/local/lib/python3.10/dist-packages/seastar_interfaces-0.0.0-py3.10.egg-info/SOURCES.txt
[1.891s] -- Up-to-date symlink: /home/seastar/steve_summer_seastar_ws/install/seastar_interfaces/local/lib/python3.10/dist-packages/seastar_interfaces-0.0.0-py3.10.egg-info/dependency_links.txt
[1.891s] -- Up-to-date symlink: /home/seastar/steve_summer_seastar_ws/install/seastar_interfaces/local/lib/python3.10/dist-packages/seastar_interfaces-0.0.0-py3.10.egg-info/top_level.txt
[1.893s] -- Up-to-date symlink: /home/seastar/steve_summer_seastar_ws/install/seastar_interfaces/local/lib/python3.10/dist-packages/seastar_interfaces/__init__.py
[1.894s] -- Up-to-date symlink: /home/seastar/steve_summer_seastar_ws/install/seastar_interfaces/local/lib/python3.10/dist-packages/seastar_interfaces/_seastar_interfaces_s.ep.rosidl_typesupport_c.c
[1.895s] -- Up-to-date symlink: /home/seastar/steve_summer_seastar_ws/install/seastar_interfaces/local/lib/python3.10/dist-packages/seastar_interfaces/_seastar_interfaces_s.ep.rosidl_typesupport_fastrtps_c.c
[1.896s] -- Up-to-date symlink: /home/seastar/steve_summer_seastar_ws/install/seastar_interfaces/local/lib/python3.10/dist-packages/seastar_interfaces/_seastar_interfaces_s.ep.rosidl_typesupport_introspection_c.c
[1.896s] -- Up-to-date symlink: /home/seastar/steve_summer_seastar_ws/install/seastar_interfaces/local/lib/python3.10/dist-packages/seastar_interfaces/libseastar_interfaces__rosidl_generator_py.so
[1.897s] -- Up-to-date symlink: /home/seastar/steve_summer_seastar_ws/install/seastar_interfaces/local/lib/python3.10/dist-packages/seastar_interfaces/msg/__init__.py
[1.898s] -- Up-to-date symlink: /home/seastar/steve_summer_seastar_ws/install/seastar_interfaces/local/lib/python3.10/dist-packages/seastar_interfaces/msg/_desired_pointing.py
[1.899s] -- Up-to-date symlink: /home/seastar/steve_summer_seastar_ws/install/seastar_interfaces/local/lib/python3.10/dist-packages/seastar_interfaces/msg/_desired_pointing_s.c
[1.900s] -- Up-to-date symlink: /home/seastar/steve_summer_seastar_ws/install/seastar_interfaces/local/lib/python3.10/dist-packages/seastar_interfaces/msg/_motor_command.py
[1.900s] -- Up-to-date symlink: /home/seastar/steve_summer_seastar_ws/install/seastar_interfaces/local/lib/python3.10/dist-packages/seastar_interfaces/msg/_motor_command_s.c
[1.901s] -- Up-to-date symlink: /home/seastar/steve_summer_seastar_ws/install/seastar_interfaces/local/lib/python3.10/dist-packages/seastar_interfaces/msg/_sky_ephemeris.py
[1.901s] -- Up-to-date symlink: /home/seastar/steve_summer_seastar_ws/install/seastar_interfaces/local/lib/python3.10/dist-packages/seastar_interfaces/msg/_sky_ephemeris_s.c
[1.902s] -- Up-to-date symlink: /home/seastar/steve_summer_seastar_ws/install/seastar_interfaces/local/lib/python3.10/dist-packages/seastar_interfaces/msg/_sky_scan_offset_angles.py
[1.903s] -- Up-to-date symlink: /home/seastar/steve_summer_seastar_ws/install/seastar_interfaces/local/lib/python3.10/dist-packages/seastar_interfaces/msg/_sky_scan_offset_angles_s.c
[1.903s] -- Up-to-date symlink: /home/seastar/steve_summer_seastar_ws/install/seastar_interfaces/local/lib/python3.10/dist-packages/seastar_interfaces/msg/_sky_scan_pointing_angles.py
[1.904s] -- Up-to-date symlink: /home/seastar/steve_summer_seastar_ws/install/seastar_interfaces/local/lib/python3.10/dist-packages/seastar_interfaces/msg/_sky_scan_pointing_angles_s.c
[1.905s] -- Up-to-date symlink: /home/seastar/steve_summer_seastar_ws/install/seastar_interfaces/local/lib/python3.10/dist-packages/seastar_interfaces/seastar_interfaces_s__rosidl_typesupport_c.cpython-310-x86_64-linux-gnu.so
[1.905s] -- Up-to-date symlink: /home/seastar/steve_summer_seastar_ws/install/seastar_interfaces/local/lib/python3.10/dist-packages/seastar_interfaces/seastar_interfaces_s__rosidl_typesupport_fastrtps_c.cpython-310-x86_64-linux-gnu.so
[1.906s] -- Up-to-date symlink: /home/seastar/steve_summer_seastar_ws/install/seastar_interfaces/local/lib/python3.10/dist-packages/seastar_interfaces/seastar_interfaces_s__rosidl_typesupport_introspection_c.cpython-310-x86_64-linux-gnu.so
[1.907s] -- Up-to-date symlink: /home/seastar/steve_summer_seastar_ws/install/seastar_interfaces/local/lib/python3.10/dist-packages/seastar_interfaces/srv/__init__.py
[1.908s] -- Up-to-date symlink: /home/seastar/steve_summer_seastar_ws/install/seastar_interfaces/local/lib/python3.10/dist-packages/seastar_interfaces/srv/_point_motors.py
[1.908s] -- Up-to-date symlink: /home/seastar/steve_summer_seastar_ws/install/seastar_interfaces/local/lib/python3.10/dist-packages/seastar_interfaces/srv/_point_motors_s.c
[1.909s] -- Up-to-date symlink: /home/seastar/steve_summer_seastar_ws/install/seastar_interfaces/local/lib/python3.10/dist-packages/seastar_interfaces/seastar_interfaces_s__rosidl_typesupport_fastrtps_c.cpython-310-x86_64-linux-gnu.so
[1.910s] -- Up-to-date symlink: /home/seastar/steve_summer_seastar_ws/install/seastar_interfaces/local/lib/python3.10/dist-packages/seastar_interfaces/seastar_interfaces_s__rosidl_typesupport_introspection_c.cpython-310-x86_64-linux-gnu.so
[1.912s] -- Up-to-date symlink: /home/seastar/steve_summer_seastar_ws/install/seastar_interfaces/local/lib/python3.10/dist-packages/seastar_interfaces/seastar_interfaces_s__rosidl_typesupport_c.cpython-310-x86_64-linux-gnu.so
[1.913s] -- Up-to-date symlink: /home/seastar/steve_summer_seastar_ws/install/seastar_interfaces/share/seastar_interfaces/msg/SkyEphemeris.idl
[1.913s] -- Up-to-date symlink: /home/seastar/steve_summer_seastar_ws/install/seastar_interfaces/share/seastar_interfaces/msg/SkyScanOffsetAngles.idl
[1.915s] -- Up-to-date symlink: /home/seastar/steve_summer_seastar_ws/install/seastar_interfaces/share/seastar_interfaces/msg/SkyScanPointingAngles.idl
[1.916s] -- Up-to-date symlink: /home/seastar/steve_summer_seastar_ws/install/seastar_interfaces/share/seastar_interfaces/msg/DesiredPointing.idl
[1.917s] -- Up-to-date symlink: /home/seastar/steve_summer_seastar_ws/install/seastar_interfaces/share/seastar_interfaces/msg/MotorCommand.idl
[1.918s] -- Up-to-date symlink: /home/seastar/steve_summer_seastar_ws/install/seastar_interfaces/share/seastar_interfaces/srv/PointMotors.idl
[1.918s] -- Up-to-date symlink: /home/seastar/steve_summer_seastar_ws/install/seastar_interfaces/share/seastar_interfaces/msg/SkyEphemeris.msg
[1.919s] -- Up-to-date symlink: /home/seastar/steve_summer_seastar_ws/install/seastar_interfaces/share/seastar_interfaces/msg/SkyScanOffsetAngles.msg
[1.920s] -- Up-to-date symlink: /home/seastar/steve_summer_seastar_ws/install/seastar_interfaces/share/seastar_interfaces/msg/SkyScanPointingAngles.msg
[1.921s] -- Up-to-date symlink: /home/seastar/steve_summer_seastar_ws/install/seastar_interfaces/share/seastar_interfaces/msg/DesiredPointing.msg
[1.921s] -- Up-to-date symlink: /home/seastar/steve_summer_seastar_ws/install/seastar_interfaces/share/seastar_interfaces/msg/MotorCommand.msg
[1.922s] -- Up-to-date symlink: /home/seastar/steve_summer_seastar_ws/install/seastar_interfaces/share/seastar_interfaces/srv/PointMotors.srv
[1.923s] -- Up-to-date symlink: /home/seastar/steve_summer_seastar_ws/install/seastar_interfaces/share/seastar_interfaces/srv/PointMotors_Request.msg
[1.924s] -- Up-to-date symlink: /home/seastar/steve_summer_seastar_ws/install/seastar_interfaces/share/seastar_interfaces/srv/PointMotors_Response.msg
[1.925s] -- Up-to-date symlink: /home/seastar/steve_summer_seastar_ws/install/seastar_interfaces/share/ament_index/resource_index/package_run_dependencies/seastar_interfaces
[1.926s] -- Up-to-date symlink: /home/seastar/steve_summer_seastar_ws/install/seastar_interfaces/share/ament_index/resource_index/parent_prefix_path/seastar_interfaces
[1.927s] -- Up-to-date symlink: /home/seastar/steve_summer_seastar_ws/install/seastar_interfaces/share/seastar_interfaces/environment/ament_prefix_path.sh
[1.928s] -- Up-to-date symlink: /home/seastar/steve_summer_seastar_ws/install/seastar_interfaces/share/seastar_interfaces/environment/ament_prefix_path.dsv
[1.929s] -- Up-to-date symlink: /home/seastar/steve_summer_seastar_ws/install/seastar_interfaces/share/seastar_interfaces/environment/path.sh
[1.932s] -- Up-to-date symlink: /home/seastar/steve_summer_seastar_ws/install/seastar_interfaces/share/seastar_interfaces/environment/path.dsv
[1.933s] -- Up-to-date symlink: /home/seastar/steve_summer_seastar_ws/install/seastar_interfaces/share/seastar_interfaces/local_setup.bash
[1.933s] -- Up-to-date symlink: /home/seastar/steve_summer_seastar_ws/install/seastar_interfaces/share/seastar_interfaces/local_setup.sh
[1.934s] -- Up-to-date symlink: /home/seastar/steve_summer_seastar_ws/install/seastar_interfaces/share/seastar_interfaces/local_setup.zsh
[1.935s] -- Up-to-date symlink: /home/seastar/steve_summer_seastar_ws/install/seastar_interfaces/share/seastar_interfaces/local_setup.dsv
[1.935s] -- Symlinking: /home/seastar/steve_summer_seastar_ws/install/seastar_interfaces/share/seastar_interfaces/package.dsv
[1.942s] -- Up-to-date symlink: /home/seastar/steve_summer_seastar_ws/install/seastar_interfaces/share/ament_index/resource_index/packages/seastar_interfaces
[1.943s] -- Up-to-date symlink: /home/seastar/steve_summer_seastar_ws/install/seastar_interfaces/share/seastar_interfaces/cmake/rosidl_cmake-extras.cmake
[1.944s] -- Up-to-date symlink: /home/seastar/steve_summer_seastar_ws/install/seastar_interfaces/share/seastar_interfaces/cmake/ament_cmake_export_include_directories-extras.cmake
[1.944s] -- Up-to-date symlink: /home/seastar/steve_summer_seastar_ws/install/seastar_interfaces/share/seastar_interfaces/cmake/ament_cmake_export_libraries-extras.cmake
[1.945s] -- Up-to-date symlink: /home/seastar/steve_summer_seastar_ws/install/seastar_interfaces/share/seastar_interfaces/cmake/ament_cmake_export_targets-extras.cmake
[1.946s] -- Up-to-date symlink: /home/seastar/steve_summer_seastar_ws/install/seastar_interfaces/share/seastar_interfaces/cmake/rosidl_cmake_export_typesupport_targets-extras.cmake
[1.947s] -- Up-to-date symlink: /home/seastar/steve_summer_seastar_ws/install/seastar_interfaces/share/seastar_interfaces/cmake/ament_cmake_export_dependencies-extras.cmake
[1.947s] -- Up-to-date symlink: /home/seastar/steve_summer_seastar_ws/install/seastar_interfaces/share/seastar_interfaces/cmake/rosidl_cmake_export_typesupport_libraries-extras.cmake
[1.948s] -- Up-to-date symlink: /home/seastar/steve_summer_seastar_ws/install/seastar_interfaces/share/seastar_interfaces/cmake/seastar_interfacesConfig.cmake
[1.949s] -- Up-to-date symlink: /home/seastar/steve_summer_seastar_ws/install/seastar_interfaces/share/seastar_interfaces/cmake/seastar_interfacesConfig-version.cmake
[1.950s] -- Up-to-date symlink: /home/seastar/steve_summer_seastar_ws/install/seastar_interfaces/share/seastar_interfaces/package.xml
[1.951s] -- Up-to-date: /home/seastar/steve_summer_seastar_ws/install/seastar_interfaces/lib/libseastar_interfaces__rosidl_generator_c.so
[1.952s] -- Up-to-date: /home/seastar/steve_summer_seastar_ws/install/seastar_interfaces/lib/libseastar_interfaces__rosidl_typesupport_fastrtps_c.so
[1.953s] -- Up-to-date: /home/seastar/steve_summer_seastar_ws/install/seastar_interfaces/lib/libseastar_interfaces__rosidl_typesupport_introspection_c.so
[1.955s] -- Up-to-date: /home/seastar/steve_summer_seastar_ws/install/seastar_interfaces/lib/libseastar_interfaces__rosidl_typesupport_c.so
[1.956s] -- Up-to-date: /home/seastar/steve_summer_seastar_ws/install/seastar_interfaces/lib/libseastar_interfaces__rosidl_typesupport_fastrtps_cpp.so
[1.958s] -- Up-to-date: /home/seastar/steve_summer_seastar_ws/install/seastar_interfaces/lib/libseastar_interfaces__rosidl_typesupport_introspection_cpp.so
[1.959s] -- Up-to-date: /home/seastar/steve_summer_seastar_ws/install/seastar_interfaces/lib/libseastar_interfaces__rosidl_typesupport_cpp.so
[2.011s] Listing '/home/seastar/steve_summer_seastar_ws/install/seastar_interfaces/local/lib/python3.10/dist-packages/seastar_interfaces'...
[2.011s] Listing '/home/seastar/steve_summer_seastar_ws/install/seastar_interfaces/local/lib/python3.10/dist-packages/seastar_interfaces/msg'...
[2.011s] Listing '/home/seastar/steve_summer_seastar_ws/install/seastar_interfaces/local/lib/python3.10/dist-packages/seastar_interfaces/srv'...
[2.022s] -- Up-to-date: /home/seastar/steve_summer_seastar_ws/install/seastar_interfaces/lib/libseastar_interfaces__rosidl_generator_py.so
[2.024s] -- Up-to-date: /home/seastar/steve_summer_seastar_ws/install/seastar_interfaces/share/seastar_interfaces/cmake/export_seastar_interfaces__rosidl_generator_cExport.cmake
[2.024s] -- Up-to-date: /home/seastar/steve_summer_seastar_ws/install/seastar_interfaces/share/seastar_interfaces/cmake/export_seastar_interfaces__rosidl_generator_cExport-noconfig.cmake
[2.025s] -- Up-to-date: /home/seastar/steve_summer_seastar_ws/install/seastar_interfaces/share/seastar_interfaces/cmake/export_seastar_interfaces__rosidl_typesupport_fastrtps_cExport.cmake
[2.025s] -- Up-to-date: /home/seastar/steve_summer_seastar_ws/install/seastar_interfaces/share/seastar_interfaces/cmake/export_seastar_interfaces__rosidl_typesupport_fastrtps_cExport-noconfig.cmake
[2.026s] -- Up-to-date: /home/seastar/steve_summer_seastar_ws/install/seastar_interfaces/share/seastar_interfaces/cmake/seastar_interfaces__rosidl_typesupport_introspection_cExport.cmake
[2.027s] -- Up-to-date: /home/seastar/steve_summer_seastar_ws/install/seastar_interfaces/share/seastar_interfaces/cmake/seastar_interfaces__rosidl_typesupport_introspection_cExport-noconfig.cmake
[2.028s] -- Up-to-date: /home/seastar/steve_summer_seastar_ws/install/seastar_interfaces/share/seastar_interfaces/cmake/seastar_interfaces__rosidl_typesupport_cExport.cmake
[2.028s] -- Up-to-date: /home/seastar/steve_summer_seastar_ws/install/seastar_interfaces/share/seastar_interfaces/cmake/seastar_interfaces__rosidl_typesupport_cExport-noconfig.cmake
[2.029s] -- Up-to-date: /home/seastar/steve_summer_seastar_ws/install/seastar_interfaces/share/seastar_interfaces/cmake/export_seastar_interfaces__rosidl_generator_cppExport.cmake
[2.032s] -- Up-to-date: /home/seastar/steve_summer_seastar_ws/install/seastar_interfaces/share/seastar_interfaces/cmake/export_seastar_interfaces__rosidl_typesupport_fastrtps_cppExport.cmake
[2.032s] -- Up-to-date: /home/seastar/steve_summer_seastar_ws/install/seastar_interfaces/share/seastar_interfaces/cmake/export_seastar_interfaces__rosidl_typesupport_fastrtps_cppExport-noconfig.cmake
[2.033s] -- Up-to-date: /home/seastar/steve_summer_seastar_ws/install/seastar_interfaces/share/seastar_interfaces/cmake/seastar_interfaces__rosidl_typesupport_introspection_cppExport.cmake
[2.034s] -- Up-to-date: /home/seastar/steve_summer_seastar_ws/install/seastar_interfaces/share/seastar_interfaces/cmake/seastar_interfaces__rosidl_typesupport_introspection_cppExport-noconfig.cmake
[2.035s] -- Up-to-date: /home/seastar/steve_summer_seastar_ws/install/seastar_interfaces/share/seastar_interfaces/cmake/seastar_interfaces__rosidl_typesupport_cppExport.cmake
[2.035s] -- Up-to-date: /home/seastar/steve_summer_seastar_ws/install/seastar_interfaces/share/seastar_interfaces/cmake/seastar_interfaces__rosidl_typesupport_cppExport-noconfig.cmake
[2.036s] -- Up-to-date: /home/seastar/steve_summer_seastar_ws/install/seastar_interfaces/share/seastar_interfaces/cmake/export_seastar_interfaces__rosidl_generator_pyExport.cmake
[2.036s] -- Up-to-date: /home/seastar/steve_summer_seastar_ws/install/seastar_interfaces/share/seastar_interfaces/cmake/export_seastar_interfaces__rosidl_generator_pyExport-noconfig.cmake
[2.052s] Invoked command in '/home/seastar/steve_summer_seastar_ws/build/seastar_interfaces' returned '0': CMAKE_PREFIX_PATH=/opt/ros/humble /home/seastar/.local/bin/cmake --install /home/seastar/steve_summer_seastar_ws/build/seastar_interfaces
