[1.987s] Invoking command in '/home/seastar/steve_summer_seastar_ws/build/hamburger_helper': PYTHONPATH=/home/seastar/steve_summer_seastar_ws/build/hamburger_helper/prefix_override:/home/seastar/steve_summer_seastar_ws/install/hamburger_helper/lib/python3.10/site-packages:${PYTHONPATH} /usr/bin/python3 setup.py develop --editable --build-directory /home/seastar/steve_summer_seastar_ws/build/hamburger_helper/build --no-deps install_data
[2.610s] running develop
[2.610s] /usr/lib/python3/dist-packages/setuptools/command/easy_install.py:158: EasyInstallDeprecationWarning: easy_install command is deprecated. Use build and pip and other standards-based tools.
[2.610s]   warnings.warn(
[2.612s] /usr/lib/python3/dist-packages/setuptools/command/install.py:34: SetuptoolsDeprecationWarning: setup.py install is deprecated. Use build and pip and other standards-based tools.
[2.613s]   warnings.warn(
[2.761s] /usr/lib/python3/dist-packages/pkg_resources/__init__.py:116: PkgResourcesDeprecationWarning: 1.16.0-unknown is an invalid version and will not be supported in a future release
[2.761s]   warnings.warn(
[2.762s] /usr/lib/python3/dist-packages/pkg_resources/__init__.py:116: PkgResourcesDeprecationWarning: 1.1build1 is an invalid version and will not be supported in a future release
[2.762s]   warnings.warn(
[2.994s] running egg_info
[2.994s] writing hamburger_helper.egg-info/PKG-INFO
[2.994s] writing dependency_links to hamburger_helper.egg-info/dependency_links.txt
[2.994s] writing entry points to hamburger_helper.egg-info/entry_points.txt
[2.995s] writing requirements to hamburger_helper.egg-info/requires.txt
[2.995s] writing top-level names to hamburger_helper.egg-info/top_level.txt
[3.071s] listing git files failed - pretending there aren't any
[3.309s] reading manifest file 'hamburger_helper.egg-info/SOURCES.txt'
[3.310s] writing manifest file 'hamburger_helper.egg-info/SOURCES.txt'
[3.381s] running build_ext
[3.382s] Creating /home/seastar/steve_summer_seastar_ws/install/hamburger_helper/lib/python3.10/site-packages/hamburger-helper.egg-link (link to .)
[3.383s] Installing hamburger_helper script to /home/seastar/steve_summer_seastar_ws/install/hamburger_helper/lib/hamburger_helper
[3.383s] 
[3.384s] Installed /home/seastar/steve_summer_seastar_ws/build/hamburger_helper
[3.384s] running install_data
[3.483s] Invoked command in '/home/seastar/steve_summer_seastar_ws/build/hamburger_helper' returned '0': PYTHONPATH=/home/seastar/steve_summer_seastar_ws/build/hamburger_helper/prefix_override:/home/seastar/steve_summer_seastar_ws/install/hamburger_helper/lib/python3.10/site-packages:${PYTHONPATH} /usr/bin/python3 setup.py develop --editable --build-directory /home/seastar/steve_summer_seastar_ws/build/hamburger_helper/build --no-deps install_data
