[3.474s] Invoking command in '/home/seastar/steve_summer_seastar_ws/build/ik_solver': PYTHONPATH=/home/seastar/steve_summer_seastar_ws/build/ik_solver/prefix_override:/home/seastar/steve_summer_seastar_ws/install/ik_solver/lib/python3.10/site-packages:${PYTHONPATH} /usr/bin/python3 setup.py develop --editable --build-directory /home/seastar/steve_summer_seastar_ws/build/ik_solver/build --no-deps install_data
[4.580s] running develop
[4.583s] /usr/lib/python3/dist-packages/setuptools/command/easy_install.py:158: EasyInstallDeprecationWarning: easy_install command is deprecated. Use build and pip and other standards-based tools.
[4.583s]   warnings.warn(
[4.586s] /usr/lib/python3/dist-packages/setuptools/command/install.py:34: SetuptoolsDeprecationWarning: setup.py install is deprecated. Use build and pip and other standards-based tools.
[4.586s]   warnings.warn(
[4.809s] /usr/lib/python3/dist-packages/pkg_resources/__init__.py:116: PkgResourcesDeprecationWarning: 1.16.0-unknown is an invalid version and will not be supported in a future release
[4.809s]   warnings.warn(
[4.810s] /usr/lib/python3/dist-packages/pkg_resources/__init__.py:116: PkgResourcesDeprecationWarning: 1.1build1 is an invalid version and will not be supported in a future release
[4.810s]   warnings.warn(
[4.810s] /usr/lib/python3/dist-packages/pkg_resources/__init__.py:116: PkgResourcesDeprecationWarning: 0.1.43ubuntu1 is an invalid version and will not be supported in a future release
[4.811s]   warnings.warn(
[5.575s] running egg_info
[5.575s] writing ik_solver.egg-info/PKG-INFO
[5.578s] writing dependency_links to ik_solver.egg-info/dependency_links.txt
[5.578s] writing entry points to ik_solver.egg-info/entry_points.txt
[5.578s] writing requirements to ik_solver.egg-info/requires.txt
[5.578s] writing top-level names to ik_solver.egg-info/top_level.txt
[5.888s] listing git files failed - pretending there aren't any
[6.248s] reading manifest file 'ik_solver.egg-info/SOURCES.txt'
[6.249s] writing manifest file 'ik_solver.egg-info/SOURCES.txt'
[6.425s] running build_ext
[6.426s] Creating /home/seastar/steve_summer_seastar_ws/install/ik_solver/lib/python3.10/site-packages/ik-solver.egg-link (link to .)
[6.427s] Installing ik_solver script to /home/seastar/steve_summer_seastar_ws/install/ik_solver/lib/ik_solver
[6.428s] Installing ik_tester script to /home/seastar/steve_summer_seastar_ws/install/ik_solver/lib/ik_solver
[6.428s] 
[6.428s] Installed /home/seastar/steve_summer_seastar_ws/build/ik_solver
[6.428s] running install_data
[6.630s] Invoked command in '/home/seastar/steve_summer_seastar_ws/build/ik_solver' returned '0': PYTHONPATH=/home/seastar/steve_summer_seastar_ws/build/ik_solver/prefix_override:/home/seastar/steve_summer_seastar_ws/install/ik_solver/lib/python3.10/site-packages:${PYTHONPATH} /usr/bin/python3 setup.py develop --editable --build-directory /home/seastar/steve_summer_seastar_ws/build/ik_solver/build --no-deps install_data
