[0.046s] Invoking command in '/home/seastar/steve_summer_seastar_ws/build/seastar_interfaces': CMAKE_PREFIX_PATH=${CMAKE_PREFIX_PATH}:/home/seastar/steve_summer_seastar_ws/install/test_driver:/home/seastar/steve_summer_seastar_ws/install/test_cam:/home/seastar/steve_summer_seastar_ws/install/solar_ephemeris:/home/seastar/steve_summer_seastar_ws/install/pysp:/home/seastar/steve_summer_seastar_ws/install/imufaker:/home/seastar/steve_summer_seastar_ws/install/ik_tools:/home/seastar/steve_summer_seastar_ws/install/ik_solver:/home/seastar/steve_summer_seastar_ws/install/hamburger_helper:/opt/ros/humble /home/seastar/.local/bin/cmake --build /home/seastar/steve_summer_seastar_ws/build/seastar_interfaces -- -j4 -l4
[0.384s] [  1%] Built target seastar_interfaces__cpp
[0.385s] [ 12%] Built target seastar_interfaces__rosidl_generator_c
[0.385s] [ 23%] Built target seastar_interfaces__rosidl_typesupport_introspection_cpp
[0.385s] [ 35%] Built target seastar_interfaces__rosidl_typesupport_cpp
[0.385s] [ 35%] Built target ament_cmake_python_symlink_seastar_interfaces
[0.386s] [ 46%] Built target seastar_interfaces__rosidl_typesupport_fastrtps_cpp
[0.386s] [ 57%] Built target seastar_interfaces__rosidl_typesupport_introspection_c
[0.386s] [ 69%] Built target seastar_interfaces__rosidl_typesupport_fastrtps_c
[0.386s] [ 80%] Built target seastar_interfaces__rosidl_typesupport_c
[0.386s] [ 80%] Built target seastar_interfaces
[0.386s] [ 81%] Built target seastar_interfaces__py
[0.386s] [ 91%] Built target seastar_interfaces__rosidl_generator_py
[0.387s] [ 94%] Built target seastar_interfaces__rosidl_typesupport_fastrtps_c__pyext
[0.387s] [ 97%] Built target seastar_interfaces__rosidl_typesupport_introspection_c__pyext
[0.387s] [100%] Built target seastar_interfaces__rosidl_typesupport_c__pyext
[0.387s] Traceback (most recent call last):
[0.387s]   File "/home/seastar/steve_summer_seastar_ws/build/seastar_interfaces/ament_cmake_python/seastar_interfaces/setup.py", line 1, in <module>
[0.387s]     from setuptools import find_packages
[0.387s]   File "/usr/lib/python3/dist-packages/setuptools/__init__.py", line 16, in <module>
[0.387s]     import setuptools.version
[0.388s]   File "/usr/lib/python3/dist-packages/setuptools/version.py", line 1, in <module>
[0.389s]     import pkg_resources
[0.389s]   File "/usr/lib/python3/dist-packages/pkg_resources/__init__.py", line 78, in <module>
[0.389s]     __import__('pkg_resources.extern.packaging.requirements')
[0.389s]   File "/usr/lib/python3/dist-packages/pkg_resources/_vendor/packaging/requirements.py", line 10, in <module>
[0.389s]     from pkg_resources.extern.pyparsing import (  # noqa
[0.389s]   File "<frozen importlib._bootstrap>", line 1027, in _find_and_load
[0.389s]   File "<frozen importlib._bootstrap>", line 1006, in _find_and_load_unlocked
[0.389s]   File "<frozen importlib._bootstrap>", line 674, in _load_unlocked
[0.390s]   File "<frozen importlib._bootstrap>", line 571, in module_from_spec
[0.390s]   File "/usr/lib/python3/dist-packages/pkg_resources/extern/__init__.py", line 52, in create_module
[0.390s]     return self.load_module(spec.name)
[0.390s]   File "/usr/lib/python3/dist-packages/pkg_resources/extern/__init__.py", line 37, in load_module
[0.390s]     __import__(extant)
[0.390s]   File "/usr/lib/python3/dist-packages/pkg_resources/_vendor/pyparsing.py", line 83, in <module>
[0.390s]     import copy
[0.390s]   File "<frozen importlib._bootstrap>", line 1027, in _find_and_load
[0.390s]   File "<frozen importlib._bootstrap>", line 1006, in _find_and_load_unlocked
[0.390s]   File "<frozen importlib._bootstrap>", line 688, in _load_unlocked
[0.390s]   File "<frozen importlib._bootstrap_external>", line 879, in exec_module
[0.391s]   File "<frozen importlib._bootstrap_external>", line 1012, in get_code
[0.391s]   File "<frozen importlib._bootstrap_external>", line 672, in _compile_bytecode
[0.391s] KeyboardInterrupt
[0.407s] gmake[2]: *** [CMakeFiles/ament_cmake_python_build_seastar_interfaces_egg.dir/build.make:70: CMakeFiles/ament_cmake_python_build_seastar_interfaces_egg] Interrupt
[0.408s] gmake[1]: *** [CMakeFiles/Makefile2:447: CMakeFiles/ament_cmake_python_build_seastar_interfaces_egg.dir/all] Interrupt
[0.408s] gmake: *** [Makefile:146: all] Interrupt
[0.412s] Traceback (most recent call last):
[0.413s]   File "/home/seastar/.local/bin/cmake", line 8, in <module>
[0.413s]     sys.exit(cmake())
[0.413s]   File "/home/seastar/.local/lib/python3.10/site-packages/cmake/__init__.py", line 43, in cmake
[0.413s]     raise SystemExit(_program('cmake', sys.argv[1:]))
[0.413s]   File "/home/seastar/.local/lib/python3.10/site-packages/cmake/__init__.py", line 39, in _program
[0.413s]     return subprocess.call([os.path.join(CMAKE_BIN_DIR, name)] + args, close_fds=False)
[0.413s]   File "/usr/lib/python3.10/subprocess.py", line 347, in call
[0.413s]     return p.wait(timeout=timeout)
[0.413s]   File "/usr/lib/python3.10/subprocess.py", line 1209, in wait
[0.413s]     return self._wait(timeout=timeout)
[0.413s]   File "/usr/lib/python3.10/subprocess.py", line 1959, in _wait
[0.413s]     (pid, sts) = self._try_wait(0)
[0.413s]   File "/usr/lib/python3.10/subprocess.py", line 1917, in _try_wait
[0.414s]     (pid, sts) = os.waitpid(self.pid, wait_flags)
[0.414s] KeyboardInterrupt
