[0.018s] Invoking command in '/home/seastar/steve_summer_seastar_ws/build/head_chef': AMENT_PREFIX_PATH=/home/seastar/steve_summer_seastar_ws/install/seastar_interfaces:${AMENT_PREFIX_PATH} CMAKE_PREFIX_PATH=/home/seastar/steve_summer_seastar_ws/install/seastar_interfaces:/opt/ros/humble LD_LIBRARY_PATH=/home/seastar/steve_summer_seastar_ws/install/seastar_interfaces/lib:${LD_LIBRARY_PATH} PYTHONPATH=/home/seastar/steve_summer_seastar_ws/install/seastar_interfaces/local/lib/python3.10/dist-packages:${PYTHONPATH} /home/seastar/.local/bin/cmake --build /home/seastar/steve_summer_seastar_ws/build/head_chef -- -j4 -l4
[0.129s] [100%] Built target head_chef
[0.782s] Invoked command in '/home/seastar/steve_summer_seastar_ws/build/head_chef' returned '0': AMENT_PREFIX_PATH=/home/seastar/steve_summer_seastar_ws/install/seastar_interfaces:${AMENT_PREFIX_PATH} CMAKE_PREFIX_PATH=/home/seastar/steve_summer_seastar_ws/install/seastar_interfaces:/opt/ros/humble LD_LIBRARY_PATH=/home/seastar/steve_summer_seastar_ws/install/seastar_interfaces/lib:${LD_LIBRARY_PATH} PYTHONPATH=/home/seastar/steve_summer_seastar_ws/install/seastar_interfaces/local/lib/python3.10/dist-packages:${PYTHONPATH} /home/seastar/.local/bin/cmake --build /home/seastar/steve_summer_seastar_ws/build/head_chef -- -j4 -l4
[0.863s] Invoking command in '/home/seastar/steve_summer_seastar_ws/build/head_chef': AMENT_PREFIX_PATH=/home/seastar/steve_summer_seastar_ws/install/seastar_interfaces:${AMENT_PREFIX_PATH} CMAKE_PREFIX_PATH=/home/seastar/steve_summer_seastar_ws/install/seastar_interfaces:/opt/ros/humble LD_LIBRARY_PATH=/home/seastar/steve_summer_seastar_ws/install/seastar_interfaces/lib:${LD_LIBRARY_PATH} PYTHONPATH=/home/seastar/steve_summer_seastar_ws/install/seastar_interfaces/local/lib/python3.10/dist-packages:${PYTHONPATH} /home/seastar/.local/bin/cmake --install /home/seastar/steve_summer_seastar_ws/build/head_chef
[0.898s] -- Install configuration: ""
[0.898s] -- Execute custom install script
[0.899s] -- Up-to-date symlink: /home/seastar/steve_summer_seastar_ws/install/head_chef/lib/head_chef/head_chef
[0.899s] -- Up-to-date symlink: /home/seastar/steve_summer_seastar_ws/install/head_chef/share/ament_index/resource_index/package_run_dependencies/head_chef
[0.900s] -- Up-to-date symlink: /home/seastar/steve_summer_seastar_ws/install/head_chef/share/ament_index/resource_index/parent_prefix_path/head_chef
[0.900s] -- Up-to-date symlink: /home/seastar/steve_summer_seastar_ws/install/head_chef/share/head_chef/environment/ament_prefix_path.sh
[0.901s] -- Up-to-date symlink: /home/seastar/steve_summer_seastar_ws/install/head_chef/share/head_chef/environment/ament_prefix_path.dsv
[0.901s] -- Up-to-date symlink: /home/seastar/steve_summer_seastar_ws/install/head_chef/share/head_chef/environment/path.sh
[0.901s] -- Up-to-date symlink: /home/seastar/steve_summer_seastar_ws/install/head_chef/share/head_chef/environment/path.dsv
[0.901s] -- Up-to-date symlink: /home/seastar/steve_summer_seastar_ws/install/head_chef/share/head_chef/local_setup.bash
[0.902s] -- Up-to-date symlink: /home/seastar/steve_summer_seastar_ws/install/head_chef/share/head_chef/local_setup.sh
[0.902s] -- Up-to-date symlink: /home/seastar/steve_summer_seastar_ws/install/head_chef/share/head_chef/local_setup.zsh
[0.902s] -- Up-to-date symlink: /home/seastar/steve_summer_seastar_ws/install/head_chef/share/head_chef/local_setup.dsv
[0.902s] -- Symlinking: /home/seastar/steve_summer_seastar_ws/install/head_chef/share/head_chef/package.dsv
[0.905s] -- Up-to-date symlink: /home/seastar/steve_summer_seastar_ws/install/head_chef/share/ament_index/resource_index/packages/head_chef
[0.905s] -- Up-to-date symlink: /home/seastar/steve_summer_seastar_ws/install/head_chef/share/head_chef/cmake/head_chefConfig.cmake
[0.906s] -- Up-to-date symlink: /home/seastar/steve_summer_seastar_ws/install/head_chef/share/head_chef/cmake/head_chefConfig-version.cmake
[0.906s] -- Up-to-date symlink: /home/seastar/steve_summer_seastar_ws/install/head_chef/share/head_chef/package.xml
[0.916s] Invoked command in '/home/seastar/steve_summer_seastar_ws/build/head_chef' returned '0': AMENT_PREFIX_PATH=/home/seastar/steve_summer_seastar_ws/install/seastar_interfaces:${AMENT_PREFIX_PATH} CMAKE_PREFIX_PATH=/home/seastar/steve_summer_seastar_ws/install/seastar_interfaces:/opt/ros/humble LD_LIBRARY_PATH=/home/seastar/steve_summer_seastar_ws/install/seastar_interfaces/lib:${LD_LIBRARY_PATH} PYTHONPATH=/home/seastar/steve_summer_seastar_ws/install/seastar_interfaces/local/lib/python3.10/dist-packages:${PYTHONPATH} /home/seastar/.local/bin/cmake --install /home/seastar/steve_summer_seastar_ws/build/head_chef
