[2.020s] Invoking command in '/home/seastar/steve_summer_seastar_ws/build/hamburger_helper': PYTHONPATH=/home/seastar/steve_summer_seastar_ws/build/hamburger_helper/prefix_override:/home/seastar/steve_summer_seastar_ws/install/hamburger_helper/lib/python3.10/site-packages:${PYTHONPATH} /usr/bin/python3 setup.py develop --editable --build-directory /home/seastar/steve_summer_seastar_ws/build/hamburger_helper/build --no-deps install_data
[2.652s] /usr/lib/python3/dist-packages/setuptools/command/easy_install.py:158: EasyInstallDeprecationWarning: easy_install command is deprecated. Use build and pip and other standards-based tools.
[2.652s]   warnings.warn(
[2.652s] running develop
[2.655s] /usr/lib/python3/dist-packages/setuptools/command/install.py:34: SetuptoolsDeprecationWarning: setup.py install is deprecated. Use build and pip and other standards-based tools.
[2.655s]   warnings.warn(
[2.810s] /usr/lib/python3/dist-packages/pkg_resources/__init__.py:116: PkgResourcesDeprecationWarning: 1.16.0-unknown is an invalid version and will not be supported in a future release
[2.810s]   warnings.warn(
[2.810s] /usr/lib/python3/dist-packages/pkg_resources/__init__.py:116: PkgResourcesDeprecationWarning: 1.1build1 is an invalid version and will not be supported in a future release
[2.810s]   warnings.warn(
[3.133s] running egg_info
[3.133s] writing hamburger_helper.egg-info/PKG-INFO
[3.133s] writing dependency_links to hamburger_helper.egg-info/dependency_links.txt
[3.134s] writing entry points to hamburger_helper.egg-info/entry_points.txt
[3.134s] writing requirements to hamburger_helper.egg-info/requires.txt
[3.134s] writing top-level names to hamburger_helper.egg-info/top_level.txt
[3.232s] listing git files failed - pretending there aren't any
[3.476s] reading manifest file 'hamburger_helper.egg-info/SOURCES.txt'
[3.477s] writing manifest file 'hamburger_helper.egg-info/SOURCES.txt'
[3.558s] running build_ext
[3.558s] Creating /home/seastar/steve_summer_seastar_ws/install/hamburger_helper/lib/python3.10/site-packages/hamburger-helper.egg-link (link to .)
[3.559s] Installing hamburger_helper script to /home/seastar/steve_summer_seastar_ws/install/hamburger_helper/lib/hamburger_helper
[3.560s] 
[3.560s] Installed /home/seastar/steve_summer_seastar_ws/build/hamburger_helper
[3.560s] running install_data
[3.666s] Invoked command in '/home/seastar/steve_summer_seastar_ws/build/hamburger_helper' returned '0': PYTHONPATH=/home/seastar/steve_summer_seastar_ws/build/hamburger_helper/prefix_override:/home/seastar/steve_summer_seastar_ws/install/hamburger_helper/lib/python3.10/site-packages:${PYTHONPATH} /usr/bin/python3 setup.py develop --editable --build-directory /home/seastar/steve_summer_seastar_ws/build/hamburger_helper/build --no-deps install_data
