[1.722s] Invoking command in '/home/seastar/steve_summer_seastar_ws/build/ik_tools': PYTHONPATH=/home/seastar/steve_summer_seastar_ws/build/ik_tools/prefix_override:/home/seastar/steve_summer_seastar_ws/install/ik_tools/lib/python3.10/site-packages:${PYTHONPATH} /usr/bin/python3 setup.py develop --editable --build-directory /home/seastar/steve_summer_seastar_ws/build/ik_tools/build --no-deps install_data
[2.504s] running develop
[2.505s] /usr/lib/python3/dist-packages/setuptools/command/easy_install.py:158: EasyInstallDeprecationWarning: easy_install command is deprecated. Use build and pip and other standards-based tools.
[2.505s]   warnings.warn(
[2.510s] /usr/lib/python3/dist-packages/setuptools/command/install.py:34: SetuptoolsDeprecationWarning: setup.py install is deprecated. Use build and pip and other standards-based tools.
[2.510s]   warnings.warn(
[2.670s] /usr/lib/python3/dist-packages/pkg_resources/__init__.py:116: PkgResourcesDeprecationWarning: 1.16.0-unknown is an invalid version and will not be supported in a future release
[2.671s]   warnings.warn(
[2.671s] /usr/lib/python3/dist-packages/pkg_resources/__init__.py:116: PkgResourcesDeprecationWarning: 1.1build1 is an invalid version and will not be supported in a future release
[2.672s]   warnings.warn(
[2.990s] running egg_info
[2.990s] writing ik_tools.egg-info/PKG-INFO
[2.991s] writing dependency_links to ik_tools.egg-info/dependency_links.txt
[2.991s] writing entry points to ik_tools.egg-info/entry_points.txt
[2.991s] writing requirements to ik_tools.egg-info/requires.txt
[2.992s] writing top-level names to ik_tools.egg-info/top_level.txt
[3.092s] listing git files failed - pretending there aren't any
[3.339s] reading manifest file 'ik_tools.egg-info/SOURCES.txt'
[3.340s] writing manifest file 'ik_tools.egg-info/SOURCES.txt'
[3.386s] running build_ext
[3.387s] Creating /home/seastar/steve_summer_seastar_ws/install/ik_tools/lib/python3.10/site-packages/ik-tools.egg-link (link to .)
[3.389s] Installing ik_tools script to /home/seastar/steve_summer_seastar_ws/install/ik_tools/lib/ik_tools
[3.389s] 
[3.389s] Installed /home/seastar/steve_summer_seastar_ws/build/ik_tools
[3.389s] running install_data
[3.517s] Invoked command in '/home/seastar/steve_summer_seastar_ws/build/ik_tools' returned '0': PYTHONPATH=/home/seastar/steve_summer_seastar_ws/build/ik_tools/prefix_override:/home/seastar/steve_summer_seastar_ws/install/ik_tools/lib/python3.10/site-packages:${PYTHONPATH} /usr/bin/python3 setup.py develop --editable --build-directory /home/seastar/steve_summer_seastar_ws/build/ik_tools/build --no-deps install_data
