[0.043s] Invoking command in '/home/seastar/steve_summer_seastar_ws/build/head_chef': CMAKE_PREFIX_PATH=/home/seastar/steve_summer_seastar_ws/install/seastar_interfaces:/home/seastar/steve_summer_seastar_ws/install/sunspotter:/home/seastar/steve_summer_seastar_ws/install/head_chef:/home/seastar/steve_summer_seastar_ws/install/motor_state_manager:/home/seastar/steve_summer_seastar_ws/install/motor_manager:/home/seastar/steve_summer_seastar_ws/install/bluespace_ai_xsens_mti_driver:/home/seastar/steve_summer_seastar_ws/install/test_driver:/home/seastar/steve_summer_seastar_ws/install/test_cam:/home/seastar/steve_summer_seastar_ws/install/solar_ephemeris:/home/seastar/steve_summer_seastar_ws/install/pysp:/home/seastar/steve_summer_seastar_ws/install/imufaker:/home/seastar/steve_summer_seastar_ws/install/ik_tools:/home/seastar/steve_summer_seastar_ws/install/ik_solver:/home/seastar/steve_summer_seastar_ws/install/hamburger_helper:/opt/ros/humble /home/seastar/.local/bin/cmake --build /home/seastar/steve_summer_seastar_ws/build/head_chef -- -j4 -l4
[0.172s] [ 16%] [32mBuilding CXX object CMakeFiles/head_chef.dir/src/ChefCommand.cpp.o[0m
[0.187s] In file included from [01m[K/home/seastar/steve_summer_seastar_ws/src/head_chef/src/ChefCommand.cpp:1[m[K:
[0.187s] [01m[K/home/seastar/steve_summer_seastar_ws/src/head_chef/src/ChefCommand.h:29:6:[m[K [01;31m[Kerror: [m[K‘[01m[Kstring[m[K’ in namespace ‘[01m[Kstd[m[K’ does not name a type
[0.187s]    29 | std::[01;31m[Kstring[m[K CommNames[21] = {"HOAL", "HOON", "FISU", "FSSU", "TRSU", "CRSU", "SUAO", "SUEO", "SATG", "SETG", "SSTG", "SSSU", "FTRG", "FSTG", "CRTG", "ARCS", "ARCE", "ARSU", "ARTG", "GOTO", "NOOP"};
[0.187s]       |      [01;31m[K^~~~~~[m[K
[0.187s] In file included from [01m[K/home/seastar/steve_summer_seastar_ws/src/head_chef/src/ChefCommand.cpp:1[m[K:
[0.187s] [01m[K/home/seastar/steve_summer_seastar_ws/src/head_chef/src/ChefCommand.h:1:1:[m[K [01;36m[Knote: [m[K‘[01m[Kstd::string[m[K’ is defined in header ‘[01m[K<string>[m[K’; did you forget to ‘[01m[K#include <string>[m[K’?
[0.188s]   +++ |+[32m[K#include <string>[m[K
[0.188s]     1 | #ifndef CHEF_COM_H
[0.189s] gmake[2]: *** [CMakeFiles/head_chef.dir/build.make:118: CMakeFiles/head_chef.dir/src/ChefCommand.cpp.o] Error 1
[0.189s] gmake[2]: *** Waiting for unfinished jobs....
[0.192s] [ 33%] [32mBuilding CXX object CMakeFiles/head_chef.dir/src/ChefScript.cpp.o[0m
[1.051s] [01m[K/home/seastar/steve_summer_seastar_ws/src/head_chef/src/ChefScript.cpp:[m[K In member function ‘[01m[Kbool ChefScript::isValidCommand(std::string)[m[K’:
[1.052s] [01m[K/home/seastar/steve_summer_seastar_ws/src/head_chef/src/ChefScript.cpp:30:14:[m[K [01;35m[Kwarning: [m[Kunused variable ‘[01m[KisValid[m[K’ [[01;35m[K]8;;https://gcc.gnu.org/onlinedocs/gcc/Warning-Options.html#index-Wunused-variable-Wunused-variable]8;;[m[K]
[1.052s]    30 |         bool [01;35m[KisValid[m[K = false;
[1.052s]       |              [01;35m[K^~~~~~~[m[K
[1.052s] [01m[K/home/seastar/steve_summer_seastar_ws/src/head_chef/src/ChefScript.cpp:37:1:[m[K [01;35m[Kwarning: [m[Kno return statement in function returning non-void [[01;35m[K]8;;https://gcc.gnu.org/onlinedocs/gcc/Warning-Options.html#index-Wreturn-type-Wreturn-type]8;;[m[K]
[1.052s]    37 | [01;35m[K}[m[K
[1.052s]       | [01;35m[K^[m[K
[1.222s] gmake[1]: *** [CMakeFiles/Makefile2:137: CMakeFiles/head_chef.dir/all] Error 2
[1.222s] gmake: *** [Makefile:146: all] Error 2
[1.230s] Invoked command in '/home/seastar/steve_summer_seastar_ws/build/head_chef' returned '2': CMAKE_PREFIX_PATH=/home/seastar/steve_summer_seastar_ws/install/seastar_interfaces:/home/seastar/steve_summer_seastar_ws/install/sunspotter:/home/seastar/steve_summer_seastar_ws/install/head_chef:/home/seastar/steve_summer_seastar_ws/install/motor_state_manager:/home/seastar/steve_summer_seastar_ws/install/motor_manager:/home/seastar/steve_summer_seastar_ws/install/bluespace_ai_xsens_mti_driver:/home/seastar/steve_summer_seastar_ws/install/test_driver:/home/seastar/steve_summer_seastar_ws/install/test_cam:/home/seastar/steve_summer_seastar_ws/install/solar_ephemeris:/home/seastar/steve_summer_seastar_ws/install/pysp:/home/seastar/steve_summer_seastar_ws/install/imufaker:/home/seastar/steve_summer_seastar_ws/install/ik_tools:/home/seastar/steve_summer_seastar_ws/install/ik_solver:/home/seastar/steve_summer_seastar_ws/install/hamburger_helper:/opt/ros/humble /home/seastar/.local/bin/cmake --build /home/seastar/steve_summer_seastar_ws/build/head_chef -- -j4 -l4
