[1.923s] Invoking command in '/home/seastar/steve_summer_seastar_ws/build/hamburger_helper': PYTHONPATH=/home/seastar/steve_summer_seastar_ws/build/hamburger_helper/prefix_override:/home/seastar/steve_summer_seastar_ws/install/hamburger_helper/lib/python3.10/site-packages:${PYTHONPATH} /usr/bin/python3 setup.py develop --editable --build-directory /home/seastar/steve_summer_seastar_ws/build/hamburger_helper/build --no-deps install_data
[2.522s] running develop
[2.523s] /usr/lib/python3/dist-packages/setuptools/command/easy_install.py:158: EasyInstallDeprecationWarning: easy_install command is deprecated. Use build and pip and other standards-based tools.
[2.523s]   warnings.warn(
[2.535s] /usr/lib/python3/dist-packages/setuptools/command/install.py:34: SetuptoolsDeprecationWarning: setup.py install is deprecated. Use build and pip and other standards-based tools.
[2.535s]   warnings.warn(
[2.668s] /usr/lib/python3/dist-packages/pkg_resources/__init__.py:116: PkgResourcesDeprecationWarning: 1.16.0-unknown is an invalid version and will not be supported in a future release
[2.669s]   warnings.warn(
[2.669s] /usr/lib/python3/dist-packages/pkg_resources/__init__.py:116: PkgResourcesDeprecationWarning: 1.1build1 is an invalid version and will not be supported in a future release
[2.669s]   warnings.warn(
[2.957s] running egg_info
[2.957s] writing hamburger_helper.egg-info/PKG-INFO
[2.958s] writing dependency_links to hamburger_helper.egg-info/dependency_links.txt
[2.958s] writing entry points to hamburger_helper.egg-info/entry_points.txt
[2.958s] writing requirements to hamburger_helper.egg-info/requires.txt
[2.958s] writing top-level names to hamburger_helper.egg-info/top_level.txt
[5.580s] writing manifest file 'hamburger_helper.egg-info/SOURCES.txt'
[5.647s] running build_ext
[5.647s] Creating /home/seastar/steve_summer_seastar_ws/install/hamburger_helper/lib/python3.10/site-packages/hamburger-helper.egg-link (link to .)
[5.647s] Installing hamburger_helper script to /home/seastar/steve_summer_seastar_ws/install/hamburger_helper/lib/hamburger_helper
[5.647s] 
[5.647s] Installed /home/seastar/steve_summer_seastar_ws/build/hamburger_helper
[5.647s] running install_data
[5.740s] Invoked command in '/home/seastar/steve_summer_seastar_ws/build/hamburger_helper' returned '0': PYTHONPATH=/home/seastar/steve_summer_seastar_ws/build/hamburger_helper/prefix_override:/home/seastar/steve_summer_seastar_ws/install/hamburger_helper/lib/python3.10/site-packages:${PYTHONPATH} /usr/bin/python3 setup.py develop --editable --build-directory /home/seastar/steve_summer_seastar_ws/build/hamburger_helper/build --no-deps install_data
