[2.286s] Invoking command in '/home/seastar/steve_summer_seastar_ws/build/hamburger_helper': PYTHONPATH=/home/seastar/steve_summer_seastar_ws/build/hamburger_helper/prefix_override:/home/seastar/steve_summer_seastar_ws/install/hamburger_helper/lib/python3.10/site-packages:${PYTHONPATH} /usr/bin/python3 setup.py develop --editable --build-directory /home/seastar/steve_summer_seastar_ws/build/hamburger_helper/build --no-deps install_data
[2.999s] running develop
[2.999s] /usr/lib/python3/dist-packages/setuptools/command/easy_install.py:158: EasyInstallDeprecationWarning: easy_install command is deprecated. Use build and pip and other standards-based tools.
[2.999s]   warnings.warn(
[3.002s] /usr/lib/python3/dist-packages/setuptools/command/install.py:34: SetuptoolsDeprecationWarning: setup.py install is deprecated. Use build and pip and other standards-based tools.
[3.002s]   warnings.warn(
[3.146s] /usr/lib/python3/dist-packages/pkg_resources/__init__.py:116: PkgResourcesDeprecationWarning: 1.16.0-unknown is an invalid version and will not be supported in a future release
[3.146s]   warnings.warn(
[3.146s] /usr/lib/python3/dist-packages/pkg_resources/__init__.py:116: PkgResourcesDeprecationWarning: 1.1build1 is an invalid version and will not be supported in a future release
[3.146s]   warnings.warn(
[3.419s] running egg_info
[3.419s] writing hamburger_helper.egg-info/PKG-INFO
[3.420s] writing dependency_links to hamburger_helper.egg-info/dependency_links.txt
[3.420s] writing entry points to hamburger_helper.egg-info/entry_points.txt
[3.421s] writing requirements to hamburger_helper.egg-info/requires.txt
[3.421s] writing top-level names to hamburger_helper.egg-info/top_level.txt
[3.565s] listing git files failed - pretending there aren't any
[3.864s] reading manifest file 'hamburger_helper.egg-info/SOURCES.txt'
[3.866s] writing manifest file 'hamburger_helper.egg-info/SOURCES.txt'
[3.949s] running build_ext
[3.952s] Creating /home/seastar/steve_summer_seastar_ws/install/hamburger_helper/lib/python3.10/site-packages/hamburger-helper.egg-link (link to .)
[3.955s] Installing hamburger_helper script to /home/seastar/steve_summer_seastar_ws/install/hamburger_helper/lib/hamburger_helper
[3.957s] 
[3.957s] Installed /home/seastar/steve_summer_seastar_ws/build/hamburger_helper
[3.958s] running install_data
[4.119s] Invoked command in '/home/seastar/steve_summer_seastar_ws/build/hamburger_helper' returned '0': PYTHONPATH=/home/seastar/steve_summer_seastar_ws/build/hamburger_helper/prefix_override:/home/seastar/steve_summer_seastar_ws/install/hamburger_helper/lib/python3.10/site-packages:${PYTHONPATH} /usr/bin/python3 setup.py develop --editable --build-directory /home/seastar/steve_summer_seastar_ws/build/hamburger_helper/build --no-deps install_data
