In file included from [01m[K/home/seastar/seastar_ws/src/seastar_interfaces/build/seastar_interfaces/rosidl_generator_c/seastar_interfaces/msg/detail/sky_scan_offset__functions.h:19[m[K,
                 from [01m[K/home/seastar/seastar_ws/src/seastar_interfaces/build/seastar_interfaces/rosidl_generator_c/seastar_interfaces/msg/detail/sky_scan_offset__functions.c:4[m[K:
[01m[K/home/seastar/seastar_ws/src/seastar_interfaces/build/seastar_interfaces/rosidl_generator_c/seastar_interfaces/msg/detail/sky_scan_offset__struct.h:22:10:[m[K [01;31m[Kfatal error: [m[Kseastar_interfaces/msg/detail/quaternion__struct.h: No such file or directory
   22 | #include [01;31m[K"seastar_interfaces/msg/detail/quaternion__struct.h"[m[K
      |          [01;31m[K^~~~~~~~~~~~~~~~~~~~~~~~~~~~~~~~~~~~~~~~~~~~~~~~~~~~[m[K
compilation terminated.
gmake[2]: *** [CMakeFiles/seastar_interfaces__rosidl_generator_c.dir/build.make:135: CMakeFiles/seastar_interfaces__rosidl_generator_c.dir/rosidl_generator_c/seastar_interfaces/msg/detail/sky_scan_offset__functions.c.o] Error 1
gmake[2]: *** Waiting for unfinished jobs....
gmake[1]: *** [CMakeFiles/Makefile2:213: CMakeFiles/seastar_interfaces__rosidl_generator_c.dir/all] Error 2
gmake[1]: *** Waiting for unfinished jobs....
In file included from [01m[K/home/seastar/seastar_ws/src/seastar_interfaces/build/seastar_interfaces/rosidl_typesupport_cpp/seastar_interfaces/msg/sky_scan_offset__type_support.cpp:7[m[K:
[01m[K/home/seastar/seastar_ws/src/seastar_interfaces/build/seastar_interfaces/rosidl_generator_cpp/seastar_interfaces/msg/detail/sky_scan_offset__struct.hpp:20:10:[m[K [01;31m[Kfatal error: [m[Kseastar_interfaces/msg/detail/quaternion__struct.hpp: No such file or directory
   20 | #include [01;31m[K"seastar_interfaces/msg/detail/quaternion__struct.hpp"[m[K
      |          [01;31m[K^~~~~~~~~~~~~~~~~~~~~~~~~~~~~~~~~~~~~~~~~~~~~~~~~~~~~~[m[K
compilation terminated.
gmake[2]: *** [CMakeFiles/seastar_interfaces__rosidl_typesupport_cpp.dir/build.make:104: CMakeFiles/seastar_interfaces__rosidl_typesupport_cpp.dir/rosidl_typesupport_cpp/seastar_interfaces/msg/sky_scan_offset__type_support.cpp.o] Error 1
gmake[2]: *** Waiting for unfinished jobs....
In file included from [01m[K/home/seastar/seastar_ws/src/seastar_interfaces/build/seastar_interfaces/rosidl_typesupport_introspection_cpp/seastar_interfaces/msg/detail/sky_scan_offset__type_support.cpp:12[m[K:
[01m[K/home/seastar/seastar_ws/src/seastar_interfaces/build/seastar_interfaces/rosidl_generator_cpp/seastar_interfaces/msg/detail/sky_scan_offset__struct.hpp:20:10:[m[K [01;31m[Kfatal error: [m[Kseastar_interfaces/msg/detail/quaternion__struct.hpp: No such file or directory
   20 | #include [01;31m[K"seastar_interfaces/msg/detail/quaternion__struct.hpp"[m[K
      |          [01;31m[K^~~~~~~~~~~~~~~~~~~~~~~~~~~~~~~~~~~~~~~~~~~~~~~~~~~~~~[m[K
compilation terminated.
gmake[2]: *** [CMakeFiles/seastar_interfaces__rosidl_typesupport_introspection_cpp.dir/build.make:112: CMakeFiles/seastar_interfaces__rosidl_typesupport_introspection_cpp.dir/rosidl_typesupport_introspection_cpp/seastar_interfaces/msg/detail/sky_scan_offset__type_support.cpp.o] Error 1
gmake[2]: *** Waiting for unfinished jobs....
In file included from [01m[K/home/seastar/seastar_ws/src/seastar_interfaces/build/seastar_interfaces/rosidl_typesupport_fastrtps_cpp/seastar_interfaces/msg/detail/sky_scan_offset__rosidl_typesupport_fastrtps_cpp.hpp:11[m[K,
                 from [01m[K/home/seastar/seastar_ws/src/seastar_interfaces/build/seastar_interfaces/rosidl_typesupport_fastrtps_cpp/seastar_interfaces/msg/detail/dds_fastrtps/sky_scan_offset__type_support.cpp:4[m[K:
[01m[K/home/seastar/seastar_ws/src/seastar_interfaces/build/seastar_interfaces/rosidl_generator_cpp/seastar_interfaces/msg/detail/sky_scan_offset__struct.hpp:20:10:[m[K [01;31m[Kfatal error: [m[Kseastar_interfaces/msg/detail/quaternion__struct.hpp: No such file or directory
   20 | #include [01;31m[K"seastar_interfaces/msg/detail/quaternion__struct.hpp"[m[K
      |          [01;31m[K^~~~~~~~~~~~~~~~~~~~~~~~~~~~~~~~~~~~~~~~~~~~~~~~~~~~~~[m[K
compilation terminated.
gmake[2]: *** [CMakeFiles/seastar_interfaces__rosidl_typesupport_fastrtps_cpp.dir/build.make:112: CMakeFiles/seastar_interfaces__rosidl_typesupport_fastrtps_cpp.dir/rosidl_typesupport_fastrtps_cpp/seastar_interfaces/msg/detail/dds_fastrtps/sky_scan_offset__type_support.cpp.o] Error 1
gmake[2]: *** Waiting for unfinished jobs....
gmake[1]: *** [CMakeFiles/Makefile2:395: CMakeFiles/seastar_interfaces__rosidl_typesupport_cpp.dir/all] Error 2
gmake[1]: *** [CMakeFiles/Makefile2:343: CMakeFiles/seastar_interfaces__rosidl_typesupport_fastrtps_cpp.dir/all] Error 2
gmake[1]: *** [CMakeFiles/Makefile2:369: CMakeFiles/seastar_interfaces__rosidl_typesupport_introspection_cpp.dir/all] Error 2
gmake: *** [Makefile:146: all] Error 2
