[1.574s] Invoking command in '/home/seastar/steve_summer_seastar_ws/build/imufaker': PYTHONPATH=/home/seastar/steve_summer_seastar_ws/build/imufaker/prefix_override:/home/seastar/steve_summer_seastar_ws/install/imufaker/lib/python3.10/site-packages:${PYTHONPATH} /usr/bin/python3 setup.py develop --editable --build-directory /home/seastar/steve_summer_seastar_ws/build/imufaker/build --no-deps install_data
[2.038s] running develop
[2.038s] /usr/lib/python3/dist-packages/setuptools/command/easy_install.py:158: EasyInstallDeprecationWarning: easy_install command is deprecated. Use build and pip and other standards-based tools.
[2.038s]   warnings.warn(
[2.040s] /usr/lib/python3/dist-packages/setuptools/command/install.py:34: SetuptoolsDeprecationWarning: setup.py install is deprecated. Use build and pip and other standards-based tools.
[2.040s]   warnings.warn(
[2.147s] /usr/lib/python3/dist-packages/pkg_resources/__init__.py:116: PkgResourcesDeprecationWarning: 1.16.0-unknown is an invalid version and will not be supported in a future release
[2.148s]   warnings.warn(
[2.148s] /usr/lib/python3/dist-packages/pkg_resources/__init__.py:116: PkgResourcesDeprecationWarning: 1.1build1 is an invalid version and will not be supported in a future release
[2.148s]   warnings.warn(
[2.496s] running egg_info
[2.496s] writing imufaker.egg-info/PKG-INFO
[2.496s] writing dependency_links to imufaker.egg-info/dependency_links.txt
[2.496s] writing entry points to imufaker.egg-info/entry_points.txt
[2.497s] writing requirements to imufaker.egg-info/requires.txt
[2.497s] writing top-level names to imufaker.egg-info/top_level.txt
[2.720s] listing git files failed - pretending there aren't any
[3.067s] reading manifest file 'imufaker.egg-info/SOURCES.txt'
[3.069s] writing manifest file 'imufaker.egg-info/SOURCES.txt'
[3.190s] running build_ext
[3.190s] Creating /home/seastar/steve_summer_seastar_ws/install/imufaker/lib/python3.10/site-packages/imufaker.egg-link (link to .)
[3.190s] Installing imufaker script to /home/seastar/steve_summer_seastar_ws/install/imufaker/lib/imufaker
[3.190s] 
[3.190s] Installed /home/seastar/steve_summer_seastar_ws/build/imufaker
[3.191s] running install_data
[3.298s] Invoked command in '/home/seastar/steve_summer_seastar_ws/build/imufaker' returned '0': PYTHONPATH=/home/seastar/steve_summer_seastar_ws/build/imufaker/prefix_override:/home/seastar/steve_summer_seastar_ws/install/imufaker/lib/python3.10/site-packages:${PYTHONPATH} /usr/bin/python3 setup.py develop --editable --build-directory /home/seastar/steve_summer_seastar_ws/build/imufaker/build --no-deps install_data
