[0.045s] Invoking command in '/home/seastar/steve_summer_seastar_ws/build/sunspotter': CMAKE_PREFIX_PATH=${CMAKE_PREFIX_PATH}:/home/seastar/steve_summer_seastar_ws/install/test_driver:/home/seastar/steve_summer_seastar_ws/install/test_cam:/home/seastar/steve_summer_seastar_ws/install/solar_ephemeris:/home/seastar/steve_summer_seastar_ws/install/pysp:/home/seastar/steve_summer_seastar_ws/install/imufaker:/home/seastar/steve_summer_seastar_ws/install/ik_tools:/home/seastar/steve_summer_seastar_ws/install/ik_solver:/home/seastar/steve_summer_seastar_ws/install/hamburger_helper:/opt/ros/humble /home/seastar/.local/bin/cmake --build /home/seastar/steve_summer_seastar_ws/build/sunspotter -- -j4 -l4
[0.195s] [100%] Built target sunspotter
[0.220s] Invoked command in '/home/seastar/steve_summer_seastar_ws/build/sunspotter' returned '0': CMAKE_PREFIX_PATH=${CMAKE_PREFIX_PATH}:/home/seastar/steve_summer_seastar_ws/install/test_driver:/home/seastar/steve_summer_seastar_ws/install/test_cam:/home/seastar/steve_summer_seastar_ws/install/solar_ephemeris:/home/seastar/steve_summer_seastar_ws/install/pysp:/home/seastar/steve_summer_seastar_ws/install/imufaker:/home/seastar/steve_summer_seastar_ws/install/ik_tools:/home/seastar/steve_summer_seastar_ws/install/ik_solver:/home/seastar/steve_summer_seastar_ws/install/hamburger_helper:/opt/ros/humble /home/seastar/.local/bin/cmake --build /home/seastar/steve_summer_seastar_ws/build/sunspotter -- -j4 -l4
[0.383s] Invoking command in '/home/seastar/steve_summer_seastar_ws/build/sunspotter': CMAKE_PREFIX_PATH=${CMAKE_PREFIX_PATH}:/home/seastar/steve_summer_seastar_ws/install/test_driver:/home/seastar/steve_summer_seastar_ws/install/test_cam:/home/seastar/steve_summer_seastar_ws/install/solar_ephemeris:/home/seastar/steve_summer_seastar_ws/install/pysp:/home/seastar/steve_summer_seastar_ws/install/imufaker:/home/seastar/steve_summer_seastar_ws/install/ik_tools:/home/seastar/steve_summer_seastar_ws/install/ik_solver:/home/seastar/steve_summer_seastar_ws/install/hamburger_helper:/opt/ros/humble /home/seastar/.local/bin/cmake --install /home/seastar/steve_summer_seastar_ws/build/sunspotter
[0.455s] -- Install configuration: ""
[0.459s] -- Execute custom install script
[0.459s] -- Up-to-date symlink: /home/seastar/steve_summer_seastar_ws/install/sunspotter/lib/sunspotter//sunspotter
[0.460s] -- Up-to-date symlink: /home/seastar/steve_summer_seastar_ws/install/sunspotter/share/ament_index/resource_index/package_run_dependencies/sunspotter
[0.460s] -- Up-to-date symlink: /home/seastar/steve_summer_seastar_ws/install/sunspotter/share/ament_index/resource_index/parent_prefix_path/sunspotter
[0.460s] -- Up-to-date symlink: /home/seastar/steve_summer_seastar_ws/install/sunspotter/share/sunspotter/environment/ament_prefix_path.sh
[0.461s] -- Up-to-date symlink: /home/seastar/steve_summer_seastar_ws/install/sunspotter/share/sunspotter/environment/ament_prefix_path.dsv
[0.461s] -- Up-to-date symlink: /home/seastar/steve_summer_seastar_ws/install/sunspotter/share/sunspotter/environment/path.sh
[0.461s] -- Up-to-date symlink: /home/seastar/steve_summer_seastar_ws/install/sunspotter/share/sunspotter/environment/path.dsv
[0.461s] -- Up-to-date symlink: /home/seastar/steve_summer_seastar_ws/install/sunspotter/share/sunspotter/local_setup.bash
[0.462s] -- Up-to-date symlink: /home/seastar/steve_summer_seastar_ws/install/sunspotter/share/sunspotter/local_setup.sh
[0.462s] -- Up-to-date symlink: /home/seastar/steve_summer_seastar_ws/install/sunspotter/share/sunspotter/local_setup.zsh
[0.462s] -- Up-to-date symlink: /home/seastar/steve_summer_seastar_ws/install/sunspotter/share/sunspotter/local_setup.dsv
[0.463s] -- Symlinking: /home/seastar/steve_summer_seastar_ws/install/sunspotter/share/sunspotter/package.dsv
[0.482s] -- Up-to-date symlink: /home/seastar/steve_summer_seastar_ws/install/sunspotter/share/ament_index/resource_index/packages/sunspotter
[0.482s] -- Up-to-date symlink: /home/seastar/steve_summer_seastar_ws/install/sunspotter/share/sunspotter/cmake/sunspotterConfig.cmake
[0.483s] -- Up-to-date symlink: /home/seastar/steve_summer_seastar_ws/install/sunspotter/share/sunspotter/cmake/sunspotterConfig-version.cmake
[0.483s] -- Up-to-date symlink: /home/seastar/steve_summer_seastar_ws/install/sunspotter/share/sunspotter/package.xml
[0.509s] Invoked command in '/home/seastar/steve_summer_seastar_ws/build/sunspotter' returned '0': CMAKE_PREFIX_PATH=${CMAKE_PREFIX_PATH}:/home/seastar/steve_summer_seastar_ws/install/test_driver:/home/seastar/steve_summer_seastar_ws/install/test_cam:/home/seastar/steve_summer_seastar_ws/install/solar_ephemeris:/home/seastar/steve_summer_seastar_ws/install/pysp:/home/seastar/steve_summer_seastar_ws/install/imufaker:/home/seastar/steve_summer_seastar_ws/install/ik_tools:/home/seastar/steve_summer_seastar_ws/install/ik_solver:/home/seastar/steve_summer_seastar_ws/install/hamburger_helper:/opt/ros/humble /home/seastar/.local/bin/cmake --install /home/seastar/steve_summer_seastar_ws/build/sunspotter
