[0.042s] Invoking command in '/home/seastar/steve_summer_seastar_ws/build/seastar_interfaces': CMAKE_PREFIX_PATH=${CMAKE_PREFIX_PATH}:/home/seastar/steve_summer_seastar_ws/install/test_driver:/home/seastar/steve_summer_seastar_ws/install/test_cam:/home/seastar/steve_summer_seastar_ws/install/solar_ephemeris:/home/seastar/steve_summer_seastar_ws/install/pysp:/home/seastar/steve_summer_seastar_ws/install/imufaker:/home/seastar/steve_summer_seastar_ws/install/ik_tools:/home/seastar/steve_summer_seastar_ws/install/ik_solver:/home/seastar/steve_summer_seastar_ws/install/hamburger_helper:/opt/ros/humble /home/seastar/.local/bin/cmake --build /home/seastar/steve_summer_seastar_ws/build/seastar_interfaces -- -j4 -l4
[0.538s] [  1%] Built target seastar_interfaces__cpp
[0.539s] [  8%] Built target ament_cmake_python_symlink_seastar_interfaces
[0.539s] [ 12%] Built target seastar_interfaces__rosidl_generator_c
[0.539s] [ 23%] Built target seastar_interfaces__rosidl_typesupport_cpp
[0.540s] [ 35%] Built target seastar_interfaces__rosidl_typesupport_fastrtps_cpp
[0.540s] [ 46%] Built target seastar_interfaces__rosidl_typesupport_introspection_cpp
[0.540s] [ 57%] Built target seastar_interfaces__rosidl_typesupport_c
[0.540s] [ 69%] Built target seastar_interfaces__rosidl_typesupport_fastrtps_c
[0.541s] [ 80%] Built target seastar_interfaces__rosidl_typesupport_introspection_c
[0.541s] [ 80%] Built target seastar_interfaces
[0.541s] [ 81%] Built target seastar_interfaces__py
[0.541s] [ 91%] Built target seastar_interfaces__rosidl_generator_py
[0.541s] [ 94%] Built target seastar_interfaces__rosidl_typesupport_fastrtps_c__pyext
[0.541s] [ 97%] Built target seastar_interfaces__rosidl_typesupport_c__pyext
[0.541s] [100%] Built target seastar_interfaces__rosidl_typesupport_introspection_c__pyext
[0.559s] running egg_info
[0.560s] writing seastar_interfaces.egg-info/PKG-INFO
[0.560s] writing dependency_links to seastar_interfaces.egg-info/dependency_links.txt
[0.561s] writing top-level names to seastar_interfaces.egg-info/top_level.txt
[0.620s] listing git files failed - pretending there aren't any
[0.777s] reading manifest file 'seastar_interfaces.egg-info/SOURCES.txt'
[0.777s] writing manifest file 'seastar_interfaces.egg-info/SOURCES.txt'
[0.821s] [100%] Built target ament_cmake_python_build_seastar_interfaces_egg
[0.934s] Invoked command in '/home/seastar/steve_summer_seastar_ws/build/seastar_interfaces' returned '0': CMAKE_PREFIX_PATH=${CMAKE_PREFIX_PATH}:/home/seastar/steve_summer_seastar_ws/install/test_driver:/home/seastar/steve_summer_seastar_ws/install/test_cam:/home/seastar/steve_summer_seastar_ws/install/solar_ephemeris:/home/seastar/steve_summer_seastar_ws/install/pysp:/home/seastar/steve_summer_seastar_ws/install/imufaker:/home/seastar/steve_summer_seastar_ws/install/ik_tools:/home/seastar/steve_summer_seastar_ws/install/ik_solver:/home/seastar/steve_summer_seastar_ws/install/hamburger_helper:/opt/ros/humble /home/seastar/.local/bin/cmake --build /home/seastar/steve_summer_seastar_ws/build/seastar_interfaces -- -j4 -l4
[1.267s] Invoking command in '/home/seastar/steve_summer_seastar_ws/build/seastar_interfaces': CMAKE_PREFIX_PATH=${CMAKE_PREFIX_PATH}:/home/seastar/steve_summer_seastar_ws/install/test_driver:/home/seastar/steve_summer_seastar_ws/install/test_cam:/home/seastar/steve_summer_seastar_ws/install/solar_ephemeris:/home/seastar/steve_summer_seastar_ws/install/pysp:/home/seastar/steve_summer_seastar_ws/install/imufaker:/home/seastar/steve_summer_seastar_ws/install/ik_tools:/home/seastar/steve_summer_seastar_ws/install/ik_solver:/home/seastar/steve_summer_seastar_ws/install/hamburger_helper:/opt/ros/humble /home/seastar/.local/bin/cmake --install /home/seastar/steve_summer_seastar_ws/build/seastar_interfaces
[1.327s] -- Install configuration: ""
[1.330s] -- Execute custom install script
[1.330s] -- Up-to-date symlink: /home/seastar/steve_summer_seastar_ws/install/seastar_interfaces/share/ament_index/resource_index/rosidl_interfaces/seastar_interfaces
[1.331s] -- Up-to-date symlink: /home/seastar/steve_summer_seastar_ws/install/seastar_interfaces/include/seastar_interfaces/seastar_interfaces/msg/desired_pointing.h
[1.332s] -- Up-to-date symlink: /home/seastar/steve_summer_seastar_ws/install/seastar_interfaces/include/seastar_interfaces/seastar_interfaces/msg/detail/desired_pointing__functions.h
[1.332s] -- Up-to-date symlink: /home/seastar/steve_summer_seastar_ws/install/seastar_interfaces/include/seastar_interfaces/seastar_interfaces/msg/detail/desired_pointing__struct.h
[1.332s] -- Up-to-date symlink: /home/seastar/steve_summer_seastar_ws/install/seastar_interfaces/include/seastar_interfaces/seastar_interfaces/msg/detail/desired_pointing__type_support.h
[1.332s] -- Up-to-date symlink: /home/seastar/steve_summer_seastar_ws/install/seastar_interfaces/include/seastar_interfaces/seastar_interfaces/msg/detail/motor_command__functions.h
[1.332s] -- Up-to-date symlink: /home/seastar/steve_summer_seastar_ws/install/seastar_interfaces/include/seastar_interfaces/seastar_interfaces/msg/detail/motor_command__struct.h
[1.332s] -- Up-to-date symlink: /home/seastar/steve_summer_seastar_ws/install/seastar_interfaces/include/seastar_interfaces/seastar_interfaces/msg/detail/motor_command__type_support.h
[1.333s] -- Up-to-date symlink: /home/seastar/steve_summer_seastar_ws/install/seastar_interfaces/include/seastar_interfaces/seastar_interfaces/msg/detail/sky_ephemeris__functions.h
[1.333s] -- Up-to-date symlink: /home/seastar/steve_summer_seastar_ws/install/seastar_interfaces/include/seastar_interfaces/seastar_interfaces/msg/detail/sky_ephemeris__struct.h
[1.333s] -- Up-to-date symlink: /home/seastar/steve_summer_seastar_ws/install/seastar_interfaces/include/seastar_interfaces/seastar_interfaces/msg/detail/sky_ephemeris__type_support.h
[1.333s] -- Up-to-date symlink: /home/seastar/steve_summer_seastar_ws/install/seastar_interfaces/include/seastar_interfaces/seastar_interfaces/msg/detail/sky_scan_offset_angles__functions.h
[1.334s] -- Up-to-date symlink: /home/seastar/steve_summer_seastar_ws/install/seastar_interfaces/include/seastar_interfaces/seastar_interfaces/msg/detail/sky_scan_offset_angles__struct.h
[1.334s] -- Up-to-date symlink: /home/seastar/steve_summer_seastar_ws/install/seastar_interfaces/include/seastar_interfaces/seastar_interfaces/msg/detail/sky_scan_offset_angles__type_support.h
[1.334s] -- Up-to-date symlink: /home/seastar/steve_summer_seastar_ws/install/seastar_interfaces/include/seastar_interfaces/seastar_interfaces/msg/detail/sky_scan_pointing_angles__functions.h
[1.334s] -- Up-to-date symlink: /home/seastar/steve_summer_seastar_ws/install/seastar_interfaces/include/seastar_interfaces/seastar_interfaces/msg/detail/sky_scan_pointing_angles__struct.h
[1.335s] -- Up-to-date symlink: /home/seastar/steve_summer_seastar_ws/install/seastar_interfaces/include/seastar_interfaces/seastar_interfaces/msg/detail/sky_scan_pointing_angles__type_support.h
[1.335s] -- Up-to-date symlink: /home/seastar/steve_summer_seastar_ws/install/seastar_interfaces/include/seastar_interfaces/seastar_interfaces/msg/motor_command.h
[1.335s] -- Up-to-date symlink: /home/seastar/steve_summer_seastar_ws/install/seastar_interfaces/include/seastar_interfaces/seastar_interfaces/msg/rosidl_generator_c__visibility_control.h
[1.335s] -- Up-to-date symlink: /home/seastar/steve_summer_seastar_ws/install/seastar_interfaces/include/seastar_interfaces/seastar_interfaces/msg/sky_ephemeris.h
[1.335s] -- Up-to-date symlink: /home/seastar/steve_summer_seastar_ws/install/seastar_interfaces/include/seastar_interfaces/seastar_interfaces/msg/sky_scan_offset_angles.h
[1.336s] -- Up-to-date symlink: /home/seastar/steve_summer_seastar_ws/install/seastar_interfaces/include/seastar_interfaces/seastar_interfaces/msg/sky_scan_pointing_angles.h
[1.336s] -- Up-to-date symlink: /home/seastar/steve_summer_seastar_ws/install/seastar_interfaces/include/seastar_interfaces/seastar_interfaces/srv/detail/point_motors__functions.h
[1.336s] -- Up-to-date symlink: /home/seastar/steve_summer_seastar_ws/install/seastar_interfaces/include/seastar_interfaces/seastar_interfaces/srv/detail/point_motors__struct.h
[1.336s] -- Up-to-date symlink: /home/seastar/steve_summer_seastar_ws/install/seastar_interfaces/include/seastar_interfaces/seastar_interfaces/srv/detail/point_motors__type_support.h
[1.336s] -- Up-to-date symlink: /home/seastar/steve_summer_seastar_ws/install/seastar_interfaces/include/seastar_interfaces/seastar_interfaces/srv/point_motors.h
[1.337s] -- Up-to-date symlink: /home/seastar/steve_summer_seastar_ws/install/seastar_interfaces/share/seastar_interfaces/environment/library_path.sh
[1.337s] -- Up-to-date symlink: /home/seastar/steve_summer_seastar_ws/install/seastar_interfaces/share/seastar_interfaces/environment/library_path.dsv
[1.338s] -- Up-to-date symlink: /home/seastar/steve_summer_seastar_ws/install/seastar_interfaces/include/seastar_interfaces/seastar_interfaces/msg/detail/desired_pointing__rosidl_typesupport_fastrtps_c.h
[1.339s] -- Up-to-date symlink: /home/seastar/steve_summer_seastar_ws/install/seastar_interfaces/include/seastar_interfaces/seastar_interfaces/msg/detail/motor_command__rosidl_typesupport_fastrtps_c.h
[1.339s] -- Up-to-date symlink: /home/seastar/steve_summer_seastar_ws/install/seastar_interfaces/include/seastar_interfaces/seastar_interfaces/msg/detail/sky_ephemeris__rosidl_typesupport_fastrtps_c.h
[1.339s] -- Up-to-date symlink: /home/seastar/steve_summer_seastar_ws/install/seastar_interfaces/include/seastar_interfaces/seastar_interfaces/msg/detail/sky_scan_offset_angles__rosidl_typesupport_fastrtps_c.h
[1.339s] -- Up-to-date symlink: /home/seastar/steve_summer_seastar_ws/install/seastar_interfaces/include/seastar_interfaces/seastar_interfaces/msg/detail/sky_scan_pointing_angles__rosidl_typesupport_fastrtps_c.h
[1.339s] -- Up-to-date symlink: /home/seastar/steve_summer_seastar_ws/install/seastar_interfaces/include/seastar_interfaces/seastar_interfaces/msg/rosidl_typesupport_fastrtps_c__visibility_control.h
[1.340s] -- Up-to-date symlink: /home/seastar/steve_summer_seastar_ws/install/seastar_interfaces/include/seastar_interfaces/seastar_interfaces/srv/detail/point_motors__rosidl_typesupport_fastrtps_c.h
[1.340s] -- Up-to-date symlink: /home/seastar/steve_summer_seastar_ws/install/seastar_interfaces/include/seastar_interfaces/seastar_interfaces/msg/detail/desired_pointing__rosidl_typesupport_introspection_c.h
[1.341s] -- Up-to-date symlink: /home/seastar/steve_summer_seastar_ws/install/seastar_interfaces/include/seastar_interfaces/seastar_interfaces/msg/detail/motor_command__rosidl_typesupport_introspection_c.h
[1.341s] -- Up-to-date symlink: /home/seastar/steve_summer_seastar_ws/install/seastar_interfaces/include/seastar_interfaces/seastar_interfaces/msg/detail/sky_ephemeris__rosidl_typesupport_introspection_c.h
[1.341s] -- Up-to-date symlink: /home/seastar/steve_summer_seastar_ws/install/seastar_interfaces/include/seastar_interfaces/seastar_interfaces/msg/detail/sky_scan_offset_angles__rosidl_typesupport_introspection_c.h
[1.341s] -- Up-to-date symlink: /home/seastar/steve_summer_seastar_ws/install/seastar_interfaces/include/seastar_interfaces/seastar_interfaces/msg/detail/sky_scan_pointing_angles__rosidl_typesupport_introspection_c.h
[1.341s] -- Up-to-date symlink: /home/seastar/steve_summer_seastar_ws/install/seastar_interfaces/include/seastar_interfaces/seastar_interfaces/msg/rosidl_typesupport_introspection_c__visibility_control.h
[1.342s] -- Up-to-date symlink: /home/seastar/steve_summer_seastar_ws/install/seastar_interfaces/include/seastar_interfaces/seastar_interfaces/srv/detail/point_motors__rosidl_typesupport_introspection_c.h
[1.342s] -- Up-to-date symlink: /home/seastar/steve_summer_seastar_ws/install/seastar_interfaces/include/seastar_interfaces/seastar_interfaces/msg/desired_pointing.hpp
[1.343s] -- Up-to-date symlink: /home/seastar/steve_summer_seastar_ws/install/seastar_interfaces/include/seastar_interfaces/seastar_interfaces/msg/detail/desired_pointing__builder.hpp
[1.343s] -- Up-to-date symlink: /home/seastar/steve_summer_seastar_ws/install/seastar_interfaces/include/seastar_interfaces/seastar_interfaces/msg/detail/desired_pointing__struct.hpp
[1.343s] -- Up-to-date symlink: /home/seastar/steve_summer_seastar_ws/install/seastar_interfaces/include/seastar_interfaces/seastar_interfaces/msg/detail/desired_pointing__traits.hpp
[1.343s] -- Up-to-date symlink: /home/seastar/steve_summer_seastar_ws/install/seastar_interfaces/include/seastar_interfaces/seastar_interfaces/msg/detail/motor_command__builder.hpp
[1.344s] -- Up-to-date symlink: /home/seastar/steve_summer_seastar_ws/install/seastar_interfaces/include/seastar_interfaces/seastar_interfaces/msg/detail/motor_command__struct.hpp
[1.344s] -- Up-to-date symlink: /home/seastar/steve_summer_seastar_ws/install/seastar_interfaces/include/seastar_interfaces/seastar_interfaces/msg/detail/motor_command__traits.hpp
[1.344s] -- Up-to-date symlink: /home/seastar/steve_summer_seastar_ws/install/seastar_interfaces/include/seastar_interfaces/seastar_interfaces/msg/detail/sky_ephemeris__builder.hpp
[1.344s] -- Up-to-date symlink: /home/seastar/steve_summer_seastar_ws/install/seastar_interfaces/include/seastar_interfaces/seastar_interfaces/msg/detail/sky_ephemeris__struct.hpp
[1.344s] -- Up-to-date symlink: /home/seastar/steve_summer_seastar_ws/install/seastar_interfaces/include/seastar_interfaces/seastar_interfaces/msg/detail/sky_ephemeris__traits.hpp
[1.345s] -- Up-to-date symlink: /home/seastar/steve_summer_seastar_ws/install/seastar_interfaces/include/seastar_interfaces/seastar_interfaces/msg/detail/sky_scan_offset_angles__builder.hpp
[1.345s] -- Up-to-date symlink: /home/seastar/steve_summer_seastar_ws/install/seastar_interfaces/include/seastar_interfaces/seastar_interfaces/msg/detail/sky_scan_offset_angles__struct.hpp
[1.345s] -- Up-to-date symlink: /home/seastar/steve_summer_seastar_ws/install/seastar_interfaces/include/seastar_interfaces/seastar_interfaces/msg/detail/sky_scan_offset_angles__traits.hpp
[1.345s] -- Up-to-date symlink: /home/seastar/steve_summer_seastar_ws/install/seastar_interfaces/include/seastar_interfaces/seastar_interfaces/msg/detail/sky_scan_pointing_angles__builder.hpp
[1.345s] -- Up-to-date symlink: /home/seastar/steve_summer_seastar_ws/install/seastar_interfaces/include/seastar_interfaces/seastar_interfaces/msg/detail/sky_scan_pointing_angles__struct.hpp
[1.346s] -- Up-to-date symlink: /home/seastar/steve_summer_seastar_ws/install/seastar_interfaces/include/seastar_interfaces/seastar_interfaces/msg/detail/sky_scan_pointing_angles__traits.hpp
[1.346s] -- Up-to-date symlink: /home/seastar/steve_summer_seastar_ws/install/seastar_interfaces/include/seastar_interfaces/seastar_interfaces/msg/motor_command.hpp
[1.346s] -- Up-to-date symlink: /home/seastar/steve_summer_seastar_ws/install/seastar_interfaces/include/seastar_interfaces/seastar_interfaces/msg/sky_ephemeris.hpp
[1.347s] -- Up-to-date symlink: /home/seastar/steve_summer_seastar_ws/install/seastar_interfaces/include/seastar_interfaces/seastar_interfaces/msg/sky_scan_offset_angles.hpp
[1.347s] -- Up-to-date symlink: /home/seastar/steve_summer_seastar_ws/install/seastar_interfaces/include/seastar_interfaces/seastar_interfaces/msg/sky_scan_pointing_angles.hpp
[1.347s] -- Up-to-date symlink: /home/seastar/steve_summer_seastar_ws/install/seastar_interfaces/include/seastar_interfaces/seastar_interfaces/srv/detail/point_motors__builder.hpp
[1.347s] -- Up-to-date symlink: /home/seastar/steve_summer_seastar_ws/install/seastar_interfaces/include/seastar_interfaces/seastar_interfaces/srv/detail/point_motors__struct.hpp
[1.347s] -- Up-to-date symlink: /home/seastar/steve_summer_seastar_ws/install/seastar_interfaces/include/seastar_interfaces/seastar_interfaces/srv/detail/point_motors__traits.hpp
[1.347s] -- Up-to-date symlink: /home/seastar/steve_summer_seastar_ws/install/seastar_interfaces/include/seastar_interfaces/seastar_interfaces/srv/point_motors.hpp
[1.349s] -- Up-to-date symlink: /home/seastar/steve_summer_seastar_ws/install/seastar_interfaces/include/seastar_interfaces/seastar_interfaces/msg/detail/desired_pointing__rosidl_typesupport_fastrtps_cpp.hpp
[1.349s] -- Up-to-date symlink: /home/seastar/steve_summer_seastar_ws/install/seastar_interfaces/include/seastar_interfaces/seastar_interfaces/msg/detail/motor_command__rosidl_typesupport_fastrtps_cpp.hpp
[1.349s] -- Up-to-date symlink: /home/seastar/steve_summer_seastar_ws/install/seastar_interfaces/include/seastar_interfaces/seastar_interfaces/msg/detail/sky_ephemeris__rosidl_typesupport_fastrtps_cpp.hpp
[1.349s] -- Up-to-date symlink: /home/seastar/steve_summer_seastar_ws/install/seastar_interfaces/include/seastar_interfaces/seastar_interfaces/msg/detail/sky_scan_offset_angles__rosidl_typesupport_fastrtps_cpp.hpp
[1.350s] -- Up-to-date symlink: /home/seastar/steve_summer_seastar_ws/install/seastar_interfaces/include/seastar_interfaces/seastar_interfaces/msg/detail/sky_scan_pointing_angles__rosidl_typesupport_fastrtps_cpp.hpp
[1.350s] -- Up-to-date symlink: /home/seastar/steve_summer_seastar_ws/install/seastar_interfaces/include/seastar_interfaces/seastar_interfaces/msg/rosidl_typesupport_fastrtps_cpp__visibility_control.h
[1.350s] -- Up-to-date symlink: /home/seastar/steve_summer_seastar_ws/install/seastar_interfaces/include/seastar_interfaces/seastar_interfaces/srv/detail/point_motors__rosidl_typesupport_fastrtps_cpp.hpp
[1.351s] -- Up-to-date symlink: /home/seastar/steve_summer_seastar_ws/install/seastar_interfaces/include/seastar_interfaces/seastar_interfaces/msg/detail/desired_pointing__rosidl_typesupport_introspection_cpp.hpp
[1.351s] -- Up-to-date symlink: /home/seastar/steve_summer_seastar_ws/install/seastar_interfaces/include/seastar_interfaces/seastar_interfaces/msg/detail/motor_command__rosidl_typesupport_introspection_cpp.hpp
[1.351s] -- Up-to-date symlink: /home/seastar/steve_summer_seastar_ws/install/seastar_interfaces/include/seastar_interfaces/seastar_interfaces/msg/detail/sky_ephemeris__rosidl_typesupport_introspection_cpp.hpp
[1.357s] -- Up-to-date symlink: /home/seastar/steve_summer_seastar_ws/install/seastar_interfaces/include/seastar_interfaces/seastar_interfaces/msg/detail/sky_scan_offset_angles__rosidl_typesupport_introspection_cpp.hpp
[1.357s] -- Up-to-date symlink: /home/seastar/steve_summer_seastar_ws/install/seastar_interfaces/include/seastar_interfaces/seastar_interfaces/msg/detail/sky_scan_pointing_angles__rosidl_typesupport_introspection_cpp.hpp
[1.357s] -- Up-to-date symlink: /home/seastar/steve_summer_seastar_ws/install/seastar_interfaces/include/seastar_interfaces/seastar_interfaces/srv/detail/point_motors__rosidl_typesupport_introspection_cpp.hpp
[1.358s] -- Up-to-date symlink: /home/seastar/steve_summer_seastar_ws/install/seastar_interfaces/share/seastar_interfaces/environment/pythonpath.sh
[1.358s] -- Up-to-date symlink: /home/seastar/steve_summer_seastar_ws/install/seastar_interfaces/share/seastar_interfaces/environment/pythonpath.dsv
[1.358s] -- Up-to-date symlink: /home/seastar/steve_summer_seastar_ws/install/seastar_interfaces/local/lib/python3.10/dist-packages/seastar_interfaces-0.0.0-py3.10.egg-info/PKG-INFO
[1.358s] -- Up-to-date symlink: /home/seastar/steve_summer_seastar_ws/install/seastar_interfaces/local/lib/python3.10/dist-packages/seastar_interfaces-0.0.0-py3.10.egg-info/SOURCES.txt
[1.358s] -- Up-to-date symlink: /home/seastar/steve_summer_seastar_ws/install/seastar_interfaces/local/lib/python3.10/dist-packages/seastar_interfaces-0.0.0-py3.10.egg-info/dependency_links.txt
[1.358s] -- Up-to-date symlink: /home/seastar/steve_summer_seastar_ws/install/seastar_interfaces/local/lib/python3.10/dist-packages/seastar_interfaces-0.0.0-py3.10.egg-info/top_level.txt
[1.359s] -- Up-to-date symlink: /home/seastar/steve_summer_seastar_ws/install/seastar_interfaces/local/lib/python3.10/dist-packages/seastar_interfaces/__init__.py
[1.359s] -- Up-to-date symlink: /home/seastar/steve_summer_seastar_ws/install/seastar_interfaces/local/lib/python3.10/dist-packages/seastar_interfaces/_seastar_interfaces_s.ep.rosidl_typesupport_c.c
[1.359s] -- Up-to-date symlink: /home/seastar/steve_summer_seastar_ws/install/seastar_interfaces/local/lib/python3.10/dist-packages/seastar_interfaces/_seastar_interfaces_s.ep.rosidl_typesupport_fastrtps_c.c
[1.359s] -- Up-to-date symlink: /home/seastar/steve_summer_seastar_ws/install/seastar_interfaces/local/lib/python3.10/dist-packages/seastar_interfaces/_seastar_interfaces_s.ep.rosidl_typesupport_introspection_c.c
[1.359s] -- Up-to-date symlink: /home/seastar/steve_summer_seastar_ws/install/seastar_interfaces/local/lib/python3.10/dist-packages/seastar_interfaces/libseastar_interfaces__rosidl_generator_py.so
[1.359s] -- Up-to-date symlink: /home/seastar/steve_summer_seastar_ws/install/seastar_interfaces/local/lib/python3.10/dist-packages/seastar_interfaces/msg/__init__.py
[1.359s] -- Up-to-date symlink: /home/seastar/steve_summer_seastar_ws/install/seastar_interfaces/local/lib/python3.10/dist-packages/seastar_interfaces/msg/_desired_pointing.py
[1.359s] -- Up-to-date symlink: /home/seastar/steve_summer_seastar_ws/install/seastar_interfaces/local/lib/python3.10/dist-packages/seastar_interfaces/msg/_desired_pointing_s.c
[1.360s] -- Up-to-date symlink: /home/seastar/steve_summer_seastar_ws/install/seastar_interfaces/local/lib/python3.10/dist-packages/seastar_interfaces/msg/_motor_command.py
[1.360s] -- Up-to-date symlink: /home/seastar/steve_summer_seastar_ws/install/seastar_interfaces/local/lib/python3.10/dist-packages/seastar_interfaces/msg/_motor_command_s.c
[1.360s] -- Up-to-date symlink: /home/seastar/steve_summer_seastar_ws/install/seastar_interfaces/local/lib/python3.10/dist-packages/seastar_interfaces/msg/_sky_ephemeris.py
[1.360s] -- Up-to-date symlink: /home/seastar/steve_summer_seastar_ws/install/seastar_interfaces/local/lib/python3.10/dist-packages/seastar_interfaces/msg/_sky_ephemeris_s.c
[1.360s] -- Up-to-date symlink: /home/seastar/steve_summer_seastar_ws/install/seastar_interfaces/local/lib/python3.10/dist-packages/seastar_interfaces/msg/_sky_scan_offset_angles.py
[1.360s] -- Up-to-date symlink: /home/seastar/steve_summer_seastar_ws/install/seastar_interfaces/local/lib/python3.10/dist-packages/seastar_interfaces/msg/_sky_scan_offset_angles_s.c
[1.360s] -- Up-to-date symlink: /home/seastar/steve_summer_seastar_ws/install/seastar_interfaces/local/lib/python3.10/dist-packages/seastar_interfaces/msg/_sky_scan_pointing_angles.py
[1.371s] -- Up-to-date symlink: /home/seastar/steve_summer_seastar_ws/install/seastar_interfaces/local/lib/python3.10/dist-packages/seastar_interfaces/msg/_sky_scan_pointing_angles_s.c
[1.372s] -- Up-to-date symlink: /home/seastar/steve_summer_seastar_ws/install/seastar_interfaces/local/lib/python3.10/dist-packages/seastar_interfaces/seastar_interfaces_s__rosidl_typesupport_c.cpython-310-x86_64-linux-gnu.so
[1.372s] -- Up-to-date symlink: /home/seastar/steve_summer_seastar_ws/install/seastar_interfaces/local/lib/python3.10/dist-packages/seastar_interfaces/seastar_interfaces_s__rosidl_typesupport_fastrtps_c.cpython-310-x86_64-linux-gnu.so
[1.372s] -- Up-to-date symlink: /home/seastar/steve_summer_seastar_ws/install/seastar_interfaces/local/lib/python3.10/dist-packages/seastar_interfaces/seastar_interfaces_s__rosidl_typesupport_introspection_c.cpython-310-x86_64-linux-gnu.so
[1.372s] -- Up-to-date symlink: /home/seastar/steve_summer_seastar_ws/install/seastar_interfaces/local/lib/python3.10/dist-packages/seastar_interfaces/srv/__init__.py
[1.372s] -- Up-to-date symlink: /home/seastar/steve_summer_seastar_ws/install/seastar_interfaces/local/lib/python3.10/dist-packages/seastar_interfaces/srv/_point_motors.py
[1.372s] -- Up-to-date symlink: /home/seastar/steve_summer_seastar_ws/install/seastar_interfaces/local/lib/python3.10/dist-packages/seastar_interfaces/srv/_point_motors_s.c
[1.372s] -- Up-to-date symlink: /home/seastar/steve_summer_seastar_ws/install/seastar_interfaces/local/lib/python3.10/dist-packages/seastar_interfaces/seastar_interfaces_s__rosidl_typesupport_fastrtps_c.cpython-310-x86_64-linux-gnu.so
[1.373s] -- Up-to-date symlink: /home/seastar/steve_summer_seastar_ws/install/seastar_interfaces/local/lib/python3.10/dist-packages/seastar_interfaces/seastar_interfaces_s__rosidl_typesupport_introspection_c.cpython-310-x86_64-linux-gnu.so
[1.373s] -- Up-to-date symlink: /home/seastar/steve_summer_seastar_ws/install/seastar_interfaces/local/lib/python3.10/dist-packages/seastar_interfaces/seastar_interfaces_s__rosidl_typesupport_c.cpython-310-x86_64-linux-gnu.so
[1.373s] -- Up-to-date symlink: /home/seastar/steve_summer_seastar_ws/install/seastar_interfaces/share/seastar_interfaces/msg/SkyEphemeris.idl
[1.373s] -- Up-to-date symlink: /home/seastar/steve_summer_seastar_ws/install/seastar_interfaces/share/seastar_interfaces/msg/SkyScanOffsetAngles.idl
[1.373s] -- Up-to-date symlink: /home/seastar/steve_summer_seastar_ws/install/seastar_interfaces/share/seastar_interfaces/msg/SkyScanPointingAngles.idl
[1.373s] -- Up-to-date symlink: /home/seastar/steve_summer_seastar_ws/install/seastar_interfaces/share/seastar_interfaces/msg/DesiredPointing.idl
[1.374s] -- Up-to-date symlink: /home/seastar/steve_summer_seastar_ws/install/seastar_interfaces/share/seastar_interfaces/msg/MotorCommand.idl
[1.374s] -- Up-to-date symlink: /home/seastar/steve_summer_seastar_ws/install/seastar_interfaces/share/seastar_interfaces/srv/PointMotors.idl
[1.374s] -- Up-to-date symlink: /home/seastar/steve_summer_seastar_ws/install/seastar_interfaces/share/seastar_interfaces/msg/SkyEphemeris.msg
[1.375s] -- Up-to-date symlink: /home/seastar/steve_summer_seastar_ws/install/seastar_interfaces/share/seastar_interfaces/msg/SkyScanOffsetAngles.msg
[1.375s] -- Up-to-date symlink: /home/seastar/steve_summer_seastar_ws/install/seastar_interfaces/share/seastar_interfaces/msg/SkyScanPointingAngles.msg
[1.375s] -- Up-to-date symlink: /home/seastar/steve_summer_seastar_ws/install/seastar_interfaces/share/seastar_interfaces/msg/DesiredPointing.msg
[1.376s] -- Up-to-date symlink: /home/seastar/steve_summer_seastar_ws/install/seastar_interfaces/share/seastar_interfaces/msg/MotorCommand.msg
[1.376s] -- Up-to-date symlink: /home/seastar/steve_summer_seastar_ws/install/seastar_interfaces/share/seastar_interfaces/srv/PointMotors.srv
[1.377s] -- Up-to-date symlink: /home/seastar/steve_summer_seastar_ws/install/seastar_interfaces/share/seastar_interfaces/srv/PointMotors_Request.msg
[1.377s] -- Up-to-date symlink: /home/seastar/steve_summer_seastar_ws/install/seastar_interfaces/share/seastar_interfaces/srv/PointMotors_Response.msg
[1.377s] -- Up-to-date symlink: /home/seastar/steve_summer_seastar_ws/install/seastar_interfaces/share/ament_index/resource_index/package_run_dependencies/seastar_interfaces
[1.377s] -- Up-to-date symlink: /home/seastar/steve_summer_seastar_ws/install/seastar_interfaces/share/ament_index/resource_index/parent_prefix_path/seastar_interfaces
[1.377s] -- Up-to-date symlink: /home/seastar/steve_summer_seastar_ws/install/seastar_interfaces/share/seastar_interfaces/environment/ament_prefix_path.sh
[1.378s] -- Up-to-date symlink: /home/seastar/steve_summer_seastar_ws/install/seastar_interfaces/share/seastar_interfaces/environment/ament_prefix_path.dsv
[1.390s] -- Up-to-date symlink: /home/seastar/steve_summer_seastar_ws/install/seastar_interfaces/share/seastar_interfaces/environment/path.sh
[1.390s] -- Up-to-date symlink: /home/seastar/steve_summer_seastar_ws/install/seastar_interfaces/share/seastar_interfaces/environment/path.dsv
[1.390s] -- Up-to-date symlink: /home/seastar/steve_summer_seastar_ws/install/seastar_interfaces/share/seastar_interfaces/local_setup.bash
[1.390s] -- Up-to-date symlink: /home/seastar/steve_summer_seastar_ws/install/seastar_interfaces/share/seastar_interfaces/local_setup.sh
[1.390s] -- Up-to-date symlink: /home/seastar/steve_summer_seastar_ws/install/seastar_interfaces/share/seastar_interfaces/local_setup.zsh
[1.390s] -- Up-to-date symlink: /home/seastar/steve_summer_seastar_ws/install/seastar_interfaces/share/seastar_interfaces/local_setup.dsv
[1.391s] -- Symlinking: /home/seastar/steve_summer_seastar_ws/install/seastar_interfaces/share/seastar_interfaces/package.dsv
[1.391s] -- Up-to-date symlink: /home/seastar/steve_summer_seastar_ws/install/seastar_interfaces/share/ament_index/resource_index/packages/seastar_interfaces
[1.391s] -- Up-to-date symlink: /home/seastar/steve_summer_seastar_ws/install/seastar_interfaces/share/seastar_interfaces/cmake/rosidl_cmake-extras.cmake
[1.391s] -- Up-to-date symlink: /home/seastar/steve_summer_seastar_ws/install/seastar_interfaces/share/seastar_interfaces/cmake/ament_cmake_export_include_directories-extras.cmake
[1.391s] -- Up-to-date symlink: /home/seastar/steve_summer_seastar_ws/install/seastar_interfaces/share/seastar_interfaces/cmake/ament_cmake_export_libraries-extras.cmake
[1.391s] -- Up-to-date symlink: /home/seastar/steve_summer_seastar_ws/install/seastar_interfaces/share/seastar_interfaces/cmake/ament_cmake_export_targets-extras.cmake
[1.391s] -- Up-to-date symlink: /home/seastar/steve_summer_seastar_ws/install/seastar_interfaces/share/seastar_interfaces/cmake/rosidl_cmake_export_typesupport_targets-extras.cmake
[1.391s] -- Up-to-date symlink: /home/seastar/steve_summer_seastar_ws/install/seastar_interfaces/share/seastar_interfaces/cmake/ament_cmake_export_dependencies-extras.cmake
[1.391s] -- Up-to-date symlink: /home/seastar/steve_summer_seastar_ws/install/seastar_interfaces/share/seastar_interfaces/cmake/rosidl_cmake_export_typesupport_libraries-extras.cmake
[1.392s] -- Up-to-date symlink: /home/seastar/steve_summer_seastar_ws/install/seastar_interfaces/share/seastar_interfaces/cmake/seastar_interfacesConfig.cmake
[1.392s] -- Up-to-date symlink: /home/seastar/steve_summer_seastar_ws/install/seastar_interfaces/share/seastar_interfaces/cmake/seastar_interfacesConfig-version.cmake
[1.392s] -- Up-to-date symlink: /home/seastar/steve_summer_seastar_ws/install/seastar_interfaces/share/seastar_interfaces/package.xml
[1.392s] -- Up-to-date: /home/seastar/steve_summer_seastar_ws/install/seastar_interfaces/lib/libseastar_interfaces__rosidl_generator_c.so
[1.392s] -- Up-to-date: /home/seastar/steve_summer_seastar_ws/install/seastar_interfaces/lib/libseastar_interfaces__rosidl_typesupport_fastrtps_c.so
[1.392s] -- Up-to-date: /home/seastar/steve_summer_seastar_ws/install/seastar_interfaces/lib/libseastar_interfaces__rosidl_typesupport_introspection_c.so
[1.392s] -- Up-to-date: /home/seastar/steve_summer_seastar_ws/install/seastar_interfaces/lib/libseastar_interfaces__rosidl_typesupport_c.so
[1.392s] -- Up-to-date: /home/seastar/steve_summer_seastar_ws/install/seastar_interfaces/lib/libseastar_interfaces__rosidl_typesupport_fastrtps_cpp.so
[1.393s] -- Up-to-date: /home/seastar/steve_summer_seastar_ws/install/seastar_interfaces/lib/libseastar_interfaces__rosidl_typesupport_introspection_cpp.so
[1.393s] -- Up-to-date: /home/seastar/steve_summer_seastar_ws/install/seastar_interfaces/lib/libseastar_interfaces__rosidl_typesupport_cpp.so
[1.447s] Listing '/home/seastar/steve_summer_seastar_ws/install/seastar_interfaces/local/lib/python3.10/dist-packages/seastar_interfaces'...
[1.448s] Listing '/home/seastar/steve_summer_seastar_ws/install/seastar_interfaces/local/lib/python3.10/dist-packages/seastar_interfaces/msg'...
[1.448s] Listing '/home/seastar/steve_summer_seastar_ws/install/seastar_interfaces/local/lib/python3.10/dist-packages/seastar_interfaces/srv'...
[1.457s] -- Up-to-date: /home/seastar/steve_summer_seastar_ws/install/seastar_interfaces/lib/libseastar_interfaces__rosidl_generator_py.so
[1.457s] -- Up-to-date: /home/seastar/steve_summer_seastar_ws/install/seastar_interfaces/share/seastar_interfaces/cmake/export_seastar_interfaces__rosidl_generator_cExport.cmake
[1.457s] -- Up-to-date: /home/seastar/steve_summer_seastar_ws/install/seastar_interfaces/share/seastar_interfaces/cmake/export_seastar_interfaces__rosidl_generator_cExport-noconfig.cmake
[1.457s] -- Up-to-date: /home/seastar/steve_summer_seastar_ws/install/seastar_interfaces/share/seastar_interfaces/cmake/export_seastar_interfaces__rosidl_typesupport_fastrtps_cExport.cmake
[1.458s] -- Up-to-date: /home/seastar/steve_summer_seastar_ws/install/seastar_interfaces/share/seastar_interfaces/cmake/export_seastar_interfaces__rosidl_typesupport_fastrtps_cExport-noconfig.cmake
[1.458s] -- Up-to-date: /home/seastar/steve_summer_seastar_ws/install/seastar_interfaces/share/seastar_interfaces/cmake/seastar_interfaces__rosidl_typesupport_introspection_cExport.cmake
[1.458s] -- Up-to-date: /home/seastar/steve_summer_seastar_ws/install/seastar_interfaces/share/seastar_interfaces/cmake/seastar_interfaces__rosidl_typesupport_introspection_cExport-noconfig.cmake
[1.458s] -- Up-to-date: /home/seastar/steve_summer_seastar_ws/install/seastar_interfaces/share/seastar_interfaces/cmake/seastar_interfaces__rosidl_typesupport_cExport.cmake
[1.458s] -- Up-to-date: /home/seastar/steve_summer_seastar_ws/install/seastar_interfaces/share/seastar_interfaces/cmake/seastar_interfaces__rosidl_typesupport_cExport-noconfig.cmake
[1.458s] -- Up-to-date: /home/seastar/steve_summer_seastar_ws/install/seastar_interfaces/share/seastar_interfaces/cmake/export_seastar_interfaces__rosidl_generator_cppExport.cmake
[1.458s] -- Up-to-date: /home/seastar/steve_summer_seastar_ws/install/seastar_interfaces/share/seastar_interfaces/cmake/export_seastar_interfaces__rosidl_typesupport_fastrtps_cppExport.cmake
[1.459s] -- Up-to-date: /home/seastar/steve_summer_seastar_ws/install/seastar_interfaces/share/seastar_interfaces/cmake/export_seastar_interfaces__rosidl_typesupport_fastrtps_cppExport-noconfig.cmake
[1.459s] -- Up-to-date: /home/seastar/steve_summer_seastar_ws/install/seastar_interfaces/share/seastar_interfaces/cmake/seastar_interfaces__rosidl_typesupport_introspection_cppExport.cmake
[1.459s] -- Up-to-date: /home/seastar/steve_summer_seastar_ws/install/seastar_interfaces/share/seastar_interfaces/cmake/seastar_interfaces__rosidl_typesupport_introspection_cppExport-noconfig.cmake
[1.459s] -- Up-to-date: /home/seastar/steve_summer_seastar_ws/install/seastar_interfaces/share/seastar_interfaces/cmake/seastar_interfaces__rosidl_typesupport_cppExport.cmake
[1.459s] -- Up-to-date: /home/seastar/steve_summer_seastar_ws/install/seastar_interfaces/share/seastar_interfaces/cmake/seastar_interfaces__rosidl_typesupport_cppExport-noconfig.cmake
[1.459s] -- Up-to-date: /home/seastar/steve_summer_seastar_ws/install/seastar_interfaces/share/seastar_interfaces/cmake/export_seastar_interfaces__rosidl_generator_pyExport.cmake
[1.459s] -- Up-to-date: /home/seastar/steve_summer_seastar_ws/install/seastar_interfaces/share/seastar_interfaces/cmake/export_seastar_interfaces__rosidl_generator_pyExport-noconfig.cmake
[1.859s] Invoked command in '/home/seastar/steve_summer_seastar_ws/build/seastar_interfaces' returned '0': CMAKE_PREFIX_PATH=${CMAKE_PREFIX_PATH}:/home/seastar/steve_summer_seastar_ws/install/test_driver:/home/seastar/steve_summer_seastar_ws/install/test_cam:/home/seastar/steve_summer_seastar_ws/install/solar_ephemeris:/home/seastar/steve_summer_seastar_ws/install/pysp:/home/seastar/steve_summer_seastar_ws/install/imufaker:/home/seastar/steve_summer_seastar_ws/install/ik_tools:/home/seastar/steve_summer_seastar_ws/install/ik_solver:/home/seastar/steve_summer_seastar_ws/install/hamburger_helper:/opt/ros/humble /home/seastar/.local/bin/cmake --install /home/seastar/steve_summer_seastar_ws/build/seastar_interfaces
