[2.198s] Invoking command in '/home/seastar/steve_summer_seastar_ws/build/ik_solver': PYTHONPATH=/home/seastar/steve_summer_seastar_ws/build/ik_solver/prefix_override:/home/seastar/steve_summer_seastar_ws/install/ik_solver/lib/python3.10/site-packages:${PYTHONPATH} /usr/bin/python3 setup.py develop --editable --build-directory /home/seastar/steve_summer_seastar_ws/build/ik_solver/build --no-deps install_data
[3.007s] running develop
[3.008s] /usr/lib/python3/dist-packages/setuptools/command/easy_install.py:158: EasyInstallDeprecationWarning: easy_install command is deprecated. Use build and pip and other standards-based tools.
[3.008s]   warnings.warn(
[3.012s] /usr/lib/python3/dist-packages/setuptools/command/install.py:34: SetuptoolsDeprecationWarning: setup.py install is deprecated. Use build and pip and other standards-based tools.
[3.012s]   warnings.warn(
[3.179s] /usr/lib/python3/dist-packages/pkg_resources/__init__.py:116: PkgResourcesDeprecationWarning: 1.16.0-unknown is an invalid version and will not be supported in a future release
[3.180s]   warnings.warn(
[3.181s] /usr/lib/python3/dist-packages/pkg_resources/__init__.py:116: PkgResourcesDeprecationWarning: 1.1build1 is an invalid version and will not be supported in a future release
[3.181s]   warnings.warn(
[3.497s] running egg_info
[3.497s] writing ik_solver.egg-info/PKG-INFO
[3.497s] writing dependency_links to ik_solver.egg-info/dependency_links.txt
[3.498s] writing entry points to ik_solver.egg-info/entry_points.txt
[3.498s] writing requirements to ik_solver.egg-info/requires.txt
[3.498s] writing top-level names to ik_solver.egg-info/top_level.txt
[3.609s] listing git files failed - pretending there aren't any
[3.862s] reading manifest file 'ik_solver.egg-info/SOURCES.txt'
[3.869s] writing manifest file 'ik_solver.egg-info/SOURCES.txt'
[3.950s] running build_ext
[3.950s] Creating /home/seastar/steve_summer_seastar_ws/install/ik_solver/lib/python3.10/site-packages/ik-solver.egg-link (link to .)
[3.952s] Installing ik_solver script to /home/seastar/steve_summer_seastar_ws/install/ik_solver/lib/ik_solver
[3.952s] Installing ik_tester script to /home/seastar/steve_summer_seastar_ws/install/ik_solver/lib/ik_solver
[3.952s] 
[3.952s] Installed /home/seastar/steve_summer_seastar_ws/build/ik_solver
[3.953s] running install_data
[4.053s] Invoked command in '/home/seastar/steve_summer_seastar_ws/build/ik_solver' returned '0': PYTHONPATH=/home/seastar/steve_summer_seastar_ws/build/ik_solver/prefix_override:/home/seastar/steve_summer_seastar_ws/install/ik_solver/lib/python3.10/site-packages:${PYTHONPATH} /usr/bin/python3 setup.py develop --editable --build-directory /home/seastar/steve_summer_seastar_ws/build/ik_solver/build --no-deps install_data
