[0.502s] Invoking command in '/home/seastar/steve_summer_seastar_ws/build/head_chef': CMAKE_PREFIX_PATH=/home/seastar/steve_summer_seastar_ws/install/seastar_interfaces:/home/seastar/steve_summer_seastar_ws/install/sunspotter:/home/seastar/steve_summer_seastar_ws/install/head_chef:/home/seastar/steve_summer_seastar_ws/install/motor_state_manager:/home/seastar/steve_summer_seastar_ws/install/motor_manager:/home/seastar/steve_summer_seastar_ws/install/bluespace_ai_xsens_mti_driver:/home/seastar/steve_summer_seastar_ws/install/test_driver:/home/seastar/steve_summer_seastar_ws/install/test_cam:/home/seastar/steve_summer_seastar_ws/install/solar_ephemeris:/home/seastar/steve_summer_seastar_ws/install/pysp:/home/seastar/steve_summer_seastar_ws/install/imufaker:/home/seastar/steve_summer_seastar_ws/install/ik_tools:/home/seastar/steve_summer_seastar_ws/install/ik_solver:/home/seastar/steve_summer_seastar_ws/install/hamburger_helper:/opt/ros/humble /home/seastar/.local/bin/cmake --build /home/seastar/steve_summer_seastar_ws/build/head_chef -- -j4 -l4
[0.653s] [ 16%] [32mBuilding CXX object CMakeFiles/head_chef.dir/src/head_chef.cpp.o[0m
[0.661s] [ 33%] [32mBuilding CXX object CMakeFiles/head_chef.dir/src/ChefScript.cpp.o[0m
[6.006s] In file included from [01m[K/home/seastar/steve_summer_seastar_ws/src/head_chef/src/ChefScript.h:12[m[K,
[6.006s]                  from [01m[K/home/seastar/steve_summer_seastar_ws/src/head_chef/src/ChefScript.cpp:1[m[K:
[6.006s] [01m[K/home/seastar/steve_summer_seastar_ws/src/head_chef/src/head_chef.h:128:20:[m[K [01;31m[Kerror: [m[Kfield ‘[01m[Kcs[m[K’ has incomplete type ‘[01m[KChefScript[m[K’
[6.006s]   128 |         ChefScript [01;31m[Kcs[m[K; //Reads and executes recipe
[6.007s]       |                    [01;31m[K^~[m[K
[6.007s] In file included from [01m[K/home/seastar/steve_summer_seastar_ws/src/head_chef/src/ChefScript.h:12[m[K,
[6.007s]                  from [01m[K/home/seastar/steve_summer_seastar_ws/src/head_chef/src/ChefScript.cpp:1[m[K:
[6.007s] [01m[K/home/seastar/steve_summer_seastar_ws/src/head_chef/src/head_chef.h:28:7:[m[K [01;36m[Knote: [m[Kforward declaration of ‘[01m[Kclass ChefScript[m[K’
[6.007s]    28 | class [01;36m[KChefScript[m[K;
[6.007s]       |       [01;36m[K^~~~~~~~~~[m[K
[6.024s] [01m[K/home/seastar/steve_summer_seastar_ws/src/head_chef/src/ChefScript.cpp:[m[K In member function ‘[01m[Kvoid ChefScript::execNextLine()[m[K’:
[6.024s] [01m[K/home/seastar/steve_summer_seastar_ws/src/head_chef/src/ChefScript.cpp:35:22:[m[K [01;35m[Kwarning: [m[Kcomparison of integer expressions of different signedness: ‘[01m[Kint[m[K’ and ‘[01m[Kstd::vector<ChefCommand>::size_type[m[K’ {aka ‘[01m[Klong unsigned int[m[K’} [[01;35m[K]8;;https://gcc.gnu.org/onlinedocs/gcc/Warning-Options.html#index-Wsign-compare-Wsign-compare]8;;[m[K]
[6.025s]    35 |         if ([01;35m[KexecLine >= comms_.size()[m[K) {
[6.025s]       |             [01;35m[K~~~~~~~~~^~~~~~~~~~~~~~~~[m[K
[6.246s] In file included from [01m[K/home/seastar/steve_summer_seastar_ws/src/head_chef/src/head_chef.cpp:2[m[K:
[6.246s] [01m[K/home/seastar/steve_summer_seastar_ws/src/head_chef/src/head_chef.h:128:20:[m[K [01;31m[Kerror: [m[Kfield ‘[01m[Kcs[m[K’ has incomplete type ‘[01m[KChefScript[m[K’
[6.247s]   128 |         ChefScript [01;31m[Kcs[m[K; //Reads and executes recipe
[6.247s]       |                    [01;31m[K^~[m[K
[6.247s] In file included from [01m[K/home/seastar/steve_summer_seastar_ws/src/head_chef/src/head_chef.cpp:2[m[K:
[6.247s] [01m[K/home/seastar/steve_summer_seastar_ws/src/head_chef/src/head_chef.h:28:7:[m[K [01;36m[Knote: [m[Kforward declaration of ‘[01m[Kclass ChefScript[m[K’
[6.247s]    28 | class [01;36m[KChefScript[m[K;
[6.247s]       |       [01;36m[K^~~~~~~~~~[m[K
[6.258s] [01m[K/home/seastar/steve_summer_seastar_ws/src/head_chef/src/head_chef.cpp:[m[K In function ‘[01m[Kvoid signal_callback_handler(int)[m[K’:
[6.258s] [01m[K/home/seastar/steve_summer_seastar_ws/src/head_chef/src/head_chef.cpp:17:34:[m[K [01;35m[Kwarning: [m[Kunused parameter ‘[01m[Ksignum[m[K’ [[01;35m[K]8;;https://gcc.gnu.org/onlinedocs/gcc/Warning-Options.html#index-Wunused-parameter-Wunused-parameter]8;;[m[K]
[6.258s]    17 | void signal_callback_handler([01;35m[Kint signum[m[K) {
[6.258s]       |                              [01;35m[K~~~~^~~~~~[m[K
[6.261s] [01m[K/home/seastar/steve_summer_seastar_ws/src/head_chef/src/head_chef.cpp:[m[K In constructor ‘[01m[KHeadChef::HeadChef()[m[K’:
[6.261s] [01m[K/home/seastar/steve_summer_seastar_ws/src/head_chef/src/head_chef.cpp:46:50:[m[K [01;31m[Kerror: [m[Kinvalid use of incomplete type ‘[01m[Kclass ChefScript[m[K’
[6.261s]    46 |         cs = ChefScript("/recipes/testScript.rcp"[01;31m[K)[m[K;
[6.261s]       |                                                  [01;31m[K^[m[K
[6.261s] In file included from [01m[K/home/seastar/steve_summer_seastar_ws/src/head_chef/src/head_chef.cpp:2[m[K:
[6.261s] [01m[K/home/seastar/steve_summer_seastar_ws/src/head_chef/src/head_chef.h:28:7:[m[K [01;36m[Knote: [m[Kforward declaration of ‘[01m[Kclass ChefScript[m[K’
[6.262s]    28 | class [01;36m[KChefScript[m[K;
[6.262s]       |       [01;36m[K^~~~~~~~~~[m[K
[6.651s] gmake[2]: *** [CMakeFiles/head_chef.dir/build.make:132: CMakeFiles/head_chef.dir/src/ChefScript.cpp.o] Error 1
[6.651s] gmake[2]: *** Waiting for unfinished jobs....
[14.055s] gmake[2]: *** [CMakeFiles/head_chef.dir/build.make:76: CMakeFiles/head_chef.dir/src/head_chef.cpp.o] Error 1
[14.055s] gmake[1]: *** [CMakeFiles/Makefile2:137: CMakeFiles/head_chef.dir/all] Error 2
[14.055s] gmake: *** [Makefile:146: all] Error 2
[14.062s] Invoked command in '/home/seastar/steve_summer_seastar_ws/build/head_chef' returned '2': CMAKE_PREFIX_PATH=/home/seastar/steve_summer_seastar_ws/install/seastar_interfaces:/home/seastar/steve_summer_seastar_ws/install/sunspotter:/home/seastar/steve_summer_seastar_ws/install/head_chef:/home/seastar/steve_summer_seastar_ws/install/motor_state_manager:/home/seastar/steve_summer_seastar_ws/install/motor_manager:/home/seastar/steve_summer_seastar_ws/install/bluespace_ai_xsens_mti_driver:/home/seastar/steve_summer_seastar_ws/install/test_driver:/home/seastar/steve_summer_seastar_ws/install/test_cam:/home/seastar/steve_summer_seastar_ws/install/solar_ephemeris:/home/seastar/steve_summer_seastar_ws/install/pysp:/home/seastar/steve_summer_seastar_ws/install/imufaker:/home/seastar/steve_summer_seastar_ws/install/ik_tools:/home/seastar/steve_summer_seastar_ws/install/ik_solver:/home/seastar/steve_summer_seastar_ws/install/hamburger_helper:/opt/ros/humble /home/seastar/.local/bin/cmake --build /home/seastar/steve_summer_seastar_ws/build/head_chef -- -j4 -l4
