[1.840s] Invoking command in '/home/seastar/steve_summer_seastar_ws/build/hamburger_helper': PYTHONPATH=/home/seastar/steve_summer_seastar_ws/build/hamburger_helper/prefix_override:/home/seastar/steve_summer_seastar_ws/install/hamburger_helper/lib/python3.10/site-packages:${PYTHONPATH} /usr/bin/python3 setup.py develop --editable --build-directory /home/seastar/steve_summer_seastar_ws/build/hamburger_helper/build --no-deps install_data
[2.469s] running develop
[2.469s] /usr/lib/python3/dist-packages/setuptools/command/easy_install.py:158: EasyInstallDeprecationWarning: easy_install command is deprecated. Use build and pip and other standards-based tools.
[2.470s]   warnings.warn(
[2.472s] /usr/lib/python3/dist-packages/setuptools/command/install.py:34: SetuptoolsDeprecationWarning: setup.py install is deprecated. Use build and pip and other standards-based tools.
[2.472s]   warnings.warn(
[2.639s] /usr/lib/python3/dist-packages/pkg_resources/__init__.py:116: PkgResourcesDeprecationWarning: 1.16.0-unknown is an invalid version and will not be supported in a future release
[2.639s]   warnings.warn(
[2.639s] /usr/lib/python3/dist-packages/pkg_resources/__init__.py:116: PkgResourcesDeprecationWarning: 1.1build1 is an invalid version and will not be supported in a future release
[2.639s]   warnings.warn(
[2.882s] running egg_info
[2.882s] writing hamburger_helper.egg-info/PKG-INFO
[2.883s] writing dependency_links to hamburger_helper.egg-info/dependency_links.txt
[2.883s] writing entry points to hamburger_helper.egg-info/entry_points.txt
[2.883s] writing requirements to hamburger_helper.egg-info/requires.txt
[2.883s] writing top-level names to hamburger_helper.egg-info/top_level.txt
[2.978s] listing git files failed - pretending there aren't any
[3.223s] reading manifest file 'hamburger_helper.egg-info/SOURCES.txt'
[3.224s] writing manifest file 'hamburger_helper.egg-info/SOURCES.txt'
[3.301s] running build_ext
[3.302s] Creating /home/seastar/steve_summer_seastar_ws/install/hamburger_helper/lib/python3.10/site-packages/hamburger-helper.egg-link (link to .)
[3.304s] Installing hamburger_helper script to /home/seastar/steve_summer_seastar_ws/install/hamburger_helper/lib/hamburger_helper
[3.305s] 
[3.305s] Installed /home/seastar/steve_summer_seastar_ws/build/hamburger_helper
[3.305s] running install_data
[3.417s] Invoked command in '/home/seastar/steve_summer_seastar_ws/build/hamburger_helper' returned '0': PYTHONPATH=/home/seastar/steve_summer_seastar_ws/build/hamburger_helper/prefix_override:/home/seastar/steve_summer_seastar_ws/install/hamburger_helper/lib/python3.10/site-packages:${PYTHONPATH} /usr/bin/python3 setup.py develop --editable --build-directory /home/seastar/steve_summer_seastar_ws/build/hamburger_helper/build --no-deps install_data
