[01m[K/home/seastar/steve_summer_seastar_ws/src/head_chef/src/ChefScript.cpp:[m[K In member function ‘[01m[Kbool ChefScript::isValidCommand(std::string)[m[K’:
[01m[K/home/seastar/steve_summer_seastar_ws/src/head_chef/src/ChefScript.cpp:61:69:[m[K [01;31m[Kerror: [m[Kexpected primary-expression before ‘[01m[K([m[K’ token
   61 |                                 comms_.push_back(ChefCommand[01;31m[K([m[Kstatic_cast<Command>i, std::stod(rest)));
      |                                                             [01;31m[K^[m[K

[01m[K/home/seastar/steve_summer_seastar_ws/src/head_chef/src/ChefScript.cpp:61:90:[m[K [01;31m[Kerror: [m[Kexpected ‘[01m[K([m[K’ before ‘[01m[Ki[m[K’
   61 |            comms_.push_back(ChefCommand(static_cast<Command>[01;31m[Ki[m[K, std::stod(rest)));
      |                                                             [01;31m[K^[m[K
      |                                                             [32m[K([m[K
[01m[K/home/seastar/steve_summer_seastar_ws/src/head_chef/src/ChefScript.cpp:61:90:[m[K [01;35m[Kwarning: [m[Kleft operand of comma operator has no effect [[01;35m[K]8;;https://gcc.gnu.org/onlinedocs/gcc/Warning-Options.html#index-Wunused-value-Wunused-value]8;;[m[K]
[01m[K/home/seastar/steve_summer_seastar_ws/src/head_chef/src/ChefScript.cpp:63:69:[m[K [01;31m[Kerror: [m[Kexpected primary-expression before ‘[01m[K([m[K’ token
   63 |                                 comms_.push_back(ChefCommand[01;31m[K([m[Kstatic_cast<Command>i));
      |                                                             [01;31m[K^[m[K

[01m[K/home/seastar/steve_summer_seastar_ws/src/head_chef/src/ChefScript.cpp:63:90:[m[K [01;31m[Kerror: [m[Kexpected ‘[01m[K([m[K’ before ‘[01m[Ki[m[K’
   63 |                   comms_.push_back(ChefCommand(static_cast<Command>[01;31m[Ki[m[K));
      |                                                                    [01;31m[K^[m[K
      |                                                                    [32m[K([m[K
[01m[K/home/seastar/steve_summer_seastar_ws/src/head_chef/src/ChefScript.cpp:54:14:[m[K [01;35m[Kwarning: [m[Kunused variable ‘[01m[KisValid[m[K’ [[01;35m[K]8;;https://gcc.gnu.org/onlinedocs/gcc/Warning-Options.html#index-Wunused-variable-Wunused-variable]8;;[m[K]
   54 |         bool [01;35m[KisValid[m[K = false;
      |              [01;35m[K^~~~~~~[m[K
gmake[2]: *** [CMakeFiles/head_chef.dir/build.make:132: CMakeFiles/head_chef.dir/src/ChefScript.cpp.o] Error 1
gmake[1]: *** [CMakeFiles/Makefile2:137: CMakeFiles/head_chef.dir/all] Error 2
gmake: *** [Makefile:146: all] Error 2
