[2.034s] Invoking command in '/home/seastar/steve_summer_seastar_ws/build/imufaker': PYTHONPATH=/home/seastar/steve_summer_seastar_ws/build/imufaker/prefix_override:/home/seastar/steve_summer_seastar_ws/install/imufaker/lib/python3.10/site-packages:${PYTHONPATH} /usr/bin/python3 setup.py develop --editable --build-directory /home/seastar/steve_summer_seastar_ws/build/imufaker/build --no-deps install_data
[2.985s] running develop
[2.985s] /usr/lib/python3/dist-packages/setuptools/command/easy_install.py:158: EasyInstallDeprecationWarning: easy_install command is deprecated. Use build and pip and other standards-based tools.
[2.986s]   warnings.warn(
[2.993s] /usr/lib/python3/dist-packages/setuptools/command/install.py:34: SetuptoolsDeprecationWarning: setup.py install is deprecated. Use build and pip and other standards-based tools.
[2.994s]   warnings.warn(
[3.170s] /usr/lib/python3/dist-packages/pkg_resources/__init__.py:116: PkgResourcesDeprecationWarning: 1.16.0-unknown is an invalid version and will not be supported in a future release
[3.170s]   warnings.warn(
[3.171s] /usr/lib/python3/dist-packages/pkg_resources/__init__.py:116: PkgResourcesDeprecationWarning: 1.1build1 is an invalid version and will not be supported in a future release
[3.171s]   warnings.warn(
[3.614s] running egg_info
[3.615s] writing imufaker.egg-info/PKG-INFO
[3.615s] writing dependency_links to imufaker.egg-info/dependency_links.txt
[3.615s] writing entry points to imufaker.egg-info/entry_points.txt
[3.616s] writing requirements to imufaker.egg-info/requires.txt
[3.616s] writing top-level names to imufaker.egg-info/top_level.txt
[3.820s] listing git files failed - pretending there aren't any
[4.233s] reading manifest file 'imufaker.egg-info/SOURCES.txt'
[4.235s] writing manifest file 'imufaker.egg-info/SOURCES.txt'
[4.355s] running build_ext
[4.356s] Creating /home/seastar/steve_summer_seastar_ws/install/imufaker/lib/python3.10/site-packages/imufaker.egg-link (link to .)
[4.357s] Installing imufaker script to /home/seastar/steve_summer_seastar_ws/install/imufaker/lib/imufaker
[4.358s] 
[4.358s] Installed /home/seastar/steve_summer_seastar_ws/build/imufaker
[4.358s] running install_data
[4.492s] Invoked command in '/home/seastar/steve_summer_seastar_ws/build/imufaker' returned '0': PYTHONPATH=/home/seastar/steve_summer_seastar_ws/build/imufaker/prefix_override:/home/seastar/steve_summer_seastar_ws/install/imufaker/lib/python3.10/site-packages:${PYTHONPATH} /usr/bin/python3 setup.py develop --editable --build-directory /home/seastar/steve_summer_seastar_ws/build/imufaker/build --no-deps install_data
