[01m[Kcc1plus:[m[K [01;35m[Kwarning: [m[K/usr/lib/x86_64-linux-gnu/libconfig++.so: not a directory
[01m[Kcc1plus:[m[K [01;35m[Kwarning: [m[K/usr/lib/x86_64-linux-gnu/libconfig++.so: not a directory
[01m[Kcc1plus:[m[K [01;35m[Kwarning: [m[K/usr/lib/x86_64-linux-gnu/libconfig++.so: not a directory
[01m[Kcc1plus:[m[K [01;35m[Kwarning: [m[K/usr/lib/x86_64-linux-gnu/libconfig++.so: not a directory
[01m[Kcc1plus:[m[K [01;35m[Kwarning: [m[K/usr/lib/x86_64-linux-gnu/libconfig++.so: not a directory
[01m[K/home/seastar/steve_summer_seastar_ws/src/head_chef/src/sousChef.cpp:[m[K In function ‘[01m[KPID getFromFile(std::string)[m[K’:
[01m[K/home/seastar/steve_summer_seastar_ws/src/head_chef/src/sousChef.cpp:175:78:[m[K [01;31m[Kerror: [m[K‘[01m[KfileName[m[K’ was not declared in this scope
  175 |                         printf("PID settings succesfully loaded from %s.\n", [01;31m[KfileName[m[K.c_str());
      |                                                                              [01;31m[K^~~~~~~~[m[K
gmake[2]: *** [CMakeFiles/head_chef.dir/build.make:90: CMakeFiles/head_chef.dir/src/sousChef.cpp.o] Error 1
gmake[2]: *** Waiting for unfinished jobs....
[01m[K/home/seastar/steve_summer_seastar_ws/src/head_chef/src/ChefScript.cpp:[m[K In member function ‘[01m[Kvoid ChefScript::execNextLine()[m[K’:
[01m[K/home/seastar/steve_summer_seastar_ws/src/head_chef/src/ChefScript.cpp:36:22:[m[K [01;35m[Kwarning: [m[Kcomparison of integer expressions of different signedness: ‘[01m[Kint[m[K’ and ‘[01m[Kstd::vector<ChefCommand>::size_type[m[K’ {aka ‘[01m[Klong unsigned int[m[K’} [[01;35m[K]8;;https://gcc.gnu.org/onlinedocs/gcc/Warning-Options.html#index-Wsign-compare-Wsign-compare]8;;[m[K]
   36 |         if ([01;35m[KexecLine >= comms_.size()[m[K) {
      |             [01;35m[K~~~~~~~~~^~~~~~~~~~~~~~~~[m[K
[01m[K/home/seastar/steve_summer_seastar_ws/src/head_chef/src/head_chef.cpp:[m[K In function ‘[01m[Kvoid signal_callback_handler(int)[m[K’:
[01m[K/home/seastar/steve_summer_seastar_ws/src/head_chef/src/head_chef.cpp:16:34:[m[K [01;35m[Kwarning: [m[Kunused parameter ‘[01m[Ksignum[m[K’ [[01;35m[K]8;;https://gcc.gnu.org/onlinedocs/gcc/Warning-Options.html#index-Wunused-parameter-Wunused-parameter]8;;[m[K]
   16 | void signal_callback_handler([01;35m[Kint signum[m[K) {
      |                              [01;35m[K~~~~^~~~~~[m[K
gmake[1]: *** [CMakeFiles/Makefile2:137: CMakeFiles/head_chef.dir/all] Error 2
gmake: *** [Makefile:146: all] Error 2
